This is cutadapt 3.5 with Python 3.9.9
Command line parameters: -q 20 --minimum-length 25 --cores 24 -a AGATCGGAAGAGCACACGTCTGAACTCCAGTCA -A AGATCGGAAGAGCGTCGTGTAGGGAAAGAGTGT -o SRR16077712_trimmed_R1.fastq.gz -p SRR16077712_trimmed_R2.fastq.gz SRR16077712_R1.fastq.gz SRR16077712_R2.fastq.gz
Processing reads on 24 cores in paired-end mode ...
Finished in 727.34 s (8 µs/read; 7.43 M reads/minute).

=== Summary ===

Total read pairs processed:         90,071,456
  Read 1 with adapter:               2,656,624 (2.9%)
  Read 2 with adapter:               2,672,345 (3.0%)

== Read fate breakdown ==
Pairs that were too short:              53,641 (0.1%)
Pairs written (passing filters):    90,017,815 (99.9%)

Total basepairs processed: 27,201,579,712 bp
  Read 1: 13,600,789,856 bp
  Read 2: 13,600,789,856 bp
Quality-trimmed:              46,292,733 bp (0.2%)
  Read 1:    15,435,204 bp
  Read 2:    30,857,529 bp
Total written (filtered):  27,110,321,894 bp (99.7%)
  Read 1: 13,560,231,361 bp
  Read 2: 13,550,090,533 bp

=== First read: Adapter 1 ===

Sequence: AGATCGGAAGAGCACACGTCTGAACTCCAGTCA; Type: regular 3'; Length: 33; Trimmed: 2656624 times

Minimum overlap: 3
No. of allowed errors:
1-9 bp: 0; 10-19 bp: 1; 20-29 bp: 2; 30-33 bp: 3

Bases preceding removed adapters:
  A: 34.6%
  C: 22.1%
  G: 22.9%
  T: 20.4%
  none/other: 0.1%

Overview of removed sequences
length	count	expect	max.err	error counts
3	1760561	1407366.5	0	1760561
4	426929	351841.6	0	426929
5	91490	87960.4	0	91490
6	24154	21990.1	0	24154
7	13683	5497.5	0	13683
8	13291	1374.4	0	13291
9	13640	343.6	0	12205 1435
10	13826	85.9	1	11183 2643
11	12802	21.5	1	11353 1449
12	11685	5.4	1	11002 683
13	10736	1.3	1	10284 452
14	11101	0.3	1	10632 469
15	10384	0.1	1	9995 389
16	10299	0.0	1	9796 503
17	10382	0.0	1	9816 566
18	9898	0.0	1	9522 369 7
19	8068	0.0	1	7776 265 27
20	8941	0.0	2	8426 375 140
21	8799	0.0	2	8235 419 145
22	8077	0.0	2	7632 343 102
23	8377	0.0	2	7837 389 151
24	7877	0.0	2	7240 429 208
25	7564	0.0	2	7045 377 142
26	6807	0.0	2	6379 325 103
27	6920	0.0	2	6470 330 114 6
28	6604	0.0	2	6190 321 90 3
29	6603	0.0	2	6030 377 190 6
30	6447	0.0	3	6035 288 74 50
31	5265	0.0	3	4900 244 65 56
32	5849	0.0	3	5378 291 93 87
33	5399	0.0	3	4896 307 93 103
34	5435	0.0	3	4928 319 128 60
35	4901	0.0	3	4566 211 65 59
36	4580	0.0	3	4072 287 117 104
37	4512	0.0	3	4087 226 113 86
38	4516	0.0	3	4025 276 108 107
39	3833	0.0	3	3520 187 74 52
40	4047	0.0	3	3580 247 102 118
41	3738	0.0	3	3349 219 100 70
42	3559	0.0	3	3205 191 87 76
43	3828	0.0	3	3328 268 145 87
44	2976	0.0	3	2598 217 88 73
45	5224	0.0	3	4735 279 125 85
46	959	0.0	3	693 124 80 62
47	2516	0.0	3	2258 145 57 56
48	3339	0.0	3	2950 237 96 56
49	2266	0.0	3	2043 120 55 48
50	1793	0.0	3	1532 151 66 44
51	2509	0.0	3	2169 178 97 65
52	2133	0.0	3	1890 130 58 55
53	1709	0.0	3	1539 95 43 32
54	1885	0.0	3	1676 125 48 36
55	2585	0.0	3	2360 129 43 53
56	1335	0.0	3	1155 100 43 37
57	1680	0.0	3	1523 97 33 27
58	1364	0.0	3	1222 89 22 31
59	1591	0.0	3	1433 98 33 27
60	846	0.0	3	736 48 31 31
61	611	0.0	3	494 57 29 31
62	1637	0.0	3	1467 90 42 38
63	1062	0.0	3	960 52 21 29
64	622	0.0	3	532 38 25 27
65	673	0.0	3	570 50 24 29
66	1401	0.0	3	1240 79 49 33
67	661	0.0	3	555 53 34 19
68	989	0.0	3	851 60 31 47
69	796	0.0	3	702 45 30 19
70	713	0.0	3	617 47 27 22
71	125	0.0	3	70 22 13 20
72	247	0.0	3	195 16 17 19
73	460	0.0	3	394 33 15 18
74	509	0.0	3	433 39 18 19
75	593	0.0	3	508 41 25 19
76	519	0.0	3	437 33 21 28
77	515	0.0	3	405 57 19 34
78	505	0.0	3	385 56 36 28
79	478	0.0	3	397 31 30 20
80	491	0.0	3	386 52 27 26
81	462	0.0	3	351 48 29 34
82	410	0.0	3	311 47 26 26
83	416	0.0	3	318 49 34 15
84	371	0.0	3	288 47 20 16
85	326	0.0	3	243 32 25 26
86	313	0.0	3	232 33 23 25
87	317	0.0	3	227 34 29 27
88	326	0.0	3	231 34 29 32
89	291	0.0	3	198 31 30 32
90	278	0.0	3	210 29 15 24
91	277	0.0	3	198 39 28 12
92	282	0.0	3	201 40 23 18
93	226	0.0	3	153 34 22 17
94	272	0.0	3	194 34 18 26
95	234	0.0	3	160 31 22 21
96	220	0.0	3	143 30 30 17
97	203	0.0	3	142 26 19 16
98	193	0.0	3	126 29 17 21
99	183	0.0	3	103 42 23 15
100	188	0.0	3	115 29 24 20
101	142	0.0	3	86 22 19 15
102	136	0.0	3	78 23 19 16
103	171	0.0	3	104 26 17 24
104	142	0.0	3	85 33 11 13
105	163	0.0	3	101 28 15 19
106	131	0.0	3	82 21 16 12
107	137	0.0	3	77 28 17 15
108	138	0.0	3	82 18 22 16
109	101	0.0	3	56 18 18 9
110	130	0.0	3	71 23 24 12
111	108	0.0	3	59 17 17 15
112	95	0.0	3	49 24 9 13
113	115	0.0	3	77 14 13 11
114	103	0.0	3	60 9 23 11
115	113	0.0	3	62 25 9 17
116	92	0.0	3	53 15 9 15
117	96	0.0	3	51 21 8 16
118	89	0.0	3	56 11 15 7
119	88	0.0	3	44 17 12 15
120	64	0.0	3	39 9 8 8
121	60	0.0	3	39 12 6 3
122	71	0.0	3	37 8 10 16
123	79	0.0	3	47 15 9 8
124	58	0.0	3	33 10 8 7
125	56	0.0	3	32 13 6 5
126	43	0.0	3	26 6 7 4
127	64	0.0	3	45 8 7 4
128	47	0.0	3	29 7 7 4
129	44	0.0	3	34 3 5 2
130	52	0.0	3	39 8 3 2
131	25	0.0	3	19 2 2 2
132	28	0.0	3	20 3 3 2
133	26	0.0	3	23 1 1 1
134	17	0.0	3	11 5 1
135	23	0.0	3	19 2 0 2
136	26	0.0	3	21 4 0 1
137	21	0.0	3	19 1 1
138	19	0.0	3	18 0 1
139	12	0.0	3	10 2
140	13	0.0	3	12 1
141	10	0.0	3	9 0 0 1
142	12	0.0	3	12
143	9	0.0	3	8 1
144	6	0.0	3	6
145	13	0.0	3	13
146	9	0.0	3	8 1
147	8	0.0	3	8
148	4	0.0	3	4
149	6	0.0	3	6
150	6	0.0	3	3 2 1
151	1891	0.0	3	22 1800 66 3


=== Second read: Adapter 2 ===

Sequence: AGATCGGAAGAGCGTCGTGTAGGGAAAGAGTGT; Type: regular 3'; Length: 33; Trimmed: 2672345 times

Minimum overlap: 3
No. of allowed errors:
1-9 bp: 0; 10-19 bp: 1; 20-29 bp: 2; 30-33 bp: 3

Bases preceding removed adapters:
  A: 34.3%
  C: 22.1%
  G: 23.0%
  T: 20.6%
  none/other: 0.0%

Overview of removed sequences
length	count	expect	max.err	error counts
3	1750754	1407366.5	0	1750754
4	429136	351841.6	0	429136
5	92073	87960.4	0	92073
6	24568	21990.1	0	24568
7	14495	5497.5	0	14495
8	14711	1374.4	0	14711
9	12486	343.6	0	11134 1352
10	14832	85.9	1	12075 2757
11	12864	21.5	1	11201 1663
12	12128	5.4	1	11237 891
13	11482	1.3	1	10928 554
14	12239	0.3	1	11615 624
15	9877	0.1	1	9480 397
16	10469	0.0	1	10008 461
17	11972	0.0	1	11467 505
18	7613	0.0	1	7250 357 6
19	10418	0.0	1	9763 645 10
20	9089	0.0	2	8477 434 178
21	8008	0.0	2	7298 510 200
22	8668	0.0	2	7876 589 203
23	8464	0.0	2	7731 527 206
24	8323	0.0	2	7540 556 227
25	8733	0.0	2	8055 503 175
26	6966	0.0	2	6322 439 205
27	6306	0.0	2	5611 502 193
28	7164	0.0	2	6400 590 169 5
29	6325	0.0	2	5588 533 201 3
30	7121	0.0	3	6170 629 190 132
31	5469	0.0	3	4786 409 153 121
32	6653	0.0	3	5718 620 191 124
33	5639	0.0	3	5041 408 112 78
34	4872	0.0	3	4273 368 129 102
35	5165	0.0	3	4448 452 151 114
36	4926	0.0	3	4253 362 125 186
37	5033	0.0	3	4291 394 166 182
38	4386	0.0	3	3893 275 100 118
39	3882	0.0	3	3437 235 96 114
40	4173	0.0	3	3612 291 120 150
41	3783	0.0	3	3188 284 147 164
42	3841	0.0	3	3267 289 136 149
43	3395	0.0	3	2937 231 109 118
44	3300	0.0	3	2815 246 123 116
45	3257	0.0	3	2725 265 125 142
46	3504	0.0	3	2894 268 179 163
47	2749	0.0	3	2271 225 124 129
48	2699	0.0	3	2210 218 116 155
49	2806	0.0	3	2257 276 136 137
50	2313	0.0	3	1900 186 96 131
51	2287	0.0	3	1889 180 91 127
52	2354	0.0	3	1904 228 89 133
53	2178	0.0	3	1777 172 103 126
54	2199	0.0	3	1719 230 119 131
55	1717	0.0	3	1383 148 87 99
56	1966	0.0	3	1537 183 120 126
57	2183	0.0	3	1655 192 146 190
58	1372	0.0	3	1051 107 100 114
59	1484	0.0	3	1221 113 58 92
60	1802	0.0	3	1313 193 128 168
61	1558	0.0	3	1182 153 117 106
62	1332	0.0	3	1038 116 74 104
63	2007	0.0	3	1431 223 175 178
64	1028	0.0	3	775 104 81 68
65	1166	0.0	3	882 109 79 96
66	907	0.0	3	688 82 64 73
67	1151	0.0	3	856 106 80 109
68	1167	0.0	3	845 116 83 123
69	1020	0.0	3	754 111 74 81
70	975	0.0	3	718 107 85 65
71	982	0.0	3	716 98 86 82
72	992	0.0	3	687 125 81 99
73	1302	0.0	3	935 157 106 104
74	1019	0.0	3	786 101 66 66
75	648	0.0	3	457 68 56 67
76	279	0.0	3	174 33 28 44
77	509	0.0	3	362 63 40 44
78	602	0.0	3	423 67 61 51
79	620	0.0	3	427 73 58 62
80	662	0.0	3	443 80 66 73
81	599	0.0	3	394 78 53 74
82	585	0.0	3	367 82 52 84
83	583	0.0	3	378 63 75 67
84	563	0.0	3	338 83 61 81
85	521	0.0	3	312 60 77 72
86	472	0.0	3	267 64 65 76
87	478	0.0	3	272 59 67 80
88	495	0.0	3	281 63 68 83
89	422	0.0	3	233 75 56 58
90	423	0.0	3	244 64 49 66
91	445	0.0	3	245 66 59 75
92	415	0.0	3	257 53 52 53
93	361	0.0	3	186 53 51 71
94	422	0.0	3	236 64 57 65
95	348	0.0	3	169 57 60 62
96	339	0.0	3	178 50 48 63
97	321	0.0	3	172 59 44 46
98	325	0.0	3	182 47 39 57
99	291	0.0	3	137 49 47 58
100	313	0.0	3	162 42 55 54
101	259	0.0	3	118 39 51 51
102	243	0.0	3	113 45 44 41
103	263	0.0	3	131 46 41 45
104	244	0.0	3	121 41 38 44
105	262	0.0	3	121 43 40 58
106	232	0.0	3	111 48 29 44
107	205	0.0	3	105 36 32 32
108	244	0.0	3	102 48 40 54
109	188	0.0	3	89 33 30 36
110	194	0.0	3	101 27 28 38
111	181	0.0	3	74 40 31 36
112	169	0.0	3	81 30 24 34
113	186	0.0	3	89 27 29 41
114	177	0.0	3	87 24 32 34
115	168	0.0	3	74 33 22 39
116	148	0.0	3	77 20 30 21
117	148	0.0	3	80 28 16 24
118	132	0.0	3	68 23 20 21
119	125	0.0	3	64 16 18 27
120	107	0.0	3	54 14 18 21
121	116	0.0	3	54 17 23 22
122	99	0.0	3	41 20 16 22
123	110	0.0	3	57 21 12 20
124	83	0.0	3	44 19 14 6
125	79	0.0	3	39 15 12 13
126	77	0.0	3	37 12 14 14
127	84	0.0	3	48 16 8 12
128	61	0.0	3	37 11 4 9
129	58	0.0	3	33 12 6 7
130	60	0.0	3	43 5 5 7
131	32	0.0	3	24 3 3 2
132	32	0.0	3	23 4 3 2
133	26	0.0	3	22 1 2 1
134	18	0.0	3	17 1
135	24	0.0	3	22 1 1
136	26	0.0	3	24 0 1 1
137	22	0.0	3	18 3 0 1
138	20	0.0	3	17 2 0 1
139	12	0.0	3	11 1
140	12	0.0	3	10 1 1
141	9	0.0	3	9
142	12	0.0	3	12
143	8	0.0	3	8
144	6	0.0	3	5 0 1
145	13	0.0	3	13
146	9	0.0	3	8 1
147	8	0.0	3	7 1
148	4	0.0	3	3 1
149	6	0.0	3	6
150	4	0.0	3	3 0 1
151	22	0.0	3	19 2 1
