This is cutadapt 3.5 with Python 3.9.9
Command line parameters: -q 20 --minimum-length 25 --cores 6 -a AGATCGGAAGAGCACACGTCTGAACTCCAGTCA -A AGATCGGAAGAGCGTCGTGTAGGGAAAGAGTGT -o ERR2322283_trimmed_R1.fastq.gz -p ERR2322283_trimmed_R2.fastq.gz ERR2322283_R1.fastq.gz ERR2322283_R2.fastq.gz
Processing reads on 6 cores in paired-end mode ...
Finished in 139.98 s (4 µs/read; 16.18 M reads/minute).

=== Summary ===

Total read pairs processed:         37,755,417
  Read 1 with adapter:                 359,417 (1.0%)
  Read 2 with adapter:                 504,777 (1.3%)

== Read fate breakdown ==
Pairs that were too short:             112,199 (0.3%)
Pairs written (passing filters):    37,643,218 (99.7%)

Total basepairs processed: 5,523,178,198 bp
  Read 1: 2,761,589,099 bp
  Read 2: 2,761,589,099 bp
Quality-trimmed:              44,829,673 bp (0.8%)
  Read 1:    18,188,019 bp
  Read 2:    26,641,654 bp
Total written (filtered):  5,465,070,263 bp (98.9%)
  Read 1: 2,734,445,259 bp
  Read 2: 2,730,625,004 bp

=== First read: Adapter 1 ===

Sequence: AGATCGGAAGAGCACACGTCTGAACTCCAGTCA; Type: regular 3'; Length: 33; Trimmed: 359417 times

Minimum overlap: 3
No. of allowed errors:
1-9 bp: 0; 10-19 bp: 1; 20-29 bp: 2; 30-33 bp: 3

Bases preceding removed adapters:
  A: 26.9%
  C: 22.1%
  G: 27.0%
  T: 13.3%
  none/other: 10.6%

Overview of removed sequences
length	count	expect	max.err	error counts
3	273463	589928.4	0	273463
4	29401	147482.1	0	29401
5	15776	36870.5	0	15776
6	1965	9217.6	0	1965
7	151	2304.4	0	151
8	2	576.1	0	2
9	77	144.0	0	16 61
10	82	36.0	1	0 82
11	88	9.0	1	0 88
12	65	2.3	1	0 65
13	2	0.6	1	0 2
14	8	0.1	1	0 8
15	1	0.0	1	1
16	16	0.0	1	0 16
17	3	0.0	1	0 3
18	4	0.0	1	0 4
19	2	0.0	1	0 1 1
20	8	0.0	2	0 7 1
21	11	0.0	2	0 11
22	6	0.0	2	0 5 1
23	9	0.0	2	0 9
24	6	0.0	2	0 6
25	2	0.0	2	0 2
26	6	0.0	2	0 4 2
27	9	0.0	2	0 9
28	3	0.0	2	0 3
29	4	0.0	2	0 4
30	3	0.0	3	0 2 1
31	1	0.0	3	0 0 0 1
32	1	0.0	3	0 0 0 1
33	3	0.0	3	0 3
34	4	0.0	3	0 4
35	4	0.0	3	0 3 1
36	4	0.0	3	0 3 0 1
37	5	0.0	3	0 5
38	5	0.0	3	0 4 1
39	3	0.0	3	0 2 1
40	5	0.0	3	0 3 2
41	8	0.0	3	0 7 1
42	6	0.0	3	0 5 1
43	3	0.0	3	0 3
44	1	0.0	3	0 1
45	2	0.0	3	0 1 0 1
47	1	0.0	3	0 0 1
48	5	0.0	3	0 4 1
49	11	0.0	3	0 8 3
50	12	0.0	3	0 8 4
51	21	0.0	3	0 16 3 2
52	19	0.0	3	0 19
53	15	0.0	3	0 12 2 1
54	35	0.0	3	0 31 3 1
55	34	0.0	3	0 30 4
56	54	0.0	3	0 48 4 2
57	47	0.0	3	0 42 5
58	35	0.0	3	0 25 8 2
59	63	0.0	3	0 52 11
60	32	0.0	3	0 29 3
61	84	0.0	3	0 73 10 1
62	142	0.0	3	0 131 8 3
63	101	0.0	3	0 91 7 3
64	122	0.0	3	0 107 14 1
65	240	0.0	3	0 222 13 5
66	153	0.0	3	0 137 16
67	252	0.0	3	0 233 17 2
68	328	0.0	3	0 294 29 5
69	831	0.0	3	0 781 48 2
70	15494	0.0	3	0 15020 457 17
71	432	0.0	3	0 366 55 11
72	648	0.0	3	0 545 82 21
73	1319	0.0	3	0 1109 170 40
74	17469	0.0	3	0 15447 1825 197
75	190	0.0	3	0 105 77 8


=== Second read: Adapter 2 ===

Sequence: AGATCGGAAGAGCGTCGTGTAGGGAAAGAGTGT; Type: regular 3'; Length: 33; Trimmed: 504777 times

Minimum overlap: 3
No. of allowed errors:
1-9 bp: 0; 10-19 bp: 1; 20-29 bp: 2; 30-33 bp: 3

Bases preceding removed adapters:
  A: 37.5%
  C: 21.0%
  G: 25.2%
  T: 9.0%
  none/other: 7.3%

Overview of removed sequences
length	count	expect	max.err	error counts
3	407715	589928.4	0	407715
4	35744	147482.1	0	35744
5	19122	36870.5	0	19122
6	4032	9217.6	0	4032
7	154	2304.4	0	154
8	13	576.1	0	13
9	232	144.0	0	10 222
10	257	36.0	1	3 254
11	261	9.0	1	1 260
12	122	2.3	1	0 122
13	11	0.6	1	0 11
14	17	0.1	1	0 17
15	7	0.0	1	1 6
16	9	0.0	1	0 9
17	5	0.0	1	0 5
18	3	0.0	1	0 2 1
19	6	0.0	1	0 6
20	3	0.0	2	1 1 1
21	10	0.0	2	0 9 1
22	2	0.0	2	0 0 2
23	2	0.0	2	0 1 1
24	4	0.0	2	0 4
25	7	0.0	2	0 7
26	4	0.0	2	0 3 1
27	7	0.0	2	0 7
28	1	0.0	2	0 0 1
29	3	0.0	2	0 3
30	3	0.0	3	0 1 1 1
31	1	0.0	3	0 0 1
32	4	0.0	3	0 4
33	7	0.0	3	0 3 3 1
34	6	0.0	3	0 3 2 1
35	7	0.0	3	0 3 0 4
36	5	0.0	3	0 2 1 2
37	5	0.0	3	0 1 3 1
38	6	0.0	3	0 2 2 2
39	9	0.0	3	0 4 3 2
40	6	0.0	3	0 2 3 1
41	13	0.0	3	0 2 6 5
42	8	0.0	3	0 1 3 4
43	6	0.0	3	0 2 1 3
44	14	0.0	3	0 7 4 3
45	11	0.0	3	0 4 4 3
46	11	0.0	3	0 4 3 4
47	10	0.0	3	0 7 1 2
48	12	0.0	3	0 4 6 2
49	15	0.0	3	0 8 3 4
50	32	0.0	3	0 12 15 5
51	18	0.0	3	0 7 9 2
52	25	0.0	3	0 13 9 3
53	18	0.0	3	0 10 5 3
54	25	0.0	3	0 14 5 6
55	32	0.0	3	0 19 8 5
56	36	0.0	3	0 23 6 7
57	48	0.0	3	0 30 13 5
58	40	0.0	3	0 26 7 7
59	47	0.0	3	0 34 9 4
60	94	0.0	3	0 65 20 9
61	106	0.0	3	0 64 31 11
62	185	0.0	3	0 133 40 12
63	263	0.0	3	0 200 47 16
64	538	0.0	3	0 445 71 22
65	1141	0.0	3	0 985 123 33
66	976	0.0	3	0 707 175 94
67	6319	0.0	3	0 5623 498 198
68	8216	0.0	3	0 7765 331 120
69	5440	0.0	3	0 5056 286 98
70	5663	0.0	3	0 5324 266 73
71	2282	0.0	3	0 2002 214 66
72	555	0.0	3	0 474 56 25
73	578	0.0	3	0 488 63 27
74	1385	0.0	3	0 1115 210 60
75	2803	0.0	3	0 2235 416 152
