This is cutadapt 3.5 with Python 3.9.9
Command line parameters: -q 20 --minimum-length 25 --cores 24 -a AGATCGGAAGAGCACACGTCTGAACTCCAGTCA -A AGATCGGAAGAGCGTCGTGTAGGGAAAGAGTGT -o ERR571462_trimmed_R1.fastq.gz -p ERR571462_trimmed_R2.fastq.gz ERR571462_R1.fastq.gz ERR571462_R2.fastq.gz
Processing reads on 24 cores in paired-end mode ...
Finished in 250.70 s (9 µs/read; 6.76 M reads/minute).

=== Summary ===

Total read pairs processed:         28,240,647
  Read 1 with adapter:               1,231,503 (4.4%)
  Read 2 with adapter:               1,151,134 (4.1%)

== Read fate breakdown ==
Pairs that were too short:             558,330 (2.0%)
Pairs written (passing filters):    27,682,317 (98.0%)

Total basepairs processed: 8,472,194,100 bp
  Read 1: 4,236,097,050 bp
  Read 2: 4,236,097,050 bp
Quality-trimmed:             223,976,095 bp (2.6%)
  Read 1:    52,596,150 bp
  Read 2:   171,379,945 bp
Total written (filtered):  8,150,798,372 bp (96.2%)
  Read 1: 4,105,695,259 bp
  Read 2: 4,045,103,113 bp

=== First read: Adapter 1 ===

Sequence: AGATCGGAAGAGCACACGTCTGAACTCCAGTCA; Type: regular 3'; Length: 33; Trimmed: 1231503 times

Minimum overlap: 3
No. of allowed errors:
1-9 bp: 0; 10-19 bp: 1; 20-29 bp: 2; 30-33 bp: 3

Bases preceding removed adapters:
  A: 28.4%
  C: 15.4%
  G: 19.4%
  T: 25.3%
  none/other: 11.5%

Overview of removed sequences
length	count	expect	max.err	error counts
3	644963	441260.1	0	644963
4	177884	110315.0	0	177884
5	28390	27578.8	0	28390
6	9589	6894.7	0	9589
7	6411	1723.7	0	6411
8	5801	430.9	0	5801
9	6359	107.7	0	5894 465
10	6011	26.9	1	5404 607
11	5632	6.7	1	5293 339
12	5257	1.7	1	5101 156
13	5005	0.4	1	4915 90
14	4958	0.1	1	4868 90
15	4838	0.0	1	4750 88
16	4825	0.0	1	4716 109
17	4958	0.0	1	4839 119
18	4610	0.0	1	4503 106 1
19	4407	0.0	1	4320 82 5
20	4362	0.0	2	4250 104 8
21	4394	0.0	2	4258 119 17
22	4220	0.0	2	4097 109 14
23	3973	0.0	2	3855 104 14
24	4072	0.0	2	3939 115 18
25	4021	0.0	2	3891 113 17
26	3858	0.0	2	3706 127 25
27	3772	0.0	2	3620 129 23
28	3822	0.0	2	3621 184 15 2
29	3726	0.0	2	3548 151 22 5
30	3624	0.0	3	3429 161 23 11
31	3379	0.0	3	3219 132 21 7
32	3422	0.0	3	3261 135 18 8
33	3336	0.0	3	3150 152 28 6
34	3585	0.0	3	3356 180 32 17
35	3218	0.0	3	3028 163 16 11
36	3190	0.0	3	3014 138 25 13
37	3080	0.0	3	2902 146 19 13
38	2976	0.0	3	2792 149 27 8
39	3014	0.0	3	2818 157 26 13
40	3099	0.0	3	2874 177 32 16
41	3314	0.0	3	3048 205 49 12
42	3321	0.0	3	3078 190 38 15
43	3297	0.0	3	3080 179 28 10
44	3538	0.0	3	3359 149 20 10
45	1412	0.0	3	1302 87 11 12
46	1929	0.0	3	1804 102 16 7
47	2219	0.0	3	2095 97 16 11
48	2358	0.0	3	2242 94 15 7
49	2134	0.0	3	2006 113 12 3
50	2200	0.0	3	2062 118 13 7
51	2271	0.0	3	2132 116 16 7
52	2106	0.0	3	1950 132 18 6
53	2156	0.0	3	2003 122 23 8
54	2166	0.0	3	1992 140 25 9
55	2113	0.0	3	1972 119 18 4
56	1741	0.0	3	1621 94 24 2
57	1743	0.0	3	1617 109 15 2
58	1969	0.0	3	1780 160 24 5
59	1939	0.0	3	1769 129 33 8
60	1881	0.0	3	1703 145 27 6
61	1897	0.0	3	1716 148 24 9
62	1764	0.0	3	1580 158 19 7
63	1829	0.0	3	1607 190 23 9
64	2260	0.0	3	1786 430 36 8
65	2815	0.0	3	2254 507 47 7
66	2674	0.0	3	2332 298 33 11
67	2093	0.0	3	1683 381 22 7
68	2476	0.0	3	1722 718 30 6
69	3061	0.0	3	2107 875 57 22
70	4409	0.0	3	2651 1660 80 18
71	6232	0.0	3	3929 2142 125 36
72	8241	0.0	3	4413 3650 162 16
73	15280	0.0	3	6029 8957 256 38
74	28401	0.0	3	11992 15937 442 30
75	39990	0.0	3	19618 19808 516 48
76	28207	0.0	3	24903 3037 247 20
77	4029	0.0	3	3124 857 45 3
78	1286	0.0	3	863 406 15 2
79	900	0.0	3	561 324 15
80	671	0.0	3	401 265 4 1
81	563	0.0	3	345 211 6 1
82	540	0.0	3	324 212 4
83	489	0.0	3	291 194 3 1
84	460	0.0	3	270 182 7 1
85	410	0.0	3	236 168 6
86	391	0.0	3	215 169 7
87	334	0.0	3	200 127 6 1
88	341	0.0	3	202 134 5
89	345	0.0	3	212 125 7 1
90	282	0.0	3	172 104 6
91	276	0.0	3	173 96 7
92	239	0.0	3	133 101 4 1
93	247	0.0	3	147 95 5
94	240	0.0	3	135 101 4
95	219	0.0	3	118 97 4
96	203	0.0	3	124 75 4
97	214	0.0	3	123 88 3
98	201	0.0	3	115 80 5 1
99	206	0.0	3	124 77 4 1
100	182	0.0	3	99 80 3
101	162	0.0	3	90 69 2 1
102	123	0.0	3	67 55 1
103	136	0.0	3	70 64 2
104	131	0.0	3	76 54 1
105	134	0.0	3	68 64 1 1
106	137	0.0	3	68 65 3 1
107	140	0.0	3	80 54 2 4
108	142	0.0	3	71 67 4
109	150	0.0	3	87 62 1
110	147	0.0	3	74 70 3
111	179	0.0	3	102 72 4 1
112	180	0.0	3	88 90 1 1
113	164	0.0	3	84 77 2 1
114	183	0.0	3	93 85 5
115	189	0.0	3	92 90 5 2
116	159	0.0	3	75 80 2 2
117	175	0.0	3	81 87 7
118	155	0.0	3	86 64 4 1
119	182	0.0	3	83 95 1 3
120	179	0.0	3	91 86 2
121	187	0.0	3	95 88 4
122	174	0.0	3	86 84 4
123	182	0.0	3	84 94 3 1
124	172	0.0	3	84 85 3
125	170	0.0	3	85 81 2 2
126	199	0.0	3	91 106 1 1
127	177	0.0	3	80 96 1
128	184	0.0	3	92 88 4
129	181	0.0	3	93 83 4 1
130	187	0.0	3	89 96 2
131	184	0.0	3	99 84 1
132	208	0.0	3	105 98 5
133	205	0.0	3	108 93 4
134	226	0.0	3	99 123 4
135	226	0.0	3	104 120 2
136	219	0.0	3	97 114 7 1
137	222	0.0	3	107 108 7
138	215	0.0	3	105 100 10
139	233	0.0	3	111 115 6 1
140	247	0.0	3	118 125 3 1
141	294	0.0	3	137 148 7 2
142	286	0.0	3	147 129 9 1
143	305	0.0	3	153 144 8
144	292	0.0	3	131 158 3
145	335	0.0	3	168 161 6
146	361	0.0	3	182 170 9
147	407	0.0	3	208 193 6
148	441	0.0	3	188 241 11 1
149	642	0.0	3	311 313 15 3
150	4250	0.0	3	1996 2121 114 19


=== Second read: Adapter 2 ===

Sequence: AGATCGGAAGAGCGTCGTGTAGGGAAAGAGTGT; Type: regular 3'; Length: 33; Trimmed: 1151134 times

Minimum overlap: 3
No. of allowed errors:
1-9 bp: 0; 10-19 bp: 1; 20-29 bp: 2; 30-33 bp: 3

Bases preceding removed adapters:
  A: 30.0%
  C: 16.5%
  G: 20.5%
  T: 26.6%
  none/other: 6.4%

Overview of removed sequences
length	count	expect	max.err	error counts
3	636012	441260.1	0	636012
4	174642	110315.0	0	174642
5	28267	27578.8	0	28267
6	9975	6894.7	0	9975
7	6730	1723.7	0	6730
8	5950	430.9	0	5950
9	6697	107.7	0	6108 589
10	6391	26.9	1	5589 802
11	6069	6.7	1	5429 640
12	5572	1.7	1	5443 129
13	5238	0.4	1	5110 128
14	5235	0.1	1	5142 93
15	4740	0.0	1	4688 52
16	4872	0.0	1	4806 66
17	4818	0.0	1	4764 54
18	4407	0.0	1	4345 61 1
19	4551	0.0	1	4504 45 2
20	4268	0.0	2	4208 50 10
21	4227	0.0	2	4149 66 12
22	4139	0.0	2	4084 43 12
23	4250	0.0	2	4040 108 102
24	4491	0.0	2	4378 96 17
25	3931	0.0	2	3840 77 14
26	4138	0.0	2	3740 137 261
27	3772	0.0	2	3656 85 31
28	3890	0.0	2	3739 103 48
29	3675	0.0	2	3491 112 38 34
30	5094	0.0	3	4916 124 37 17
31	2564	0.0	3	2456 51 16 41
32	3226	0.0	3	3119 79 22 6
33	2887	0.0	3	2798 73 7 9
34	3081	0.0	3	2969 91 18 3
35	3065	0.0	3	2938 104 14 9
36	3127	0.0	3	2957 133 25 12
37	3072	0.0	3	2908 132 22 10
38	2857	0.0	3	2731 106 11 9
39	3022	0.0	3	2847 142 16 17
40	2928	0.0	3	2772 118 25 13
41	3027	0.0	3	2841 146 30 10
42	3264	0.0	3	2966 223 52 23
43	2529	0.0	3	2388 104 24 13
44	2746	0.0	3	2567 119 36 24
45	2901	0.0	3	2662 178 41 20
46	2349	0.0	3	2218 102 20 9
47	2326	0.0	3	2220 93 9 4
48	2360	0.0	3	2264 76 15 5
49	2143	0.0	3	2048 79 13 3
50	2292	0.0	3	2169 107 12 4
51	2378	0.0	3	2259 102 10 7
52	1904	0.0	3	1834 63 4 3
53	1909	0.0	3	1850 48 8 3
54	1914	0.0	3	1830 71 9 4
55	1961	0.0	3	1878 69 9 5
56	1832	0.0	3	1748 75 6 3
57	1843	0.0	3	1718 99 22 4
58	2262	0.0	3	2102 120 32 8
59	2042	0.0	3	1910 99 27 6
60	2109	0.0	3	1948 125 28 8
61	2262	0.0	3	2055 173 29 5
62	2878	0.0	3	2577 235 50 16
63	4784	0.0	3	4221 448 86 29
64	5513	0.0	3	5029 406 59 19
65	10944	0.0	3	10272 591 65 16
66	24544	0.0	3	23507 893 123 21
67	20020	0.0	3	19266 653 89 12
68	26739	0.0	3	26010 639 80 10
69	3463	0.0	3	3275 165 15 8
70	738	0.0	3	690 44 3 1
71	422	0.0	3	390 26 6
72	331	0.0	3	305 23 2 1
73	279	0.0	3	252 21 4 2
74	232	0.0	3	213 16 3
75	182	0.0	3	168 12 1 1
76	174	0.0	3	150 19 4 1
77	144	0.0	3	132 11 1
78	141	0.0	3	130 6 3 2
79	132	0.0	3	119 11 1 1
80	116	0.0	3	107 8 0 1
81	130	0.0	3	118 10 1 1
82	107	0.0	3	98 7 2
83	107	0.0	3	96 9 2
84	77	0.0	3	70 5 1 1
85	90	0.0	3	80 8 2
86	91	0.0	3	72 17 2
87	84	0.0	3	74 7 1 2
88	68	0.0	3	62 5 1
89	67	0.0	3	57 7 2 1
90	58	0.0	3	54 3 0 1
91	52	0.0	3	47 4 0 1
92	55	0.0	3	47 7 1
93	49	0.0	3	44 4 1
94	49	0.0	3	44 4 0 1
95	37	0.0	3	33 4
96	54	0.0	3	49 5
97	47	0.0	3	40 5 1 1
98	34	0.0	3	29 4 1
99	41	0.0	3	36 4 1
100	23	0.0	3	21 1 1
101	29	0.0	3	24 2 3
102	39	0.0	3	34 4 1
103	30	0.0	3	26 2 1 1
104	37	0.0	3	28 6 3
105	33	0.0	3	32 1
106	30	0.0	3	24 4 1 1
107	41	0.0	3	39 1 1
108	28	0.0	3	26 1 1
109	43	0.0	3	37 5 0 1
110	31	0.0	3	30 1
111	39	0.0	3	35 2 1 1
112	38	0.0	3	27 7 2 2
113	38	0.0	3	33 4 1
114	34	0.0	3	25 6 2 1
115	39	0.0	3	35 3 0 1
116	31	0.0	3	28 1 2
117	39	0.0	3	28 10 1
118	27	0.0	3	24 2 1
119	31	0.0	3	25 6
120	31	0.0	3	27 2 0 2
121	50	0.0	3	42 8
122	33	0.0	3	30 3
123	29	0.0	3	27 2
124	36	0.0	3	31 4 1
125	37	0.0	3	34 2 1
126	49	0.0	3	40 8 1
127	49	0.0	3	40 7 1 1
128	45	0.0	3	39 6
129	47	0.0	3	44 3
130	61	0.0	3	51 7 3
131	43	0.0	3	38 3 1 1
132	37	0.0	3	34 3
133	44	0.0	3	38 2 3 1
134	50	0.0	3	44 5 1
135	56	0.0	3	45 8 3
136	65	0.0	3	55 9 1
137	60	0.0	3	53 5 2
138	67	0.0	3	60 5 2
139	71	0.0	3	56 14 0 1
140	57	0.0	3	51 4 1 1
141	61	0.0	3	55 5 1
142	62	0.0	3	55 7
143	62	0.0	3	50 8 4
144	95	0.0	3	87 5 3
145	90	0.0	3	83 7
146	89	0.0	3	80 7 2
147	100	0.0	3	78 14 5 3
148	132	0.0	3	111 20 1
149	172	0.0	3	148 17 4 3
150	1278	0.0	3	1014 173 66 25
