This is cutadapt 3.5 with Python 3.9.9
Command line parameters: -q 20 --minimum-length 25 --cores 24 -a AGATCGGAAGAGCACACGTCTGAACTCCAGTCA -A AGATCGGAAGAGCGTCGTGTAGGGAAAGAGTGT -o ERR571460_trimmed_R1.fastq.gz -p ERR571460_trimmed_R2.fastq.gz ERR571460_R1.fastq.gz ERR571460_R2.fastq.gz
Processing reads on 24 cores in paired-end mode ...
Finished in 461.09 s (8 µs/read; 7.34 M reads/minute).

=== Summary ===

Total read pairs processed:         56,423,386
  Read 1 with adapter:               2,524,509 (4.5%)
  Read 2 with adapter:               2,445,298 (4.3%)

== Read fate breakdown ==
Pairs that were too short:           1,158,943 (2.1%)
Pairs written (passing filters):    55,264,443 (97.9%)

Total basepairs processed: 16,927,015,800 bp
  Read 1: 8,463,507,900 bp
  Read 2: 8,463,507,900 bp
Quality-trimmed:             489,041,699 bp (2.9%)
  Read 1:   102,929,555 bp
  Read 2:   386,112,144 bp
Total written (filtered):  16,212,633,486 bp (95.8%)
  Read 1: 8,178,331,603 bp
  Read 2: 8,034,301,883 bp

=== First read: Adapter 1 ===

Sequence: AGATCGGAAGAGCACACGTCTGAACTCCAGTCA; Type: regular 3'; Length: 33; Trimmed: 2524509 times

Minimum overlap: 3
No. of allowed errors:
1-9 bp: 0; 10-19 bp: 1; 20-29 bp: 2; 30-33 bp: 3

Bases preceding removed adapters:
  A: 30.8%
  C: 16.8%
  G: 21.0%
  T: 28.2%
  none/other: 3.1%

Overview of removed sequences
length	count	expect	max.err	error counts
3	1299280	881615.4	0	1299280
4	358492	220403.9	0	358492
5	60460	55101.0	0	60460
6	22880	13775.2	0	22880
7	15806	3443.8	0	15806
8	14959	861.0	0	14959
9	15768	215.2	0	14935 833
10	15012	53.8	1	13816 1196
11	14372	13.5	1	13726 646
12	13896	3.4	1	13591 305
13	13745	0.8	1	13491 254
14	13572	0.2	1	13291 281
15	13406	0.1	1	13167 239
16	13445	0.0	1	13123 322
17	13663	0.0	1	13304 359
18	12297	0.0	1	11997 293 7
19	12173	0.0	1	11885 273 15
20	12257	0.0	2	11881 352 24
21	12176	0.0	2	11767 377 32
22	11950	0.0	2	11538 373 39
23	11486	0.0	2	11109 336 41
24	11469	0.0	2	11067 357 45
25	11283	0.0	2	10867 377 39
26	10919	0.0	2	10459 413 47
27	10992	0.0	2	10532 394 64 2
28	10947	0.0	2	10436 445 57 9
29	11164	0.0	2	10529 540 76 19
30	10468	0.0	3	9922 471 37 38
31	10127	0.0	3	9596 473 41 17
32	9971	0.0	3	9465 427 62 17
33	10275	0.0	3	9645 543 66 21
34	10184	0.0	3	9530 542 82 30
35	11060	0.0	3	10194 712 113 41
36	11178	0.0	3	10391 633 118 36
37	9647	0.0	3	9059 492 68 28
38	9208	0.0	3	8619 512 58 19
39	9344	0.0	3	8780 460 78 26
40	8498	0.0	3	7975 423 71 29
41	9351	0.0	3	8798 452 79 22
42	8886	0.0	3	8368 432 69 17
43	7598	0.0	3	7174 359 49 16
44	7611	0.0	3	7208 335 51 17
45	7782	0.0	3	7338 379 51 14
46	7841	0.0	3	7396 383 41 21
47	7329	0.0	3	6946 316 49 18
48	7555	0.0	3	7136 359 43 17
49	7593	0.0	3	7149 384 40 20
50	7180	0.0	3	6760 357 40 23
51	7071	0.0	3	6655 357 51 8
52	7519	0.0	3	7026 413 65 15
53	6975	0.0	3	6584 333 41 17
54	6229	0.0	3	5899 274 43 13
55	6161	0.0	3	5829 277 40 15
56	6289	0.0	3	5874 347 54 14
57	6409	0.0	3	5989 359 49 12
58	6099	0.0	3	5708 344 37 10
59	6421	0.0	3	5984 373 51 13
60	6022	0.0	3	5633 340 35 14
61	6097	0.0	3	5688 345 47 17
62	6630	0.0	3	6034 526 56 14
63	7778	0.0	3	7109 586 61 22
64	7639	0.0	3	7058 510 57 14
65	5974	0.0	3	5430 470 60 14
66	6008	0.0	3	5395 532 72 9
67	6809	0.0	3	5981 756 60 12
68	8559	0.0	3	6892 1561 85 21
69	10910	0.0	3	9075 1666 129 40
70	11332	0.0	3	8673 2470 159 30
71	16348	0.0	3	10536 5503 245 64
72	27157	0.0	3	16539 10106 449 63
73	40957	0.0	3	29648 10891 376 42
74	42245	0.0	3	39603 2401 211 30
75	5387	0.0	3	4474 821 84 8
76	1600	0.0	3	1229 338 25 8
77	1010	0.0	3	760 230 16 4
78	820	0.0	3	627 177 14 2
79	670	0.0	3	499 154 16 1
80	678	0.0	3	512 154 12
81	578	0.0	3	425 141 11 1
82	592	0.0	3	437 141 12 2
83	517	0.0	3	416 93 6 2
84	492	0.0	3	364 120 6 2
85	485	0.0	3	381 96 8
86	461	0.0	3	350 104 5 2
87	452	0.0	3	343 104 4 1
88	416	0.0	3	326 81 7 2
89	384	0.0	3	300 77 3 4
90	352	0.0	3	269 74 7 2
91	382	0.0	3	297 80 4 1
92	353	0.0	3	259 87 6 1
93	312	0.0	3	238 65 8 1
94	277	0.0	3	214 58 3 2
95	284	0.0	3	217 65 2
96	267	0.0	3	185 73 7 2
97	262	0.0	3	193 64 5
98	261	0.0	3	192 62 6 1
99	239	0.0	3	182 53 4
100	232	0.0	3	163 65 3 1
101	216	0.0	3	156 56 4
102	171	0.0	3	128 42 0 1
103	189	0.0	3	135 45 7 2
104	171	0.0	3	126 39 4 2
105	181	0.0	3	135 42 4
106	186	0.0	3	130 53 2 1
107	165	0.0	3	114 47 4
108	159	0.0	3	108 44 5 2
109	163	0.0	3	111 48 3 1
110	171	0.0	3	109 57 3 2
111	145	0.0	3	92 51 2
112	150	0.0	3	100 48 2
113	152	0.0	3	94 54 3 1
114	156	0.0	3	90 63 0 3
115	145	0.0	3	86 53 5 1
116	132	0.0	3	68 58 5 1
117	129	0.0	3	73 53 1 2
118	148	0.0	3	86 58 2 2
119	133	0.0	3	75 51 7
120	128	0.0	3	70 54 2 2
121	126	0.0	3	67 58 1
122	116	0.0	3	62 51 3
123	114	0.0	3	65 46 3
124	128	0.0	3	73 52 3
125	119	0.0	3	62 55 2
126	100	0.0	3	50 45 4 1
127	114	0.0	3	49 60 5
128	102	0.0	3	49 51 2
129	107	0.0	3	53 45 9
130	119	0.0	3	47 66 5 1
131	108	0.0	3	51 56 1
132	121	0.0	3	47 70 4
133	163	0.0	3	73 79 10 1
134	121	0.0	3	52 67 2
135	146	0.0	3	76 66 4
136	164	0.0	3	81 75 6 2
137	118	0.0	3	51 64 3
138	139	0.0	3	57 76 6
139	156	0.0	3	76 74 4 2
140	141	0.0	3	70 64 5 2
141	174	0.0	3	82 86 6
142	175	0.0	3	78 86 7 4
143	183	0.0	3	79 96 8
144	207	0.0	3	92 109 4 2
145	206	0.0	3	99 101 4 2
146	231	0.0	3	106 115 8 2
147	234	0.0	3	99 123 9 3
148	278	0.0	3	138 130 7 3
149	381	0.0	3	161 204 11 5
150	2772	0.0	3	1170 1466 115 21


=== Second read: Adapter 2 ===

Sequence: AGATCGGAAGAGCGTCGTGTAGGGAAAGAGTGT; Type: regular 3'; Length: 33; Trimmed: 2445298 times

Minimum overlap: 3
No. of allowed errors:
1-9 bp: 0; 10-19 bp: 1; 20-29 bp: 2; 30-33 bp: 3

Bases preceding removed adapters:
  A: 31.2%
  C: 17.3%
  G: 21.6%
  T: 28.3%
  none/other: 1.6%

Overview of removed sequences
length	count	expect	max.err	error counts
3	1273245	881615.4	0	1273245
4	350355	220403.9	0	350355
5	59282	55101.0	0	59282
6	23404	13775.2	0	23404
7	16446	3443.8	0	16446
8	15356	861.0	0	15356
9	16568	215.2	0	15638 930
10	15664	53.8	1	14374 1290
11	14793	13.5	1	14047 746
12	14724	3.4	1	14439 285
13	14207	0.8	1	13998 209
14	14150	0.2	1	13977 173
15	13026	0.1	1	12904 122
16	13343	0.0	1	13205 138
17	13340	0.0	1	13179 161
18	11642	0.0	1	11539 103
19	12345	0.0	1	12217 127 1
20	11680	0.0	2	11497 144 39
21	11617	0.0	2	11446 145 26
22	11695	0.0	2	11488 169 38
23	11892	0.0	2	11573 224 95
24	12773	0.0	2	12419 296 58
25	10973	0.0	2	10688 230 55
26	10896	0.0	2	10523 242 131
27	11034	0.0	2	10742 248 44
28	11142	0.0	2	10774 306 60 2
29	10829	0.0	2	10455 305 50 19
30	15587	0.0	3	15069 425 65 28
31	7418	0.0	3	7173 207 21 17
32	9279	0.0	3	8951 268 38 22
33	8592	0.0	3	8358 189 32 13
34	8947	0.0	3	8605 291 37 14
35	9197	0.0	3	8766 363 44 24
36	9322	0.0	3	8844 400 60 18
37	9272	0.0	3	8796 400 48 28
38	8983	0.0	3	8503 380 67 33
39	8960	0.0	3	8401 458 73 28
40	9036	0.0	3	8510 438 61 27
41	9107	0.0	3	8504 487 81 35
42	10908	0.0	3	9840 831 179 58
43	8092	0.0	3	7686 328 53 25
44	8753	0.0	3	8209 428 89 27
45	9495	0.0	3	8806 558 102 29
46	7006	0.0	3	6671 272 48 15
47	7125	0.0	3	6812 263 37 13
48	7108	0.0	3	6824 253 27 4
49	6678	0.0	3	6430 204 36 8
50	7131	0.0	3	6786 293 39 13
51	7510	0.0	3	7130 323 44 13
52	5924	0.0	3	5740 172 7 5
53	5985	0.0	3	5813 153 15 4
54	6232	0.0	3	5991 213 21 7
55	6277	0.0	3	6027 224 16 10
56	6182	0.0	3	5949 204 24 5
57	6240	0.0	3	5907 277 44 12
58	6861	0.0	3	6380 404 56 21
59	6533	0.0	3	6164 316 39 14
60	6591	0.0	3	6178 339 56 18
61	7080	0.0	3	6521 460 74 25
62	8449	0.0	3	7743 582 95 29
63	11173	0.0	3	10172 824 130 47
64	10759	0.0	3	9972 664 94 29
65	16356	0.0	3	15348 876 104 28
66	36028	0.0	3	34487 1332 164 45
67	38129	0.0	3	36808 1142 143 36
68	45306	0.0	3	44243 936 110 17
69	5683	0.0	3	5364 286 29 4
70	1165	0.0	3	1075 76 11 3
71	616	0.0	3	563 43 10
72	434	0.0	3	383 43 6 2
73	379	0.0	3	344 30 4 1
74	412	0.0	3	364 38 7 3
75	294	0.0	3	263 25 5 1
76	241	0.0	3	215 23 1 2
77	239	0.0	3	206 30 3
78	211	0.0	3	188 18 2 3
79	225	0.0	3	194 27 3 1
80	216	0.0	3	200 13 3
81	196	0.0	3	170 20 4 2
82	190	0.0	3	161 25 4
83	195	0.0	3	163 24 7 1
84	188	0.0	3	153 29 6
85	143	0.0	3	126 13 3 1
86	132	0.0	3	119 10 2 1
87	132	0.0	3	117 13 1 1
88	132	0.0	3	112 14 4 2
89	113	0.0	3	96 14 2 1
90	95	0.0	3	82 8 2 3
91	111	0.0	3	83 23 4 1
92	95	0.0	3	83 11 1
93	87	0.0	3	69 16 1 1
94	85	0.0	3	69 11 5
95	87	0.0	3	72 12 2 1
96	65	0.0	3	52 9 4
97	65	0.0	3	55 7 2 1
98	75	0.0	3	63 6 5 1
99	58	0.0	3	52 3 3
100	79	0.0	3	66 12 1
101	83	0.0	3	65 12 5 1
102	58	0.0	3	55 3
103	64	0.0	3	50 9 4 1
104	68	0.0	3	58 9 1
105	60	0.0	3	49 7 4
106	65	0.0	3	55 9 1
107	48	0.0	3	43 3 2
108	52	0.0	3	42 6 2 2
109	39	0.0	3	32 5 1 1
110	41	0.0	3	35 5 0 1
111	49	0.0	3	41 7 0 1
112	50	0.0	3	41 4 4 1
113	49	0.0	3	44 4 1
114	28	0.0	3	23 3 2
115	48	0.0	3	45 2 0 1
116	56	0.0	3	45 10 0 1
117	46	0.0	3	38 6 2
118	41	0.0	3	32 7 2
119	30	0.0	3	24 5 0 1
120	41	0.0	3	32 7 1 1
121	36	0.0	3	32 2 2
122	30	0.0	3	23 4 2 1
123	29	0.0	3	23 4 2
124	28	0.0	3	25 2 1
125	30	0.0	3	21 2 6 1
126	38	0.0	3	34 3 1
127	30	0.0	3	24 4 2
128	16	0.0	3	13 2 0 1
129	23	0.0	3	17 5 1
130	29	0.0	3	25 4
131	31	0.0	3	24 4 1 2
132	29	0.0	3	20 8 0 1
133	17	0.0	3	16 1
134	23	0.0	3	16 3 3 1
135	32	0.0	3	27 5
136	25	0.0	3	19 5 1
137	38	0.0	3	32 5 1
138	29	0.0	3	25 4
139	25	0.0	3	22 3
140	29	0.0	3	23 4 2
141	47	0.0	3	40 3 2 2
142	48	0.0	3	38 5 4 1
143	48	0.0	3	42 5 1
144	42	0.0	3	35 5 2
145	52	0.0	3	42 8 2
146	66	0.0	3	58 5 1 2
147	65	0.0	3	52 9 2 2
148	61	0.0	3	44 14 2 1
149	100	0.0	3	79 16 4 1
150	716	0.0	3	544 119 37 16
