This is cutadapt 3.5 with Python 3.9.9
Command line parameters: -q 20 --minimum-length 25 --cores 24 -a AGATCGGAAGAGCACACGTCTGAACTCCAGTCA -A AGATCGGAAGAGCGTCGTGTAGGGAAAGAGTGT -o ERR571463_trimmed_R1.fastq.gz -p ERR571463_trimmed_R2.fastq.gz ERR571463_R1.fastq.gz ERR571463_R2.fastq.gz
Processing reads on 24 cores in paired-end mode ...
Finished in 889.66 s (9 µs/read; 6.69 M reads/minute).

=== Summary ===

Total read pairs processed:         99,191,847
  Read 1 with adapter:               2,338,552 (2.4%)
  Read 2 with adapter:               2,251,459 (2.3%)

== Read fate breakdown ==
Pairs that were too short:           1,400,810 (1.4%)
Pairs written (passing filters):    97,791,037 (98.6%)

Total basepairs processed: 29,757,554,100 bp
  Read 1: 14,878,777,050 bp
  Read 2: 14,878,777,050 bp
Quality-trimmed:             791,955,903 bp (2.7%)
  Read 1:   199,332,693 bp
  Read 2:   592,623,210 bp
Total written (filtered):  28,749,655,958 bp (96.6%)
  Read 1: 14,488,962,658 bp
  Read 2: 14,260,693,300 bp

=== First read: Adapter 1 ===

Sequence: AGATCGGAAGAGCACACGTCTGAACTCCAGTCA; Type: regular 3'; Length: 33; Trimmed: 2338552 times

Minimum overlap: 3
No. of allowed errors:
1-9 bp: 0; 10-19 bp: 1; 20-29 bp: 2; 30-33 bp: 3

Bases preceding removed adapters:
  A: 34.6%
  C: 22.3%
  G: 21.3%
  T: 19.8%
  none/other: 2.0%

Overview of removed sequences
length	count	expect	max.err	error counts
3	1685693	1549872.6	0	1685693
4	390355	387468.2	0	390355
5	82096	96867.0	0	82096
6	17905	24216.8	0	17905
7	4496	6054.2	0	4496
8	2545	1513.5	0	2545
9	3912	378.4	0	2157 1755
10	4122	94.6	1	1913 2209
11	3016	23.6	1	1954 1062
12	2172	5.9	1	1916 256
13	1979	1.5	1	1881 98
14	2013	0.4	1	1897 116
15	1874	0.1	1	1841 33
16	1963	0.0	1	1920 43
17	1950	0.0	1	1900 50
18	1796	0.0	1	1757 38 1
19	1797	0.0	1	1760 36 1
20	1790	0.0	2	1743 44 3
21	1821	0.0	2	1763 50 8
22	1898	0.0	2	1826 69 3
23	1677	0.0	2	1622 50 5
24	1749	0.0	2	1694 52 3
25	1668	0.0	2	1608 55 5
26	1689	0.0	2	1624 59 6
27	1668	0.0	2	1605 58 4 1
28	1702	0.0	2	1623 70 7 2
29	1682	0.0	2	1592 82 4 4
30	1660	0.0	3	1580 75 3 2
31	1587	0.0	3	1525 51 10 1
32	1588	0.0	3	1501 81 5 1
33	1612	0.0	3	1504 101 6 1
34	1577	0.0	3	1488 78 9 2
35	1647	0.0	3	1536 98 10 3
36	1637	0.0	3	1497 119 16 5
37	1816	0.0	3	1592 194 23 7
38	1799	0.0	3	1669 112 15 3
39	1450	0.0	3	1316 114 14 6
40	1592	0.0	3	1433 129 22 8
41	1830	0.0	3	1711 101 18
42	1795	0.0	3	1712 73 8 2
43	862	0.0	3	806 50 5 1
44	1049	0.0	3	987 53 9
45	1221	0.0	3	1128 79 12 2
46	1225	0.0	3	1173 44 8
47	1134	0.0	3	1071 58 5
48	1149	0.0	3	1065 78 5 1
49	1254	0.0	3	1155 83 14 2
50	1225	0.0	3	1118 97 7 3
51	1201	0.0	3	1088 94 17 2
52	1269	0.0	3	1110 145 12 2
53	1165	0.0	3	1066 85 11 3
54	952	0.0	3	877 66 6 3
55	968	0.0	3	899 58 6 5
56	1050	0.0	3	896 138 11 5
57	1058	0.0	3	958 85 14 1
58	966	0.0	3	835 117 12 2
59	1092	0.0	3	951 124 14 3
60	1019	0.0	3	872 129 17 1
61	970	0.0	3	824 128 15 3
62	1238	0.0	3	855 345 32 6
63	1805	0.0	3	994 749 53 9
64	1526	0.0	3	1170 310 37 9
65	1309	0.0	3	883 387 35 4
66	1604	0.0	3	854 671 63 16
67	2176	0.0	3	952 1108 97 19
68	3371	0.0	3	1028 2163 157 23
69	3634	0.0	3	1423 2011 175 25
70	4348	0.0	3	1232 2827 244 45
71	7564	0.0	3	1476 5561 461 66
72	16755	0.0	3	1992 13883 796 84
73	14644	0.0	3	3718 10198 656 72
74	5775	0.0	3	4911 646 180 38
75	318	0.0	3	185 114 10 9
76	65	0.0	3	26 32 4 3
77	30	0.0	3	8 17 5
78	24	0.0	3	5 19
79	28	0.0	3	8 17 2 1
80	29	0.0	3	7 20 2
81	27	0.0	3	9 17 1
82	25	0.0	3	5 18 2
83	23	0.0	3	3 18 2
84	19	0.0	3	7 11 0 1
85	29	0.0	3	7 20 2
86	38	0.0	3	13 23 1 1
87	26	0.0	3	7 17 2
88	13	0.0	3	4 8 1
89	23	0.0	3	9 14
90	16	0.0	3	5 10 0 1
91	17	0.0	3	5 11 1
92	17	0.0	3	8 5 4
93	16	0.0	3	6 10
94	16	0.0	3	5 11
95	14	0.0	3	5 6 1 2
96	19	0.0	3	7 12
97	15	0.0	3	9 5 1
98	14	0.0	3	7 7
99	20	0.0	3	8 12
100	12	0.0	3	6 5 0 1
101	8	0.0	3	6 2
102	10	0.0	3	5 5
103	8	0.0	3	5 3
104	10	0.0	3	5 3 2
105	8	0.0	3	2 3 1 2
106	19	0.0	3	7 10 2
107	15	0.0	3	5 10
108	19	0.0	3	8 11
109	16	0.0	3	5 7 4
110	15	0.0	3	3 9 3
111	14	0.0	3	7 6 1
112	13	0.0	3	4 8 1
113	15	0.0	3	3 10 2
114	23	0.0	3	7 16
115	12	0.0	3	5 6 1
116	16	0.0	3	6 8 2
117	18	0.0	3	2 15 1
118	28	0.0	3	6 21 1
119	22	0.0	3	4 15 2 1
120	23	0.0	3	3 19 1
121	21	0.0	3	3 17 1
122	20	0.0	3	0 18 2
123	24	0.0	3	8 15 0 1
124	22	0.0	3	6 12 3 1
125	38	0.0	3	7 29 1 1
126	25	0.0	3	3 22
127	31	0.0	3	1 25 5
128	32	0.0	3	4 20 6 2
129	33	0.0	3	3 28 0 2
130	37	0.0	3	5 31 1
131	28	0.0	3	3 23 2
132	32	0.0	3	0 28 4
133	30	0.0	3	2 24 3 1
134	34	0.0	3	1 32 1
135	42	0.0	3	1 36 5
136	39	0.0	3	3 32 4
137	49	0.0	3	3 41 5
138	46	0.0	3	6 38 2
139	38	0.0	3	1 36 1
140	38	0.0	3	1 33 4
141	52	0.0	3	1 47 4
142	51	0.0	3	1 45 3 2
143	63	0.0	3	0 56 7
144	73	0.0	3	1 63 7 2
145	75	0.0	3	0 68 4 3
146	57	0.0	3	2 49 6
147	54	0.0	3	0 50 4
148	66	0.0	3	1 59 6
149	119	0.0	3	0 109 10
150	882	0.0	3	2 814 63 3


=== Second read: Adapter 2 ===

Sequence: AGATCGGAAGAGCGTCGTGTAGGGAAAGAGTGT; Type: regular 3'; Length: 33; Trimmed: 2251459 times

Minimum overlap: 3
No. of allowed errors:
1-9 bp: 0; 10-19 bp: 1; 20-29 bp: 2; 30-33 bp: 3

Bases preceding removed adapters:
  A: 35.0%
  C: 22.9%
  G: 21.7%
  T: 20.4%
  none/other: 0.0%

Overview of removed sequences
length	count	expect	max.err	error counts
3	1646218	1549872.6	0	1646218
4	386134	387468.2	0	386134
5	81308	96867.0	0	81308
6	18449	24216.8	0	18449
7	5092	6054.2	0	5092
8	3075	1513.5	0	3075
9	4608	378.4	0	2818 1790
10	4186	94.6	1	1974 2212
11	3036	23.6	1	1991 1045
12	2336	5.9	1	2051 285
13	2099	1.5	1	1970 129
14	2510	0.4	1	2156 354
15	1857	0.1	1	1817 40
16	1991	0.0	1	1962 29
17	1929	0.0	1	1889 40
18	1773	0.0	1	1738 35
19	1866	0.0	1	1836 28 2
20	1744	0.0	2	1710 32 2
21	1770	0.0	2	1731 39
22	1859	0.0	2	1817 41 1
23	1806	0.0	2	1754 46 6
24	2073	0.0	2	2002 68 3
25	1664	0.0	2	1599 64 1
26	1697	0.0	2	1639 53 5
27	1720	0.0	2	1655 62 3
28	1755	0.0	2	1690 55 10
29	1703	0.0	2	1630 68 4 1
30	2256	0.0	3	2155 85 11 5
31	1332	0.0	3	1287 42 3
32	1545	0.0	3	1481 57 7
33	1458	0.0	3	1402 51 3 2
34	1458	0.0	3	1412 43 3
35	1566	0.0	3	1488 69 4 5
36	1460	0.0	3	1380 73 5 2
37	1526	0.0	3	1444 72 7 3
38	1433	0.0	3	1360 69 4
39	1501	0.0	3	1421 72 5 3
40	1424	0.0	3	1337 75 12
41	1490	0.0	3	1395 84 9 2
42	1737	0.0	3	1583 124 28 2
43	1305	0.0	3	1241 61 2 1
44	1375	0.0	3	1284 79 10 2
45	1580	0.0	3	1450 108 17 5
46	1207	0.0	3	1139 62 4 2
47	1170	0.0	3	1123 45 2
48	1161	0.0	3	1117 40 3 1
49	1151	0.0	3	1108 43
50	1151	0.0	3	1091 49 4 7
51	1171	0.0	3	1121 47 2 1
52	1012	0.0	3	976 35 1
53	1009	0.0	3	964 43 1 1
54	971	0.0	3	941 28 1 1
55	1011	0.0	3	952 53 2 4
56	989	0.0	3	941 41 3 4
57	1020	0.0	3	968 50 1 1
58	1058	0.0	3	985 64 5 4
59	1079	0.0	3	1012 57 8 2
60	1000	0.0	3	932 64 3 1
61	1007	0.0	3	931 72 4
62	1213	0.0	3	1142 61 9 1
63	1620	0.0	3	1491 115 10 4
64	1503	0.0	3	1379 112 10 2
65	2182	0.0	3	2030 139 9 4
66	5434	0.0	3	5082 327 24 1
67	4696	0.0	3	4377 295 18 6
68	5852	0.0	3	5484 325 32 11
69	631	0.0	3	540 74 15 2
70	55	0.0	3	48 5 1 1
71	13	0.0	3	11 2
72	8	0.0	3	7 0 0 1
73	7	0.0	3	7
74	5	0.0	3	5
75	7	0.0	3	6 1
76	5	0.0	3	4 1
77	8	0.0	3	8
78	11	0.0	3	10 1
79	10	0.0	3	10
80	8	0.0	3	8
81	3	0.0	3	2 1
82	11	0.0	3	8 3
83	4	0.0	3	4
84	13	0.0	3	12 1
85	5	0.0	3	4 1
86	10	0.0	3	6 4
87	6	0.0	3	4 1 1
88	5	0.0	3	3 2
89	4	0.0	3	1 2 1
90	8	0.0	3	3 4 1
91	6	0.0	3	5 1
92	7	0.0	3	6 0 0 1
93	6	0.0	3	4 0 1 1
94	5	0.0	3	4 1
95	8	0.0	3	7 1
96	5	0.0	3	4 0 1
97	6	0.0	3	4 2
98	5	0.0	3	2 2 0 1
99	8	0.0	3	6 0 1 1
100	6	0.0	3	4 2
101	6	0.0	3	3 2 0 1
102	2	0.0	3	2
103	2	0.0	3	2
104	7	0.0	3	6 0 1
105	8	0.0	3	8
106	7	0.0	3	7
107	5	0.0	3	5
108	8	0.0	3	6 2
109	7	0.0	3	6 0 1
110	4	0.0	3	3 0 0 1
111	7	0.0	3	7
112	4	0.0	3	4
113	5	0.0	3	3 1 0 1
114	1	0.0	3	0 0 0 1
116	6	0.0	3	3 2 0 1
117	2	0.0	3	2
118	5	0.0	3	3 2
119	5	0.0	3	4 1
120	3	0.0	3	3
121	6	0.0	3	5 1
122	3	0.0	3	3
123	6	0.0	3	5 0 0 1
124	7	0.0	3	6 1
125	6	0.0	3	5 1
126	7	0.0	3	6 0 1
127	2	0.0	3	2
128	4	0.0	3	4
129	3	0.0	3	1 2
130	6	0.0	3	4 2
131	4	0.0	3	3 1
132	3	0.0	3	1 1 1
133	2	0.0	3	1 1
134	3	0.0	3	3
135	3	0.0	3	2 1
136	4	0.0	3	4
137	2	0.0	3	0 2
138	5	0.0	3	4 1
139	1	0.0	3	0 1
140	2	0.0	3	1 1
141	1	0.0	3	1
142	1	0.0	3	1
143	1	0.0	3	1
145	2	0.0	3	0 2
146	3	0.0	3	2 1
147	3	0.0	3	0 2 1
148	1	0.0	3	0 1
149	1	0.0	3	0 1
150	3	0.0	3	0 3
