This is cutadapt 3.5 with Python 3.9.9
Command line parameters: -q 20 --minimum-length 25 --cores 24 -a AGATCGGAAGAGCACACGTCTGAACTCCAGTCA -A AGATCGGAAGAGCGTCGTGTAGGGAAAGAGTGT -o ERR571461_trimmed_R1.fastq.gz -p ERR571461_trimmed_R2.fastq.gz ERR571461_R1.fastq.gz ERR571461_R2.fastq.gz
Processing reads on 24 cores in paired-end mode ...
Finished in 487.85 s (8 µs/read; 7.15 M reads/minute).

=== Summary ===

Total read pairs processed:         58,164,608
  Read 1 with adapter:               2,264,690 (3.9%)
  Read 2 with adapter:               2,184,965 (3.8%)

== Read fate breakdown ==
Pairs that were too short:           1,497,131 (2.6%)
Pairs written (passing filters):    56,667,477 (97.4%)

Total basepairs processed: 17,449,382,400 bp
  Read 1: 8,724,691,200 bp
  Read 2: 8,724,691,200 bp
Quality-trimmed:             596,027,676 bp (3.4%)
  Read 1:   124,227,933 bp
  Read 2:   471,799,743 bp
Total written (filtered):  16,605,542,660 bp (95.2%)
  Read 1: 8,385,734,360 bp
  Read 2: 8,219,808,300 bp

=== First read: Adapter 1 ===

Sequence: AGATCGGAAGAGCACACGTCTGAACTCCAGTCA; Type: regular 3'; Length: 33; Trimmed: 2264690 times

Minimum overlap: 3
No. of allowed errors:
1-9 bp: 0; 10-19 bp: 1; 20-29 bp: 2; 30-33 bp: 3

Bases preceding removed adapters:
  A: 31.4%
  C: 17.2%
  G: 21.3%
  T: 28.1%
  none/other: 2.1%

Overview of removed sequences
length	count	expect	max.err	error counts
3	1332697	908822.0	0	1332697
4	363666	227205.5	0	363666
5	57354	56801.4	0	57354
6	18911	14200.3	0	18911
7	11687	3550.1	0	11687
8	10658	887.5	0	10658
9	11704	221.9	0	10808 896
10	10998	55.5	1	9771 1227
11	10536	13.9	1	9803 733
12	9552	3.5	1	9277 275
13	9516	0.9	1	9340 176
14	9452	0.2	1	9214 238
15	9171	0.1	1	8969 202
16	9157	0.0	1	8945 212
17	9449	0.0	1	9200 249
18	8767	0.0	1	8517 241 9
19	8148	0.0	1	7895 247 6
20	8293	0.0	2	7986 290 17
21	8198	0.0	2	7866 296 36
22	8153	0.0	2	7825 292 36
23	7777	0.0	2	7464 283 30
24	7697	0.0	2	7364 292 41
25	7618	0.0	2	7307 271 40
26	7390	0.0	2	7068 290 32
27	7285	0.0	2	6935 303 43 4
28	7114	0.0	2	6730 322 51 11
29	7128	0.0	2	6727 328 55 18
30	6907	0.0	3	6476 352 45 34
31	6571	0.0	3	6211 306 39 15
32	6452	0.0	3	6081 315 43 13
33	6544	0.0	3	6072 386 61 25
34	6600	0.0	3	6130 395 54 21
35	6849	0.0	3	6284 450 75 40
36	6490	0.0	3	5964 412 74 40
37	6219	0.0	3	5759 347 72 41
38	6118	0.0	3	5665 338 77 38
39	5913	0.0	3	5413 381 77 42
40	6110	0.0	3	5599 384 75 52
41	7245	0.0	3	6647 464 94 40
42	5983	0.0	3	5480 370 82 51
43	4622	0.0	3	4264 271 61 26
44	4689	0.0	3	4339 276 51 23
45	5032	0.0	3	4669 277 50 36
46	4932	0.0	3	4625 245 42 20
47	4399	0.0	3	4109 220 55 15
48	4615	0.0	3	4263 276 57 19
49	4739	0.0	3	4407 264 51 17
50	4435	0.0	3	4116 248 44 27
51	4471	0.0	3	4155 249 37 30
52	4702	0.0	3	4339 293 50 20
53	4325	0.0	3	4026 239 43 17
54	3709	0.0	3	3430 224 31 24
55	3662	0.0	3	3384 219 41 18
56	3734	0.0	3	3447 247 25 15
57	3889	0.0	3	3592 236 42 19
58	3607	0.0	3	3298 249 37 23
59	3906	0.0	3	3582 267 48 9
60	3426	0.0	3	3120 234 49 23
61	3629	0.0	3	3270 292 50 17
62	3670	0.0	3	3236 375 45 14
63	4507	0.0	3	3982 457 48 20
64	4357	0.0	3	3853 428 53 23
65	3575	0.0	3	3124 397 34 20
66	3546	0.0	3	2982 475 64 25
67	4094	0.0	3	3318 686 74 16
68	4891	0.0	3	3599 1163 97 32
69	6153	0.0	3	4647 1319 144 43
70	6261	0.0	3	4193 1880 150 38
71	8390	0.0	3	4752 3365 214 59
72	15199	0.0	3	6657 8151 347 44
73	20268	0.0	3	11717 8110 377 64
74	19547	0.0	3	17397 1891 201 58
75	3125	0.0	3	2243 781 86 15
76	1171	0.0	3	748 381 38 4
77	695	0.0	3	420 237 32 6
78	489	0.0	3	293 183 10 3
79	442	0.0	3	271 156 14 1
80	382	0.0	3	233 132 13 4
81	320	0.0	3	206 103 11
82	325	0.0	3	219 96 8 2
83	299	0.0	3	190 101 7 1
84	280	0.0	3	173 100 6 1
85	264	0.0	3	164 84 14 2
86	285	0.0	3	172 98 12 3
87	269	0.0	3	165 97 5 2
88	271	0.0	3	163 101 5 2
89	221	0.0	3	144 70 6 1
90	222	0.0	3	136 78 6 2
91	207	0.0	3	148 56 3
92	167	0.0	3	97 59 9 2
93	180	0.0	3	120 56 4
94	203	0.0	3	126 70 6 1
95	156	0.0	3	89 62 3 2
96	170	0.0	3	101 62 5 2
97	164	0.0	3	98 61 5
98	120	0.0	3	63 50 5 2
99	140	0.0	3	86 45 7 2
100	136	0.0	3	82 51 2 1
101	133	0.0	3	78 50 4 1
102	93	0.0	3	65 25 3
103	95	0.0	3	61 28 5 1
104	88	0.0	3	58 25 5
105	94	0.0	3	61 31 2
106	94	0.0	3	42 45 4 3
107	99	0.0	3	51 46 1 1
108	95	0.0	3	43 47 4 1
109	92	0.0	3	44 46 1 1
110	91	0.0	3	44 44 3
111	95	0.0	3	45 43 6 1
112	98	0.0	3	43 47 8
113	87	0.0	3	44 38 4 1
114	80	0.0	3	37 39 3 1
115	80	0.0	3	29 45 5 1
116	78	0.0	3	34 39 4 1
117	86	0.0	3	30 52 2 2
118	83	0.0	3	32 47 3 1
119	76	0.0	3	24 47 5
120	79	0.0	3	26 47 6
121	63	0.0	3	26 32 5
122	65	0.0	3	18 44 3
123	75	0.0	3	21 48 5 1
124	77	0.0	3	25 44 3 5
125	78	0.0	3	21 53 3 1
126	63	0.0	3	8 52 3
127	71	0.0	3	18 45 7 1
128	83	0.0	3	19 61 3
129	73	0.0	3	19 50 3 1
130	69	0.0	3	12 52 4 1
131	60	0.0	3	9 47 4
132	70	0.0	3	12 52 6
133	92	0.0	3	16 70 4 2
134	91	0.0	3	19 66 4 2
135	86	0.0	3	14 69 2 1
136	84	0.0	3	17 58 7 2
137	87	0.0	3	16 68 3
138	103	0.0	3	23 71 8 1
139	117	0.0	3	32 77 8
140	99	0.0	3	21 68 8 2
141	113	0.0	3	16 87 7 3
142	113	0.0	3	29 76 7 1
143	141	0.0	3	27 106 7 1
144	148	0.0	3	41 96 11
145	145	0.0	3	32 97 14 2
146	157	0.0	3	37 109 10 1
147	196	0.0	3	41 146 6 3
148	214	0.0	3	47 142 19 6
149	303	0.0	3	64 215 19 5
150	1977	0.0	3	438 1365 135 39


=== Second read: Adapter 2 ===

Sequence: AGATCGGAAGAGCGTCGTGTAGGGAAAGAGTGT; Type: regular 3'; Length: 33; Trimmed: 2184965 times

Minimum overlap: 3
No. of allowed errors:
1-9 bp: 0; 10-19 bp: 1; 20-29 bp: 2; 30-33 bp: 3

Bases preceding removed adapters:
  A: 31.9%
  C: 17.6%
  G: 21.8%
  T: 28.2%
  none/other: 0.5%

Overview of removed sequences
length	count	expect	max.err	error counts
3	1298401	908822.0	0	1298401
4	355107	227205.5	0	355107
5	56074	56801.4	0	56074
6	19517	14200.3	0	19517
7	12431	3550.1	0	12431
8	11097	887.5	0	11097
9	12136	221.9	0	11206 930
10	11557	55.5	1	10274 1283
11	10914	13.9	1	10218 696
12	10284	3.5	1	10043 241
13	9993	0.9	1	9822 171
14	9947	0.2	1	9814 133
15	9008	0.1	1	8924 84
16	9137	0.0	1	9010 127
17	9257	0.0	1	9154 103
18	8263	0.0	1	8188 73 2
19	8333	0.0	1	8232 93 8
20	7979	0.0	2	7834 115 30
21	7882	0.0	2	7743 119 20
22	8023	0.0	2	7865 132 26
23	8118	0.0	2	7849 188 81
24	8664	0.0	2	8357 260 47
25	7489	0.0	2	7263 190 36
26	7397	0.0	2	7116 178 103
27	7393	0.0	2	7179 167 47
28	7297	0.0	2	7038 208 51
29	7064	0.0	2	6774 229 42 19
30	10031	0.0	3	9632 295 72 32
31	4880	0.0	3	4684 163 16 17
32	6036	0.0	3	5766 217 34 19
33	5562	0.0	3	5347 171 34 10
34	5981	0.0	3	5671 261 38 11
35	6218	0.0	3	5901 264 33 20
36	5947	0.0	3	5590 281 44 32
37	5895	0.0	3	5552 276 47 20
38	5786	0.0	3	5452 259 59 16
39	5775	0.0	3	5344 344 59 28
40	5707	0.0	3	5313 315 55 24
41	5851	0.0	3	5430 334 61 26
42	6597	0.0	3	5914 532 114 37
43	5042	0.0	3	4732 255 39 16
44	5390	0.0	3	4945 344 76 25
45	5932	0.0	3	5481 355 74 22
46	4380	0.0	3	4143 185 44 8
47	4337	0.0	3	4084 207 29 17
48	4403	0.0	3	4168 192 29 14
49	4145	0.0	3	3977 142 19 7
50	4375	0.0	3	4153 185 28 9
51	4656	0.0	3	4429 194 27 6
52	3738	0.0	3	3606 118 11 3
53	3621	0.0	3	3486 118 9 8
54	3735	0.0	3	3560 153 14 8
55	3656	0.0	3	3490 150 12 4
56	3710	0.0	3	3520 167 15 8
57	3826	0.0	3	3606 184 26 10
58	3998	0.0	3	3680 259 49 10
59	3836	0.0	3	3590 197 38 11
60	3647	0.0	3	3394 213 30 10
61	4018	0.0	3	3680 280 45 13
62	4502	0.0	3	4102 324 62 14
63	5966	0.0	3	5385 464 90 27
64	5420	0.0	3	4936 398 70 16
65	7583	0.0	3	7070 429 62 22
66	15573	0.0	3	14848 605 88 32
67	16868	0.0	3	16200 576 76 16
68	22006	0.0	3	21438 513 46 9
69	2710	0.0	3	2533 157 16 4
70	564	0.0	3	507 45 9 3
71	303	0.0	3	275 24 4
72	227	0.0	3	198 22 2 5
73	230	0.0	3	211 15 4
74	183	0.0	3	159 20 4
75	160	0.0	3	136 19 3 2
76	143	0.0	3	123 16 3 1
77	138	0.0	3	123 13 0 2
78	133	0.0	3	112 20 1
79	106	0.0	3	87 17 2
80	115	0.0	3	103 10 0 2
81	115	0.0	3	95 14 5 1
82	95	0.0	3	79 9 5 2
83	98	0.0	3	83 13 2
84	98	0.0	3	83 11 3 1
85	95	0.0	3	79 11 3 2
86	68	0.0	3	61 6 1
87	55	0.0	3	42 10 2 1
88	63	0.0	3	52 9 2
89	70	0.0	3	55 11 4
90	53	0.0	3	43 10
91	57	0.0	3	48 8 0 1
92	52	0.0	3	40 11 0 1
93	48	0.0	3	41 6 0 1
94	37	0.0	3	27 6 3 1
95	52	0.0	3	39 11 2
96	51	0.0	3	39 8 4
97	37	0.0	3	26 9 2
98	36	0.0	3	31 3 2
99	40	0.0	3	31 5 3 1
100	39	0.0	3	30 7 1 1
101	31	0.0	3	24 4 2 1
102	28	0.0	3	23 4 0 1
103	29	0.0	3	22 7
104	35	0.0	3	23 8 4
105	32	0.0	3	25 6 1
106	34	0.0	3	27 3 2 2
107	22	0.0	3	16 4 1 1
108	31	0.0	3	29 1 1
109	23	0.0	3	20 1 1 1
110	28	0.0	3	22 2 4
111	20	0.0	3	18 2
112	20	0.0	3	17 1 2
113	27	0.0	3	23 3 0 1
114	27	0.0	3	19 2 6
115	20	0.0	3	16 3 1
116	23	0.0	3	19 1 2 1
117	27	0.0	3	24 2 0 1
118	15	0.0	3	11 4
119	17	0.0	3	11 4 1 1
120	14	0.0	3	8 3 1 2
121	23	0.0	3	20 3
122	11	0.0	3	10 0 0 1
123	8	0.0	3	7 1
124	10	0.0	3	7 1 2
125	9	0.0	3	4 4 1
126	11	0.0	3	7 2 2
127	12	0.0	3	10 0 1 1
128	12	0.0	3	11 0 1
129	8	0.0	3	5 1 1 1
130	10	0.0	3	6 3 0 1
131	10	0.0	3	7 3
132	9	0.0	3	8 1
133	7	0.0	3	6 1
134	9	0.0	3	8 0 1
135	15	0.0	3	13 1 1
136	11	0.0	3	6 5
137	13	0.0	3	11 2
138	11	0.0	3	8 3
139	17	0.0	3	12 5
140	15	0.0	3	13 2
141	10	0.0	3	3 5 1 1
142	26	0.0	3	18 5 3
143	19	0.0	3	12 1 5 1
144	13	0.0	3	6 5 1 1
145	27	0.0	3	18 7 2
146	32	0.0	3	23 7 1 1
147	25	0.0	3	21 3 0 1
148	29	0.0	3	15 7 6 1
149	42	0.0	3	25 13 2 2
150	346	0.0	3	207 68 44 27
