This is cutadapt 3.5 with Python 3.9.9
Command line parameters: -q 20 --minimum-length 25 --cores 24 -a AGATCGGAAGAGCACACGTCTGAACTCCAGTCA -A AGATCGGAAGAGCGTCGTGTAGGGAAAGAGTGT -o ERR571457_trimmed_R1.fastq.gz -p ERR571457_trimmed_R2.fastq.gz ERR571457_R1.fastq.gz ERR571457_R2.fastq.gz
Processing reads on 24 cores in paired-end mode ...
Finished in 323.72 s (8 µs/read; 7.81 M reads/minute).

=== Summary ===

Total read pairs processed:         42,147,900
  Read 1 with adapter:               1,079,478 (2.6%)
  Read 2 with adapter:                 979,894 (2.3%)

== Read fate breakdown ==
Pairs that were too short:           1,597,688 (3.8%)
Pairs written (passing filters):    40,550,212 (96.2%)

Total basepairs processed: 12,644,370,000 bp
  Read 1: 6,322,185,000 bp
  Read 2: 6,322,185,000 bp
Quality-trimmed:           1,302,603,614 bp (10.3%)
  Read 1:    47,085,857 bp
  Read 2: 1,255,517,757 bp
Total written (filtered):  11,092,449,858 bp (87.7%)
  Read 1: 6,043,666,274 bp
  Read 2: 5,048,783,584 bp

=== First read: Adapter 1 ===

Sequence: AGATCGGAAGAGCACACGTCTGAACTCCAGTCA; Type: regular 3'; Length: 33; Trimmed: 1079478 times

Minimum overlap: 3
No. of allowed errors:
1-9 bp: 0; 10-19 bp: 1; 20-29 bp: 2; 30-33 bp: 3

Bases preceding removed adapters:
  A: 34.5%
  C: 23.1%
  G: 21.0%
  T: 21.3%
  none/other: 0.1%

Overview of removed sequences
length	count	expect	max.err	error counts
3	740882	658560.9	0	740882
4	178170	164640.2	0	178170
5	41602	41160.1	0	41602
6	12431	10290.0	0	12431
7	6512	2572.5	0	6512
8	5415	643.1	0	5415
9	5815	160.8	0	5123 692
10	5600	40.2	1	4584 1016
11	4724	10.0	1	4248 476
12	4271	2.5	1	4053 218
13	3879	0.6	1	3747 132
14	3729	0.2	1	3576 153
15	3537	0.0	1	3418 119
16	3397	0.0	1	3256 141
17	3232	0.0	1	3089 143
18	2986	0.0	1	2825 156 5
19	2759	0.0	1	2623 132 4
20	2575	0.0	2	2418 145 12
21	2487	0.0	2	2337 138 12
22	2420	0.0	2	2269 150 1
23	2214	0.0	2	2072 122 20
24	2099	0.0	2	1965 121 13
25	1963	0.0	2	1816 133 14
26	1870	0.0	2	1761 99 10
27	1738	0.0	2	1596 130 10 2
28	1630	0.0	2	1512 96 11 11
29	1608	0.0	2	1463 131 8 6
30	1468	0.0	3	1338 118 6 6
31	1392	0.0	3	1258 118 12 4
32	1282	0.0	3	1164 103 11 4
33	1184	0.0	3	1069 107 4 4
34	1158	0.0	3	1037 106 11 4
35	1143	0.0	3	1034 99 7 3
36	1110	0.0	3	993 104 7 6
37	971	0.0	3	870 90 9 2
38	897	0.0	3	807 80 7 3
39	876	0.0	3	794 73 7 2
40	871	0.0	3	779 83 8 1
41	727	0.0	3	653 64 8 2
42	741	0.0	3	660 67 11 3
43	797	0.0	3	721 68 6 2
44	700	0.0	3	637 53 8 2
45	511	0.0	3	468 38 3 2
46	521	0.0	3	457 57 6 1
47	505	0.0	3	454 47 2 2
48	543	0.0	3	486 54 2 1
49	505	0.0	3	462 38 5
50	471	0.0	3	423 43 3 2
51	446	0.0	3	398 42 5 1
52	403	0.0	3	357 39 4 3
53	424	0.0	3	378 41 5
54	389	0.0	3	343 41 5
55	371	0.0	3	336 30 3 2
56	340	0.0	3	308 30 2
57	295	0.0	3	270 22 2 1
58	312	0.0	3	284 25 3
59	276	0.0	3	251 20 2 3
60	320	0.0	3	292 23 4 1
61	263	0.0	3	237 22 4
62	267	0.0	3	246 18 1 2
63	251	0.0	3	233 18
64	261	0.0	3	232 24 5
65	290	0.0	3	255 33 2
66	294	0.0	3	267 24 3
67	217	0.0	3	191 23 2 1
68	226	0.0	3	200 23 1 2
69	247	0.0	3	219 24 4
70	263	0.0	3	224 36 2 1
71	337	0.0	3	283 47 4 3
72	307	0.0	3	243 54 8 2
73	365	0.0	3	275 73 10 7
74	485	0.0	3	371 87 24 3
75	1060	0.0	3	777 266 14 3
76	2445	0.0	3	2288 142 11 4
77	67	0.0	3	36 30 1
78	11	0.0	3	9 2
79	4	0.0	3	4
80	3	0.0	3	1 2
81	5	0.0	3	5
82	7	0.0	3	7
83	3	0.0	3	3
84	1	0.0	3	1
85	2	0.0	3	2
86	2	0.0	3	2
87	4	0.0	3	4
88	6	0.0	3	6
89	3	0.0	3	2 1
90	1	0.0	3	1
91	3	0.0	3	3
92	4	0.0	3	3 1
93	7	0.0	3	5 2
94	6	0.0	3	4 2
95	4	0.0	3	4
96	4	0.0	3	3 1
97	2	0.0	3	2
98	3	0.0	3	3
99	2	0.0	3	2
100	2	0.0	3	2
101	1	0.0	3	1
102	9	0.0	3	8 0 1
103	2	0.0	3	1 1
104	4	0.0	3	3 1
105	2	0.0	3	2
106	9	0.0	3	5 4
107	3	0.0	3	2 1
108	2	0.0	3	2
109	4	0.0	3	3 1
110	5	0.0	3	4 1
111	5	0.0	3	3 1 0 1
112	2	0.0	3	1 0 1
113	4	0.0	3	4
114	5	0.0	3	4 1
115	2	0.0	3	2
116	2	0.0	3	1 1
117	6	0.0	3	3 3
118	3	0.0	3	2 1
119	4	0.0	3	1 3
120	4	0.0	3	4
121	3	0.0	3	3
122	7	0.0	3	4 3
124	7	0.0	3	6 1
125	6	0.0	3	3 2 1
126	1	0.0	3	0 1
127	3	0.0	3	3
128	5	0.0	3	3 0 1 1
129	2	0.0	3	1 1
130	5	0.0	3	2 2 0 1
131	8	0.0	3	5 1 2
132	3	0.0	3	1 2
133	5	0.0	3	3 2
134	1	0.0	3	0 1
135	3	0.0	3	1 1 1
136	1	0.0	3	0 1
137	2	0.0	3	2
138	5	0.0	3	3 1 1
139	1	0.0	3	1
140	4	0.0	3	2 2
141	1	0.0	3	1
142	2	0.0	3	2
144	1	0.0	3	1
145	2	0.0	3	1 1
146	2	0.0	3	1 1
147	2	0.0	3	1 1
148	5	0.0	3	3 2
149	6	0.0	3	3 2 1
150	79	0.0	3	19 48 12


=== Second read: Adapter 2 ===

Sequence: AGATCGGAAGAGCGTCGTGTAGGGAAAGAGTGT; Type: regular 3'; Length: 33; Trimmed: 979894 times

Minimum overlap: 3
No. of allowed errors:
1-9 bp: 0; 10-19 bp: 1; 20-29 bp: 2; 30-33 bp: 3

Bases preceding removed adapters:
  A: 35.6%
  C: 22.9%
  G: 20.6%
  T: 20.9%
  none/other: 0.0%

Overview of removed sequences
length	count	expect	max.err	error counts
3	691952	658560.9	0	691952
4	166483	164640.2	0	166483
5	40613	41160.1	0	40613
6	10712	10290.0	0	10712
7	4534	2572.5	0	4534
8	3605	643.1	0	3605
9	4184	160.8	0	3400 784
10	3799	40.2	1	2921 878
11	3348	10.0	1	2743 605
12	2915	2.5	1	2702 213
13	2562	0.6	1	2432 130
14	2453	0.2	1	2354 99
15	2202	0.0	1	2147 55
16	2116	0.0	1	2057 59
17	2166	0.0	1	2100 66
18	1836	0.0	1	1780 56
19	1800	0.0	1	1747 53
20	1595	0.0	2	1549 34 12
21	1557	0.0	2	1509 48
22	1501	0.0	2	1412 85 4
23	1549	0.0	2	1410 105 34
24	1477	0.0	2	1386 73 18
25	1312	0.0	2	1163 89 60
26	1177	0.0	2	1112 50 15
27	1187	0.0	2	1119 49 19
28	1092	0.0	2	1018 65 8 1
29	1083	0.0	2	998 63 20 2
30	1241	0.0	3	1139 67 28 7
31	708	0.0	3	674 31 2 1
32	793	0.0	3	732 52 8 1
33	691	0.0	3	649 39 2 1
34	673	0.0	3	623 40 10
35	694	0.0	3	623 38 29 4
36	693	0.0	3	633 44 13 3
37	631	0.0	3	575 30 22 4
38	593	0.0	3	533 32 18 10
39	607	0.0	3	527 40 26 14
40	587	0.0	3	486 51 24 26
41	511	0.0	3	459 36 10 6
42	529	0.0	3	466 39 11 13
43	392	0.0	3	368 21 3
44	449	0.0	3	408 32 6 3
45	437	0.0	3	401 28 5 3
46	345	0.0	3	323 18 3 1
47	358	0.0	3	320 18 14 6
48	332	0.0	3	309 16 2 5
49	303	0.0	3	286 11 2 4
50	289	0.0	3	274 12 2 1
51	310	0.0	3	287 16 6 1
52	238	0.0	3	228 10
53	240	0.0	3	226 11 1 2
54	240	0.0	3	225 11 2 2
55	220	0.0	3	210 9 1
56	247	0.0	3	228 11 3 5
57	193	0.0	3	174 10 4 5
58	220	0.0	3	199 15 4 2
59	200	0.0	3	180 8 6 6
60	253	0.0	3	227 13 7 6
61	190	0.0	3	163 15 1 11
62	211	0.0	3	188 11 3 9
63	284	0.0	3	241 19 9 15
64	248	0.0	3	227 17 3 1
65	345	0.0	3	308 28 4 5
66	508	0.0	3	464 34 4 6
67	660	0.0	3	579 76 5
68	2238	0.0	3	2119 102 12 5
69	76	0.0	3	48 27 0 1
70	7	0.0	3	6 1
71	4	0.0	3	3 1
72	1	0.0	3	1
73	2	0.0	3	2
74	1	0.0	3	1
76	1	0.0	3	1
77	6	0.0	3	6
79	1	0.0	3	1
80	1	0.0	3	1
82	1	0.0	3	1
83	2	0.0	3	2
84	3	0.0	3	2 1
85	1	0.0	3	1
86	2	0.0	3	1 1
87	1	0.0	3	0 1
88	6	0.0	3	4 1 0 1
89	2	0.0	3	2
93	2	0.0	3	1 0 1
94	1	0.0	3	1
95	1	0.0	3	0 1
97	2	0.0	3	2
98	1	0.0	3	0 1
100	1	0.0	3	0 1
101	1	0.0	3	1
102	1	0.0	3	1
104	2	0.0	3	2
107	3	0.0	3	2 1
108	2	0.0	3	2
109	3	0.0	3	2 1
110	6	0.0	3	3 2 0 1
111	2	0.0	3	2
112	2	0.0	3	2
113	2	0.0	3	1 1
114	1	0.0	3	1
115	2	0.0	3	2
118	1	0.0	3	1
119	1	0.0	3	1
121	1	0.0	3	0 0 1
122	2	0.0	3	1 1
125	1	0.0	3	1
126	1	0.0	3	1
129	1	0.0	3	1
131	1	0.0	3	1
132	2	0.0	3	1 1
135	2	0.0	3	1 1
136	2	0.0	3	1 1
137	1	0.0	3	1
138	1	0.0	3	1
142	2	0.0	3	1 1
146	3	0.0	3	2 1
149	2	0.0	3	2
150	6	0.0	3	6
