This is cutadapt 3.5 with Python 3.9.9
Command line parameters: -q 20 --minimum-length 25 --cores 24 -a AGATCGGAAGAGCACACGTCTGAACTCCAGTCA -A AGATCGGAAGAGCGTCGTGTAGGGAAAGAGTGT -o ERR571458_trimmed_R1.fastq.gz -p ERR571458_trimmed_R2.fastq.gz ERR571458_R1.fastq.gz ERR571458_R2.fastq.gz
Processing reads on 24 cores in paired-end mode ...
Finished in 650.93 s (9 µs/read; 6.89 M reads/minute).

=== Summary ===

Total read pairs processed:         74,697,641
  Read 1 with adapter:               1,895,013 (2.5%)
  Read 2 with adapter:               1,838,037 (2.5%)

== Read fate breakdown ==
Pairs that were too short:           1,278,972 (1.7%)
Pairs written (passing filters):    73,418,669 (98.3%)

Total basepairs processed: 22,409,292,300 bp
  Read 1: 11,204,646,150 bp
  Read 2: 11,204,646,150 bp
Quality-trimmed:             538,482,277 bp (2.4%)
  Read 1:   116,827,143 bp
  Read 2:   421,655,134 bp
Total written (filtered):  21,669,809,161 bp (96.7%)
  Read 1: 10,905,459,023 bp
  Read 2: 10,764,350,138 bp

=== First read: Adapter 1 ===

Sequence: AGATCGGAAGAGCACACGTCTGAACTCCAGTCA; Type: regular 3'; Length: 33; Trimmed: 1895013 times

Minimum overlap: 3
No. of allowed errors:
1-9 bp: 0; 10-19 bp: 1; 20-29 bp: 2; 30-33 bp: 3

Bases preceding removed adapters:
  A: 34.6%
  C: 23.1%
  G: 20.9%
  T: 21.3%
  none/other: 0.1%

Overview of removed sequences
length	count	expect	max.err	error counts
3	1295912	1167150.6	0	1295912
4	313628	291787.7	0	313628
5	72936	72946.9	0	72936
6	22359	18236.7	0	22359
7	11334	4559.2	0	11334
8	9821	1139.8	0	9821
9	11193	284.9	0	9868 1325
10	9969	71.2	1	8199 1770
11	8844	17.8	1	7945 899
12	7651	4.5	1	7262 389
13	7128	1.1	1	6889 239
14	6633	0.3	1	6368 265
15	6406	0.1	1	6173 233
16	6017	0.0	1	5808 209
17	5967	0.0	1	5674 293
18	5519	0.0	1	5282 227 10
19	4708	0.0	1	4497 196 15
20	4727	0.0	2	4451 262 14
21	4434	0.0	2	4168 249 17
22	4343	0.0	2	4075 257 11
23	3952	0.0	2	3735 206 11
24	3754	0.0	2	3520 217 17
25	3551	0.0	2	3326 210 15
26	3494	0.0	2	3213 265 16
27	3185	0.0	2	2937 223 21 4
28	3030	0.0	2	2759 233 23 15
29	2937	0.0	2	2677 222 29 9
30	2691	0.0	3	2457 201 22 11
31	2450	0.0	3	2239 188 16 7
32	2235	0.0	3	2017 199 16 3
33	2208	0.0	3	1995 192 16 5
34	2156	0.0	3	1954 179 18 5
35	2174	0.0	3	1932 218 19 5
36	1996	0.0	3	1783 193 13 7
37	1729	0.0	3	1565 146 12 6
38	1672	0.0	3	1524 132 13 3
39	1716	0.0	3	1576 124 13 3
40	1594	0.0	3	1455 120 16 3
41	1389	0.0	3	1263 111 11 4
42	1440	0.0	3	1288 142 8 2
43	1438	0.0	3	1296 121 18 3
44	1218	0.0	3	1110 101 6 1
45	901	0.0	3	812 84 4 1
46	943	0.0	3	870 62 8 3
47	916	0.0	3	837 75 4
48	881	0.0	3	814 63 2 2
49	822	0.0	3	741 74 6 1
50	852	0.0	3	769 78 4 1
51	778	0.0	3	704 65 7 2
52	731	0.0	3	659 63 7 2
53	700	0.0	3	619 74 4 3
54	723	0.0	3	661 54 5 3
55	634	0.0	3	567 57 7 3
56	516	0.0	3	469 43 4
57	525	0.0	3	464 56 3 2
58	494	0.0	3	446 41 4 3
59	525	0.0	3	463 56 4 2
60	495	0.0	3	454 36 5
61	471	0.0	3	439 25 4 3
62	414	0.0	3	389 21 2 2
63	400	0.0	3	362 30 3 5
64	399	0.0	3	360 30 8 1
65	430	0.0	3	372 50 6 2
66	428	0.0	3	390 29 4 5
67	351	0.0	3	319 30 2
68	359	0.0	3	329 25 2 3
69	378	0.0	3	344 31 2 1
70	427	0.0	3	382 42 1 2
71	478	0.0	3	412 58 5 3
72	462	0.0	3	391 59 5 7
73	508	0.0	3	411 83 11 3
74	740	0.0	3	568 143 27 2
75	1409	0.0	3	1039 347 19 4
76	3257	0.0	3	3044 194 17 2
77	223	0.0	3	180 39 4
78	63	0.0	3	54 7 2
79	38	0.0	3	36 2
80	32	0.0	3	25 7
81	22	0.0	3	19 3
82	26	0.0	3	23 3
83	13	0.0	3	13
84	12	0.0	3	9 3
85	18	0.0	3	17 1
86	26	0.0	3	24 2
87	21	0.0	3	19 1 1
88	20	0.0	3	17 2 1
89	16	0.0	3	14 2
90	11	0.0	3	11
91	21	0.0	3	13 5 2 1
92	17	0.0	3	16 1
93	15	0.0	3	10 4 1
94	12	0.0	3	10 1 0 1
95	15	0.0	3	11 3 1
96	10	0.0	3	8 2
97	12	0.0	3	11 1
98	12	0.0	3	10 2
99	13	0.0	3	10 3
100	15	0.0	3	13 2
101	7	0.0	3	6 1
102	13	0.0	3	11 1 0 1
103	16	0.0	3	14 0 2
104	6	0.0	3	6
105	13	0.0	3	8 4 0 1
106	7	0.0	3	6 1
107	4	0.0	3	4
108	8	0.0	3	7 1
109	4	0.0	3	3 0 1
110	5	0.0	3	5
111	13	0.0	3	8 3 1 1
112	6	0.0	3	4 1 0 1
113	10	0.0	3	9 0 0 1
114	5	0.0	3	3 2
115	10	0.0	3	6 3 1
116	9	0.0	3	5 2 1 1
117	4	0.0	3	3 1
118	11	0.0	3	7 4
119	9	0.0	3	8 1
120	5	0.0	3	3 2
121	2	0.0	3	2
122	7	0.0	3	3 3 0 1
123	8	0.0	3	7 1
124	3	0.0	3	1 1 1
125	2	0.0	3	2
126	6	0.0	3	3 2 0 1
127	5	0.0	3	4 1
128	6	0.0	3	6
129	8	0.0	3	6 2
130	9	0.0	3	2 5 2
131	4	0.0	3	4
132	3	0.0	3	0 2 1
133	3	0.0	3	1 2
134	7	0.0	3	6 1
135	2	0.0	3	1 0 1
136	4	0.0	3	1 2 0 1
137	4	0.0	3	4
138	3	0.0	3	2 1
139	8	0.0	3	3 4 1
140	4	0.0	3	0 4
141	5	0.0	3	2 1 2
142	5	0.0	3	2 2 0 1
143	2	0.0	3	0 2
144	3	0.0	3	3
145	3	0.0	3	2 1
146	4	0.0	3	3 1
147	2	0.0	3	1 1
148	2	0.0	3	1 1
149	3	0.0	3	1 1 1
150	153	0.0	3	39 100 9 5


=== Second read: Adapter 2 ===

Sequence: AGATCGGAAGAGCGTCGTGTAGGGAAAGAGTGT; Type: regular 3'; Length: 33; Trimmed: 1838037 times

Minimum overlap: 3
No. of allowed errors:
1-9 bp: 0; 10-19 bp: 1; 20-29 bp: 2; 30-33 bp: 3

Bases preceding removed adapters:
  A: 34.8%
  C: 23.0%
  G: 20.9%
  T: 21.3%
  none/other: 0.0%

Overview of removed sequences
length	count	expect	max.err	error counts
3	1259299	1167150.6	0	1259299
4	303230	291787.7	0	303230
5	69978	72946.9	0	69978
6	22163	18236.7	0	22163
7	11353	4559.2	0	11353
8	9883	1139.8	0	9883
9	10965	284.9	0	9747 1218
10	10035	71.2	1	8381 1654
11	8675	17.8	1	7857 818
12	7900	4.5	1	7648 252
13	7072	1.1	1	6973 99
14	6786	0.3	1	6728 58
15	5975	0.1	1	5934 41
16	5745	0.0	1	5694 51
17	5779	0.0	1	5735 44
18	4905	0.0	1	4865 38 2
19	4573	0.0	1	4529 44
20	4424	0.0	2	4382 35 7
21	4210	0.0	2	4162 46 2
22	4333	0.0	2	4276 53 4
23	4267	0.0	2	4171 87 9
24	5103	0.0	2	4939 150 14
25	3793	0.0	2	3690 96 7
26	4631	0.0	2	4449 145 37
27	5285	0.0	2	5127 148 10
28	4713	0.0	2	4575 122 14 2
29	4435	0.0	2	4278 142 15
30	8965	0.0	3	8841 113 9 2
31	1196	0.0	3	1058 132 5 1
32	2869	0.0	3	2704 147 12 6
33	955	0.0	3	845 97 10 3
34	1251	0.0	3	1116 124 10 1
35	1753	0.0	3	1549 180 23 1
36	1552	0.0	3	1374 166 11 1
37	1002	0.0	3	888 101 11 2
38	687	0.0	3	597 84 5 1
39	926	0.0	3	837 78 8 3
40	754	0.0	3	687 63 3 1
41	979	0.0	3	874 98 6 1
42	3036	0.0	3	2754 265 16 1
43	416	0.0	3	357 53 5 1
44	948	0.0	3	854 84 7 3
45	1849	0.0	3	1667 172 6 4
46	387	0.0	3	343 43 1
47	324	0.0	3	298 23 3
48	702	0.0	3	661 39 1 1
49	146	0.0	3	130 14 2
50	266	0.0	3	250 13 3
51	419	0.0	3	402 16 1
52	48	0.0	3	43 4 1
53	37	0.0	3	34 3
54	65	0.0	3	61 4
55	111	0.0	3	107 4
56	98	0.0	3	91 7
57	131	0.0	3	128 2 1
58	286	0.0	3	275 11
59	171	0.0	3	158 12 1
60	186	0.0	3	181 5
61	180	0.0	3	166 13 1
62	282	0.0	3	251 30 1
63	804	0.0	3	754 47 3
64	605	0.0	3	560 41 4
65	569	0.0	3	535 34
66	586	0.0	3	551 32 3
67	764	0.0	3	701 57 6
68	1674	0.0	3	1602 71 1
69	246	0.0	3	225 19 1 1
70	37	0.0	3	31 6
71	15	0.0	3	13 2
72	10	0.0	3	10
73	13	0.0	3	12 1
74	9	0.0	3	7 2
75	5	0.0	3	4 1
76	2	0.0	3	2
77	5	0.0	3	4 0 1
78	4	0.0	3	1 3
79	5	0.0	3	4 0 1
80	6	0.0	3	4 2
81	2	0.0	3	2
82	2	0.0	3	2
83	4	0.0	3	4
85	4	0.0	3	3 0 0 1
86	3	0.0	3	2 0 1
87	7	0.0	3	6 1
88	1	0.0	3	1
89	1	0.0	3	0 1
90	3	0.0	3	3
91	1	0.0	3	1
92	1	0.0	3	0 1
93	5	0.0	3	3 1 0 1
94	5	0.0	3	1 3 0 1
95	2	0.0	3	2
96	3	0.0	3	2 0 0 1
97	7	0.0	3	5 2
98	5	0.0	3	2 2 1
100	4	0.0	3	2 0 1 1
101	4	0.0	3	3 1
102	4	0.0	3	4
103	3	0.0	3	2 1
104	2	0.0	3	1 1
106	4	0.0	3	2 2
107	1	0.0	3	0 0 1
108	4	0.0	3	2 2
109	2	0.0	3	1 0 0 1
110	3	0.0	3	2 1
111	2	0.0	3	0 2
112	3	0.0	3	3
113	6	0.0	3	3 1 2
114	4	0.0	3	2 2
115	2	0.0	3	1 1
116	3	0.0	3	2 0 1
117	2	0.0	3	1 1
118	1	0.0	3	0 0 1
120	3	0.0	3	1 2
121	5	0.0	3	4 1
124	4	0.0	3	2 1 0 1
125	4	0.0	3	3 0 0 1
126	3	0.0	3	2 0 1
127	2	0.0	3	2
128	2	0.0	3	2
129	2	0.0	3	2
130	4	0.0	3	2 1 1
131	2	0.0	3	1 0 1
132	1	0.0	3	1
133	1	0.0	3	1
134	3	0.0	3	1 1 1
136	2	0.0	3	2
137	2	0.0	3	2
138	1	0.0	3	1
139	3	0.0	3	2 1
140	4	0.0	3	1 2 1
142	3	0.0	3	1 1 1
144	3	0.0	3	2 0 1
145	2	0.0	3	2
146	5	0.0	3	4 1
147	1	0.0	3	1
148	2	0.0	3	1 0 1
149	6	0.0	3	3 1 1 1
150	11	0.0	3	6 3 0 2
