This is cutadapt 3.5 with Python 3.9.9
Command line parameters: -q 20 --minimum-length 25 --cores 24 -a AGATCGGAAGAGCACACGTCTGAACTCCAGTCA -A AGATCGGAAGAGCGTCGTGTAGGGAAAGAGTGT -o ERR571459_trimmed_R1.fastq.gz -p ERR571459_trimmed_R2.fastq.gz ERR571459_R1.fastq.gz ERR571459_R2.fastq.gz
Processing reads on 24 cores in paired-end mode ...
Finished in 1251.41 s (9 µs/read; 7.05 M reads/minute).

=== Summary ===

Total read pairs processed:        147,068,473
  Read 1 with adapter:              12,410,231 (8.4%)
  Read 2 with adapter:              11,962,442 (8.1%)

== Read fate breakdown ==
Pairs that were too short:           3,845,954 (2.6%)
Pairs written (passing filters):   143,222,519 (97.4%)

Total basepairs processed: 44,120,541,900 bp
  Read 1: 22,060,270,950 bp
  Read 2: 22,060,270,950 bp
Quality-trimmed:           2,019,989,146 bp (4.6%)
  Read 1:   568,866,359 bp
  Read 2: 1,451,122,787 bp
Total written (filtered):  41,125,715,856 bp (93.2%)
  Read 1: 20,792,206,349 bp
  Read 2: 20,333,509,507 bp

=== First read: Adapter 1 ===

Sequence: AGATCGGAAGAGCACACGTCTGAACTCCAGTCA; Type: regular 3'; Length: 33; Trimmed: 12410231 times

Minimum overlap: 3
No. of allowed errors:
1-9 bp: 0; 10-19 bp: 1; 20-29 bp: 2; 30-33 bp: 3

Bases preceding removed adapters:
  A: 27.1%
  C: 20.8%
  G: 22.6%
  T: 27.7%
  none/other: 1.8%

Overview of removed sequences
length	count	expect	max.err	error counts
3	2526286	2297944.9	0	2526286
4	794273	574486.2	0	794273
5	399269	143621.6	0	399269
6	307812	35905.4	0	307812
7	263293	8976.3	0	263293
8	272573	2244.1	0	272573
9	287160	561.0	0	284629 2531
10	247345	140.3	1	240242 7103
11	249482	35.1	1	243516 5966
12	235812	8.8	1	230353 5459
13	239419	2.2	1	233699 5720
14	232597	0.5	1	226461 6136
15	236205	0.1	1	229416 6789
16	226038	0.0	1	218977 7061
17	245180	0.0	1	235869 9311
18	218641	0.0	1	211790 6634 217
19	191885	0.0	1	185680 5976 229
20	200003	0.0	2	192431 6880 692
21	201682	0.0	2	192575 8242 865
22	195317	0.0	2	186462 8023 832
23	182469	0.0	2	173994 7504 971
24	183203	0.0	2	173857 8298 1048
25	179091	0.0	2	169765 8283 1043
26	169887	0.0	2	160630 8248 1009
27	171647	0.0	2	161315 9069 1218 45
28	183860	0.0	2	170526 11532 1621 181
29	170174	0.0	2	157764 10385 1674 351
30	164449	0.0	3	152972 9410 1410 657
31	140749	0.0	3	131587 7780 1107 275
32	143173	0.0	3	133114 8402 1358 299
33	137470	0.0	3	127652 8243 1252 323
34	140632	0.0	3	129728 9058 1406 440
35	129052	0.0	3	118787 8164 1625 476
36	139321	0.0	3	126741 9936 1986 658
37	141864	0.0	3	128787 10446 1942 689
38	141736	0.0	3	130079 9392 1635 630
39	100928	0.0	3	93086 6381 1025 436
40	107239	0.0	3	98595 6936 1301 407
41	127905	0.0	3	118638 7577 1265 425
42	110263	0.0	3	103140 5870 937 316
43	58771	0.0	3	54411 3658 563 139
44	65641	0.0	3	61424 3436 621 160
45	72447	0.0	3	67550 3961 756 180
46	74501	0.0	3	69575 4033 698 195
47	65130	0.0	3	60766 3516 623 225
48	66214	0.0	3	61673 3705 606 230
49	67254	0.0	3	62394 3911 695 254
50	60558	0.0	3	56433 3461 498 166
51	60836	0.0	3	56381 3706 564 185
52	61219	0.0	3	56616 3757 646 200
53	56857	0.0	3	52977 3136 546 198
54	43933	0.0	3	41041 2357 422 113
55	42690	0.0	3	39775 2371 428 116
56	43007	0.0	3	39911 2537 458 101
57	42874	0.0	3	39876 2469 417 112
58	39670	0.0	3	36613 2535 425 97
59	40325	0.0	3	37346 2455 421 103
60	35065	0.0	3	32377 2248 339 101
61	34630	0.0	3	31634 2527 382 87
62	34909	0.0	3	30769 3544 493 103
63	39496	0.0	3	34673 4137 545 141
64	36894	0.0	3	33341 2957 492 104
65	27107	0.0	3	23925 2740 348 94
66	26882	0.0	3	22808 3571 390 113
67	28742	0.0	3	22808 5258 556 120
68	34054	0.0	3	23507 9614 787 146
69	36310	0.0	3	26016 9279 883 132
70	36795	0.0	3	22520 13203 915 157
71	50526	0.0	3	23244 25389 1637 256
72	83508	0.0	3	26776 54241 2209 282
73	94879	0.0	3	40940 51538 2162 239
74	62133	0.0	3	53040 8151 844 98
75	8724	0.0	3	5946 2559 187 32
76	3060	0.0	3	1472 1464 112 12
77	2064	0.0	3	860 1108 79 17
78	1632	0.0	3	635 925 63 9
79	1342	0.0	3	511 775 48 8
80	1254	0.0	3	465 742 36 11
81	1104	0.0	3	424 634 37 9
82	1033	0.0	3	395 588 48 2
83	946	0.0	3	369 531 39 7
84	781	0.0	3	312 438 29 2
85	819	0.0	3	287 486 39 7
86	745	0.0	3	240 475 24 6
87	677	0.0	3	242 402 23 10
88	588	0.0	3	198 360 24 6
89	553	0.0	3	173 356 17 7
90	537	0.0	3	149 356 26 6
91	532	0.0	3	153 343 31 5
92	468	0.0	3	122 310 29 7
93	428	0.0	3	113 291 19 5
94	420	0.0	3	120 285 13 2
95	365	0.0	3	93 251 18 3
96	361	0.0	3	85 253 18 5
97	341	0.0	3	79 243 15 4
98	325	0.0	3	53 244 25 3
99	319	0.0	3	61 237 17 4
100	321	0.0	3	56 239 22 4
101	273	0.0	3	53 203 14 3
102	213	0.0	3	34 167 9 3
103	235	0.0	3	38 185 10 2
104	221	0.0	3	29 172 19 1
105	250	0.0	3	32 196 16 6
106	249	0.0	3	24 205 14 6
107	247	0.0	3	24 202 19 2
108	264	0.0	3	17 227 14 6
109	262	0.0	3	20 232 9 1
110	245	0.0	3	20 208 11 6
111	245	0.0	3	15 211 17 2
112	286	0.0	3	14 252 18 2
113	263	0.0	3	22 226 10 5
114	254	0.0	3	16 219 17 2
115	275	0.0	3	12 243 14 6
116	259	0.0	3	11 221 24 3
117	283	0.0	3	10 252 17 4
118	289	0.0	3	12 254 21 2
119	270	0.0	3	9 240 14 7
120	262	0.0	3	3 240 16 3
121	250	0.0	3	8 224 17 1
122	286	0.0	3	4 252 28 2
123	267	0.0	3	9 231 22 5
124	288	0.0	3	10 250 25 3
125	312	0.0	3	10 281 18 3
126	314	0.0	3	6 288 16 4
127	291	0.0	3	3 265 21 2
128	292	0.0	3	4 267 17 4
129	298	0.0	3	5 271 18 4
130	332	0.0	3	5 304 19 4
131	313	0.0	3	2 286 21 4
132	292	0.0	3	4 252 30 6
133	272	0.0	3	7 240 21 4
134	326	0.0	3	6 289 26 5
135	337	0.0	3	4 301 28 4
136	333	0.0	3	2 307 19 5
137	334	0.0	3	6 300 24 4
138	329	0.0	3	5 295 24 5
139	346	0.0	3	6 320 12 8
140	369	0.0	3	3 332 32 2
141	402	0.0	3	2 371 22 7
142	405	0.0	3	3 378 18 6
143	424	0.0	3	0 394 27 3
144	413	0.0	3	2 384 21 6
145	497	0.0	3	3 445 39 10
146	516	0.0	3	2 472 34 8
147	552	0.0	3	1 516 27 8
148	618	0.0	3	1 576 35 6
149	853	0.0	3	1 776 63 13
150	5245	0.0	3	7 4794 352 92


=== Second read: Adapter 2 ===

Sequence: AGATCGGAAGAGCGTCGTGTAGGGAAAGAGTGT; Type: regular 3'; Length: 33; Trimmed: 11962442 times

Minimum overlap: 3
No. of allowed errors:
1-9 bp: 0; 10-19 bp: 1; 20-29 bp: 2; 30-33 bp: 3

Bases preceding removed adapters:
  A: 27.1%
  C: 21.7%
  G: 24.2%
  T: 27.0%
  none/other: 0.0%

Overview of removed sequences
length	count	expect	max.err	error counts
3	2462810	2297944.9	0	2462810
4	779761	574486.2	0	779761
5	379357	143621.6	0	379357
6	301583	35905.4	0	301583
7	270086	8976.3	0	270086
8	287191	2244.1	0	287191
9	297742	561.0	0	294816 2926
10	258764	140.3	1	252738 6026
11	250978	35.1	1	245567 5411
12	262584	8.8	1	258197 4387
13	242142	2.2	1	238096 4046
14	247244	0.5	1	242776 4468
15	214146	0.1	1	210508 3638
16	218066	0.0	1	214308 3758
17	226495	0.0	1	222412 4083
18	189125	0.0	1	185536 3568 21
19	195429	0.0	1	191478 3901 50
20	184635	0.0	2	180366 3766 503
21	181191	0.0	2	176525 4233 433
22	182842	0.0	2	177723 4530 589
23	187003	0.0	2	179999 5927 1077
24	213539	0.0	2	203596 8813 1130
25	167412	0.0	2	160393 6252 767
26	188866	0.0	2	178454 8556 1856
27	174932	0.0	2	165945 7828 1159
28	181700	0.0	2	171538 8712 1397 53
29	157100	0.0	2	148825 7182 963 130
30	256707	0.0	3	242019 12357 1953 378
31	93030	0.0	3	87273 4728 742 287
32	122435	0.0	3	114803 6389 1001 242
33	107465	0.0	3	101025 5478 794 168
34	112781	0.0	3	105266 6378 880 257
35	117690	0.0	3	108322 7871 1141 356
36	114570	0.0	3	105146 7984 1098 342
37	112582	0.0	3	102894 8114 1241 333
38	107057	0.0	3	97710 7879 1102 366
39	107185	0.0	3	97608 8105 1167 305
40	102068	0.0	3	92511 8087 1127 343
41	105561	0.0	3	94619 9179 1395 368
42	125071	0.0	3	107747 14509 2308 507
43	81232	0.0	3	74902 5270 784 276
44	91363	0.0	3	82351 7516 1161 335
45	95447	0.0	3	85269 8480 1358 340
46	67021	0.0	3	62180 4067 607 167
47	63698	0.0	3	59306 3723 528 141
48	61906	0.0	3	58075 3260 417 154
49	58580	0.0	3	54869 3200 397 114
50	60566	0.0	3	56361 3612 466 127
51	64596	0.0	3	59844 4010 600 142
52	44128	0.0	3	41710 2071 267 80
53	43193	0.0	3	40965 1919 230 79
54	44574	0.0	3	41904 2308 264 98
55	44596	0.0	3	41656 2535 310 95
56	41420	0.0	3	38770 2318 235 97
57	41126	0.0	3	38317 2420 308 81
58	43417	0.0	3	39961 2950 384 122
59	38927	0.0	3	36061 2430 332 104
60	36138	0.0	3	33314 2392 353 79
61	36066	0.0	3	33002 2586 382 96
62	36882	0.0	3	33426 2852 474 130
63	41196	0.0	3	37100 3431 533 132
64	35662	0.0	3	32414 2712 418 118
65	41412	0.0	3	37656 3134 475 147
66	65923	0.0	3	60792 4234 693 204
67	75675	0.0	3	70474 4344 696 161
68	99351	0.0	3	93968 4522 689 172
69	12699	0.0	3	11364 1066 198 71
70	2233	0.0	3	1947 231 45 10
71	1020	0.0	3	873 116 24 7
72	645	0.0	3	557 70 13 5
73	515	0.0	3	448 48 16 3
74	413	0.0	3	344 52 15 2
75	357	0.0	3	297 47 9 4
76	297	0.0	3	247 36 10 4
77	280	0.0	3	241 32 5 2
78	311	0.0	3	264 37 9 1
79	249	0.0	3	209 35 2 3
80	256	0.0	3	209 37 7 3
81	217	0.0	3	186 25 4 2
82	188	0.0	3	162 21 3 2
83	160	0.0	3	129 24 5 2
84	161	0.0	3	132 25 3 1
85	148	0.0	3	113 23 10 2
86	117	0.0	3	83 26 7 1
87	105	0.0	3	79 19 6 1
88	85	0.0	3	68 11 6
89	68	0.0	3	53 8 7
90	81	0.0	3	62 13 5 1
91	67	0.0	3	57 7 3
92	60	0.0	3	42 14 2 2
93	52	0.0	3	40 6 6
94	42	0.0	3	30 8 4
95	40	0.0	3	34 5 1
96	31	0.0	3	24 5 2
97	45	0.0	3	39 4 2
98	33	0.0	3	27 5 1
99	37	0.0	3	29 7 1
100	37	0.0	3	22 11 2 2
101	22	0.0	3	16 5 1
102	26	0.0	3	14 9 1 2
103	21	0.0	3	15 5 0 1
104	20	0.0	3	16 2 2
105	14	0.0	3	10 2 2
106	15	0.0	3	13 2
107	13	0.0	3	9 2 2
108	10	0.0	3	8 1 0 1
109	8	0.0	3	3 3 2
110	17	0.0	3	12 3 0 2
111	13	0.0	3	9 2 2
112	13	0.0	3	10 1 1 1
113	6	0.0	3	3 2 1
114	10	0.0	3	6 1 1 2
115	8	0.0	3	3 4 0 1
116	8	0.0	3	5 2 1
117	9	0.0	3	8 1
118	11	0.0	3	8 3
119	5	0.0	3	2 3
120	5	0.0	3	2 3
121	8	0.0	3	4 1 1 2
122	10	0.0	3	7 1 1 1
123	3	0.0	3	2 1
124	8	0.0	3	5 3
125	12	0.0	3	5 4 1 2
126	5	0.0	3	2 2 1
127	3	0.0	3	3
128	8	0.0	3	8
129	5	0.0	3	3 0 1 1
130	4	0.0	3	3 0 0 1
131	4	0.0	3	4
132	2	0.0	3	1 0 0 1
133	3	0.0	3	2 0 0 1
134	4	0.0	3	2 0 0 2
135	4	0.0	3	1 1 0 2
136	1	0.0	3	1
137	2	0.0	3	1 1
138	6	0.0	3	2 2 1 1
139	3	0.0	3	2 0 1
140	4	0.0	3	3 1
142	4	0.0	3	3 1
143	3	0.0	3	2 1
144	4	0.0	3	2 1 1
145	1	0.0	3	1
146	2	0.0	3	2
147	1	0.0	3	0 1
150	5	0.0	3	2 1 1 1
