This is cutadapt 3.5 with Python 3.9.9
Command line parameters: -q 20 --minimum-length 25 --cores 24 -a AGATCGGAAGAGCACACGTCTGAACTCCAGTCA -A AGATCGGAAGAGCGTCGTGTAGGGAAAGAGTGT -o SRR11880677_trimmed_R1.fastq.gz -p SRR11880677_trimmed_R2.fastq.gz SRR11880677_R1.fastq.gz SRR11880677_R2.fastq.gz
Processing reads on 24 cores in paired-end mode ...
Finished in 2473.42 s (17 µs/read; 3.44 M reads/minute).

=== Summary ===

Total read pairs processed:        141,993,203
  Read 1 with adapter:              14,823,949 (10.4%)
  Read 2 with adapter:              14,575,450 (10.3%)

== Read fate breakdown ==
Pairs that were too short:             817,857 (0.6%)
Pairs written (passing filters):   141,175,346 (99.4%)

Total basepairs processed: 71,280,587,906 bp
  Read 1: 35,640,293,953 bp
  Read 2: 35,640,293,953 bp
Quality-trimmed:           1,050,990,408 bp (1.5%)
  Read 1:   326,343,434 bp
  Read 2:   724,646,974 bp
Total written (filtered):  69,158,116,196 bp (97.0%)
  Read 1: 34,685,471,263 bp
  Read 2: 34,472,644,933 bp

=== First read: Adapter 1 ===

Sequence: AGATCGGAAGAGCACACGTCTGAACTCCAGTCA; Type: regular 3'; Length: 33; Trimmed: 14823949 times

Minimum overlap: 3
No. of allowed errors:
1-9 bp: 0; 10-19 bp: 1; 20-29 bp: 2; 30-33 bp: 3

Bases preceding removed adapters:
  A: 20.9%
  C: 24.5%
  G: 13.7%
  T: 36.9%
  none/other: 3.9%

Overview of removed sequences
length	count	expect	max.err	error counts
3	2422497	2218643.8	0	2422497
4	659288	554660.9	0	659288
5	261735	138665.2	0	261735
6	192808	34666.3	0	192808
7	216928	8666.6	0	216928
8	145414	2166.6	0	145414
9	222458	541.7	0	219986 2472
10	210091	135.4	1	201335 8756
11	110929	33.9	1	105699 5230
12	201518	8.5	1	194907 6611
13	178581	2.1	1	173052 5529
14	146661	0.5	1	141292 5369
15	179241	0.1	1	173386 5855
16	108969	0.0	1	104548 4421
17	159533	0.0	1	153359 6174
18	164187	0.0	1	158076 6058 53
19	129380	0.0	1	123748 5550 82
20	154846	0.0	2	147984 6251 611
21	143747	0.0	2	136564 6359 824
22	143478	0.0	2	136407 6404 667
23	134196	0.0	2	126838 6510 848
24	163777	0.0	2	153981 8644 1152
25	187129	0.0	2	177581 8519 1029
26	68895	0.0	2	64407 3983 505
27	137312	0.0	2	128813 7342 1146 11
28	196071	0.0	2	184682 9899 1459 31
29	88309	0.0	2	81493 5661 950 205
30	140816	0.0	3	132569 6957 923 367
31	115196	0.0	3	107112 6918 869 297
32	192808	0.0	3	182087 9127 1181 413
33	52325	0.0	3	47544 3991 586 204
34	124104	0.0	3	115229 7101 1264 510
35	172840	0.0	3	160819 9821 1625 575
36	82284	0.0	3	75415 5531 981 357
37	156941	0.0	3	147125 8168 1180 468
38	73309	0.0	3	68070 4510 546 183
39	123434	0.0	3	114986 6938 1122 388
40	114880	0.0	3	105843 7413 1177 447
41	230623	0.0	3	215885 12187 1840 711
42	61185	0.0	3	56242 4170 575 198
43	88124	0.0	3	83378 4102 497 147
44	62254	0.0	3	57777 3909 446 122
45	131670	0.0	3	124234 6457 721 258
46	75306	0.0	3	70189 4462 475 180
47	136628	0.0	3	128460 6809 1056 303
48	69218	0.0	3	64177 4303 566 172
49	130358	0.0	3	122468 6633 932 325
50	70849	0.0	3	65926 4214 559 150
51	96736	0.0	3	90312 5380 788 256
52	132981	0.0	3	124658 6964 1022 337
53	123383	0.0	3	116293 6154 744 192
54	48508	0.0	3	44460 3490 428 130
55	106749	0.0	3	100636 5274 660 179
56	77828	0.0	3	72259 4765 625 179
57	114673	0.0	3	107894 5905 684 190
58	92614	0.0	3	87224 4742 495 153
59	88492	0.0	3	83201 4665 515 111
60	52673	0.0	3	49011 3259 326 77
61	106822	0.0	3	101027 5191 476 128
62	59795	0.0	3	55679 3614 394 108
63	84036	0.0	3	78988 4434 487 127
64	77376	0.0	3	72723 4143 415 95
65	61565	0.0	3	57639 3394 402 130
66	78839	0.0	3	73644 4464 564 167
67	78609	0.0	3	73100 4753 578 178
68	79416	0.0	3	73788 4876 586 166
69	80304	0.0	3	74019 5391 674 220
70	83652	0.0	3	76596 6195 673 188
71	91000	0.0	3	81788 8007 868 337
72	110977	0.0	3	92086 16776 1768 347
73	282524	0.0	3	148778 129490 3739 517
74	1056224	0.0	3	927999 121671 5561 993
75	571380	0.0	3	479857 87200 3696 627
76	303791	0.0	3	250479 50842 2105 365
77	175027	0.0	3	138987 34501 1341 198
78	107474	0.0	3	85708 20784 841 141
79	73973	0.0	3	57774 15454 645 100
80	52757	0.0	3	41723 10494 465 75
81	39064	0.0	3	30893 7744 344 83
82	30571	0.0	3	24356 5874 281 60
83	25446	0.0	3	20269 4887 235 55
84	22521	0.0	3	18393 3848 217 63
85	19589	0.0	3	15939 3386 207 57
86	17570	0.0	3	14496 2844 181 49
87	15985	0.0	3	13195 2595 154 41
88	14638	0.0	3	12320 2114 167 37
89	13717	0.0	3	11557 2010 116 34
90	12907	0.0	3	10859 1862 147 39
91	12068	0.0	3	10278 1649 97 44
92	11761	0.0	3	10043 1573 105 40
93	11235	0.0	3	9552 1554 100 29
94	11094	0.0	3	9478 1473 111 32
95	10699	0.0	3	9121 1434 112 32
96	10158	0.0	3	8656 1321 149 32
97	9770	0.0	3	8357 1265 119 29
98	9548	0.0	3	8235 1182 109 22
99	9084	0.0	3	7862 1122 81 19
100	8738	0.0	3	7580 1040 88 30
101	8721	0.0	3	7606 1021 73 21
102	8464	0.0	3	7386 971 84 23
103	8289	0.0	3	7250 944 70 25
104	8065	0.0	3	7085 875 79 26
105	7896	0.0	3	6919 892 71 14
106	7734	0.0	3	6760 878 68 28
107	7566	0.0	3	6574 898 71 23
108	7447	0.0	3	6492 878 60 17
109	7276	0.0	3	6331 858 68 19
110	7090	0.0	3	6180 831 48 31
111	6690	0.0	3	5760 844 60 26
112	6404	0.0	3	5581 756 53 14
113	6397	0.0	3	5544 767 67 19
114	6233	0.0	3	5414 729 68 22
115	6010	0.0	3	5233 693 58 26
116	5715	0.0	3	4938 704 56 17
117	5649	0.0	3	4912 667 55 15
118	5458	0.0	3	4693 678 62 25
119	5411	0.0	3	4659 680 57 15
120	5063	0.0	3	4424 575 46 18
121	5016	0.0	3	4308 637 54 17
122	4879	0.0	3	4250 559 58 12
123	4603	0.0	3	3946 593 42 22
124	4645	0.0	3	3986 578 56 25
125	4599	0.0	3	3967 561 59 12
126	4370	0.0	3	3729 574 46 21
127	4203	0.0	3	3564 561 58 20
128	4041	0.0	3	3422 560 43 16
129	3999	0.0	3	3427 512 44 16
130	3821	0.0	3	3267 508 35 11
131	3750	0.0	3	3138 536 60 16
132	3610	0.0	3	3078 472 51 9
133	3487	0.0	3	2951 482 42 12
134	3346	0.0	3	2801 496 39 10
135	3310	0.0	3	2742 498 52 18
136	3292	0.0	3	2702 532 47 11
137	3112	0.0	3	2592 447 60 13
138	3035	0.0	3	2486 454 81 14
139	2885	0.0	3	2400 433 42 10
140	2772	0.0	3	2307 413 41 11
141	2796	0.0	3	2312 432 42 10
142	2575	0.0	3	2197 342 29 7
143	2470	0.0	3	2058 383 24 5
144	2413	0.0	3	2016 362 31 4
145	2430	0.0	3	2041 352 31 6
146	2316	0.0	3	1912 364 34 6
147	2350	0.0	3	1938 381 21 10
148	2239	0.0	3	1864 336 32 7
149	2171	0.0	3	1747 398 20 6
150	1994	0.0	3	1637 322 27 8
151	1970	0.0	3	1600 335 33 2
152	1879	0.0	3	1530 322 22 5
153	1808	0.0	3	1442 335 23 8
154	1743	0.0	3	1404 306 28 5
155	1731	0.0	3	1378 330 15 8
156	1677	0.0	3	1319 337 18 3
157	1683	0.0	3	1327 336 16 4
158	1573	0.0	3	1238 311 20 4
159	1530	0.0	3	1176 332 17 5
160	1474	0.0	3	1154 296 18 6
161	1461	0.0	3	1084 340 29 8
162	1409	0.0	3	1101 288 18 2
163	1358	0.0	3	1034 304 16 4
164	1353	0.0	3	1028 309 13 3
165	1275	0.0	3	982 277 13 3
166	1263	0.0	3	940 302 18 3
167	1187	0.0	3	888 277 19 3
168	1143	0.0	3	810 312 18 3
169	1121	0.0	3	814 283 20 4
170	1063	0.0	3	744 304 11 4
171	1070	0.0	3	727 327 14 2
172	999	0.0	3	687 296 15 1
173	1021	0.0	3	681 322 15 3
174	988	0.0	3	646 327 13 2
175	918	0.0	3	609 292 14 3
176	873	0.0	3	570 290 12 1
177	916	0.0	3	614 283 15 4
178	885	0.0	3	545 319 17 4
179	840	0.0	3	545 285 9 1
180	815	0.0	3	509 289 13 4
181	781	0.0	3	487 275 16 3
182	796	0.0	3	500 282 12 2
183	745	0.0	3	448 283 12 2
184	766	0.0	3	467 273 21 5
185	779	0.0	3	468 294 15 2
186	715	0.0	3	426 274 12 3
187	617	0.0	3	362 240 12 3
188	649	0.0	3	384 250 12 3
189	568	0.0	3	325 233 8 2
190	592	0.0	3	355 223 13 1
191	565	0.0	3	311 238 13 3
192	551	0.0	3	335 197 19
193	548	0.0	3	327 210 9 2
194	498	0.0	3	284 210 3 1
195	508	0.0	3	307 190 10 1
196	473	0.0	3	272 192 6 3
197	477	0.0	3	298 169 8 2
198	454	0.0	3	264 170 18 2
199	435	0.0	3	246 184 5
200	403	0.0	3	221 169 10 3
201	361	0.0	3	209 146 4 2
202	366	0.0	3	186 170 9 1
203	352	0.0	3	182 166 4
204	360	0.0	3	213 137 9 1
205	315	0.0	3	171 136 8
206	322	0.0	3	177 139 5 1
207	305	0.0	3	157 140 6 2
208	306	0.0	3	153 142 10 1
209	290	0.0	3	136 138 13 3
210	313	0.0	3	137 167 8 1
211	272	0.0	3	136 129 5 2
212	254	0.0	3	115 128 10 1
213	242	0.0	3	133 99 10
214	214	0.0	3	90 120 3 1
215	210	0.0	3	91 112 5 2
216	225	0.0	3	102 115 8
217	218	0.0	3	87 126 5
218	202	0.0	3	81 118 3
219	185	0.0	3	60 117 6 2
220	186	0.0	3	74 108 2 2
221	151	0.0	3	41 104 5 1
222	148	0.0	3	54 88 6
223	175	0.0	3	52 116 7
224	165	0.0	3	34 122 8 1
225	160	0.0	3	45 106 8 1
226	143	0.0	3	38 99 5 1
227	147	0.0	3	35 103 8 1
228	159	0.0	3	34 117 7 1
229	138	0.0	3	23 111 4
230	153	0.0	3	31 114 8
231	154	0.0	3	31 119 4
232	155	0.0	3	43 108 3 1
233	143	0.0	3	24 112 7
234	150	0.0	3	24 118 8
235	142	0.0	3	16 121 4 1
236	165	0.0	3	17 137 10 1
237	162	0.0	3	21 132 8 1
238	167	0.0	3	18 141 8
239	212	0.0	3	25 174 10 3
240	230	0.0	3	9 207 13 1
241	226	0.0	3	14 202 10
242	248	0.0	3	9 230 7 2
243	292	0.0	3	13 263 16
244	370	0.0	3	20 334 14 2
245	484	0.0	3	12 447 24 1
246	651	0.0	3	8 613 27 3
247	885	0.0	3	19 829 31 6
248	1298	0.0	3	4 1236 54 4
249	1695	0.0	3	13 1605 71 6
250	5171	0.0	3	15 4841 297 18
251	115388	0.0	3	137 111731 3341 179


=== Second read: Adapter 2 ===

Sequence: AGATCGGAAGAGCGTCGTGTAGGGAAAGAGTGT; Type: regular 3'; Length: 33; Trimmed: 14575450 times

Minimum overlap: 3
No. of allowed errors:
1-9 bp: 0; 10-19 bp: 1; 20-29 bp: 2; 30-33 bp: 3

Bases preceding removed adapters:
  A: 23.8%
  C: 22.6%
  G: 18.3%
  T: 31.4%
  none/other: 3.9%

Overview of removed sequences
length	count	expect	max.err	error counts
3	2449616	2218643.8	0	2449616
4	556991	554660.9	0	556991
5	252423	138665.2	0	252423
6	184112	34666.3	0	184112
7	271247	8666.6	0	271247
8	112305	2166.6	0	112305
9	262188	541.7	0	259633 2555
10	209720	135.4	1	200469 9251
11	97673	33.9	1	91200 6473
12	260344	8.5	1	252326 8018
13	57236	2.1	1	53357 3879
14	295356	0.5	1	285925 9431
15	94097	0.1	1	87035 7062
16	111191	0.0	1	105694 5497
17	272507	0.0	1	260493 12014
18	43746	0.0	1	37043 6644 59
19	221246	0.0	1	208013 13141 92
20	116883	0.0	2	108438 6707 1738
21	59405	0.0	2	53173 5291 941
22	155709	0.0	2	139633 13383 2693
23	239723	0.0	2	210680 24306 4737
24	467962	0.0	2	416881 43307 7774
25	206973	0.0	2	182541 21015 3417
26	347887	0.0	2	314462 28405 5020
27	322412	0.0	2	289890 26986 5498 38
28	436705	0.0	2	400833 29408 6041 423
29	269697	0.0	2	244504 21988 2932 273
30	566355	0.0	3	523338 34258 7034 1725
31	175045	0.0	3	141699 27330 4835 1181
32	386697	0.0	3	329879 48327 6929 1562
33	294351	0.0	3	252006 35523 5518 1304
34	231437	0.0	3	193307 32557 4571 1002
35	358563	0.0	3	292075 56738 7568 2182
36	269023	0.0	3	219568 42181 5992 1282
37	156101	0.0	3	127611 23301 4049 1140
38	101923	0.0	3	80968 16547 3337 1071
39	86163	0.0	3	68560 13468 3055 1080
40	64974	0.0	3	50366 11072 2603 933
41	124256	0.0	3	95878 21549 5214 1615
42	210002	0.0	3	167520 33059 7253 2170
43	75928	0.0	3	58583 12944 3251 1150
44	164235	0.0	3	129696 26617 6050 1872
45	317590	0.0	3	266669 41076 7651 2194
46	124041	0.0	3	101570 17767 3567 1137
47	40936	0.0	3	30783 7606 1872 675
48	133975	0.0	3	111147 17908 3806 1114
49	57253	0.0	3	48671 6866 1269 447
50	32232	0.0	3	25803 5036 1012 381
51	122716	0.0	3	104490 14357 2914 955
52	55366	0.0	3	43746 8818 2126 676
53	34313	0.0	3	27696 4895 1284 438
54	25500	0.0	3	18788 4938 1289 485
55	29528	0.0	3	23052 4937 1150 389
56	26690	0.0	3	21020 4226 1059 385
57	26530	0.0	3	19943 4902 1239 446
58	30879	0.0	3	23791 5366 1265 457
59	23330	0.0	3	17430 4432 1074 394
60	36031	0.0	3	27228 6710 1595 498
61	49903	0.0	3	37597 9510 2119 677
62	54567	0.0	3	42086 9887 1954 640
63	57287	0.0	3	43926 10685 2048 628
64	59395	0.0	3	44376 12394 2008 617
65	76574	0.0	3	55590 17943 2310 731
66	111245	0.0	3	70986 36513 3026 720
67	250108	0.0	3	100910 143773 4550 875
68	287317	0.0	3	166023 115809 4709 776
69	151551	0.0	3	80508 67607 2903 533
70	80106	0.0	3	39862 37961 1881 402
71	46505	0.0	3	22799 22161 1248 297
72	30447	0.0	3	15467 13815 907 258
73	23303	0.0	3	11821 10463 798 221
74	18565	0.0	3	10376 7325 654 210
75	15187	0.0	3	8810 5610 581 186
76	13614	0.0	3	8225 4682 527 180
77	12822	0.0	3	7914 4250 503 155
78	11632	0.0	3	7576 3464 441 151
79	11167	0.0	3	7329 3233 448 157
80	10211	0.0	3	6907 2735 423 146
81	9865	0.0	3	6929 2428 361 147
82	9541	0.0	3	6638 2371 389 143
83	9174	0.0	3	6537 2159 348 130
84	8999	0.0	3	6554 2003 328 114
85	8595	0.0	3	6313 1851 308 123
86	8343	0.0	3	6139 1790 288 126
87	8173	0.0	3	6068 1672 308 125
88	7825	0.0	3	5915 1449 316 145
89	7527	0.0	3	5755 1403 252 117
90	7292	0.0	3	5608 1333 239 112
91	7233	0.0	3	5530 1344 265 94
92	7066	0.0	3	5548 1209 219 90
93	6975	0.0	3	5506 1165 217 87
94	6794	0.0	3	5377 1123 212 82
95	6657	0.0	3	5261 1131 183 82
96	6395	0.0	3	5061 1055 194 85
97	6429	0.0	3	5106 1058 182 83
98	6145	0.0	3	4965 941 162 77
99	6109	0.0	3	4919 929 186 75
100	5993	0.0	3	4863 869 175 86
101	5744	0.0	3	4675 852 140 77
102	5622	0.0	3	4612 817 131 62
103	5593	0.0	3	4548 828 145 72
104	5439	0.0	3	4501 735 139 64
105	5357	0.0	3	4413 752 126 66
106	5440	0.0	3	4492 742 136 70
107	5071	0.0	3	4177 691 140 63
108	5006	0.0	3	4143 676 129 58
109	4853	0.0	3	4049 632 125 47
110	4814	0.0	3	3960 680 117 57
111	4596	0.0	3	3839 598 95 64
112	4474	0.0	3	3708 599 106 61
113	4433	0.0	3	3698 602 90 43
114	4202	0.0	3	3509 541 103 49
115	4164	0.0	3	3463 543 105 53
116	3995	0.0	3	3373 482 95 45
117	3948	0.0	3	3318 494 77 59
118	3701	0.0	3	3169 425 77 30
119	3732	0.0	3	3149 450 75 58
120	3552	0.0	3	3023 416 75 38
121	3464	0.0	3	2965 386 67 46
122	3390	0.0	3	2893 376 72 49
123	3226	0.0	3	2759 356 69 42
124	3176	0.0	3	2723 338 76 39
125	3132	0.0	3	2667 371 53 41
126	3027	0.0	3	2584 339 61 43
127	2976	0.0	3	2551 318 68 39
128	2841	0.0	3	2437 294 64 46
129	2830	0.0	3	2422 312 57 39
130	2686	0.0	3	2311 291 51 33
131	2577	0.0	3	2240 257 47 33
132	2496	0.0	3	2170 256 42 28
133	2409	0.0	3	2071 239 62 37
134	2386	0.0	3	2055 242 51 38
135	2335	0.0	3	2001 246 45 43
136	2242	0.0	3	1947 217 52 26
137	2154	0.0	3	1840 227 47 40
138	2135	0.0	3	1840 228 37 30
139	2060	0.0	3	1773 212 41 34
140	1974	0.0	3	1727 189 33 25
141	1903	0.0	3	1632 203 42 26
142	1910	0.0	3	1663 179 40 28
143	1762	0.0	3	1539 162 28 33
144	1780	0.0	3	1520 186 47 27
145	1715	0.0	3	1479 174 33 29
146	1599	0.0	3	1365 166 32 36
147	1674	0.0	3	1457 157 34 26
148	1529	0.0	3	1308 153 37 31
149	1552	0.0	3	1330 165 29 28
150	1519	0.0	3	1280 168 36 35
151	1374	0.0	3	1155 150 39 30
152	1274	0.0	3	1083 140 26 25
153	1331	0.0	3	1161 131 18 21
154	1243	0.0	3	1046 144 31 22
155	1226	0.0	3	1051 122 29 24
156	1108	0.0	3	945 116 27 20
157	1129	0.0	3	946 138 27 18
158	1085	0.0	3	914 135 23 13
159	1034	0.0	3	885 127 8 14
160	977	0.0	3	827 104 27 19
161	918	0.0	3	767 112 19 20
162	916	0.0	3	776 101 23 16
163	892	0.0	3	740 112 21 19
164	882	0.0	3	756 89 30 7
165	853	0.0	3	718 91 27 17
166	801	0.0	3	670 84 30 17
167	799	0.0	3	672 88 22 17
168	713	0.0	3	597 84 17 15
169	699	0.0	3	592 79 14 14
170	707	0.0	3	584 86 22 15
171	633	0.0	3	530 74 21 8
172	609	0.0	3	513 66 16 14
173	648	0.0	3	551 61 25 11
174	638	0.0	3	525 72 25 16
175	550	0.0	3	474 48 15 13
176	575	0.0	3	483 65 15 12
177	536	0.0	3	457 59 13 7
178	533	0.0	3	450 49 15 19
179	496	0.0	3	410 57 18 11
180	460	0.0	3	373 55 23 9
181	469	0.0	3	398 49 14 8
182	430	0.0	3	366 40 17 7
183	415	0.0	3	349 48 13 5
184	415	0.0	3	355 42 12 6
185	390	0.0	3	339 39 3 9
186	371	0.0	3	313 42 12 4
187	318	0.0	3	255 42 14 7
188	298	0.0	3	251 34 5 8
189	298	0.0	3	256 30 9 3
190	322	0.0	3	263 41 8 10
191	286	0.0	3	250 27 4 5
192	326	0.0	3	280 35 7 4
193	284	0.0	3	253 25 4 2
194	293	0.0	3	254 25 9 5
195	254	0.0	3	214 26 9 5
196	226	0.0	3	193 23 7 3
197	226	0.0	3	188 29 8 1
198	215	0.0	3	185 22 4 4
199	187	0.0	3	157 21 5 4
200	206	0.0	3	166 28 7 5
201	186	0.0	3	165 16 4 1
202	179	0.0	3	157 16 4 2
203	161	0.0	3	139 14 6 2
204	160	0.0	3	137 17 1 5
205	170	0.0	3	147 16 4 3
206	143	0.0	3	122 12 6 3
207	143	0.0	3	124 13 3 3
208	124	0.0	3	113 3 4 4
209	130	0.0	3	116 8 5 1
210	123	0.0	3	102 14 4 3
211	117	0.0	3	104 8 2 3
212	106	0.0	3	102 3 0 1
213	95	0.0	3	79 11 2 3
214	93	0.0	3	82 8 2 1
215	85	0.0	3	75 7 3
216	83	0.0	3	72 8 2 1
217	80	0.0	3	67 10 2 1
218	54	0.0	3	47 4 1 2
219	72	0.0	3	65 4 2 1
220	56	0.0	3	44 9 2 1
221	52	0.0	3	44 8
222	63	0.0	3	47 13 3
223	47	0.0	3	36 6 5
224	48	0.0	3	40 2 4 2
225	30	0.0	3	22 6 2
226	40	0.0	3	33 4 2 1
227	39	0.0	3	32 7
228	35	0.0	3	28 4 2 1
229	34	0.0	3	26 7 1
230	29	0.0	3	26 3
231	26	0.0	3	18 5 2 1
232	35	0.0	3	23 7 3 2
233	31	0.0	3	18 7 5 1
234	23	0.0	3	12 10 1
235	29	0.0	3	21 4 2 2
236	24	0.0	3	12 9 2 1
237	25	0.0	3	15 9 1
238	24	0.0	3	10 7 7
239	39	0.0	3	21 11 5 2
240	36	0.0	3	8 22 3 3
241	41	0.0	3	12 22 6 1
242	47	0.0	3	10 32 3 2
243	37	0.0	3	8 27 1 1
244	68	0.0	3	14 45 6 3
245	106	0.0	3	5 84 13 4
246	142	0.0	3	4 123 11 4
247	268	0.0	3	10 229 21 8
248	418	0.0	3	5 391 17 5
249	619	0.0	3	8 565 34 12
250	2119	0.0	3	13 1904 173 29
251	92500	0.0	3	106 88473 3419 502
