This is cutadapt 3.5 with Python 3.9.9
Command line parameters: -q 20 --minimum-length 25 --cores 24 -a AGATCGGAAGAGCACACGTCTGAACTCCAGTCA -A AGATCGGAAGAGCGTCGTGTAGGGAAAGAGTGT -o SRR8068582_trimmed_R1.fastq.gz -p SRR8068582_trimmed_R2.fastq.gz SRR8068582_R1.fastq.gz SRR8068582_R2.fastq.gz
Processing reads on 24 cores in paired-end mode ...
Finished in 2236.05 s (13 µs/read; 4.79 M reads/minute).

=== Summary ===

Total read pairs processed:        178,493,009
  Read 1 with adapter:               7,510,269 (4.2%)
  Read 2 with adapter:               8,047,945 (4.5%)

== Read fate breakdown ==
Pairs that were too short:           1,325,009 (0.7%)
Pairs written (passing filters):   177,168,000 (99.3%)

Total basepairs processed: 53,904,888,718 bp
  Read 1: 26,952,444,359 bp
  Read 2: 26,952,444,359 bp
Quality-trimmed:           1,911,749,585 bp (3.5%)
  Read 1:   360,878,958 bp
  Read 2: 1,550,870,627 bp
Total written (filtered):  51,352,078,228 bp (95.3%)
  Read 1: 26,213,104,099 bp
  Read 2: 25,138,974,129 bp

=== First read: Adapter 1 ===

Sequence: AGATCGGAAGAGCACACGTCTGAACTCCAGTCA; Type: regular 3'; Length: 33; Trimmed: 7510269 times

Minimum overlap: 3
No. of allowed errors:
1-9 bp: 0; 10-19 bp: 1; 20-29 bp: 2; 30-33 bp: 3

Bases preceding removed adapters:
  A: 27.8%
  C: 22.1%
  G: 24.0%
  T: 26.1%
  none/other: 0.0%

Overview of removed sequences
length	count	expect	max.err	error counts
3	2822912	2788953.3	0	2822912
4	678027	697238.3	0	678027
5	182217	174309.6	0	182217
6	73860	43577.4	0	73860
7	69827	10894.3	0	69827
8	48040	2723.6	0	48040
9	48936	680.9	0	43400 5536
10	72434	170.2	1	46358 26076
11	47906	42.6	1	30140 17766
12	55235	10.6	1	34849 20386
13	51090	2.7	1	33236 17854
14	38192	0.7	1	26148 12044
15	36248	0.2	1	27899 8349
16	28369	0.0	1	22616 5753
17	33464	0.0	1	26176 7288
18	42605	0.0	1	33238 9330 37
19	21863	0.0	1	17361 4195 307
20	34382	0.0	2	24722 5737 3923
21	26034	0.0	2	19073 4049 2912
22	34471	0.0	2	23514 6509 4448
23	28606	0.0	2	20362 4885 3359
24	29586	0.0	2	21061 5152 3373
25	34669	0.0	2	24511 6077 4081
26	22903	0.0	2	16546 3795 2562
27	27587	0.0	2	19636 4877 3064 10
28	33944	0.0	2	23380 6290 4248 26
29	24737	0.0	2	17470 4154 3004 109
30	37490	0.0	3	24152 6228 4014 3096
31	24318	0.0	3	16364 3647 2382 1925
32	33059	0.0	3	22418 5167 3086 2388
33	23743	0.0	3	16031 3569 2258 1885
34	38473	0.0	3	23126 7068 4768 3511
35	35274	0.0	3	21458 6279 4298 3239
36	30389	0.0	3	19205 5089 3420 2675
37	36277	0.0	3	22602 6364 4136 3175
38	34906	0.0	3	21873 6048 3825 3160
39	32924	0.0	3	20996 5448 3563 2917
40	38841	0.0	3	26314 6061 3653 2813
41	36855	0.0	3	23925 6087 3842 3001
42	36043	0.0	3	22824 6337 3880 3002
43	40435	0.0	3	25850 7058 4243 3284
44	22576	0.0	3	14992 3660 2161 1763
45	54449	0.0	3	40442 7225 3945 2837
46	12449	0.0	3	6630 2666 1692 1461
47	30511	0.0	3	22470 4070 2260 1711
48	48144	0.0	3	35923 6461 3357 2403
49	35925	0.0	3	26235 5023 2645 2022
50	31994	0.0	3	22630 4675 2647 2042
51	23787	0.0	3	17338 3229 1817 1403
52	27819	0.0	3	19021 4191 2541 2066
53	29634	0.0	3	20154 4698 2748 2034
54	31930	0.0	3	21372 5274 3041 2243
55	45942	0.0	3	31181 7483 4250 3028
56	20008	0.0	3	13410 3284 1876 1438
57	35996	0.0	3	24081 6039 3339 2537
58	26250	0.0	3	18326 4069 2201 1654
59	21286	0.0	3	15340 3027 1620 1299
60	29549	0.0	3	21279 4224 2329 1717
61	21935	0.0	3	15750 3139 1729 1317
62	25533	0.0	3	17803 3916 2138 1676
63	49570	0.0	3	33818 8324 4352 3076
64	31946	0.0	3	22508 5034 2616 1788
65	21760	0.0	3	15558 3295 1657 1250
66	45257	0.0	3	32268 6967 3571 2451
67	35762	0.0	3	25499 5601 2728 1934
68	41270	0.0	3	30374 6095 2881 1920
69	55897	0.0	3	42553 7547 3388 2409
70	65656	0.0	3	52259 7894 3422 2081
71	95354	0.0	3	75610 14346 3355 2043
72	519962	0.0	3	493523 19286 4463 2690
73	162670	0.0	3	149223 9453 2373 1621
74	56575	0.0	3	49105 4447 1718 1305
75	30086	0.0	3	24169 3146 1466 1305
76	21227	0.0	3	15858 2711 1484 1174
77	19148	0.0	3	14118 2448 1429 1153
78	16515	0.0	3	11680 2383 1330 1122
79	15736	0.0	3	11017 2299 1295 1125
80	16001	0.0	3	11280 2219 1425 1077
81	16697	0.0	3	11927 2251 1351 1168
82	20561	0.0	3	15385 2645 1420 1111
83	25318	0.0	3	19726 2917 1508 1167
84	27302	0.0	3	21333 3176 1603 1190
85	23044	0.0	3	17843 2692 1380 1129
86	18331	0.0	3	13738 2303 1252 1038
87	16976	0.0	3	12450 2234 1191 1101
88	16418	0.0	3	12002 2164 1218 1034
89	16016	0.0	3	11888 2000 1212 916
90	16312	0.0	3	12057 2068 1207 980
91	22319	0.0	3	17660 2477 1246 936
92	24288	0.0	3	19426 2556 1295 1011
93	14636	0.0	3	11056 1772 1033 775
94	14715	0.0	3	11129 1814 968 804
95	12302	0.0	3	9015 1585 935 767
96	10470	0.0	3	7447 1456 848 719
97	10067	0.0	3	7198 1401 805 663
98	9510	0.0	3	6615 1412 772 711
99	9128	0.0	3	6405 1298 775 650
100	8119	0.0	3	5441 1273 748 657
101	7564	0.0	3	5153 1097 714 600
102	6951	0.0	3	4628 1121 658 544
103	6584	0.0	3	4440 983 635 526
104	6656	0.0	3	4577 948 608 523
105	6464	0.0	3	4399 954 615 496
106	6132	0.0	3	4153 949 572 458
107	5655	0.0	3	3834 856 511 454
108	5155	0.0	3	3464 799 493 399
109	4779	0.0	3	3239 736 440 364
110	4679	0.0	3	3189 716 402 372
111	4528	0.0	3	3132 681 368 347
112	4411	0.0	3	2990 694 399 328
113	4170	0.0	3	2892 619 347 312
114	3780	0.0	3	2678 553 303 246
115	3112	0.0	3	2144 480 287 201
116	2902	0.0	3	2028 429 235 210
117	2699	0.0	3	1917 391 214 177
118	2749	0.0	3	1936 421 209 183
119	2486	0.0	3	1802 331 208 145
120	2588	0.0	3	1854 354 204 176
121	2259	0.0	3	1618 320 204 117
122	2043	0.0	3	1475 287 149 132
123	2025	0.0	3	1502 281 136 106
124	2142	0.0	3	1653 247 153 89
125	2899	0.0	3	2302 323 163 111
126	6360	0.0	3	5413 590 227 130
127	10513	0.0	3	9110 903 293 207
128	5732	0.0	3	4987 502 146 97
129	2061	0.0	3	1797 172 57 35
130	1437	0.0	3	1211 143 55 28
131	1445	0.0	3	1232 156 34 23
132	1906	0.0	3	1629 198 47 32
133	2369	0.0	3	2018 265 57 29
134	5866	0.0	3	5051 591 153 71
135	27234	0.0	3	23788 2636 523 287
136	750	0.0	3	642 81 20 7
137	372	0.0	3	321 43 6 2
138	360	0.0	3	334 21 4 1
139	506	0.0	3	453 42 10 1
140	454	0.0	3	416 31 6 1
141	282	0.0	3	253 26 2 1
142	476	0.0	3	432 42 1 1
143	251	0.0	3	230 17 3 1
144	164	0.0	3	145 17 2
145	117	0.0	3	99 14 3 1
146	85	0.0	3	72 7 1 5
147	51	0.0	3	37 12 2
148	26	0.0	3	18 6 1 1
149	25	0.0	3	16 7 2
150	39	0.0	3	15 17 5 2
151	167	0.0	3	25 113 22 7


=== Second read: Adapter 2 ===

Sequence: AGATCGGAAGAGCGTCGTGTAGGGAAAGAGTGT; Type: regular 3'; Length: 33; Trimmed: 8047945 times

Minimum overlap: 3
No. of allowed errors:
1-9 bp: 0; 10-19 bp: 1; 20-29 bp: 2; 30-33 bp: 3

Bases preceding removed adapters:
  A: 29.1%
  C: 24.1%
  G: 24.4%
  T: 22.5%
  none/other: 0.0%

Overview of removed sequences
length	count	expect	max.err	error counts
3	2544566	2788953.3	0	2544566
4	523513	697238.3	0	523513
5	187285	174309.6	0	187285
6	86775	43577.4	0	86775
7	97116	10894.3	0	97116
8	47715	2723.6	0	47715
9	52557	680.9	0	47075 5482
10	84409	170.2	1	60563 23846
11	46936	42.6	1	29026 17910
12	80902	10.6	1	55822 25080
13	50122	2.7	1	32591 17531
14	125679	0.7	1	96002 29677
15	27027	0.2	1	18061 8966
16	41198	0.0	1	31637 9561
17	64414	0.0	1	50209 14205
18	12267	0.0	1	7602 4525 140
19	57543	0.0	1	45080 12196 267
20	30015	0.0	2	18525 6541 4949
21	22462	0.0	2	12931 5933 3598
22	52886	0.0	2	35112 11193 6581
23	60259	0.0	2	35843 15032 9384
24	115629	0.0	2	67607 30346 17676
25	34830	0.0	2	15973 11990 6867
26	35867	0.0	2	19352 9483 7032
27	28217	0.0	2	15173 7067 5882 95
28	50679	0.0	2	29291 11905 8369 1114
29	17464	0.0	2	7666 5223 4102 473
30	84420	0.0	3	43014 19451 12664 9291
31	12333	0.0	3	2631 3870 3032 2800
32	59575	0.0	3	28903 13497 9732 7443
33	31772	0.0	3	13723 7920 5622 4507
34	23951	0.0	3	11283 5625 3988 3055
35	56702	0.0	3	26507 13552 9460 7183
36	45795	0.0	3	21245 11356 7770 5424
37	28289	0.0	3	13220 6787 4847 3435
38	48520	0.0	3	26159 10733 6904 4724
39	22028	0.0	3	10000 5341 3747 2940
40	35438	0.0	3	18665 7814 5116 3843
41	50566	0.0	3	24217 12499 8133 5717
42	95218	0.0	3	47147 23501 14877 9693
43	13304	0.0	3	4626 3887 2711 2080
44	53737	0.0	3	25804 13471 8479 5983
45	111495	0.0	3	56714 26617 16774 11390
46	32071	0.0	3	15276 8032 5099 3664
47	24585	0.0	3	12941 5902 3425 2317
48	119844	0.0	3	67783 27618 15011 9432
49	45587	0.0	3	23709 11129 6567 4182
50	31827	0.0	3	16550 7760 4503 3014
51	148968	0.0	3	87301 33083 18056 10528
52	21131	0.0	3	9778 5648 3410 2295
53	33138	0.0	3	19369 7010 4018 2741
54	13741	0.0	3	7498 2947 1850 1446
55	44901	0.0	3	27743 8926 4967 3265
56	36482	0.0	3	21308 8100 4215 2859
57	38936	0.0	3	24022 7927 4263 2724
58	36112	0.0	3	22583 7168 3799 2562
59	33953	0.0	3	21252 6662 3563 2476
60	45987	0.0	3	29880 8668 4478 2961
61	49707	0.0	3	32521 9248 4717 3221
62	62950	0.0	3	42325 11370 5697 3558
63	140095	0.0	3	99384 26995 8682 5034
64	777016	0.0	3	703211 51077 15388 7340
65	200444	0.0	3	172351 18892 5831 3370
66	57241	0.0	3	45194 6894 2974 2179
67	27567	0.0	3	19223 4144 2320 1880
68	19650	0.0	3	12397 3226 2189 1838
69	18040	0.0	3	11140 2956 2141 1803
70	14825	0.0	3	8912 2538 1806 1569
71	14772	0.0	3	8701 2599 1800 1672
72	16682	0.0	3	10839 2534 1785 1524
73	18292	0.0	3	12110 2634 1814 1734
74	19175	0.0	3	12920 2830 1798 1627
75	18657	0.0	3	12540 2713 1741 1663
76	18171	0.0	3	12012 2590 1935 1634
77	15997	0.0	3	10452 2367 1697 1481
78	14546	0.0	3	9040 2308 1684 1514
79	13697	0.0	3	8082 2305 1710 1600
80	13336	0.0	3	7524 2383 1775 1654
81	13941	0.0	3	7766 2526 1880 1769
82	16872	0.0	3	9745 3006 2077 2044
83	20847	0.0	3	13319 3312 2158 2058
84	21966	0.0	3	15130 3069 1929 1838
85	17969	0.0	3	11642 2727 1871 1729
86	15299	0.0	3	9353 2507 1764 1675
87	13844	0.0	3	8433 2295 1602 1514
88	12721	0.0	3	7729 2150 1443 1399
89	12143	0.0	3	7066 2058 1535 1484
90	12208	0.0	3	7289 2037 1388 1494
91	15283	0.0	3	9830 2313 1606 1534
92	16859	0.0	3	11135 2489 1654 1581
93	11259	0.0	3	6907 1775 1350 1227
94	10554	0.0	3	6475 1691 1206 1182
95	9190	0.0	3	5295 1593 1184 1118
96	8538	0.0	3	4735 1546 1147 1110
97	8505	0.0	3	4698 1510 1141 1156
98	8310	0.0	3	4536 1500 1141 1133
99	8298	0.0	3	4613 1488 1145 1052
100	7608	0.0	3	4146 1389 1036 1037
101	7326	0.0	3	3871 1350 1128 977
102	7271	0.0	3	3839 1302 1065 1065
103	7185	0.0	3	3866 1342 1038 939
104	7016	0.0	3	3895 1252 955 914
105	7068	0.0	3	4077 1168 913 910
106	6575	0.0	3	3685 1156 856 878
107	6425	0.0	3	3575 1091 912 847
108	5508	0.0	3	3024 998 769 717
109	5208	0.0	3	2729 993 760 726
110	4933	0.0	3	2592 939 695 707
111	4662	0.0	3	2470 877 639 676
112	4757	0.0	3	2560 885 665 647
113	4237	0.0	3	2311 773 584 569
114	4235	0.0	3	2304 759 612 560
115	3318	0.0	3	1803 590 466 459
116	3189	0.0	3	1652 636 474 427
117	2844	0.0	3	1479 568 400 397
118	2763	0.0	3	1463 509 386 405
119	2447	0.0	3	1244 459 351 393
120	2445	0.0	3	1272 465 346 362
121	2194	0.0	3	1109 434 335 316
122	2096	0.0	3	1069 377 301 349
123	2099	0.0	3	1078 401 293 327
124	2162	0.0	3	1134 401 304 323
125	2692	0.0	3	1459 480 384 369
126	5247	0.0	3	3248 790 606 603
127	8232	0.0	3	5498 1123 741 870
128	4778	0.0	3	3092 678 475 533
129	2086	0.0	3	1096 358 286 346
130	1667	0.0	3	738 339 279 311
131	1824	0.0	3	756 338 344 386
132	2566	0.0	3	971 525 489 581
133	3043	0.0	3	1175 637 575 656
134	9277	0.0	3	3333 1846 1888 2210
135	38758	0.0	3	18458 6608 6390 7302
136	1062	0.0	3	501 185 150 226
137	635	0.0	3	282 119 106 128
138	605	0.0	3	263 94 116 132
139	906	0.0	3	450 143 135 178
140	859	0.0	3	434 156 134 135
141	581	0.0	3	236 119 110 116
142	1050	0.0	3	430 189 183 248
143	504	0.0	3	210 86 90 118
144	389	0.0	3	157 58 63 111
145	294	0.0	3	97 58 53 86
146	275	0.0	3	75 48 63 89
147	130	0.0	3	41 21 27 41
148	98	0.0	3	22 14 23 39
149	79	0.0	3	15 13 26 25
150	132	0.0	3	12 36 28 56
151	401	0.0	3	20 108 103 170
