RepeatModeler Version 2.0.1
===========================
Search Engine = rmblast 2.10.0+
Dependencies: TRF 4.09, RECON , RepeatScout 1.0.6, RepeatMasker 
LTR Structural Analysis: Enabled ( GenomeTools 1.5.9, LTR_Retriever v2.9.0,
                                   Ninja 0.95-cluster_only, MAFFT 7.453,
                                   CD-HIT 4.8.1 )
Random Number Seed: 1680885369
Database = Monosiga_brevicollis_CCBMv1.assembly.fasta.RMDB .
  - Sequences = 219
  - Bases = 41709928
  - N50 = 1049915
  - Contig Histogram:
  Size(bp)                                                        Count
  -----------------------------------------------------------------------
  3367039-3607471 |                                                   [  ]
  3126608-3367039 |                                                   [  ]
  2886177-3126608 |                                                   [  ]
  2645746-2886177 |                                                   [  ]
  2405315-2645746 |                                                   [ 1 ]
  2164884-2405315 |                                                   [  ]
  1924453-2164884 |                                                   [ 1 ]
  1684022-1924453 |                                                   [  ]
  1443591-1684022 |                                                   [ 2 ]
  1203160-1443591 |*                                                  [ 4 ]
  962729-1203160  |*                                                  [ 5 ]
  722298-962729   |*                                                  [ 4 ]
  481867-722298   |***                                                [ 13 ]
  241436-481867   |****                                               [ 15 ]
  1005-241436     |************************************************** [ 173 ]

Using output directory = /scratch/timothy/projects/0031_Coral_genomes/03_Analysis/2022-02-03/outgroup_genomes/Monosiga_brevicollis_CCBMv1/04_RepeatModeler/RM_2542510.FriApr71236172023
Storage Throughput = poor ( 26.22 MB/s )
  - NOTE: Poor storage througput will have a large impact on RepeatModeler
          performance.  The low throughput observed above may be due to
          transient usage patterns on the system and may not reflect the
          actual system performance. Whenever possible run RepeatModeler
          in a directory stored on a fast local disk and not over a
          network filesytem.

Ready to start the sampling process.
INFO: The runtime of RepeatModeler heavily depends on the quality of the assembly
      and the repetitive content of the sequences.  It is not imperative
      that RepeatModeler completes all rounds in order to obtain useful
      results.  At the completion of each round, the files ( consensi.fa, and
      families.stk ) found in:
      /scratch/timothy/projects/0031_Coral_genomes/03_Analysis/2022-02-03/outgroup_genomes/Monosiga_brevicollis_CCBMv1/04_RepeatModeler/RM_2542510.FriApr71236172023/ 
      will contain all results produced thus far. These files may be 
      manually copied and run through RepeatClassifier should the program
      be terminated early.


RepeatModeler Round # 1
========================
Searching for Repeats
 -- Sampling from the database...
   - Gathering up to 40000000 bp
   - Final Sample Size = 41709898 bp ( 38725330 non ambiguous )
   - Num Contigs Represented = 219
   - Sequence extraction : 00:00:03 (hh:mm:ss) Elapsed Time
 -- Running RepeatScout on the sequences...
   - RepeatScout: Running build_lmer_table ( l = 14 )..
   - RepeatScout: Running RepeatScout.. : 587 raw families identified
   - RepeatScout: Running filtering stage.. 480 families remaining
   - RepeatScout: 00:08:52 (hh:mm:ss) Elapsed Time
   - Large Satellite Filtering.. : 0 found in 00:00:03 (hh:mm:ss) Elapsed Time
   - Collecting repeat instances...
 -- Refining Family R=161 / 0 ( RS Elements: 8757, Using 100 )
 -- Refining Family R=94 / 1 ( RS Elements: 2926, Using 100 )
 -- Refining Family R=441 / 2 ( RS Elements: 1843, Using 100 )
 -- Refining Family R=227 / 3 ( RS Elements: 1643, Using 100 )
 -- Refining Family R=45 / 4 ( RS Elements: 1638, Using 100 )
 -- Refining Family R=233 / 5 ( RS Elements: 1571, Using 100 )
 -- Refining Family R=116 / 6 ( RS Elements: 1512, Using 100 )
 -- Refining Family R=80 / 7 ( RS Elements: 1463, Using 100 )
 -- Refining Family R=25 / 8 ( RS Elements: 1276, Using 100 )
 -- Refining Family R=86 / 9 ( RS Elements: 1272, Using 100 )
 -- Refining Family R=317 / 10 ( RS Elements: 1183, Using 100 )
 -- Refining Family R=375 / 11 ( RS Elements: 1010, Using 100 )
 -- Refining Family R=248 / 12 ( RS Elements: 932, Using 100 )
 -- Refining Family R=238 / 13 ( RS Elements: 909, Using 100 )
 -- Refining Family R=392 / 14 ( RS Elements: 854, Using 100 )
 -- Refining Family R=280 / 15 ( RS Elements: 833, Using 100 )
 -- Refining Family R=296 / 16 ( RS Elements: 792, Using 100 )
 -- Refining Family R=406 / 17 ( RS Elements: 740, Using 100 )
 -- Refining Family R=358 / 18 ( RS Elements: 724, Using 100 )
 -- Refining Family R=81 / 19 ( RS Elements: 684, Using 100 )
 -- Refining Family R=440 / 20 ( RS Elements: 611, Using 100 )
 -- Refining Family R=198 / 21 ( RS Elements: 611, Using 100 )
 -- Refining Family R=452 / 22 ( RS Elements: 583, Using 100 )
 -- Refining Family R=24 / 23 ( RS Elements: 580, Using 100 )
 -- Refining Family R=419 / 24 ( RS Elements: 578, Using 100 )
 -- Refining Family R=53 / 25 ( RS Elements: 570, Using 100 )
 -- Refining Family R=31 / 26 ( RS Elements: 498, Using 100 )
 -- Refining Family R=197 / 27 ( RS Elements: 468, Using 100 )
 -- Refining Family R=226 / 28 ( RS Elements: 426, Using 100 )
 -- Refining Family R=239 / 29 ( RS Elements: 426, Using 100 )
 -- Refining Family R=451 / 30 ( RS Elements: 425, Using 100 )
 -- Refining Family R=129 / 31 ( RS Elements: 406, Using 100 )
 -- Refining Family R=27 / 32 ( RS Elements: 396, Using 100 )
 -- Refining Family R=14 / 33 ( RS Elements: 377, Using 100 )
 -- Refining Family R=165 / 34 ( RS Elements: 354, Using 100 )
 -- Refining Family R=11 / 35 ( RS Elements: 330, Using 100 )
 -- Refining Family R=141 / 36 ( RS Elements: 320, Using 100 )
 -- Refining Family R=360 / 37 ( RS Elements: 285, Using 100 )
 -- Refining Family R=71 / 38 ( RS Elements: 284, Using 100 )
 -- Refining Family R=328 / 39 ( RS Elements: 261, Using 100 )
 -- Refining Family R=243 / 40 ( RS Elements: 245, Using 100 )
 -- Refining Family R=460 / 41 ( RS Elements: 226, Using 100 )
 -- Refining Family R=232 / 42 ( RS Elements: 221, Using 100 )
 -- Refining Family R=60 / 43 ( RS Elements: 220, Using 100 )
 -- Refining Family R=470 / 44 ( RS Elements: 216, Using 100 )
 -- Refining Family R=434 / 45 ( RS Elements: 215, Using 100 )
 -- Refining Family R=108 / 46 ( RS Elements: 214, Using 100 )
 -- Refining Family R=77 / 47 ( RS Elements: 213, Using 100 )
 -- Refining Family R=171 / 48 ( RS Elements: 202, Using 100 )
 -- Refining Family R=425 / 49 ( RS Elements: 197, Using 100 )
 -- Refining Family R=50 / 50 ( RS Elements: 196, Using 100 )
 -- Refining Family R=421 / 51 ( RS Elements: 196, Using 100 )
 -- Refining Family R=75 / 52 ( RS Elements: 195, Using 100 )
 -- Refining Family R=418 / 53 ( RS Elements: 193, Using 100 )
 -- Refining Family R=154 / 54 ( RS Elements: 193, Using 100 )
 -- Refining Family R=79 / 55 ( RS Elements: 188, Using 100 )
 -- Refining Family R=40 / 56 ( RS Elements: 183, Using 100 )
 -- Refining Family R=200 / 57 ( RS Elements: 182, Using 100 )
 -- Refining Family R=95 / 58 ( RS Elements: 180, Using 100 )
 -- Refining Family R=16 / 59 ( RS Elements: 179, Using 100 )
 -- Refining Family R=46 / 60 ( RS Elements: 177, Using 100 )
 -- Refining Family R=272 / 61 ( RS Elements: 170, Using 100 )
 -- Refining Family R=327 / 62 ( RS Elements: 166, Using 100 )
 -- Refining Family R=32 / 63 ( RS Elements: 162, Using 100 )
 -- Refining Family R=119 / 64 ( RS Elements: 160, Using 100 )
 -- Refining Family R=125 / 65 ( RS Elements: 155, Using 100 )
 -- Refining Family R=49 / 66 ( RS Elements: 152, Using 100 )
 -- Refining Family R=38 / 67 ( RS Elements: 152, Using 100 )
 -- Refining Family R=293 / 68 ( RS Elements: 150, Using 100 )
 -- Refining Family R=20 / 69 ( RS Elements: 143, Using 100 )
 -- Refining Family R=87 / 70 ( RS Elements: 142, Using 100 )
 -- Refining Family R=90 / 71 ( RS Elements: 139, Using 100 )
 -- Refining Family R=98 / 72 ( RS Elements: 139, Using 100 )
 -- Refining Family R=199 / 73 ( RS Elements: 133, Using 100 )
 -- Refining Family R=246 / 74 ( RS Elements: 131, Using 100 )
 -- Refining Family R=295 / 75 ( RS Elements: 129, Using 100 )
 -- Refining Family R=402 / 76 ( RS Elements: 126, Using 100 )
 -- Refining Family R=30 / 77 ( RS Elements: 123, Using 100 )
 -- Refining Family R=58 / 78 ( RS Elements: 123, Using 100 )
 -- Refining Family R=427 / 79 ( RS Elements: 121, Using 100 )
 -- Refining Family R=454 / 80 ( RS Elements: 119, Using 100 )
 -- Refining Family R=57 / 81 ( RS Elements: 116, Using 100 )
 -- Refining Family R=203 / 82 ( RS Elements: 116, Using 100 )
 -- Refining Family R=466 / 83 ( RS Elements: 114, Using 100 )
 -- Refining Family R=412 / 84 ( RS Elements: 112, Using 100 )
 -- Refining Family R=145 / 85 ( RS Elements: 112, Using 100 )
 -- Refining Family R=28 / 86 ( RS Elements: 106, Using 100 )
 -- Refining Family R=368 / 87 ( RS Elements: 103, Using 100 )
 -- Refining Family R=139 / 88 ( RS Elements: 103, Using 100 )
 -- Refining Family R=134 / 89 ( RS Elements: 97, Using 97 )
 -- Refining Family R=396 / 90 ( RS Elements: 97, Using 97 )
 -- Refining Family R=202 / 91 ( RS Elements: 96, Using 96 )
 -- Refining Family R=337 / 92 ( RS Elements: 95, Using 95 )
 -- Refining Family R=261 / 93 ( RS Elements: 95, Using 95 )
 -- Refining Family R=66 / 94 ( RS Elements: 94, Using 94 )
 -- Refining Family R=89 / 95 ( RS Elements: 92, Using 92 )
 -- Refining Family R=193 / 96 ( RS Elements: 91, Using 91 )
 -- Refining Family R=420 / 97 ( RS Elements: 86, Using 86 )
 -- Refining Family R=262 / 98 ( RS Elements: 85, Using 85 )
 -- Refining Family R=153 / 99 ( RS Elements: 84, Using 84 )
 -- Refining Family R=61 / 100 ( RS Elements: 79, Using 79 )
 -- Refining Family R=44 / 101 ( RS Elements: 78, Using 78 )
 -- Refining Family R=224 / 102 ( RS Elements: 71, Using 71 )
 -- Refining Family R=169 / 103 ( RS Elements: 68, Using 68 )
 -- Refining Family R=118 / 104 ( RS Elements: 68, Using 68 )
 -- Refining Family R=107 / 105 ( RS Elements: 68, Using 68 )
 -- Refining Family R=102 / 106 ( RS Elements: 65, Using 65 )
 -- Refining Family R=124 / 107 ( RS Elements: 65, Using 65 )
 -- Refining Family R=287 / 108 ( RS Elements: 62, Using 62 )
 -- Refining Family R=424 / 109 ( RS Elements: 62, Using 62 )
 -- Refining Family R=69 / 110 ( RS Elements: 57, Using 57 )
 -- Refining Family R=432 / 111 ( RS Elements: 56, Using 56 )
 -- Refining Family R=130 / 112 ( RS Elements: 55, Using 55 )
 -- Refining Family R=310 / 113 ( RS Elements: 53, Using 53 )
 -- Refining Family R=96 / 114 ( RS Elements: 52, Using 52 )
 -- Refining Family R=126 / 115 ( RS Elements: 51, Using 51 )
 -- Refining Family R=140 / 116 ( RS Elements: 51, Using 51 )
 -- Refining Family R=231 / 117 ( RS Elements: 51, Using 51 )
 -- Refining Family R=64 / 118 ( RS Elements: 51, Using 51 )
 -- Refining Family R=83 / 119 ( RS Elements: 48, Using 48 )
 -- Refining Family R=136 / 120 ( RS Elements: 45, Using 45 )
 -- Refining Family R=186 / 121 ( RS Elements: 43, Using 43 )
 -- Refining Family R=147 / 122 ( RS Elements: 41, Using 41 )
 -- Refining Family R=184 / 123 ( RS Elements: 40, Using 40 )
 -- Refining Family R=99 / 124 ( RS Elements: 39, Using 39 )
 -- Refining Family R=312 / 125 ( RS Elements: 39, Using 39 )
 -- Refining Family R=63 / 126 ( RS Elements: 39, Using 39 )
 -- Refining Family R=41 / 127 ( RS Elements: 39, Using 39 )
 -- Refining Family R=274 / 128 ( RS Elements: 37, Using 37 )
 -- Refining Family R=447 / 129 ( RS Elements: 37, Using 37 )
 -- Refining Family R=151 / 130 ( RS Elements: 37, Using 37 )
 -- Refining Family R=422 / 131 ( RS Elements: 37, Using 37 )
 -- Refining Family R=150 / 132 ( RS Elements: 36, Using 36 )
 -- Refining Family R=47 / 133 ( RS Elements: 35, Using 35 )
 -- Refining Family R=109 / 134 ( RS Elements: 34, Using 34 )
 -- Refining Family R=105 / 135 ( RS Elements: 33, Using 33 )
 -- Refining Family R=115 / 136 ( RS Elements: 32, Using 32 )
 -- Refining Family R=374 / 137 ( RS Elements: 31, Using 31 )
 -- Refining Family R=72 / 138 ( RS Elements: 29, Using 29 )
 -- Refining Family R=478 / 139 ( RS Elements: 29, Using 29 )
 -- Refining Family R=214 / 140 ( RS Elements: 29, Using 29 )
 -- Refining Family R=410 / 141 ( RS Elements: 29, Using 29 )
 -- Refining Family R=291 / 142 ( RS Elements: 27, Using 27 )
 -- Refining Family R=405 / 143 ( RS Elements: 27, Using 27 )
 -- Refining Family R=110 / 144 ( RS Elements: 27, Using 27 )
 -- Refining Family R=211 / 145 ( RS Elements: 26, Using 26 )
 -- Refining Family R=173 / 146 ( RS Elements: 26, Using 26 )
 -- Refining Family R=48 / 147 ( RS Elements: 25, Using 25 )
 -- Refining Family R=65 / 148 ( RS Elements: 25, Using 25 )
 -- Refining Family R=532 / 149 ( RS Elements: 24, Using 24 )
 -- Refining Family R=121 / 150 ( RS Elements: 24, Using 24 )
 -- Refining Family R=266 / 151 ( RS Elements: 23, Using 23 )
 -- Refining Family R=450 / 152 ( RS Elements: 23, Using 23 )
 -- Refining Family R=175 / 153 ( RS Elements: 22, Using 22 )
 -- Refining Family R=216 / 154 ( RS Elements: 22, Using 22 )
 -- Refining Family R=188 / 155 ( RS Elements: 22, Using 22 )
 -- Refining Family R=436 / 156 ( RS Elements: 22, Using 22 )
 -- Refining Family R=300 / 157 ( RS Elements: 21, Using 21 )
 -- Refining Family R=253 / 158 ( RS Elements: 21, Using 21 )
 -- Refining Family R=240 / 159 ( RS Elements: 20, Using 20 )
 -- Refining Family R=501 / 160 ( RS Elements: 20, Using 20 )
 -- Refining Family R=166 / 161 ( RS Elements: 19, Using 19 )
 -- Refining Family R=120 / 162 ( RS Elements: 19, Using 19 )
 -- Refining Family R=103 / 163 ( RS Elements: 19, Using 19 )
 -- Refining Family R=201 / 164 ( RS Elements: 18, Using 18 )
 -- Refining Family R=93 / 165 ( RS Elements: 18, Using 18 )
 -- Refining Family R=156 / 166 ( RS Elements: 18, Using 18 )
 -- Refining Family R=88 / 167 ( RS Elements: 18, Using 18 )
 -- Refining Family R=553 / 168 ( RS Elements: 18, Using 18 )
 -- Refining Family R=152 / 169 ( RS Elements: 17, Using 17 )
 -- Refining Family R=321 / 170 ( RS Elements: 17, Using 17 )
 -- Refining Family R=384 / 171 ( RS Elements: 17, Using 17 )
 -- Refining Family R=279 / 172 ( RS Elements: 17, Using 17 )
 -- Refining Family R=264 / 173 ( RS Elements: 17, Using 17 )
 -- Refining Family R=533 / 174 ( RS Elements: 17, Using 17 )
 -- Refining Family R=208 / 175 ( RS Elements: 16, Using 16 )
Family Refinement: 00:25:57 (hh:mm:ss) Elapsed Time


RepeatModeler Round # 2
========================
Searching for Repeats
 -- Sampling from the database...
   - Gathering up to 3000000 bp
   - Sequence extraction : 00:00:00 (hh:mm:ss) Elapsed Time
 -- Running TRFMask on the sequence...
       1123 Tandem Repeats Masked
   - TRFMask time 00:00:10 (hh:mm:ss) Elapsed Time
 -- Masking repeats from the previous rounds...
  - Masking 1 - 5 of 93
  - Masking 16 - 30 of 93
  - Masking 41 - 65 of 93
  - Masking 76 - 93 of 93
   - TE Masking time 00:00:08 (hh:mm:ss) Elapsed Time
 -- Sample Stats:
       Sample Size 3293680 bp
       Num Contigs Represented = 49
       Non ambiguous bp:
             Initial: 3016300 bp
             After Masking: 2809193 bp
             Masked: 6.87 % 
 -- Input Database Coverage: 3293680 bp out of 41709928 bp ( 7.90 % )
Sampling Time: 00:00:19 (hh:mm:ss) Elapsed Time
Running all-by-other comparisons...
        2% completed,  -- (hh:mm:ss) est. time remaining.
        3% completed,  00:0:24 (hh:mm:ss) est. time remaining.
        5% completed,  00:0:31 (hh:mm:ss) est. time remaining.
        7% completed,  00:0:23 (hh:mm:ss) est. time remaining.
        9% completed,  00:0:18 (hh:mm:ss) est. time remaining.
       11% completed,  00:0:14 (hh:mm:ss) est. time remaining.
       13% completed,  00:0:12 (hh:mm:ss) est. time remaining.
       15% completed,  00:0:10 (hh:mm:ss) est. time remaining.
       17% completed,  00:0:09 (hh:mm:ss) est. time remaining.
       19% completed,  00:0:08 (hh:mm:ss) est. time remaining.
       22% completed,  00:0:07 (hh:mm:ss) est. time remaining.
       24% completed,  00:0:06 (hh:mm:ss) est. time remaining.
       26% completed,  00:0:05 (hh:mm:ss) est. time remaining.
       27% completed,  00:0:05 (hh:mm:ss) est. time remaining.
       29% completed,  00:0:07 (hh:mm:ss) est. time remaining.
       31% completed,  00:0:06 (hh:mm:ss) est. time remaining.
       33% completed,  00:0:06 (hh:mm:ss) est. time remaining.
       34% completed,  00:0:05 (hh:mm:ss) est. time remaining.
       36% completed,  00:0:05 (hh:mm:ss) est. time remaining.
       38% completed,  00:0:04 (hh:mm:ss) est. time remaining.
       40% completed,  00:0:05 (hh:mm:ss) est. time remaining.
       41% completed,  00:0:05 (hh:mm:ss) est. time remaining.
       43% completed,  00:0:05 (hh:mm:ss) est. time remaining.
       44% completed,  00:0:04 (hh:mm:ss) est. time remaining.
       46% completed,  00:0:04 (hh:mm:ss) est. time remaining.
       48% completed,  00:0:04 (hh:mm:ss) est. time remaining.
       49% completed,  00:0:04 (hh:mm:ss) est. time remaining.
       51% completed,  00:0:03 (hh:mm:ss) est. time remaining.
       52% completed,  00:0:03 (hh:mm:ss) est. time remaining.
       54% completed,  00:0:03 (hh:mm:ss) est. time remaining.
       55% completed,  00:0:03 (hh:mm:ss) est. time remaining.
       56% completed,  00:0:03 (hh:mm:ss) est. time remaining.
       58% completed,  00:0:03 (hh:mm:ss) est. time remaining.
       59% completed,  00:0:03 (hh:mm:ss) est. time remaining.
       60% completed,  00:0:03 (hh:mm:ss) est. time remaining.
       62% completed,  00:0:03 (hh:mm:ss) est. time remaining.
       63% completed,  00:0:03 (hh:mm:ss) est. time remaining.
       64% completed,  00:0:03 (hh:mm:ss) est. time remaining.
       65% completed,  00:0:03 (hh:mm:ss) est. time remaining.
       67% completed,  00:0:02 (hh:mm:ss) est. time remaining.
       68% completed,  00:0:02 (hh:mm:ss) est. time remaining.
       69% completed,  00:0:02 (hh:mm:ss) est. time remaining.
       70% completed,  00:0:02 (hh:mm:ss) est. time remaining.
       72% completed,  00:0:02 (hh:mm:ss) est. time remaining.
       73% completed,  00:0:02 (hh:mm:ss) est. time remaining.
       74% completed,  00:0:02 (hh:mm:ss) est. time remaining.
       75% completed,  00:0:01 (hh:mm:ss) est. time remaining.
       76% completed,  00:0:01 (hh:mm:ss) est. time remaining.
       77% completed,  00:0:01 (hh:mm:ss) est. time remaining.
       78% completed,  00:0:01 (hh:mm:ss) est. time remaining.
       79% completed,  00:0:01 (hh:mm:ss) est. time remaining.
       80% completed,  00:0:01 (hh:mm:ss) est. time remaining.
       81% completed,  00:0:01 (hh:mm:ss) est. time remaining.
       82% completed,  00:0:01 (hh:mm:ss) est. time remaining.
       83% completed,  00:0:01 (hh:mm:ss) est. time remaining.
       83% completed,  00:0:01 (hh:mm:ss) est. time remaining.
       84% completed,  00:0:01 (hh:mm:ss) est. time remaining.
       85% completed,  00:0:01 (hh:mm:ss) est. time remaining.
       86% completed,  00:0:01 (hh:mm:ss) est. time remaining.
       87% completed,  00:0:01 (hh:mm:ss) est. time remaining.
       88% completed,  00:0:00 (hh:mm:ss) est. time remaining.
       89% completed,  00:0:00 (hh:mm:ss) est. time remaining.
       90% completed,  00:0:00 (hh:mm:ss) est. time remaining.
       91% completed,  00:0:00 (hh:mm:ss) est. time remaining.
       91% completed,  00:0:00 (hh:mm:ss) est. time remaining.
       92% completed,  00:0:00 (hh:mm:ss) est. time remaining.
       92% completed,  00:0:00 (hh:mm:ss) est. time remaining.
       93% completed,  00:0:00 (hh:mm:ss) est. time remaining.
       93% completed,  00:0:00 (hh:mm:ss) est. time remaining.
       94% completed,  00:0:00 (hh:mm:ss) est. time remaining.
       94% completed,  00:0:00 (hh:mm:ss) est. time remaining.
       95% completed,  00:0:00 (hh:mm:ss) est. time remaining.
       95% completed,  00:0:00 (hh:mm:ss) est. time remaining.
       96% completed,  00:0:00 (hh:mm:ss) est. time remaining.
       96% completed,  00:0:00 (hh:mm:ss) est. time remaining.
       97% completed,  00:0:00 (hh:mm:ss) est. time remaining.
       97% completed,  00:0:00 (hh:mm:ss) est. time remaining.
       97% completed,  00:0:00 (hh:mm:ss) est. time remaining.
       98% completed,  00:0:00 (hh:mm:ss) est. time remaining.
       98% completed,  00:0:00 (hh:mm:ss) est. time remaining.
       98% completed,  00:0:00 (hh:mm:ss) est. time remaining.
       98% completed,  00:0:00 (hh:mm:ss) est. time remaining.
       99% completed,  00:0:00 (hh:mm:ss) est. time remaining.
       99% completed,  00:0:00 (hh:mm:ss) est. time remaining.
       99% completed,  00:0:00 (hh:mm:ss) est. time remaining.
       99% completed,  00:0:00 (hh:mm:ss) est. time remaining.
       99% completed,  00:0:00 (hh:mm:ss) est. time remaining.
       99% completed,  00:0:00 (hh:mm:ss) est. time remaining.
       99% completed,  00:0:00 (hh:mm:ss) est. time remaining.
      100% completed,  00:0:00 (hh:mm:ss) est. time remaining.
Comparison Time: 00:00:09 (hh:mm:ss) Elapsed Time, 409 HSPs Collected
  - RECON: Running imagespread..
RECON Elapsed: 00:00:00 (hh:mm:ss) Elapsed Time
  - RECON: Running initial definition of elements ( eledef )..
RECON Elapsed: 00:00:00 (hh:mm:ss) Elapsed Time
  - RECON: Running re-definition of elements ( eleredef )..
RECON Elapsed: 00:00:01 (hh:mm:ss) Elapsed Time
  - RECON: Running re-definition of edges ( edgeredef )..
RECON Elapsed: 00:00:01 (hh:mm:ss) Elapsed Time
  - RECON: Running family definition ( famdef )..
RECON Elapsed: 00:00:00 (hh:mm:ss) Elapsed Time
  - Obtaining element sequences
Number of families returned by RECON: 114
Processing families with greater than 15 elements

Processing RECON family: 22
  - Saving 17 elements
  - Refining family-22 model...
Family Refinement: 00:00:02 (hh:mm:ss) Elapsed Time
Round Time: 00:00:32 (hh:mm:ss) Elapsed Time


RepeatModeler Round # 3
========================
Searching for Repeats
 -- Sampling from the database...
   - Gathering up to 9000000 bp
   - Sequence extraction : 00:00:01 (hh:mm:ss) Elapsed Time
 -- Running TRFMask on the sequence...
       3093 Tandem Repeats Masked
   - TRFMask time 00:00:22 (hh:mm:ss) Elapsed Time
 -- Masking repeats from the previous rounds...
  - Masking 1 - 5 of 293
  - Masking 16 - 30 of 293
  - Masking 41 - 65 of 293
  - Masking 76 - 110 of 293
  - Masking 121 - 165 of 293
  - Masking 176 - 230 of 293
  - Masking 241 - 293 of 293
   - TE Masking time 00:00:25 (hh:mm:ss) Elapsed Time
 -- Sample Stats:
       Sample Size 9727129 bp
       Num Contigs Represented = 98
       Non ambiguous bp:
             Initial: 9005841 bp
             After Masking: 8292226 bp
             Masked: 7.92 % 
 -- Input Database Coverage: 13020809 bp out of 41709928 bp ( 31.22 % )
Sampling Time: 00:00:49 (hh:mm:ss) Elapsed Time
Running all-by-other comparisons...
        0% completed,  -- (hh:mm:ss) est. time remaining.
        1% completed,  -- (hh:mm:ss) est. time remaining.
        2% completed,  00:1:37 (hh:mm:ss) est. time remaining.
        2% completed,  00:2:25 (hh:mm:ss) est. time remaining.
        3% completed,  00:1:55 (hh:mm:ss) est. time remaining.
        4% completed,  00:1:35 (hh:mm:ss) est. time remaining.
        4% completed,  00:1:21 (hh:mm:ss) est. time remaining.
        5% completed,  00:1:28 (hh:mm:ss) est. time remaining.
        5% completed,  00:1:18 (hh:mm:ss) est. time remaining.
        6% completed,  00:1:24 (hh:mm:ss) est. time remaining.
        7% completed,  00:1:15 (hh:mm:ss) est. time remaining.
        8% completed,  00:1:08 (hh:mm:ss) est. time remaining.
        9% completed,  00:1:08 (hh:mm:ss) est. time remaining.
        9% completed,  00:1:03 (hh:mm:ss) est. time remaining.
       10% completed,  00:0:58 (hh:mm:ss) est. time remaining.
       11% completed,  00:0:55 (hh:mm:ss) est. time remaining.
       11% completed,  00:0:59 (hh:mm:ss) est. time remaining.
       12% completed,  00:0:55 (hh:mm:ss) est. time remaining.
       13% completed,  00:0:52 (hh:mm:ss) est. time remaining.
       13% completed,  00:0:56 (hh:mm:ss) est. time remaining.
       14% completed,  00:0:53 (hh:mm:ss) est. time remaining.
       15% completed,  00:1:01 (hh:mm:ss) est. time remaining.
       15% completed,  00:1:04 (hh:mm:ss) est. time remaining.
       16% completed,  00:1:01 (hh:mm:ss) est. time remaining.
       16% completed,  00:0:58 (hh:mm:ss) est. time remaining.
       18% completed,  00:0:53 (hh:mm:ss) est. time remaining.
       18% completed,  00:0:51 (hh:mm:ss) est. time remaining.
       19% completed,  00:0:49 (hh:mm:ss) est. time remaining.
       20% completed,  00:0:51 (hh:mm:ss) est. time remaining.
       20% completed,  00:0:53 (hh:mm:ss) est. time remaining.
       21% completed,  00:0:51 (hh:mm:ss) est. time remaining.
       21% completed,  00:0:50 (hh:mm:ss) est. time remaining.
       22% completed,  00:0:51 (hh:mm:ss) est. time remaining.
       23% completed,  00:0:48 (hh:mm:ss) est. time remaining.
       24% completed,  00:0:53 (hh:mm:ss) est. time remaining.
       24% completed,  00:0:51 (hh:mm:ss) est. time remaining.
       25% completed,  00:0:49 (hh:mm:ss) est. time remaining.
       26% completed,  00:0:48 (hh:mm:ss) est. time remaining.
       26% completed,  00:0:46 (hh:mm:ss) est. time remaining.
       27% completed,  00:0:45 (hh:mm:ss) est. time remaining.
       27% completed,  00:0:44 (hh:mm:ss) est. time remaining.
       28% completed,  00:0:47 (hh:mm:ss) est. time remaining.
       28% completed,  00:0:46 (hh:mm:ss) est. time remaining.
       29% completed,  00:0:45 (hh:mm:ss) est. time remaining.
       30% completed,  00:0:44 (hh:mm:ss) est. time remaining.
       30% completed,  00:0:45 (hh:mm:ss) est. time remaining.
       31% completed,  00:0:46 (hh:mm:ss) est. time remaining.
       31% completed,  00:0:45 (hh:mm:ss) est. time remaining.
       32% completed,  00:0:43 (hh:mm:ss) est. time remaining.
       32% completed,  00:0:42 (hh:mm:ss) est. time remaining.
       33% completed,  00:0:41 (hh:mm:ss) est. time remaining.
       34% completed,  00:0:42 (hh:mm:ss) est. time remaining.
       34% completed,  00:0:41 (hh:mm:ss) est. time remaining.
       35% completed,  00:0:40 (hh:mm:ss) est. time remaining.
       35% completed,  00:0:39 (hh:mm:ss) est. time remaining.
       36% completed,  00:0:38 (hh:mm:ss) est. time remaining.
       36% completed,  00:0:39 (hh:mm:ss) est. time remaining.
       37% completed,  00:0:38 (hh:mm:ss) est. time remaining.
       37% completed,  00:0:37 (hh:mm:ss) est. time remaining.
       38% completed,  00:0:38 (hh:mm:ss) est. time remaining.
       38% completed,  00:0:37 (hh:mm:ss) est. time remaining.
       39% completed,  00:0:36 (hh:mm:ss) est. time remaining.
       40% completed,  00:0:37 (hh:mm:ss) est. time remaining.
       40% completed,  00:0:38 (hh:mm:ss) est. time remaining.
       41% completed,  00:0:37 (hh:mm:ss) est. time remaining.
       41% completed,  00:0:36 (hh:mm:ss) est. time remaining.
       42% completed,  00:0:35 (hh:mm:ss) est. time remaining.
       42% completed,  00:0:35 (hh:mm:ss) est. time remaining.
       43% completed,  00:0:34 (hh:mm:ss) est. time remaining.
       43% completed,  00:0:33 (hh:mm:ss) est. time remaining.
       44% completed,  00:0:32 (hh:mm:ss) est. time remaining.
       44% completed,  00:0:33 (hh:mm:ss) est. time remaining.
       45% completed,  00:0:32 (hh:mm:ss) est. time remaining.
       45% completed,  00:0:33 (hh:mm:ss) est. time remaining.
       46% completed,  00:0:32 (hh:mm:ss) est. time remaining.
       46% completed,  00:0:33 (hh:mm:ss) est. time remaining.
       47% completed,  00:0:32 (hh:mm:ss) est. time remaining.
       47% completed,  00:0:31 (hh:mm:ss) est. time remaining.
       48% completed,  00:0:31 (hh:mm:ss) est. time remaining.
       48% completed,  00:0:30 (hh:mm:ss) est. time remaining.
       49% completed,  00:0:31 (hh:mm:ss) est. time remaining.
       49% completed,  00:0:30 (hh:mm:ss) est. time remaining.
       50% completed,  00:0:30 (hh:mm:ss) est. time remaining.
       50% completed,  00:0:30 (hh:mm:ss) est. time remaining.
       51% completed,  00:0:29 (hh:mm:ss) est. time remaining.
       51% completed,  00:0:30 (hh:mm:ss) est. time remaining.
       52% completed,  00:0:29 (hh:mm:ss) est. time remaining.
       52% completed,  00:0:28 (hh:mm:ss) est. time remaining.
       52% completed,  00:0:28 (hh:mm:ss) est. time remaining.
       53% completed,  00:0:28 (hh:mm:ss) est. time remaining.
       54% completed,  00:0:27 (hh:mm:ss) est. time remaining.
       54% completed,  00:0:27 (hh:mm:ss) est. time remaining.
       55% completed,  00:0:26 (hh:mm:ss) est. time remaining.
       55% completed,  00:0:26 (hh:mm:ss) est. time remaining.
       56% completed,  00:0:26 (hh:mm:ss) est. time remaining.
       56% completed,  00:0:26 (hh:mm:ss) est. time remaining.
       57% completed,  00:0:26 (hh:mm:ss) est. time remaining.
       57% completed,  00:0:25 (hh:mm:ss) est. time remaining.
       57% completed,  00:0:25 (hh:mm:ss) est. time remaining.
       58% completed,  00:0:24 (hh:mm:ss) est. time remaining.
       59% completed,  00:0:24 (hh:mm:ss) est. time remaining.
       59% completed,  00:0:24 (hh:mm:ss) est. time remaining.
       60% completed,  00:0:23 (hh:mm:ss) est. time remaining.
       60% completed,  00:0:24 (hh:mm:ss) est. time remaining.
       61% completed,  00:0:23 (hh:mm:ss) est. time remaining.
       61% completed,  00:0:23 (hh:mm:ss) est. time remaining.
       61% completed,  00:0:23 (hh:mm:ss) est. time remaining.
       62% completed,  00:0:22 (hh:mm:ss) est. time remaining.
       62% completed,  00:0:22 (hh:mm:ss) est. time remaining.
       63% completed,  00:0:22 (hh:mm:ss) est. time remaining.
       63% completed,  00:0:22 (hh:mm:ss) est. time remaining.
       63% completed,  00:0:22 (hh:mm:ss) est. time remaining.
       64% completed,  00:0:21 (hh:mm:ss) est. time remaining.
       64% completed,  00:0:21 (hh:mm:ss) est. time remaining.
       65% completed,  00:0:20 (hh:mm:ss) est. time remaining.
       65% completed,  00:0:20 (hh:mm:ss) est. time remaining.
       66% completed,  00:0:20 (hh:mm:ss) est. time remaining.
       66% completed,  00:0:19 (hh:mm:ss) est. time remaining.
       67% completed,  00:0:19 (hh:mm:ss) est. time remaining.
       67% completed,  00:0:19 (hh:mm:ss) est. time remaining.
       67% completed,  00:0:18 (hh:mm:ss) est. time remaining.
       68% completed,  00:0:18 (hh:mm:ss) est. time remaining.
       68% completed,  00:0:18 (hh:mm:ss) est. time remaining.
       69% completed,  00:0:17 (hh:mm:ss) est. time remaining.
       69% completed,  00:0:17 (hh:mm:ss) est. time remaining.
       69% completed,  00:0:17 (hh:mm:ss) est. time remaining.
       70% completed,  00:0:17 (hh:mm:ss) est. time remaining.
       70% completed,  00:0:17 (hh:mm:ss) est. time remaining.
       70% completed,  00:0:16 (hh:mm:ss) est. time remaining.
       71% completed,  00:0:16 (hh:mm:ss) est. time remaining.
       71% completed,  00:0:16 (hh:mm:ss) est. time remaining.
       72% completed,  00:0:16 (hh:mm:ss) est. time remaining.
       73% completed,  00:0:15 (hh:mm:ss) est. time remaining.
       73% completed,  00:0:15 (hh:mm:ss) est. time remaining.
       73% completed,  00:0:15 (hh:mm:ss) est. time remaining.
       74% completed,  00:0:14 (hh:mm:ss) est. time remaining.
       74% completed,  00:0:14 (hh:mm:ss) est. time remaining.
       74% completed,  00:0:14 (hh:mm:ss) est. time remaining.
       75% completed,  00:0:14 (hh:mm:ss) est. time remaining.
       75% completed,  00:0:13 (hh:mm:ss) est. time remaining.
       75% completed,  00:0:13 (hh:mm:ss) est. time remaining.
       76% completed,  00:0:13 (hh:mm:ss) est. time remaining.
       76% completed,  00:0:13 (hh:mm:ss) est. time remaining.
       76% completed,  00:0:13 (hh:mm:ss) est. time remaining.
       77% completed,  00:0:13 (hh:mm:ss) est. time remaining.
       77% completed,  00:0:13 (hh:mm:ss) est. time remaining.
       77% completed,  00:0:12 (hh:mm:ss) est. time remaining.
       78% completed,  00:0:12 (hh:mm:ss) est. time remaining.
       78% completed,  00:0:12 (hh:mm:ss) est. time remaining.
       78% completed,  00:0:12 (hh:mm:ss) est. time remaining.
       79% completed,  00:0:12 (hh:mm:ss) est. time remaining.
       79% completed,  00:0:11 (hh:mm:ss) est. time remaining.
       79% completed,  00:0:11 (hh:mm:ss) est. time remaining.
       80% completed,  00:0:11 (hh:mm:ss) est. time remaining.
       80% completed,  00:0:11 (hh:mm:ss) est. time remaining.
       80% completed,  00:0:11 (hh:mm:ss) est. time remaining.
       80% completed,  00:0:10 (hh:mm:ss) est. time remaining.
       81% completed,  00:0:10 (hh:mm:ss) est. time remaining.
       81% completed,  00:0:10 (hh:mm:ss) est. time remaining.
       81% completed,  00:0:10 (hh:mm:ss) est. time remaining.
       82% completed,  00:0:10 (hh:mm:ss) est. time remaining.
       82% completed,  00:0:10 (hh:mm:ss) est. time remaining.
       82% completed,  00:0:10 (hh:mm:ss) est. time remaining.
       82% completed,  00:0:09 (hh:mm:ss) est. time remaining.
       83% completed,  00:0:09 (hh:mm:ss) est. time remaining.
       83% completed,  00:0:09 (hh:mm:ss) est. time remaining.
       83% completed,  00:0:09 (hh:mm:ss) est. time remaining.
       84% completed,  00:0:09 (hh:mm:ss) est. time remaining.
       84% completed,  00:0:08 (hh:mm:ss) est. time remaining.
       84% completed,  00:0:08 (hh:mm:ss) est. time remaining.
       84% completed,  00:0:08 (hh:mm:ss) est. time remaining.
       85% completed,  00:0:08 (hh:mm:ss) est. time remaining.
       85% completed,  00:0:08 (hh:mm:ss) est. time remaining.
       85% completed,  00:0:08 (hh:mm:ss) est. time remaining.
       86% completed,  00:0:07 (hh:mm:ss) est. time remaining.
       86% completed,  00:0:07 (hh:mm:ss) est. time remaining.
       86% completed,  00:0:07 (hh:mm:ss) est. time remaining.
       86% completed,  00:0:07 (hh:mm:ss) est. time remaining.
       87% completed,  00:0:07 (hh:mm:ss) est. time remaining.
       87% completed,  00:0:07 (hh:mm:ss) est. time remaining.
       87% completed,  00:0:07 (hh:mm:ss) est. time remaining.
       87% completed,  00:0:06 (hh:mm:ss) est. time remaining.
       88% completed,  00:0:06 (hh:mm:ss) est. time remaining.
       88% completed,  00:0:06 (hh:mm:ss) est. time remaining.
       88% completed,  00:0:06 (hh:mm:ss) est. time remaining.
       88% completed,  00:0:06 (hh:mm:ss) est. time remaining.
       89% completed,  00:0:06 (hh:mm:ss) est. time remaining.
       89% completed,  00:0:06 (hh:mm:ss) est. time remaining.
       89% completed,  00:0:06 (hh:mm:ss) est. time remaining.
       89% completed,  00:0:05 (hh:mm:ss) est. time remaining.
       89% completed,  00:0:05 (hh:mm:ss) est. time remaining.
       90% completed,  00:0:05 (hh:mm:ss) est. time remaining.
       90% completed,  00:0:05 (hh:mm:ss) est. time remaining.
       90% completed,  00:0:05 (hh:mm:ss) est. time remaining.
       90% completed,  00:0:05 (hh:mm:ss) est. time remaining.
       91% completed,  00:0:05 (hh:mm:ss) est. time remaining.
       91% completed,  00:0:04 (hh:mm:ss) est. time remaining.
       91% completed,  00:0:04 (hh:mm:ss) est. time remaining.
       91% completed,  00:0:04 (hh:mm:ss) est. time remaining.
       91% completed,  00:0:04 (hh:mm:ss) est. time remaining.
       92% completed,  00:0:04 (hh:mm:ss) est. time remaining.
       92% completed,  00:0:04 (hh:mm:ss) est. time remaining.
       92% completed,  00:0:04 (hh:mm:ss) est. time remaining.
       92% completed,  00:0:04 (hh:mm:ss) est. time remaining.
       92% completed,  00:0:04 (hh:mm:ss) est. time remaining.
       92% completed,  00:0:04 (hh:mm:ss) est. time remaining.
       93% completed,  00:0:03 (hh:mm:ss) est. time remaining.
       93% completed,  00:0:03 (hh:mm:ss) est. time remaining.
       93% completed,  00:0:03 (hh:mm:ss) est. time remaining.
       93% completed,  00:0:03 (hh:mm:ss) est. time remaining.
       93% completed,  00:0:03 (hh:mm:ss) est. time remaining.
       94% completed,  00:0:03 (hh:mm:ss) est. time remaining.
       94% completed,  00:0:03 (hh:mm:ss) est. time remaining.
       94% completed,  00:0:03 (hh:mm:ss) est. time remaining.
       94% completed,  00:0:03 (hh:mm:ss) est. time remaining.
       94% completed,  00:0:02 (hh:mm:ss) est. time remaining.
       94% completed,  00:0:02 (hh:mm:ss) est. time remaining.
       95% completed,  00:0:02 (hh:mm:ss) est. time remaining.
       95% completed,  00:0:02 (hh:mm:ss) est. time remaining.
       95% completed,  00:0:02 (hh:mm:ss) est. time remaining.
       95% completed,  00:0:02 (hh:mm:ss) est. time remaining.
       95% completed,  00:0:02 (hh:mm:ss) est. time remaining.
       95% completed,  00:0:02 (hh:mm:ss) est. time remaining.
       95% completed,  00:0:02 (hh:mm:ss) est. time remaining.
       96% completed,  00:0:02 (hh:mm:ss) est. time remaining.
       96% completed,  00:0:02 (hh:mm:ss) est. time remaining.
       96% completed,  00:0:02 (hh:mm:ss) est. time remaining.
       96% completed,  00:0:02 (hh:mm:ss) est. time remaining.
       96% completed,  00:0:01 (hh:mm:ss) est. time remaining.
       96% completed,  00:0:01 (hh:mm:ss) est. time remaining.
       96% completed,  00:0:01 (hh:mm:ss) est. time remaining.
       96% completed,  00:0:01 (hh:mm:ss) est. time remaining.
       97% completed,  00:0:01 (hh:mm:ss) est. time remaining.
       97% completed,  00:0:01 (hh:mm:ss) est. time remaining.
       97% completed,  00:0:01 (hh:mm:ss) est. time remaining.
       97% completed,  00:0:01 (hh:mm:ss) est. time remaining.
       97% completed,  00:0:01 (hh:mm:ss) est. time remaining.
       97% completed,  00:0:01 (hh:mm:ss) est. time remaining.
       97% completed,  00:0:01 (hh:mm:ss) est. time remaining.
       97% completed,  00:0:01 (hh:mm:ss) est. time remaining.
       98% completed,  00:0:01 (hh:mm:ss) est. time remaining.
       98% completed,  00:0:01 (hh:mm:ss) est. time remaining.
       98% completed,  00:0:00 (hh:mm:ss) est. time remaining.
       98% completed,  00:0:00 (hh:mm:ss) est. time remaining.
       98% completed,  00:0:00 (hh:mm:ss) est. time remaining.
       98% completed,  00:0:00 (hh:mm:ss) est. time remaining.
       98% completed,  00:0:00 (hh:mm:ss) est. time remaining.
       98% completed,  00:0:00 (hh:mm:ss) est. time remaining.
       98% completed,  00:0:00 (hh:mm:ss) est. time remaining.
       98% completed,  00:0:00 (hh:mm:ss) est. time remaining.
       98% completed,  00:0:00 (hh:mm:ss) est. time remaining.
       99% completed,  00:0:00 (hh:mm:ss) est. time remaining.
       99% completed,  00:0:00 (hh:mm:ss) est. time remaining.
       99% completed,  00:0:00 (hh:mm:ss) est. time remaining.
       99% completed,  00:0:00 (hh:mm:ss) est. time remaining.
       99% completed,  00:0:00 (hh:mm:ss) est. time remaining.
       99% completed,  00:0:00 (hh:mm:ss) est. time remaining.
       99% completed,  00:0:00 (hh:mm:ss) est. time remaining.
       99% completed,  00:0:00 (hh:mm:ss) est. time remaining.
       99% completed,  00:0:00 (hh:mm:ss) est. time remaining.
       99% completed,  00:0:00 (hh:mm:ss) est. time remaining.
       99% completed,  00:0:00 (hh:mm:ss) est. time remaining.
       99% completed,  00:0:00 (hh:mm:ss) est. time remaining.
       99% completed,  00:0:00 (hh:mm:ss) est. time remaining.
       99% completed,  00:0:00 (hh:mm:ss) est. time remaining.
       99% completed,  00:0:00 (hh:mm:ss) est. time remaining.
       99% completed,  00:0:00 (hh:mm:ss) est. time remaining.
       99% completed,  00:0:00 (hh:mm:ss) est. time remaining.
       99% completed,  00:0:00 (hh:mm:ss) est. time remaining.
       99% completed,  00:0:00 (hh:mm:ss) est. time remaining.
       99% completed,  00:0:00 (hh:mm:ss) est. time remaining.
       99% completed,  00:0:00 (hh:mm:ss) est. time remaining.
       99% completed,  00:0:00 (hh:mm:ss) est. time remaining.
       99% completed,  00:0:00 (hh:mm:ss) est. time remaining.
       99% completed,  00:0:00 (hh:mm:ss) est. time remaining.
       99% completed,  00:0:00 (hh:mm:ss) est. time remaining.
       99% completed,  00:0:00 (hh:mm:ss) est. time remaining.
      100% completed,  00:0:00 (hh:mm:ss) est. time remaining.
Comparison Time: 00:00:58 (hh:mm:ss) Elapsed Time, 2619 HSPs Collected
  - RECON: Running imagespread..
RECON Elapsed: 00:00:00 (hh:mm:ss) Elapsed Time
  - RECON: Running initial definition of elements ( eledef )..
RECON Elapsed: 00:00:01 (hh:mm:ss) Elapsed Time
  - RECON: Running re-definition of elements ( eleredef )..
RECON Elapsed: 00:00:01 (hh:mm:ss) Elapsed Time
  - RECON: Running re-definition of edges ( edgeredef )..
RECON Elapsed: 00:00:06 (hh:mm:ss) Elapsed Time
  - RECON: Running family definition ( famdef )..
RECON Elapsed: 00:00:01 (hh:mm:ss) Elapsed Time
  - Obtaining element sequences
Number of families returned by RECON: 565
Processing families with greater than 15 elements

Processing RECON family: 25
  - Saving 22 elements
  - Refining family-25 model...

Processing RECON family: 100
  - Saving 17 elements
  - Refining family-100 model...
Family Refinement: 00:00:02 (hh:mm:ss) Elapsed Time
Round Time: 00:01:58 (hh:mm:ss) Elapsed Time


RepeatModeler Round # 4
========================
Searching for Repeats
 -- Sampling from the database...
   - Gathering up to 27000000 bp
   - Sequence extraction : 00:00:03 (hh:mm:ss) Elapsed Time
 -- Running TRFMask on the sequence...
       8840 Tandem Repeats Masked
   - TRFMask time 00:01:02 (hh:mm:ss) Elapsed Time
 -- Masking repeats from the previous rounds...
  - Masking 1 - 5 of 827
  - Masking 16 - 30 of 827
  - Masking 41 - 65 of 827
  - Masking 76 - 110 of 827
  - Masking 121 - 165 of 827
  - Masking 176 - 230 of 827
  - Masking 241 - 305 of 827
  - Masking 316 - 390 of 827
  - Masking 401 - 485 of 827
  - Masking 496 - 590 of 827
  - Masking 596 - 695 of 827
  - Masking 696 - 795 of 827
  - Masking 796 - 827 of 827
   - TE Masking time 00:01:25 (hh:mm:ss) Elapsed Time
 -- Sample Stats:
       Sample Size 28689015 bp
       Num Contigs Represented = 164
       Non ambiguous bp:
             Initial: 26703115 bp
             After Masking: 24609471 bp
             Masked: 7.84 % 
 -- Input Database Coverage: 41709824 bp out of 41709928 bp ( 100.00 % )
Sampling Time: 00:02:31 (hh:mm:ss) Elapsed Time
Running all-by-other comparisons...
        0% completed,  00:55:40 (hh:mm:ss) est. time remaining.
        0% completed,  00:48:30 (hh:mm:ss) est. time remaining.
        0% completed,  00:32:16 (hh:mm:ss) est. time remaining.
        0% completed,  00:25:53 (hh:mm:ss) est. time remaining.
        1% completed,  00:22:00 (hh:mm:ss) est. time remaining.
        1% completed,  00:18:17 (hh:mm:ss) est. time remaining.
        1% completed,  00:16:35 (hh:mm:ss) est. time remaining.
        1% completed,  00:14:28 (hh:mm:ss) est. time remaining.
        2% completed,  00:12:50 (hh:mm:ss) est. time remaining.
        2% completed,  00:12:12 (hh:mm:ss) est. time remaining.
        2% completed,  00:11:40 (hh:mm:ss) est. time remaining.
        2% completed,  00:12:21 (hh:mm:ss) est. time remaining.
        3% completed,  00:11:53 (hh:mm:ss) est. time remaining.
        3% completed,  00:12:56 (hh:mm:ss) est. time remaining.
        3% completed,  00:12:31 (hh:mm:ss) est. time remaining.
        3% completed,  00:12:33 (hh:mm:ss) est. time remaining.
        4% completed,  00:12:11 (hh:mm:ss) est. time remaining.
        4% completed,  00:11:29 (hh:mm:ss) est. time remaining.
        4% completed,  00:10:51 (hh:mm:ss) est. time remaining.
        4% completed,  00:10:37 (hh:mm:ss) est. time remaining.
        5% completed,  00:10:06 (hh:mm:ss) est. time remaining.
        5% completed,  00:9:55 (hh:mm:ss) est. time remaining.
        5% completed,  00:9:28 (hh:mm:ss) est. time remaining.
        5% completed,  00:9:20 (hh:mm:ss) est. time remaining.
        5% completed,  00:9:12 (hh:mm:ss) est. time remaining.
        6% completed,  00:8:50 (hh:mm:ss) est. time remaining.
        6% completed,  00:8:44 (hh:mm:ss) est. time remaining.
        6% completed,  00:9:35 (hh:mm:ss) est. time remaining.
        6% completed,  00:9:41 (hh:mm:ss) est. time remaining.
        7% completed,  00:9:20 (hh:mm:ss) est. time remaining.
        7% completed,  00:9:01 (hh:mm:ss) est. time remaining.
        7% completed,  00:8:56 (hh:mm:ss) est. time remaining.
        7% completed,  00:8:38 (hh:mm:ss) est. time remaining.
        8% completed,  00:8:22 (hh:mm:ss) est. time remaining.
        8% completed,  00:8:40 (hh:mm:ss) est. time remaining.
        8% completed,  00:8:25 (hh:mm:ss) est. time remaining.
        8% completed,  00:8:20 (hh:mm:ss) est. time remaining.
        8% completed,  00:8:27 (hh:mm:ss) est. time remaining.
        9% completed,  00:8:13 (hh:mm:ss) est. time remaining.
        9% completed,  00:8:09 (hh:mm:ss) est. time remaining.
        9% completed,  00:7:56 (hh:mm:ss) est. time remaining.
        9% completed,  00:7:53 (hh:mm:ss) est. time remaining.
       10% completed,  00:8:16 (hh:mm:ss) est. time remaining.
       10% completed,  00:8:13 (hh:mm:ss) est. time remaining.
       10% completed,  00:8:18 (hh:mm:ss) est. time remaining.
       10% completed,  00:8:14 (hh:mm:ss) est. time remaining.
       11% completed,  00:8:19 (hh:mm:ss) est. time remaining.
       11% completed,  00:8:15 (hh:mm:ss) est. time remaining.
       11% completed,  00:8:12 (hh:mm:ss) est. time remaining.
       11% completed,  00:8:09 (hh:mm:ss) est. time remaining.
       11% completed,  00:7:58 (hh:mm:ss) est. time remaining.
       12% completed,  00:7:55 (hh:mm:ss) est. time remaining.
       12% completed,  00:7:45 (hh:mm:ss) est. time remaining.
       12% completed,  00:7:43 (hh:mm:ss) est. time remaining.
       12% completed,  00:7:33 (hh:mm:ss) est. time remaining.
       13% completed,  00:7:24 (hh:mm:ss) est. time remaining.
       13% completed,  00:7:22 (hh:mm:ss) est. time remaining.
       13% completed,  00:7:33 (hh:mm:ss) est. time remaining.
       13% completed,  00:7:31 (hh:mm:ss) est. time remaining.
       13% completed,  00:7:22 (hh:mm:ss) est. time remaining.
       14% completed,  00:7:38 (hh:mm:ss) est. time remaining.
       14% completed,  00:7:30 (hh:mm:ss) est. time remaining.
       14% completed,  00:7:28 (hh:mm:ss) est. time remaining.
       14% completed,  00:7:25 (hh:mm:ss) est. time remaining.
       15% completed,  00:7:23 (hh:mm:ss) est. time remaining.
       15% completed,  00:7:21 (hh:mm:ss) est. time remaining.
       15% completed,  00:7:25 (hh:mm:ss) est. time remaining.
       15% completed,  00:7:23 (hh:mm:ss) est. time remaining.
       15% completed,  00:7:21 (hh:mm:ss) est. time remaining.
       16% completed,  00:7:13 (hh:mm:ss) est. time remaining.
       16% completed,  00:7:27 (hh:mm:ss) est. time remaining.
       16% completed,  00:7:20 (hh:mm:ss) est. time remaining.
       16% completed,  00:7:18 (hh:mm:ss) est. time remaining.
       17% completed,  00:7:16 (hh:mm:ss) est. time remaining.
       17% completed,  00:7:19 (hh:mm:ss) est. time remaining.
       17% completed,  00:7:12 (hh:mm:ss) est. time remaining.
       17% completed,  00:7:06 (hh:mm:ss) est. time remaining.
       17% completed,  00:7:04 (hh:mm:ss) est. time remaining.
       18% completed,  00:6:58 (hh:mm:ss) est. time remaining.
       18% completed,  00:7:01 (hh:mm:ss) est. time remaining.
       18% completed,  00:6:54 (hh:mm:ss) est. time remaining.
       18% completed,  00:6:57 (hh:mm:ss) est. time remaining.
       19% completed,  00:6:50 (hh:mm:ss) est. time remaining.
       19% completed,  00:6:44 (hh:mm:ss) est. time remaining.
       19% completed,  00:6:42 (hh:mm:ss) est. time remaining.
       19% completed,  00:6:53 (hh:mm:ss) est. time remaining.
       20% completed,  00:6:47 (hh:mm:ss) est. time remaining.
       20% completed,  00:6:54 (hh:mm:ss) est. time remaining.
       20% completed,  00:6:48 (hh:mm:ss) est. time remaining.
       20% completed,  00:6:47 (hh:mm:ss) est. time remaining.
       21% completed,  00:6:49 (hh:mm:ss) est. time remaining.
       21% completed,  00:6:44 (hh:mm:ss) est. time remaining.
       21% completed,  00:6:39 (hh:mm:ss) est. time remaining.
       21% completed,  00:6:37 (hh:mm:ss) est. time remaining.
       21% completed,  00:6:36 (hh:mm:ss) est. time remaining.
       22% completed,  00:6:31 (hh:mm:ss) est. time remaining.
       22% completed,  00:6:30 (hh:mm:ss) est. time remaining.
       22% completed,  00:6:25 (hh:mm:ss) est. time remaining.
       22% completed,  00:6:20 (hh:mm:ss) est. time remaining.
       22% completed,  00:6:22 (hh:mm:ss) est. time remaining.
       23% completed,  00:6:31 (hh:mm:ss) est. time remaining.
       23% completed,  00:6:26 (hh:mm:ss) est. time remaining.
       23% completed,  00:6:22 (hh:mm:ss) est. time remaining.
       23% completed,  00:6:21 (hh:mm:ss) est. time remaining.
       24% completed,  00:6:26 (hh:mm:ss) est. time remaining.
       24% completed,  00:6:21 (hh:mm:ss) est. time remaining.
       24% completed,  00:6:26 (hh:mm:ss) est. time remaining.
       24% completed,  00:6:25 (hh:mm:ss) est. time remaining.
       24% completed,  00:6:21 (hh:mm:ss) est. time remaining.
       25% completed,  00:6:16 (hh:mm:ss) est. time remaining.
       25% completed,  00:6:15 (hh:mm:ss) est. time remaining.
       25% completed,  00:6:11 (hh:mm:ss) est. time remaining.
       25% completed,  00:6:10 (hh:mm:ss) est. time remaining.
       25% completed,  00:6:09 (hh:mm:ss) est. time remaining.
       26% completed,  00:6:08 (hh:mm:ss) est. time remaining.
       26% completed,  00:6:12 (hh:mm:ss) est. time remaining.
       26% completed,  00:6:08 (hh:mm:ss) est. time remaining.
       26% completed,  00:6:07 (hh:mm:ss) est. time remaining.
       26% completed,  00:6:09 (hh:mm:ss) est. time remaining.
       27% completed,  00:6:10 (hh:mm:ss) est. time remaining.
       27% completed,  00:6:09 (hh:mm:ss) est. time remaining.
       27% completed,  00:6:05 (hh:mm:ss) est. time remaining.
       27% completed,  00:6:04 (hh:mm:ss) est. time remaining.
       27% completed,  00:6:00 (hh:mm:ss) est. time remaining.
       28% completed,  00:5:57 (hh:mm:ss) est. time remaining.
       28% completed,  00:5:53 (hh:mm:ss) est. time remaining.
       28% completed,  00:5:52 (hh:mm:ss) est. time remaining.
       28% completed,  00:5:49 (hh:mm:ss) est. time remaining.
       28% completed,  00:5:45 (hh:mm:ss) est. time remaining.
       29% completed,  00:5:42 (hh:mm:ss) est. time remaining.
       29% completed,  00:5:38 (hh:mm:ss) est. time remaining.
       29% completed,  00:5:37 (hh:mm:ss) est. time remaining.
       29% completed,  00:5:34 (hh:mm:ss) est. time remaining.
       29% completed,  00:5:40 (hh:mm:ss) est. time remaining.
       30% completed,  00:5:37 (hh:mm:ss) est. time remaining.
       30% completed,  00:5:43 (hh:mm:ss) est. time remaining.
       30% completed,  00:5:42 (hh:mm:ss) est. time remaining.
       30% completed,  00:5:41 (hh:mm:ss) est. time remaining.
       31% completed,  00:5:38 (hh:mm:ss) est. time remaining.
       31% completed,  00:5:35 (hh:mm:ss) est. time remaining.
       31% completed,  00:5:34 (hh:mm:ss) est. time remaining.
       31% completed,  00:5:33 (hh:mm:ss) est. time remaining.
       31% completed,  00:5:30 (hh:mm:ss) est. time remaining.
       32% completed,  00:5:29 (hh:mm:ss) est. time remaining.
       32% completed,  00:5:26 (hh:mm:ss) est. time remaining.
       32% completed,  00:5:27 (hh:mm:ss) est. time remaining.
       32% completed,  00:5:24 (hh:mm:ss) est. time remaining.
       32% completed,  00:5:27 (hh:mm:ss) est. time remaining.
       33% completed,  00:5:24 (hh:mm:ss) est. time remaining.
       33% completed,  00:5:31 (hh:mm:ss) est. time remaining.
       33% completed,  00:5:31 (hh:mm:ss) est. time remaining.
       33% completed,  00:5:28 (hh:mm:ss) est. time remaining.
       33% completed,  00:5:27 (hh:mm:ss) est. time remaining.
       33% completed,  00:5:24 (hh:mm:ss) est. time remaining.
       34% completed,  00:5:21 (hh:mm:ss) est. time remaining.
       34% completed,  00:5:20 (hh:mm:ss) est. time remaining.
       34% completed,  00:5:17 (hh:mm:ss) est. time remaining.
       34% completed,  00:5:15 (hh:mm:ss) est. time remaining.
       34% completed,  00:5:14 (hh:mm:ss) est. time remaining.
       35% completed,  00:5:13 (hh:mm:ss) est. time remaining.
       35% completed,  00:5:14 (hh:mm:ss) est. time remaining.
       35% completed,  00:5:11 (hh:mm:ss) est. time remaining.
       35% completed,  00:5:10 (hh:mm:ss) est. time remaining.
       35% completed,  00:5:11 (hh:mm:ss) est. time remaining.
       36% completed,  00:5:16 (hh:mm:ss) est. time remaining.
       36% completed,  00:5:13 (hh:mm:ss) est. time remaining.
       36% completed,  00:5:14 (hh:mm:ss) est. time remaining.
       36% completed,  00:5:13 (hh:mm:ss) est. time remaining.
       36% completed,  00:5:12 (hh:mm:ss) est. time remaining.
       37% completed,  00:5:10 (hh:mm:ss) est. time remaining.
       37% completed,  00:5:07 (hh:mm:ss) est. time remaining.
       37% completed,  00:5:05 (hh:mm:ss) est. time remaining.
       37% completed,  00:5:04 (hh:mm:ss) est. time remaining.
       37% completed,  00:5:03 (hh:mm:ss) est. time remaining.
       38% completed,  00:5:01 (hh:mm:ss) est. time remaining.
       38% completed,  00:5:00 (hh:mm:ss) est. time remaining.
       38% completed,  00:4:58 (hh:mm:ss) est. time remaining.
       38% completed,  00:4:57 (hh:mm:ss) est. time remaining.
       38% completed,  00:4:57 (hh:mm:ss) est. time remaining.
       38% completed,  00:5:01 (hh:mm:ss) est. time remaining.
       39% completed,  00:4:59 (hh:mm:ss) est. time remaining.
       39% completed,  00:4:58 (hh:mm:ss) est. time remaining.
       39% completed,  00:4:57 (hh:mm:ss) est. time remaining.
       39% completed,  00:4:58 (hh:mm:ss) est. time remaining.
       39% completed,  00:4:56 (hh:mm:ss) est. time remaining.
       40% completed,  00:4:53 (hh:mm:ss) est. time remaining.
       40% completed,  00:4:51 (hh:mm:ss) est. time remaining.
       40% completed,  00:4:50 (hh:mm:ss) est. time remaining.
       40% completed,  00:4:50 (hh:mm:ss) est. time remaining.
       40% completed,  00:4:47 (hh:mm:ss) est. time remaining.
       41% completed,  00:4:45 (hh:mm:ss) est. time remaining.
       41% completed,  00:4:43 (hh:mm:ss) est. time remaining.
       41% completed,  00:4:44 (hh:mm:ss) est. time remaining.
       41% completed,  00:4:41 (hh:mm:ss) est. time remaining.
       41% completed,  00:4:41 (hh:mm:ss) est. time remaining.
       41% completed,  00:4:46 (hh:mm:ss) est. time remaining.
       42% completed,  00:4:43 (hh:mm:ss) est. time remaining.
       42% completed,  00:4:43 (hh:mm:ss) est. time remaining.
       42% completed,  00:4:41 (hh:mm:ss) est. time remaining.
       42% completed,  00:4:40 (hh:mm:ss) est. time remaining.
       42% completed,  00:4:38 (hh:mm:ss) est. time remaining.
       43% completed,  00:4:37 (hh:mm:ss) est. time remaining.
       43% completed,  00:4:36 (hh:mm:ss) est. time remaining.
       43% completed,  00:4:35 (hh:mm:ss) est. time remaining.
       43% completed,  00:4:35 (hh:mm:ss) est. time remaining.
       43% completed,  00:4:33 (hh:mm:ss) est. time remaining.
       43% completed,  00:4:32 (hh:mm:ss) est. time remaining.
       44% completed,  00:4:31 (hh:mm:ss) est. time remaining.
       44% completed,  00:4:29 (hh:mm:ss) est. time remaining.
       44% completed,  00:4:29 (hh:mm:ss) est. time remaining.
       44% completed,  00:4:29 (hh:mm:ss) est. time remaining.
       44% completed,  00:4:27 (hh:mm:ss) est. time remaining.
       45% completed,  00:4:25 (hh:mm:ss) est. time remaining.
       45% completed,  00:4:23 (hh:mm:ss) est. time remaining.
       45% completed,  00:4:17 (hh:mm:ss) est. time remaining.
       46% completed,  00:4:15 (hh:mm:ss) est. time remaining.
       46% completed,  00:4:17 (hh:mm:ss) est. time remaining.
       46% completed,  00:4:16 (hh:mm:ss) est. time remaining.
       46% completed,  00:4:17 (hh:mm:ss) est. time remaining.
       46% completed,  00:4:17 (hh:mm:ss) est. time remaining.
       47% completed,  00:4:15 (hh:mm:ss) est. time remaining.
       47% completed,  00:4:13 (hh:mm:ss) est. time remaining.
       47% completed,  00:4:13 (hh:mm:ss) est. time remaining.
       47% completed,  00:4:11 (hh:mm:ss) est. time remaining.
       47% completed,  00:4:09 (hh:mm:ss) est. time remaining.
       47% completed,  00:4:07 (hh:mm:ss) est. time remaining.
       48% completed,  00:4:08 (hh:mm:ss) est. time remaining.
       48% completed,  00:4:06 (hh:mm:ss) est. time remaining.
       48% completed,  00:4:05 (hh:mm:ss) est. time remaining.
       48% completed,  00:4:03 (hh:mm:ss) est. time remaining.
       48% completed,  00:4:02 (hh:mm:ss) est. time remaining.
       48% completed,  00:4:00 (hh:mm:ss) est. time remaining.
       49% completed,  00:3:59 (hh:mm:ss) est. time remaining.
       49% completed,  00:3:57 (hh:mm:ss) est. time remaining.
       49% completed,  00:3:57 (hh:mm:ss) est. time remaining.
       49% completed,  00:3:57 (hh:mm:ss) est. time remaining.
       49% completed,  00:3:57 (hh:mm:ss) est. time remaining.
       49% completed,  00:4:01 (hh:mm:ss) est. time remaining.
       50% completed,  00:3:59 (hh:mm:ss) est. time remaining.
       50% completed,  00:3:57 (hh:mm:ss) est. time remaining.
       50% completed,  00:3:56 (hh:mm:ss) est. time remaining.
       50% completed,  00:3:54 (hh:mm:ss) est. time remaining.
       50% completed,  00:3:55 (hh:mm:ss) est. time remaining.
       51% completed,  00:3:53 (hh:mm:ss) est. time remaining.
       51% completed,  00:3:52 (hh:mm:ss) est. time remaining.
       51% completed,  00:3:51 (hh:mm:ss) est. time remaining.
       51% completed,  00:3:49 (hh:mm:ss) est. time remaining.
       51% completed,  00:3:49 (hh:mm:ss) est. time remaining.
       51% completed,  00:3:47 (hh:mm:ss) est. time remaining.
       52% completed,  00:3:46 (hh:mm:ss) est. time remaining.
       52% completed,  00:3:46 (hh:mm:ss) est. time remaining.
       52% completed,  00:3:44 (hh:mm:ss) est. time remaining.
       52% completed,  00:3:48 (hh:mm:ss) est. time remaining.
       52% completed,  00:3:48 (hh:mm:ss) est. time remaining.
       52% completed,  00:3:46 (hh:mm:ss) est. time remaining.
       53% completed,  00:3:45 (hh:mm:ss) est. time remaining.
       53% completed,  00:3:43 (hh:mm:ss) est. time remaining.
       53% completed,  00:3:42 (hh:mm:ss) est. time remaining.
       53% completed,  00:3:41 (hh:mm:ss) est. time remaining.
       53% completed,  00:3:40 (hh:mm:ss) est. time remaining.
       53% completed,  00:3:39 (hh:mm:ss) est. time remaining.
       54% completed,  00:3:38 (hh:mm:ss) est. time remaining.
       54% completed,  00:3:37 (hh:mm:ss) est. time remaining.
       54% completed,  00:3:36 (hh:mm:ss) est. time remaining.
       54% completed,  00:3:36 (hh:mm:ss) est. time remaining.
       54% completed,  00:3:35 (hh:mm:ss) est. time remaining.
       54% completed,  00:3:36 (hh:mm:ss) est. time remaining.
       54% completed,  00:3:35 (hh:mm:ss) est. time remaining.
       55% completed,  00:3:34 (hh:mm:ss) est. time remaining.
       55% completed,  00:3:34 (hh:mm:ss) est. time remaining.
       55% completed,  00:3:33 (hh:mm:ss) est. time remaining.
       55% completed,  00:3:32 (hh:mm:ss) est. time remaining.
       55% completed,  00:3:32 (hh:mm:ss) est. time remaining.
       55% completed,  00:3:30 (hh:mm:ss) est. time remaining.
       56% completed,  00:3:30 (hh:mm:ss) est. time remaining.
       56% completed,  00:3:29 (hh:mm:ss) est. time remaining.
       56% completed,  00:3:27 (hh:mm:ss) est. time remaining.
       56% completed,  00:3:27 (hh:mm:ss) est. time remaining.
       56% completed,  00:3:25 (hh:mm:ss) est. time remaining.
       56% completed,  00:3:24 (hh:mm:ss) est. time remaining.
       57% completed,  00:3:24 (hh:mm:ss) est. time remaining.
       57% completed,  00:3:24 (hh:mm:ss) est. time remaining.
       57% completed,  00:3:22 (hh:mm:ss) est. time remaining.
       57% completed,  00:3:22 (hh:mm:ss) est. time remaining.
       57% completed,  00:3:21 (hh:mm:ss) est. time remaining.
       57% completed,  00:3:22 (hh:mm:ss) est. time remaining.
       58% completed,  00:3:21 (hh:mm:ss) est. time remaining.
       58% completed,  00:3:19 (hh:mm:ss) est. time remaining.
       58% completed,  00:3:18 (hh:mm:ss) est. time remaining.
       58% completed,  00:3:18 (hh:mm:ss) est. time remaining.
       58% completed,  00:3:16 (hh:mm:ss) est. time remaining.
       58% completed,  00:3:16 (hh:mm:ss) est. time remaining.
       58% completed,  00:3:15 (hh:mm:ss) est. time remaining.
       59% completed,  00:3:14 (hh:mm:ss) est. time remaining.
       59% completed,  00:3:13 (hh:mm:ss) est. time remaining.
       59% completed,  00:3:13 (hh:mm:ss) est. time remaining.
       59% completed,  00:3:13 (hh:mm:ss) est. time remaining.
       59% completed,  00:3:12 (hh:mm:ss) est. time remaining.
       59% completed,  00:3:11 (hh:mm:ss) est. time remaining.
       60% completed,  00:3:10 (hh:mm:ss) est. time remaining.
       60% completed,  00:3:09 (hh:mm:ss) est. time remaining.
       60% completed,  00:3:08 (hh:mm:ss) est. time remaining.
       60% completed,  00:3:07 (hh:mm:ss) est. time remaining.
       60% completed,  00:3:06 (hh:mm:ss) est. time remaining.
       60% completed,  00:3:06 (hh:mm:ss) est. time remaining.
       60% completed,  00:3:06 (hh:mm:ss) est. time remaining.
       61% completed,  00:3:05 (hh:mm:ss) est. time remaining.
       61% completed,  00:3:06 (hh:mm:ss) est. time remaining.
       61% completed,  00:3:06 (hh:mm:ss) est. time remaining.
       61% completed,  00:3:04 (hh:mm:ss) est. time remaining.
       61% completed,  00:3:04 (hh:mm:ss) est. time remaining.
       61% completed,  00:3:03 (hh:mm:ss) est. time remaining.
       61% completed,  00:3:02 (hh:mm:ss) est. time remaining.
       62% completed,  00:3:01 (hh:mm:ss) est. time remaining.
       62% completed,  00:3:00 (hh:mm:ss) est. time remaining.
       62% completed,  00:2:59 (hh:mm:ss) est. time remaining.
       62% completed,  00:2:58 (hh:mm:ss) est. time remaining.
       62% completed,  00:2:58 (hh:mm:ss) est. time remaining.
       62% completed,  00:2:58 (hh:mm:ss) est. time remaining.
       63% completed,  00:2:58 (hh:mm:ss) est. time remaining.
       63% completed,  00:2:57 (hh:mm:ss) est. time remaining.
       63% completed,  00:2:56 (hh:mm:ss) est. time remaining.
       63% completed,  00:2:55 (hh:mm:ss) est. time remaining.
       63% completed,  00:2:55 (hh:mm:ss) est. time remaining.
       63% completed,  00:2:53 (hh:mm:ss) est. time remaining.
       63% completed,  00:2:53 (hh:mm:ss) est. time remaining.
       64% completed,  00:2:52 (hh:mm:ss) est. time remaining.
       64% completed,  00:2:51 (hh:mm:ss) est. time remaining.
       64% completed,  00:2:51 (hh:mm:ss) est. time remaining.
       64% completed,  00:2:50 (hh:mm:ss) est. time remaining.
       64% completed,  00:2:49 (hh:mm:ss) est. time remaining.
       64% completed,  00:2:49 (hh:mm:ss) est. time remaining.
       64% completed,  00:2:48 (hh:mm:ss) est. time remaining.
       65% completed,  00:2:45 (hh:mm:ss) est. time remaining.
       65% completed,  00:2:44 (hh:mm:ss) est. time remaining.
       65% completed,  00:2:44 (hh:mm:ss) est. time remaining.
       65% completed,  00:2:43 (hh:mm:ss) est. time remaining.
       65% completed,  00:2:43 (hh:mm:ss) est. time remaining.
       65% completed,  00:2:43 (hh:mm:ss) est. time remaining.
       66% completed,  00:2:42 (hh:mm:ss) est. time remaining.
       66% completed,  00:2:42 (hh:mm:ss) est. time remaining.
       66% completed,  00:2:41 (hh:mm:ss) est. time remaining.
       66% completed,  00:2:40 (hh:mm:ss) est. time remaining.
       66% completed,  00:2:39 (hh:mm:ss) est. time remaining.
       66% completed,  00:2:39 (hh:mm:ss) est. time remaining.
       66% completed,  00:2:39 (hh:mm:ss) est. time remaining.
       67% completed,  00:2:38 (hh:mm:ss) est. time remaining.
       67% completed,  00:2:38 (hh:mm:ss) est. time remaining.
       67% completed,  00:2:37 (hh:mm:ss) est. time remaining.
       67% completed,  00:2:36 (hh:mm:ss) est. time remaining.
       67% completed,  00:2:36 (hh:mm:ss) est. time remaining.
       67% completed,  00:2:35 (hh:mm:ss) est. time remaining.
       67% completed,  00:2:35 (hh:mm:ss) est. time remaining.
       68% completed,  00:2:34 (hh:mm:ss) est. time remaining.
       68% completed,  00:2:33 (hh:mm:ss) est. time remaining.
       68% completed,  00:2:33 (hh:mm:ss) est. time remaining.
       68% completed,  00:2:32 (hh:mm:ss) est. time remaining.
       68% completed,  00:2:31 (hh:mm:ss) est. time remaining.
       68% completed,  00:2:30 (hh:mm:ss) est. time remaining.
       68% completed,  00:2:30 (hh:mm:ss) est. time remaining.
       68% completed,  00:2:29 (hh:mm:ss) est. time remaining.
       69% completed,  00:2:29 (hh:mm:ss) est. time remaining.
       69% completed,  00:2:28 (hh:mm:ss) est. time remaining.
       69% completed,  00:2:28 (hh:mm:ss) est. time remaining.
       69% completed,  00:2:27 (hh:mm:ss) est. time remaining.
       69% completed,  00:2:26 (hh:mm:ss) est. time remaining.
       69% completed,  00:2:25 (hh:mm:ss) est. time remaining.
       69% completed,  00:2:24 (hh:mm:ss) est. time remaining.
       70% completed,  00:2:24 (hh:mm:ss) est. time remaining.
       70% completed,  00:2:23 (hh:mm:ss) est. time remaining.
       70% completed,  00:2:22 (hh:mm:ss) est. time remaining.
       70% completed,  00:2:22 (hh:mm:ss) est. time remaining.
       70% completed,  00:2:21 (hh:mm:ss) est. time remaining.
       70% completed,  00:2:21 (hh:mm:ss) est. time remaining.
       70% completed,  00:2:20 (hh:mm:ss) est. time remaining.
       70% completed,  00:2:19 (hh:mm:ss) est. time remaining.
       71% completed,  00:2:18 (hh:mm:ss) est. time remaining.
       71% completed,  00:2:18 (hh:mm:ss) est. time remaining.
       71% completed,  00:2:18 (hh:mm:ss) est. time remaining.
       71% completed,  00:2:18 (hh:mm:ss) est. time remaining.
       71% completed,  00:2:17 (hh:mm:ss) est. time remaining.
       71% completed,  00:2:16 (hh:mm:ss) est. time remaining.
       71% completed,  00:2:16 (hh:mm:ss) est. time remaining.
       71% completed,  00:2:15 (hh:mm:ss) est. time remaining.
       72% completed,  00:2:14 (hh:mm:ss) est. time remaining.
       72% completed,  00:2:14 (hh:mm:ss) est. time remaining.
       72% completed,  00:2:13 (hh:mm:ss) est. time remaining.
       72% completed,  00:2:12 (hh:mm:ss) est. time remaining.
       72% completed,  00:2:11 (hh:mm:ss) est. time remaining.
       72% completed,  00:2:11 (hh:mm:ss) est. time remaining.
       72% completed,  00:2:10 (hh:mm:ss) est. time remaining.
       72% completed,  00:2:09 (hh:mm:ss) est. time remaining.
       73% completed,  00:2:08 (hh:mm:ss) est. time remaining.
       73% completed,  00:2:08 (hh:mm:ss) est. time remaining.
       73% completed,  00:2:08 (hh:mm:ss) est. time remaining.
       73% completed,  00:2:07 (hh:mm:ss) est. time remaining.
       73% completed,  00:2:06 (hh:mm:ss) est. time remaining.
       73% completed,  00:2:06 (hh:mm:ss) est. time remaining.
       73% completed,  00:2:05 (hh:mm:ss) est. time remaining.
       74% completed,  00:2:05 (hh:mm:ss) est. time remaining.
       74% completed,  00:2:04 (hh:mm:ss) est. time remaining.
       74% completed,  00:2:03 (hh:mm:ss) est. time remaining.
       74% completed,  00:2:02 (hh:mm:ss) est. time remaining.
       74% completed,  00:2:02 (hh:mm:ss) est. time remaining.
       74% completed,  00:2:01 (hh:mm:ss) est. time remaining.
       74% completed,  00:2:00 (hh:mm:ss) est. time remaining.
       75% completed,  00:2:00 (hh:mm:ss) est. time remaining.
       75% completed,  00:1:59 (hh:mm:ss) est. time remaining.
       75% completed,  00:1:58 (hh:mm:ss) est. time remaining.
       75% completed,  00:1:58 (hh:mm:ss) est. time remaining.
       75% completed,  00:1:57 (hh:mm:ss) est. time remaining.
       75% completed,  00:1:57 (hh:mm:ss) est. time remaining.
       75% completed,  00:1:56 (hh:mm:ss) est. time remaining.
       76% completed,  00:1:56 (hh:mm:ss) est. time remaining.
       76% completed,  00:1:55 (hh:mm:ss) est. time remaining.
       76% completed,  00:1:55 (hh:mm:ss) est. time remaining.
       76% completed,  00:1:54 (hh:mm:ss) est. time remaining.
       76% completed,  00:1:53 (hh:mm:ss) est. time remaining.
       76% completed,  00:1:52 (hh:mm:ss) est. time remaining.
       76% completed,  00:1:52 (hh:mm:ss) est. time remaining.
       76% completed,  00:1:51 (hh:mm:ss) est. time remaining.
       76% completed,  00:1:50 (hh:mm:ss) est. time remaining.
       77% completed,  00:1:50 (hh:mm:ss) est. time remaining.
       77% completed,  00:1:49 (hh:mm:ss) est. time remaining.
       77% completed,  00:1:49 (hh:mm:ss) est. time remaining.
       77% completed,  00:1:49 (hh:mm:ss) est. time remaining.
       77% completed,  00:1:48 (hh:mm:ss) est. time remaining.
       77% completed,  00:1:48 (hh:mm:ss) est. time remaining.
       77% completed,  00:1:47 (hh:mm:ss) est. time remaining.
       77% completed,  00:1:46 (hh:mm:ss) est. time remaining.
       78% completed,  00:1:46 (hh:mm:ss) est. time remaining.
       78% completed,  00:1:45 (hh:mm:ss) est. time remaining.
       78% completed,  00:1:45 (hh:mm:ss) est. time remaining.
       78% completed,  00:1:44 (hh:mm:ss) est. time remaining.
       78% completed,  00:1:44 (hh:mm:ss) est. time remaining.
       78% completed,  00:1:43 (hh:mm:ss) est. time remaining.
       78% completed,  00:1:42 (hh:mm:ss) est. time remaining.
       78% completed,  00:1:41 (hh:mm:ss) est. time remaining.
       78% completed,  00:1:41 (hh:mm:ss) est. time remaining.
       79% completed,  00:1:40 (hh:mm:ss) est. time remaining.
       79% completed,  00:1:40 (hh:mm:ss) est. time remaining.
       79% completed,  00:1:40 (hh:mm:ss) est. time remaining.
       79% completed,  00:1:39 (hh:mm:ss) est. time remaining.
       79% completed,  00:1:39 (hh:mm:ss) est. time remaining.
       79% completed,  00:1:39 (hh:mm:ss) est. time remaining.
       79% completed,  00:1:38 (hh:mm:ss) est. time remaining.
       79% completed,  00:1:37 (hh:mm:ss) est. time remaining.
       79% completed,  00:1:37 (hh:mm:ss) est. time remaining.
       80% completed,  00:1:36 (hh:mm:ss) est. time remaining.
       80% completed,  00:1:36 (hh:mm:ss) est. time remaining.
       80% completed,  00:1:35 (hh:mm:ss) est. time remaining.
       80% completed,  00:1:35 (hh:mm:ss) est. time remaining.
       80% completed,  00:1:34 (hh:mm:ss) est. time remaining.
       80% completed,  00:1:33 (hh:mm:ss) est. time remaining.
       80% completed,  00:1:33 (hh:mm:ss) est. time remaining.
       80% completed,  00:1:33 (hh:mm:ss) est. time remaining.
       80% completed,  00:1:32 (hh:mm:ss) est. time remaining.
       80% completed,  00:1:32 (hh:mm:ss) est. time remaining.
       81% completed,  00:1:31 (hh:mm:ss) est. time remaining.
       81% completed,  00:1:30 (hh:mm:ss) est. time remaining.
       81% completed,  00:1:30 (hh:mm:ss) est. time remaining.
       81% completed,  00:1:28 (hh:mm:ss) est. time remaining.
       81% completed,  00:1:28 (hh:mm:ss) est. time remaining.
       81% completed,  00:1:27 (hh:mm:ss) est. time remaining.
       81% completed,  00:1:27 (hh:mm:ss) est. time remaining.
       82% completed,  00:1:26 (hh:mm:ss) est. time remaining.
       82% completed,  00:1:26 (hh:mm:ss) est. time remaining.
       82% completed,  00:1:25 (hh:mm:ss) est. time remaining.
       82% completed,  00:1:25 (hh:mm:ss) est. time remaining.
       82% completed,  00:1:24 (hh:mm:ss) est. time remaining.
       82% completed,  00:1:24 (hh:mm:ss) est. time remaining.
       82% completed,  00:1:23 (hh:mm:ss) est. time remaining.
       82% completed,  00:1:23 (hh:mm:ss) est. time remaining.
       82% completed,  00:1:22 (hh:mm:ss) est. time remaining.
       82% completed,  00:1:22 (hh:mm:ss) est. time remaining.
       83% completed,  00:1:21 (hh:mm:ss) est. time remaining.
       83% completed,  00:1:21 (hh:mm:ss) est. time remaining.
       83% completed,  00:1:21 (hh:mm:ss) est. time remaining.
       83% completed,  00:1:20 (hh:mm:ss) est. time remaining.
       83% completed,  00:1:20 (hh:mm:ss) est. time remaining.
       83% completed,  00:1:19 (hh:mm:ss) est. time remaining.
       83% completed,  00:1:19 (hh:mm:ss) est. time remaining.
       83% completed,  00:1:18 (hh:mm:ss) est. time remaining.
       83% completed,  00:1:18 (hh:mm:ss) est. time remaining.
       83% completed,  00:1:17 (hh:mm:ss) est. time remaining.
       83% completed,  00:1:17 (hh:mm:ss) est. time remaining.
       84% completed,  00:1:16 (hh:mm:ss) est. time remaining.
       84% completed,  00:1:16 (hh:mm:ss) est. time remaining.
       84% completed,  00:1:15 (hh:mm:ss) est. time remaining.
       84% completed,  00:1:15 (hh:mm:ss) est. time remaining.
       84% completed,  00:1:14 (hh:mm:ss) est. time remaining.
       84% completed,  00:1:14 (hh:mm:ss) est. time remaining.
       84% completed,  00:1:13 (hh:mm:ss) est. time remaining.
       84% completed,  00:1:13 (hh:mm:ss) est. time remaining.
       84% completed,  00:1:13 (hh:mm:ss) est. time remaining.
       84% completed,  00:1:12 (hh:mm:ss) est. time remaining.
       85% completed,  00:1:12 (hh:mm:ss) est. time remaining.
       85% completed,  00:1:11 (hh:mm:ss) est. time remaining.
       85% completed,  00:1:11 (hh:mm:ss) est. time remaining.
       85% completed,  00:1:10 (hh:mm:ss) est. time remaining.
       85% completed,  00:1:10 (hh:mm:ss) est. time remaining.
       85% completed,  00:1:09 (hh:mm:ss) est. time remaining.
       85% completed,  00:1:09 (hh:mm:ss) est. time remaining.
       85% completed,  00:1:09 (hh:mm:ss) est. time remaining.
       85% completed,  00:1:08 (hh:mm:ss) est. time remaining.
       85% completed,  00:1:08 (hh:mm:ss) est. time remaining.
       85% completed,  00:1:07 (hh:mm:ss) est. time remaining.
       86% completed,  00:1:07 (hh:mm:ss) est. time remaining.
       86% completed,  00:1:07 (hh:mm:ss) est. time remaining.
       86% completed,  00:1:06 (hh:mm:ss) est. time remaining.
       86% completed,  00:1:06 (hh:mm:ss) est. time remaining.
       86% completed,  00:1:05 (hh:mm:ss) est. time remaining.
       86% completed,  00:1:05 (hh:mm:ss) est. time remaining.
       86% completed,  00:1:04 (hh:mm:ss) est. time remaining.
       86% completed,  00:1:04 (hh:mm:ss) est. time remaining.
       86% completed,  00:1:03 (hh:mm:ss) est. time remaining.
       86% completed,  00:1:03 (hh:mm:ss) est. time remaining.
       86% completed,  00:1:03 (hh:mm:ss) est. time remaining.
       87% completed,  00:1:02 (hh:mm:ss) est. time remaining.
       87% completed,  00:1:02 (hh:mm:ss) est. time remaining.
       87% completed,  00:1:01 (hh:mm:ss) est. time remaining.
       87% completed,  00:1:01 (hh:mm:ss) est. time remaining.
       87% completed,  00:1:01 (hh:mm:ss) est. time remaining.
       87% completed,  00:1:00 (hh:mm:ss) est. time remaining.
       87% completed,  00:1:00 (hh:mm:ss) est. time remaining.
       87% completed,  00:0:59 (hh:mm:ss) est. time remaining.
       87% completed,  00:0:59 (hh:mm:ss) est. time remaining.
       87% completed,  00:0:58 (hh:mm:ss) est. time remaining.
       87% completed,  00:0:58 (hh:mm:ss) est. time remaining.
       87% completed,  00:0:58 (hh:mm:ss) est. time remaining.
       88% completed,  00:0:58 (hh:mm:ss) est. time remaining.
       88% completed,  00:0:57 (hh:mm:ss) est. time remaining.
       88% completed,  00:0:57 (hh:mm:ss) est. time remaining.
       88% completed,  00:0:56 (hh:mm:ss) est. time remaining.
       88% completed,  00:0:56 (hh:mm:ss) est. time remaining.
       88% completed,  00:0:55 (hh:mm:ss) est. time remaining.
       88% completed,  00:0:55 (hh:mm:ss) est. time remaining.
       88% completed,  00:0:55 (hh:mm:ss) est. time remaining.
       88% completed,  00:0:54 (hh:mm:ss) est. time remaining.
       88% completed,  00:0:54 (hh:mm:ss) est. time remaining.
       88% completed,  00:0:53 (hh:mm:ss) est. time remaining.
       88% completed,  00:0:53 (hh:mm:ss) est. time remaining.
       89% completed,  00:0:53 (hh:mm:ss) est. time remaining.
       89% completed,  00:0:52 (hh:mm:ss) est. time remaining.
       89% completed,  00:0:52 (hh:mm:ss) est. time remaining.
       89% completed,  00:0:51 (hh:mm:ss) est. time remaining.
       89% completed,  00:0:51 (hh:mm:ss) est. time remaining.
       89% completed,  00:0:51 (hh:mm:ss) est. time remaining.
       89% completed,  00:0:50 (hh:mm:ss) est. time remaining.
       89% completed,  00:0:50 (hh:mm:ss) est. time remaining.
       89% completed,  00:0:50 (hh:mm:ss) est. time remaining.
       89% completed,  00:0:49 (hh:mm:ss) est. time remaining.
       89% completed,  00:0:49 (hh:mm:ss) est. time remaining.
       89% completed,  00:0:49 (hh:mm:ss) est. time remaining.
       89% completed,  00:0:48 (hh:mm:ss) est. time remaining.
       90% completed,  00:0:48 (hh:mm:ss) est. time remaining.
       90% completed,  00:0:47 (hh:mm:ss) est. time remaining.
       90% completed,  00:0:47 (hh:mm:ss) est. time remaining.
       90% completed,  00:0:47 (hh:mm:ss) est. time remaining.
       90% completed,  00:0:46 (hh:mm:ss) est. time remaining.
       90% completed,  00:0:46 (hh:mm:ss) est. time remaining.
       90% completed,  00:0:45 (hh:mm:ss) est. time remaining.
       90% completed,  00:0:45 (hh:mm:ss) est. time remaining.
       90% completed,  00:0:45 (hh:mm:ss) est. time remaining.
       90% completed,  00:0:44 (hh:mm:ss) est. time remaining.
       90% completed,  00:0:44 (hh:mm:ss) est. time remaining.
       90% completed,  00:0:43 (hh:mm:ss) est. time remaining.
       91% completed,  00:0:43 (hh:mm:ss) est. time remaining.
       91% completed,  00:0:43 (hh:mm:ss) est. time remaining.
       91% completed,  00:0:42 (hh:mm:ss) est. time remaining.
       91% completed,  00:0:42 (hh:mm:ss) est. time remaining.
       91% completed,  00:0:42 (hh:mm:ss) est. time remaining.
       91% completed,  00:0:41 (hh:mm:ss) est. time remaining.
       91% completed,  00:0:41 (hh:mm:ss) est. time remaining.
       91% completed,  00:0:41 (hh:mm:ss) est. time remaining.
       91% completed,  00:0:40 (hh:mm:ss) est. time remaining.
       91% completed,  00:0:40 (hh:mm:ss) est. time remaining.
       91% completed,  00:0:40 (hh:mm:ss) est. time remaining.
       91% completed,  00:0:39 (hh:mm:ss) est. time remaining.
       91% completed,  00:0:39 (hh:mm:ss) est. time remaining.
       91% completed,  00:0:39 (hh:mm:ss) est. time remaining.
       92% completed,  00:0:38 (hh:mm:ss) est. time remaining.
       92% completed,  00:0:38 (hh:mm:ss) est. time remaining.
       92% completed,  00:0:38 (hh:mm:ss) est. time remaining.
       92% completed,  00:0:37 (hh:mm:ss) est. time remaining.
       92% completed,  00:0:37 (hh:mm:ss) est. time remaining.
       92% completed,  00:0:36 (hh:mm:ss) est. time remaining.
       92% completed,  00:0:36 (hh:mm:ss) est. time remaining.
       92% completed,  00:0:35 (hh:mm:ss) est. time remaining.
       92% completed,  00:0:35 (hh:mm:ss) est. time remaining.
       92% completed,  00:0:35 (hh:mm:ss) est. time remaining.
       92% completed,  00:0:34 (hh:mm:ss) est. time remaining.
       92% completed,  00:0:34 (hh:mm:ss) est. time remaining.
       92% completed,  00:0:34 (hh:mm:ss) est. time remaining.
       93% completed,  00:0:33 (hh:mm:ss) est. time remaining.
       93% completed,  00:0:33 (hh:mm:ss) est. time remaining.
       93% completed,  00:0:33 (hh:mm:ss) est. time remaining.
       93% completed,  00:0:33 (hh:mm:ss) est. time remaining.
       93% completed,  00:0:32 (hh:mm:ss) est. time remaining.
       93% completed,  00:0:32 (hh:mm:ss) est. time remaining.
       93% completed,  00:0:32 (hh:mm:ss) est. time remaining.
       93% completed,  00:0:31 (hh:mm:ss) est. time remaining.
       93% completed,  00:0:31 (hh:mm:ss) est. time remaining.
       93% completed,  00:0:31 (hh:mm:ss) est. time remaining.
       93% completed,  00:0:30 (hh:mm:ss) est. time remaining.
       93% completed,  00:0:30 (hh:mm:ss) est. time remaining.
       93% completed,  00:0:30 (hh:mm:ss) est. time remaining.
       93% completed,  00:0:30 (hh:mm:ss) est. time remaining.
       93% completed,  00:0:29 (hh:mm:ss) est. time remaining.
       93% completed,  00:0:29 (hh:mm:ss) est. time remaining.
       93% completed,  00:0:29 (hh:mm:ss) est. time remaining.
       94% completed,  00:0:28 (hh:mm:ss) est. time remaining.
       94% completed,  00:0:28 (hh:mm:ss) est. time remaining.
       94% completed,  00:0:28 (hh:mm:ss) est. time remaining.
       94% completed,  00:0:28 (hh:mm:ss) est. time remaining.
       94% completed,  00:0:27 (hh:mm:ss) est. time remaining.
       94% completed,  00:0:27 (hh:mm:ss) est. time remaining.
       94% completed,  00:0:27 (hh:mm:ss) est. time remaining.
       94% completed,  00:0:26 (hh:mm:ss) est. time remaining.
       94% completed,  00:0:26 (hh:mm:ss) est. time remaining.
       94% completed,  00:0:26 (hh:mm:ss) est. time remaining.
       94% completed,  00:0:26 (hh:mm:ss) est. time remaining.
       94% completed,  00:0:25 (hh:mm:ss) est. time remaining.
       94% completed,  00:0:25 (hh:mm:ss) est. time remaining.
       94% completed,  00:0:25 (hh:mm:ss) est. time remaining.
       94% completed,  00:0:25 (hh:mm:ss) est. time remaining.
       94% completed,  00:0:24 (hh:mm:ss) est. time remaining.
       94% completed,  00:0:24 (hh:mm:ss) est. time remaining.
       95% completed,  00:0:24 (hh:mm:ss) est. time remaining.
       95% completed,  00:0:23 (hh:mm:ss) est. time remaining.
       95% completed,  00:0:23 (hh:mm:ss) est. time remaining.
       95% completed,  00:0:23 (hh:mm:ss) est. time remaining.
       95% completed,  00:0:23 (hh:mm:ss) est. time remaining.
       95% completed,  00:0:22 (hh:mm:ss) est. time remaining.
       95% completed,  00:0:22 (hh:mm:ss) est. time remaining.
       95% completed,  00:0:22 (hh:mm:ss) est. time remaining.
       95% completed,  00:0:22 (hh:mm:ss) est. time remaining.
       95% completed,  00:0:21 (hh:mm:ss) est. time remaining.
       95% completed,  00:0:21 (hh:mm:ss) est. time remaining.
       95% completed,  00:0:21 (hh:mm:ss) est. time remaining.
       95% completed,  00:0:21 (hh:mm:ss) est. time remaining.
       95% completed,  00:0:20 (hh:mm:ss) est. time remaining.
       95% completed,  00:0:20 (hh:mm:ss) est. time remaining.
       95% completed,  00:0:20 (hh:mm:ss) est. time remaining.
       95% completed,  00:0:20 (hh:mm:ss) est. time remaining.
       95% completed,  00:0:20 (hh:mm:ss) est. time remaining.
       95% completed,  00:0:19 (hh:mm:ss) est. time remaining.
       95% completed,  00:0:19 (hh:mm:ss) est. time remaining.
       96% completed,  00:0:19 (hh:mm:ss) est. time remaining.
       96% completed,  00:0:19 (hh:mm:ss) est. time remaining.
       96% completed,  00:0:18 (hh:mm:ss) est. time remaining.
       96% completed,  00:0:18 (hh:mm:ss) est. time remaining.
       96% completed,  00:0:18 (hh:mm:ss) est. time remaining.
       96% completed,  00:0:18 (hh:mm:ss) est. time remaining.
       96% completed,  00:0:17 (hh:mm:ss) est. time remaining.
       96% completed,  00:0:17 (hh:mm:ss) est. time remaining.
       96% completed,  00:0:17 (hh:mm:ss) est. time remaining.
       96% completed,  00:0:17 (hh:mm:ss) est. time remaining.
       96% completed,  00:0:17 (hh:mm:ss) est. time remaining.
       96% completed,  00:0:16 (hh:mm:ss) est. time remaining.
       96% completed,  00:0:16 (hh:mm:ss) est. time remaining.
       96% completed,  00:0:16 (hh:mm:ss) est. time remaining.
       96% completed,  00:0:16 (hh:mm:ss) est. time remaining.
       96% completed,  00:0:15 (hh:mm:ss) est. time remaining.
       96% completed,  00:0:15 (hh:mm:ss) est. time remaining.
       96% completed,  00:0:15 (hh:mm:ss) est. time remaining.
       96% completed,  00:0:15 (hh:mm:ss) est. time remaining.
       96% completed,  00:0:15 (hh:mm:ss) est. time remaining.
       96% completed,  00:0:14 (hh:mm:ss) est. time remaining.
       96% completed,  00:0:14 (hh:mm:ss) est. time remaining.
       97% completed,  00:0:14 (hh:mm:ss) est. time remaining.
       97% completed,  00:0:14 (hh:mm:ss) est. time remaining.
       97% completed,  00:0:14 (hh:mm:ss) est. time remaining.
       97% completed,  00:0:13 (hh:mm:ss) est. time remaining.
       97% completed,  00:0:13 (hh:mm:ss) est. time remaining.
       97% completed,  00:0:13 (hh:mm:ss) est. time remaining.
       97% completed,  00:0:13 (hh:mm:ss) est. time remaining.
       97% completed,  00:0:13 (hh:mm:ss) est. time remaining.
       97% completed,  00:0:12 (hh:mm:ss) est. time remaining.
       97% completed,  00:0:12 (hh:mm:ss) est. time remaining.
       97% completed,  00:0:12 (hh:mm:ss) est. time remaining.
       97% completed,  00:0:12 (hh:mm:ss) est. time remaining.
       97% completed,  00:0:12 (hh:mm:ss) est. time remaining.
       97% completed,  00:0:11 (hh:mm:ss) est. time remaining.
       97% completed,  00:0:11 (hh:mm:ss) est. time remaining.
       97% completed,  00:0:11 (hh:mm:ss) est. time remaining.
       97% completed,  00:0:11 (hh:mm:ss) est. time remaining.
       97% completed,  00:0:11 (hh:mm:ss) est. time remaining.
       97% completed,  00:0:11 (hh:mm:ss) est. time remaining.
       97% completed,  00:0:10 (hh:mm:ss) est. time remaining.
       97% completed,  00:0:10 (hh:mm:ss) est. time remaining.
       97% completed,  00:0:10 (hh:mm:ss) est. time remaining.
       97% completed,  00:0:10 (hh:mm:ss) est. time remaining.
       97% completed,  00:0:10 (hh:mm:ss) est. time remaining.
       97% completed,  00:0:10 (hh:mm:ss) est. time remaining.
       97% completed,  00:0:09 (hh:mm:ss) est. time remaining.
       98% completed,  00:0:09 (hh:mm:ss) est. time remaining.
       98% completed,  00:0:09 (hh:mm:ss) est. time remaining.
       98% completed,  00:0:09 (hh:mm:ss) est. time remaining.
       98% completed,  00:0:09 (hh:mm:ss) est. time remaining.
       98% completed,  00:0:09 (hh:mm:ss) est. time remaining.
       98% completed,  00:0:08 (hh:mm:ss) est. time remaining.
       98% completed,  00:0:08 (hh:mm:ss) est. time remaining.
       98% completed,  00:0:08 (hh:mm:ss) est. time remaining.
       98% completed,  00:0:08 (hh:mm:ss) est. time remaining.
       98% completed,  00:0:08 (hh:mm:ss) est. time remaining.
       98% completed,  00:0:08 (hh:mm:ss) est. time remaining.
       98% completed,  00:0:07 (hh:mm:ss) est. time remaining.
       98% completed,  00:0:07 (hh:mm:ss) est. time remaining.
       98% completed,  00:0:07 (hh:mm:ss) est. time remaining.
       98% completed,  00:0:07 (hh:mm:ss) est. time remaining.
       98% completed,  00:0:07 (hh:mm:ss) est. time remaining.
       98% completed,  00:0:07 (hh:mm:ss) est. time remaining.
       98% completed,  00:0:07 (hh:mm:ss) est. time remaining.
       98% completed,  00:0:06 (hh:mm:ss) est. time remaining.
       98% completed,  00:0:06 (hh:mm:ss) est. time remaining.
       98% completed,  00:0:06 (hh:mm:ss) est. time remaining.
       98% completed,  00:0:06 (hh:mm:ss) est. time remaining.
       98% completed,  00:0:06 (hh:mm:ss) est. time remaining.
       98% completed,  00:0:06 (hh:mm:ss) est. time remaining.
       98% completed,  00:0:06 (hh:mm:ss) est. time remaining.
       98% completed,  00:0:06 (hh:mm:ss) est. time remaining.
       98% completed,  00:0:05 (hh:mm:ss) est. time remaining.
       98% completed,  00:0:05 (hh:mm:ss) est. time remaining.
       98% completed,  00:0:05 (hh:mm:ss) est. time remaining.
       98% completed,  00:0:05 (hh:mm:ss) est. time remaining.
       98% completed,  00:0:05 (hh:mm:ss) est. time remaining.
       98% completed,  00:0:05 (hh:mm:ss) est. time remaining.
       98% completed,  00:0:05 (hh:mm:ss) est. time remaining.
       98% completed,  00:0:05 (hh:mm:ss) est. time remaining.
       98% completed,  00:0:04 (hh:mm:ss) est. time remaining.
       99% completed,  00:0:04 (hh:mm:ss) est. time remaining.
       99% completed,  00:0:04 (hh:mm:ss) est. time remaining.
       99% completed,  00:0:04 (hh:mm:ss) est. time remaining.
       99% completed,  00:0:04 (hh:mm:ss) est. time remaining.
       99% completed,  00:0:04 (hh:mm:ss) est. time remaining.
       99% completed,  00:0:04 (hh:mm:ss) est. time remaining.
       99% completed,  00:0:04 (hh:mm:ss) est. time remaining.
       99% completed,  00:0:04 (hh:mm:ss) est. time remaining.
       99% completed,  00:0:03 (hh:mm:ss) est. time remaining.
       99% completed,  00:0:03 (hh:mm:ss) est. time remaining.
       99% completed,  00:0:03 (hh:mm:ss) est. time remaining.
       99% completed,  00:0:03 (hh:mm:ss) est. time remaining.
       99% completed,  00:0:03 (hh:mm:ss) est. time remaining.
       99% completed,  00:0:03 (hh:mm:ss) est. time remaining.
       99% completed,  00:0:03 (hh:mm:ss) est. time remaining.
       99% completed,  00:0:03 (hh:mm:ss) est. time remaining.
       99% completed,  00:0:03 (hh:mm:ss) est. time remaining.
       99% completed,  00:0:03 (hh:mm:ss) est. time remaining.
       99% completed,  00:0:02 (hh:mm:ss) est. time remaining.
       99% completed,  00:0:02 (hh:mm:ss) est. time remaining.
       99% completed,  00:0:02 (hh:mm:ss) est. time remaining.
       99% completed,  00:0:02 (hh:mm:ss) est. time remaining.
       99% completed,  00:0:02 (hh:mm:ss) est. time remaining.
       99% completed,  00:0:02 (hh:mm:ss) est. time remaining.
       99% completed,  00:0:02 (hh:mm:ss) est. time remaining.
       99% completed,  00:0:02 (hh:mm:ss) est. time remaining.
       99% completed,  00:0:02 (hh:mm:ss) est. time remaining.
       99% completed,  00:0:02 (hh:mm:ss) est. time remaining.
       99% completed,  00:0:02 (hh:mm:ss) est. time remaining.
       99% completed,  00:0:01 (hh:mm:ss) est. time remaining.
       99% completed,  00:0:01 (hh:mm:ss) est. time remaining.
       99% completed,  00:0:01 (hh:mm:ss) est. time remaining.
       99% completed,  00:0:01 (hh:mm:ss) est. time remaining.
       99% completed,  00:0:01 (hh:mm:ss) est. time remaining.
       99% completed,  00:0:01 (hh:mm:ss) est. time remaining.
       99% completed,  00:0:01 (hh:mm:ss) est. time remaining.
       99% completed,  00:0:01 (hh:mm:ss) est. time remaining.
       99% completed,  00:0:01 (hh:mm:ss) est. time remaining.
       99% completed,  00:0:01 (hh:mm:ss) est. time remaining.
       99% completed,  00:0:01 (hh:mm:ss) est. time remaining.
       99% completed,  00:0:01 (hh:mm:ss) est. time remaining.
       99% completed,  00:0:01 (hh:mm:ss) est. time remaining.
       99% completed,  00:0:01 (hh:mm:ss) est. time remaining.
       99% completed,  00:0:00 (hh:mm:ss) est. time remaining.
       99% completed,  00:0:00 (hh:mm:ss) est. time remaining.
       99% completed,  00:0:00 (hh:mm:ss) est. time remaining.
       99% completed,  00:0:00 (hh:mm:ss) est. time remaining.
       99% completed,  00:0:00 (hh:mm:ss) est. time remaining.
       99% completed,  00:0:00 (hh:mm:ss) est. time remaining.
       99% completed,  00:0:00 (hh:mm:ss) est. time remaining.
       99% completed,  00:0:00 (hh:mm:ss) est. time remaining.
       99% completed,  00:0:00 (hh:mm:ss) est. time remaining.
       99% completed,  00:0:00 (hh:mm:ss) est. time remaining.
       99% completed,  00:0:00 (hh:mm:ss) est. time remaining.
       99% completed,  00:0:00 (hh:mm:ss) est. time remaining.
       99% completed,  00:0:00 (hh:mm:ss) est. time remaining.
       99% completed,  00:0:00 (hh:mm:ss) est. time remaining.
       99% completed,  00:0:00 (hh:mm:ss) est. time remaining.
       99% completed,  00:0:00 (hh:mm:ss) est. time remaining.
       99% completed,  00:0:00 (hh:mm:ss) est. time remaining.
       99% completed,  00:0:00 (hh:mm:ss) est. time remaining.
       99% completed,  00:0:00 (hh:mm:ss) est. time remaining.
       99% completed,  00:0:00 (hh:mm:ss) est. time remaining.
       99% completed,  00:0:00 (hh:mm:ss) est. time remaining.
       99% completed,  00:0:00 (hh:mm:ss) est. time remaining.
       99% completed,  00:0:00 (hh:mm:ss) est. time remaining.
       99% completed,  00:0:00 (hh:mm:ss) est. time remaining.
       99% completed,  00:0:00 (hh:mm:ss) est. time remaining.
       99% completed,  00:0:00 (hh:mm:ss) est. time remaining.
       99% completed,  00:0:00 (hh:mm:ss) est. time remaining.
       99% completed,  00:0:00 (hh:mm:ss) est. time remaining.
       99% completed,  00:0:00 (hh:mm:ss) est. time remaining.
       99% completed,  00:0:00 (hh:mm:ss) est. time remaining.
       99% completed,  00:0:00 (hh:mm:ss) est. time remaining.
       99% completed,  00:0:00 (hh:mm:ss) est. time remaining.
       99% completed,  00:0:00 (hh:mm:ss) est. time remaining.
       99% completed,  00:0:00 (hh:mm:ss) est. time remaining.
       99% completed,  00:0:00 (hh:mm:ss) est. time remaining.
      100% completed,  00:0:00 (hh:mm:ss) est. time remaining.
Comparison Time: 00:08:11 (hh:mm:ss) Elapsed Time, 20214 HSPs Collected
  - RECON: Running imagespread..
RECON Elapsed: 00:00:00 (hh:mm:ss) Elapsed Time
  - RECON: Running initial definition of elements ( eledef )..
RECON Elapsed: 00:00:02 (hh:mm:ss) Elapsed Time
  - RECON: Running re-definition of elements ( eleredef )..
RECON Elapsed: 00:00:46 (hh:mm:ss) Elapsed Time
  - RECON: Running re-definition of edges ( edgeredef )..
RECON Elapsed: 00:01:21 (hh:mm:ss) Elapsed Time
  - RECON: Running family definition ( famdef )..
RECON Elapsed: 00:00:01 (hh:mm:ss) Elapsed Time
  - Obtaining element sequences
Number of families returned by RECON: 2939
Processing families with greater than 15 elements

Processing RECON family: 72
  - Saving 162 elements
  - Refining family-72 model...

Processing RECON family: 1
  - Saving 37 elements
  - Refining family-1 model...

Processing RECON family: 147
  - Saving 25 elements
  - Refining family-147 model...

Processing RECON family: 1937
  - Saving 19 elements
  - Refining family-1937 model...

Processing RECON family: 2090
  - Saving 17 elements
  - Refining family-2090 model...

Processing RECON family: 130
  - Saving 17 elements
  - Refining family-130 model...

Processing RECON family: 170
  - Saving 17 elements
  - Refining family-170 model...

Processing RECON family: 887
  - Saving 17 elements
  - Refining family-887 model...

Processing RECON family: 1016
  - Saving 17 elements
  - Refining family-1016 model...

Processing RECON family: 162
  - Saving 17 elements
  - Refining family-162 model...

Processing RECON family: 907
  - Saving 16 elements
  - Refining family-907 model...

Processing RECON family: 856
  - Saving 16 elements
  - Refining family-856 model...
Family Refinement: 00:00:31 (hh:mm:ss) Elapsed Time
Round Time: 00:13:24 (hh:mm:ss) Elapsed Time

RepeatScout/RECON discovery complete: 188 families found


LTR Structural Analysis
=======================
Running LtrHarvest...     : 00:02:01 (hh:mm:ss) Elapsed Time
Running Ltr_retriever...LTRPipeline: No results after LTR_Retriever filtering.
LTRPipeline Time: 00:02:03 (hh:mm:ss) Elapsed Time


RepeatClassifier Version 2.0.1
======================================
Search Engine = rmblast
  - Looking for Simple and Low Complexity sequences..
  - Looking for similarity to known repeat proteins..
  - Looking for similarity to known repeat consensi..
Classification Time: 00:03:50 (hh:mm:ss) Elapsed Time


Program Time: 00:59:15 (hh:mm:ss) Elapsed Time
Working directory:  /scratch/timothy/projects/0031_Coral_genomes/03_Analysis/2022-02-03/outgroup_genomes/Monosiga_brevicollis_CCBMv1/04_RepeatModeler/RM_2542510.FriApr71236172023
may be deleted unless there were problems with the run.

The results have been saved to:
  Monosiga_brevicollis_CCBMv1.assembly.fasta.RMDB-families.fa  - Consensus sequences for each family identified.
  Monosiga_brevicollis_CCBMv1.assembly.fasta.RMDB-families.stk - Seed alignments for each family identified.

The RepeatModeler stockholm file is formatted so that it can
easily be submitted to the Dfam database.  Please consider contributing
curated families to this open database and be a part of this growing
community resource.  For more information contact help@dfam.org.


