This is cutadapt 3.5 with Python 3.9.9
Command line parameters: -q 20 --minimum-length 25 --cores 24 -a AGATCGGAAGAGCACACGTCTGAACTCCAGTCA -A AGATCGGAAGAGCGTCGTGTAGGGAAAGAGTGT -o SRR16077714_trimmed_R1.fastq.gz -p SRR16077714_trimmed_R2.fastq.gz SRR16077714_R1.fastq.gz SRR16077714_R2.fastq.gz
Processing reads on 24 cores in paired-end mode ...
Finished in 612.02 s (8 µs/read; 7.47 M reads/minute).

=== Summary ===

Total read pairs processed:         76,183,449
  Read 1 with adapter:               2,111,019 (2.8%)
  Read 2 with adapter:               2,141,581 (2.8%)

== Read fate breakdown ==
Pairs that were too short:              64,799 (0.1%)
Pairs written (passing filters):    76,118,650 (99.9%)

Total basepairs processed: 23,007,401,598 bp
  Read 1: 11,503,700,799 bp
  Read 2: 11,503,700,799 bp
Quality-trimmed:              46,829,588 bp (0.2%)
  Read 1:    14,879,294 bp
  Read 2:    31,950,294 bp
Total written (filtered):  22,924,106,921 bp (99.6%)
  Read 1: 11,467,450,035 bp
  Read 2: 11,456,656,886 bp

=== First read: Adapter 1 ===

Sequence: AGATCGGAAGAGCACACGTCTGAACTCCAGTCA; Type: regular 3'; Length: 33; Trimmed: 2111019 times

Minimum overlap: 3
No. of allowed errors:
1-9 bp: 0; 10-19 bp: 1; 20-29 bp: 2; 30-33 bp: 3

Bases preceding removed adapters:
  A: 35.5%
  C: 22.0%
  G: 22.6%
  T: 19.9%
  none/other: 0.1%

Overview of removed sequences
length	count	expect	max.err	error counts
3	1479963	1190366.4	0	1479963
4	356095	297591.6	0	356095
5	72937	74397.9	0	72937
6	15608	18599.5	0	15608
7	7220	4649.9	0	7220
8	6635	1162.5	0	6635
9	7142	290.6	0	5873 1269
10	7425	72.7	1	5205 2220
11	6670	18.2	1	5429 1241
12	5741	4.5	1	5237 504
13	5102	1.1	1	4752 350
14	5430	0.3	1	5020 410
15	4945	0.1	1	4663 282
16	4989	0.0	1	4642 347
17	5192	0.0	1	4768 424
18	4689	0.0	1	4444 241 4
19	3963	0.0	1	3749 198 16
20	4382	0.0	2	3999 260 123
21	4376	0.0	2	3951 271 154
22	3817	0.0	2	3541 203 73
23	4187	0.0	2	3745 286 156
24	4052	0.0	2	3601 286 165
25	3671	0.0	2	3340 207 124
26	3267	0.0	2	2961 208 98
27	3629	0.0	2	3196 296 132 5
28	3243	0.0	2	2927 222 93 1
29	3236	0.0	2	2817 275 140 4
30	3117	0.0	3	2797 188 73 59
31	2671	0.0	3	2343 188 78 62
32	2734	0.0	3	2397 169 92 76
33	2648	0.0	3	2252 225 103 68
34	2607	0.0	3	2238 189 89 91
35	2795	0.0	3	2312 240 139 104
36	2061	0.0	3	1774 146 72 69
37	2286	0.0	3	1918 184 92 92
38	2353	0.0	3	1984 191 96 82
39	2127	0.0	3	1700 187 129 111
40	2233	0.0	3	1779 227 127 100
41	1796	0.0	3	1491 144 78 83
42	1848	0.0	3	1523 154 95 76
43	2301	0.0	3	1729 260 166 146
44	1827	0.0	3	1349 226 142 110
45	3015	0.0	3	2501 252 148 114
46	801	0.0	3	492 126 101 82
47	1164	0.0	3	929 119 59 57
48	2123	0.0	3	1738 185 107 93
49	1258	0.0	3	987 137 75 59
50	955	0.0	3	709 124 67 55
51	1543	0.0	3	1260 133 81 69
52	1031	0.0	3	808 102 59 62
53	814	0.0	3	639 84 48 43
54	1111	0.0	3	896 100 56 59
55	1629	0.0	3	1408 121 56 44
56	750	0.0	3	580 97 34 39
57	820	0.0	3	676 79 28 37
58	586	0.0	3	478 48 34 26
59	872	0.0	3	730 67 37 38
60	354	0.0	3	265 37 28 24
61	313	0.0	3	197 53 34 29
62	877	0.0	3	739 75 43 20
63	498	0.0	3	411 40 19 28
64	309	0.0	3	200 46 33 30
65	432	0.0	3	328 49 23 32
66	767	0.0	3	610 71 41 45
67	348	0.0	3	214 62 31 41
68	552	0.0	3	405 61 48 38
69	481	0.0	3	363 50 33 35
70	418	0.0	3	313 42 35 28
71	114	0.0	3	43 23 24 24
72	183	0.0	3	113 34 20 16
73	305	0.0	3	218 43 16 28
74	345	0.0	3	243 44 26 32
75	371	0.0	3	261 43 28 39
76	368	0.0	3	265 46 33 24
77	400	0.0	3	273 54 38 35
78	398	0.0	3	277 64 24 33
79	363	0.0	3	252 43 33 35
80	382	0.0	3	251 64 39 28
81	368	0.0	3	230 56 47 35
82	378	0.0	3	258 53 36 31
83	337	0.0	3	229 52 32 24
84	381	0.0	3	239 72 31 39
85	324	0.0	3	196 53 41 34
86	290	0.0	3	172 48 40 30
87	322	0.0	3	199 50 35 38
88	303	0.0	3	188 51 30 34
89	277	0.0	3	162 50 38 27
90	288	0.0	3	192 51 27 18
91	280	0.0	3	161 53 34 32
92	286	0.0	3	185 43 35 23
93	252	0.0	3	147 40 24 41
94	235	0.0	3	141 37 24 33
95	220	0.0	3	127 43 29 21
96	219	0.0	3	131 32 29 27
97	250	0.0	3	134 56 39 21
98	223	0.0	3	108 53 33 29
99	225	0.0	3	124 43 24 34
100	208	0.0	3	123 37 26 22
101	215	0.0	3	121 39 22 33
102	211	0.0	3	119 37 27 28
103	191	0.0	3	98 43 33 17
104	183	0.0	3	108 31 26 18
105	179	0.0	3	96 33 24 26
106	169	0.0	3	98 34 20 17
107	165	0.0	3	101 31 16 17
108	147	0.0	3	81 32 17 17
109	166	0.0	3	91 24 21 30
110	157	0.0	3	83 26 23 25
111	133	0.0	3	79 19 20 15
112	146	0.0	3	80 29 21 16
113	137	0.0	3	81 22 18 16
114	136	0.0	3	70 25 28 13
115	111	0.0	3	63 33 9 6
116	117	0.0	3	63 26 14 14
117	117	0.0	3	81 24 5 7
118	102	0.0	3	71 17 9 5
119	102	0.0	3	56 22 9 15
120	91	0.0	3	51 17 13 10
121	76	0.0	3	53 12 7 4
122	100	0.0	3	54 20 8 18
123	94	0.0	3	58 17 10 9
124	80	0.0	3	50 12 9 9
125	81	0.0	3	49 13 12 7
126	63	0.0	3	34 14 8 7
127	88	0.0	3	57 15 7 9
128	50	0.0	3	32 11 4 3
129	60	0.0	3	42 6 8 4
130	51	0.0	3	41 4 5 1
131	60	0.0	3	50 4 5 1
132	41	0.0	3	30 5 3 3
133	42	0.0	3	40 0 2
134	31	0.0	3	27 3 1
135	44	0.0	3	34 5 2 3
136	30	0.0	3	27 3
137	28	0.0	3	26 0 1 1
138	32	0.0	3	28 1 3
139	20	0.0	3	20
140	13	0.0	3	13
141	15	0.0	3	15
142	23	0.0	3	22 0 0 1
143	14	0.0	3	13 1
144	17	0.0	3	15 1 1
145	14	0.0	3	13 1
146	14	0.0	3	14
147	28	0.0	3	26 2
148	7	0.0	3	7
149	16	0.0	3	15 0 1
150	10	0.0	3	9 1
151	1076	0.0	3	24 1002 43 7


=== Second read: Adapter 2 ===

Sequence: AGATCGGAAGAGCGTCGTGTAGGGAAAGAGTGT; Type: regular 3'; Length: 33; Trimmed: 2141581 times

Minimum overlap: 3
No. of allowed errors:
1-9 bp: 0; 10-19 bp: 1; 20-29 bp: 2; 30-33 bp: 3

Bases preceding removed adapters:
  A: 35.1%
  C: 22.0%
  G: 22.7%
  T: 20.2%
  none/other: 0.0%

Overview of removed sequences
length	count	expect	max.err	error counts
3	1474945	1190366.4	0	1474945
4	357824	297591.6	0	357824
5	73054	74397.9	0	73054
6	16239	18599.5	0	16239
7	7774	4649.9	0	7774
8	7341	1162.5	0	7341
9	7238	290.6	0	5991 1247
10	8194	72.7	1	5891 2303
11	7096	18.2	1	5630 1466
12	6453	4.5	1	5657 796
13	5888	1.1	1	5324 564
14	6400	0.3	1	5851 549
15	4830	0.1	1	4478 352
16	5186	0.0	1	4853 333
17	6214	0.0	1	5714 500
18	3735	0.0	1	3473 245 17
19	5496	0.0	1	4978 514 4
20	4632	0.0	2	4092 353 187
21	4109	0.0	2	3615 334 160
22	4398	0.0	2	3822 400 176
23	4419	0.0	2	3807 406 206
24	4386	0.0	2	3758 413 215
25	4396	0.0	2	3767 423 206
26	3692	0.0	2	3173 344 175
27	3682	0.0	2	3130 367 183 2
28	3615	0.0	2	3118 342 149 6
29	3415	0.0	2	2856 354 200 5
30	3352	0.0	3	2710 349 161 132
31	3398	0.0	3	2774 331 160 133
32	2973	0.0	3	2445 275 127 126
33	3198	0.0	3	2544 323 172 159
34	3001	0.0	3	2345 304 189 163
35	2764	0.0	3	2191 296 148 129
36	2655	0.0	3	2117 278 141 119
37	2669	0.0	3	2084 289 180 116
38	2516	0.0	3	1938 301 155 122
39	2464	0.0	3	1934 262 145 123
40	2628	0.0	3	2053 272 167 136
41	1692	0.0	3	1354 160 102 76
42	2225	0.0	3	1694 270 147 114
43	1930	0.0	3	1507 230 108 85
44	1935	0.0	3	1454 247 130 104
45	1908	0.0	3	1473 210 111 114
46	2052	0.0	3	1434 279 170 169
47	1635	0.0	3	1222 206 114 93
48	1707	0.0	3	1203 249 133 122
49	1795	0.0	3	1213 275 154 153
50	1479	0.0	3	1056 206 130 87
51	1460	0.0	3	1067 182 103 108
52	1431	0.0	3	1007 197 121 106
53	1450	0.0	3	981 203 149 117
54	1532	0.0	3	1035 222 142 133
55	1131	0.0	3	812 140 84 95
56	1390	0.0	3	889 223 144 134
57	1701	0.0	3	1091 274 189 147
58	982	0.0	3	615 157 111 99
59	1000	0.0	3	707 156 64 73
60	1326	0.0	3	838 210 152 126
61	1090	0.0	3	713 171 113 93
62	861	0.0	3	574 136 83 68
63	1738	0.0	3	1100 301 196 141
64	754	0.0	3	440 125 110 79
65	962	0.0	3	649 143 85 85
66	709	0.0	3	445 126 72 66
67	866	0.0	3	550 166 74 76
68	1034	0.0	3	623 205 105 101
69	813	0.0	3	509 135 96 73
70	831	0.0	3	519 153 98 61
71	836	0.0	3	511 147 88 90
72	877	0.0	3	529 165 101 82
73	1132	0.0	3	712 206 126 88
74	864	0.0	3	534 142 92 96
75	582	0.0	3	340 107 68 67
76	273	0.0	3	149 47 41 36
77	477	0.0	3	296 86 47 48
78	569	0.0	3	352 101 68 48
79	563	0.0	3	354 85 78 46
80	605	0.0	3	373 109 75 48
81	624	0.0	3	353 135 81 55
82	629	0.0	3	362 122 74 71
83	598	0.0	3	334 113 89 62
84	633	0.0	3	367 116 69 81
85	609	0.0	3	323 118 92 76
86	536	0.0	3	271 117 71 77
87	572	0.0	3	319 115 74 64
88	504	0.0	3	284 94 64 62
89	485	0.0	3	249 106 77 53
90	484	0.0	3	256 96 72 60
91	508	0.0	3	251 118 79 60
92	486	0.0	3	281 95 56 54
93	464	0.0	3	236 91 79 58
94	430	0.0	3	218 98 56 58
95	430	0.0	3	207 89 84 50
96	421	0.0	3	194 102 73 52
97	440	0.0	3	235 89 67 49
98	424	0.0	3	223 94 60 47
99	440	0.0	3	225 96 68 51
100	381	0.0	3	188 77 62 54
101	381	0.0	3	215 83 45 38
102	357	0.0	3	189 73 54 41
103	355	0.0	3	177 69 51 58
104	309	0.0	3	151 65 56 37
105	322	0.0	3	158 63 62 39
106	306	0.0	3	157 72 39 38
107	329	0.0	3	163 77 55 34
108	278	0.0	3	140 51 46 41
109	284	0.0	3	133 57 48 46
110	281	0.0	3	141 63 38 39
111	267	0.0	3	141 53 38 35
112	264	0.0	3	135 56 42 31
113	227	0.0	3	125 50 26 26
114	253	0.0	3	112 59 36 46
115	211	0.0	3	98 51 34 28
116	192	0.0	3	100 46 30 16
117	210	0.0	3	109 41 39 21
118	186	0.0	3	87 43 27 29
119	166	0.0	3	91 31 23 21
120	149	0.0	3	77 38 21 13
121	138	0.0	3	80 26 22 10
122	153	0.0	3	87 34 22 10
123	156	0.0	3	79 29 25 23
124	128	0.0	3	79 22 13 14
125	133	0.0	3	75 30 20 8
126	101	0.0	3	59 14 15 13
127	118	0.0	3	69 26 9 14
128	78	0.0	3	53 9 6 10
129	66	0.0	3	48 8 2 8
130	75	0.0	3	52 9 6 8
131	72	0.0	3	57 7 4 4
132	43	0.0	3	36 3 3 1
133	46	0.0	3	41 2 1 2
134	32	0.0	3	26 4 0 2
135	43	0.0	3	38 3 2
136	30	0.0	3	29 1
137	30	0.0	3	27 3
138	31	0.0	3	30 1
139	22	0.0	3	21 0 0 1
140	13	0.0	3	12 1
141	15	0.0	3	15
142	22	0.0	3	21 1
143	14	0.0	3	14
144	17	0.0	3	16 1
145	14	0.0	3	13 1
146	15	0.0	3	14 1
147	28	0.0	3	25 1 2
148	7	0.0	3	4 3
149	17	0.0	3	11 4 0 2
150	9	0.0	3	9
151	24	0.0	3	19 4 1
