This is cutadapt 3.5 with Python 3.9.9
Command line parameters: -q 20 --minimum-length 25 --cores 24 -a AGATCGGAAGAGCACACGTCTGAACTCCAGTCA -A AGATCGGAAGAGCGTCGTGTAGGGAAAGAGTGT -o DRR045165_trimmed_R1.fastq.gz -p DRR045165_trimmed_R2.fastq.gz DRR045165_R1.fastq.gz DRR045165_R2.fastq.gz
Processing reads on 24 cores in paired-end mode ...
Finished in 1955.04 s (18 µs/read; 3.25 M reads/minute).

=== Summary ===

Total read pairs processed:        105,771,588
  Read 1 with adapter:               1,397,468 (1.3%)
  Read 2 with adapter:               1,799,327 (1.7%)

== Read fate breakdown ==
Pairs that were too short:             434,804 (0.4%)
Pairs written (passing filters):   105,336,784 (99.6%)

Total basepairs processed: 66,011,959,035 bp
  Read 1: 33,015,814,411 bp
  Read 2: 32,996,144,624 bp
Quality-trimmed:           3,134,062,279 bp (4.7%)
  Read 1:   659,378,749 bp
  Read 2: 2,474,683,530 bp
Total written (filtered):  62,741,782,667 bp (95.0%)
  Read 1: 32,232,188,094 bp
  Read 2: 30,509,594,573 bp

=== First read: Adapter 1 ===

Sequence: AGATCGGAAGAGCACACGTCTGAACTCCAGTCA; Type: regular 3'; Length: 33; Trimmed: 1397468 times

Minimum overlap: 3
No. of allowed errors:
1-9 bp: 0; 10-19 bp: 1; 20-29 bp: 2; 30-33 bp: 3

Bases preceding removed adapters:
  A: 37.8%
  C: 21.8%
  G: 20.2%
  T: 19.6%
  none/other: 0.5%

Overview of removed sequences
length	count	expect	max.err	error counts
3	1113390	1652681.1	0	1113390
4	195080	413170.3	0	195080
5	47839	103292.6	0	47839
6	10895	25823.1	0	10895
7	2314	6455.8	0	2314
8	499	1613.9	0	499
9	1182	403.5	0	282 900
10	1554	100.9	1	195 1359
11	985	25.2	1	112 873
12	477	6.3	1	124 353
13	223	1.6	1	58 165
14	327	0.4	1	102 225
15	160	0.1	1	33 127
16	219	0.0	1	52 167
17	208	0.0	1	29 179
18	248	0.0	1	31 205 12
19	121	0.0	1	8 96 17
20	178	0.0	2	12 63 103
21	183	0.0	2	5 100 78
22	142	0.0	2	3 66 73
23	110	0.0	2	4 49 57
24	194	0.0	2	6 94 94
25	149	0.0	2	5 38 106
26	178	0.0	2	4 87 87
27	283	0.0	2	5 210 67 1
28	66	0.0	2	0 12 52 2
29	98	0.0	2	1 52 34 11
30	135	0.0	3	0 61 36 38
31	248	0.0	3	0 161 45 42
32	130	0.0	3	0 50 52 28
33	218	0.0	3	0 144 47 27
34	186	0.0	3	0 95 52 39
35	154	0.0	3	0 85 36 33
36	219	0.0	3	0 149 38 32
37	91	0.0	3	0 34 30 27
38	224	0.0	3	0 129 53 42
39	224	0.0	3	0 136 57 31
40	294	0.0	3	0 200 59 35
41	86	0.0	3	0 40 25 21
42	63	0.0	3	0 36 11 16
43	35	0.0	3	0 13 15 7
44	136	0.0	3	0 93 21 22
45	118	0.0	3	0 69 36 13
46	156	0.0	3	0 116 21 19
47	90	0.0	3	0 42 25 23
48	133	0.0	3	0 89 22 22
49	135	0.0	3	0 73 31 31
50	137	0.0	3	0 81 40 16
51	203	0.0	3	0 145 43 15
52	164	0.0	3	0 125 19 20
53	102	0.0	3	0 66 23 13
54	160	0.0	3	0 112 33 15
55	96	0.0	3	0 57 20 19
56	136	0.0	3	0 99 22 15
57	151	0.0	3	0 104 29 18
58	130	0.0	3	0 89 23 18
59	115	0.0	3	0 74 27 14
60	153	0.0	3	0 110 25 18
61	118	0.0	3	0 68 29 21
62	198	0.0	3	0 132 46 20
63	228	0.0	3	0 170 36 22
64	151	0.0	3	0 104 26 21
65	158	0.0	3	0 103 30 25
66	184	0.0	3	0 107 47 30
67	203	0.0	3	0 140 36 27
68	238	0.0	3	0 162 52 24
69	287	0.0	3	0 201 56 30
70	372	0.0	3	0 237 90 45
71	556	0.0	3	0 331 116 109
72	1013	0.0	3	0 539 360 114
73	3153	0.0	3	0 2552 459 142
74	1773	0.0	3	0 1422 257 94
75	807	0.0	3	0 644 116 47
76	402	0.0	3	0 309 69 24
77	239	0.0	3	0 164 54 21
78	162	0.0	3	0 122 28 12
79	151	0.0	3	0 119 27 5
80	106	0.0	3	0 73 24 9
81	127	0.0	3	0 97 27 3
82	99	0.0	3	0 73 18 8
83	109	0.0	3	0 75 25 9
84	84	0.0	3	0 72 9 3
85	82	0.0	3	0 59 16 7
86	74	0.0	3	0 56 14 4
87	56	0.0	3	0 39 13 4
88	66	0.0	3	0 53 9 4
89	66	0.0	3	0 50 12 4
90	64	0.0	3	0 49 13 2
91	45	0.0	3	0 34 11
92	52	0.0	3	0 39 9 4
93	55	0.0	3	0 36 11 8
94	42	0.0	3	0 30 7 5
95	51	0.0	3	0 38 8 5
96	50	0.0	3	0 42 5 3
97	32	0.0	3	0 22 6 4
98	42	0.0	3	0 34 5 3
99	28	0.0	3	0 21 4 3
100	36	0.0	3	0 31 3 2
101	42	0.0	3	0 35 5 2
102	30	0.0	3	0 19 5 6
103	37	0.0	3	0 30 5 2
104	40	0.0	3	0 30 5 5
105	28	0.0	3	0 14 10 4
106	31	0.0	3	0 28 2 1
107	33	0.0	3	0 23 5 5
108	30	0.0	3	0 20 6 4
109	44	0.0	3	0 29 9 6
110	23	0.0	3	0 16 5 2
111	23	0.0	3	0 17 4 2
112	25	0.0	3	0 19 3 3
113	21	0.0	3	0 18 1 2
114	26	0.0	3	0 19 3 4
115	28	0.0	3	0 19 5 4
116	34	0.0	3	0 28 2 4
117	22	0.0	3	0 18 4
118	26	0.0	3	0 20 4 2
119	28	0.0	3	0 16 5 7
120	19	0.0	3	0 13 6
121	34	0.0	3	0 26 3 5
122	30	0.0	3	0 24 3 3
123	22	0.0	3	0 19 2 1
124	24	0.0	3	0 16 6 2
125	31	0.0	3	0 21 7 3
126	19	0.0	3	0 16 3
127	36	0.0	3	0 21 11 4
128	18	0.0	3	0 15 2 1
129	15	0.0	3	0 10 3 2
130	19	0.0	3	0 14 1 4
131	29	0.0	3	0 23 3 3
132	17	0.0	3	0 13 1 3
133	18	0.0	3	0 13 2 3
134	12	0.0	3	0 9 1 2
135	12	0.0	3	0 10 1 1
136	17	0.0	3	0 13 2 2
137	17	0.0	3	0 13 2 2
138	24	0.0	3	0 12 7 5
139	23	0.0	3	0 17 4 2
140	20	0.0	3	0 16 2 2
141	10	0.0	3	0 7 2 1
142	20	0.0	3	0 11 4 5
143	12	0.0	3	0 11 1
144	26	0.0	3	0 19 3 4
145	18	0.0	3	0 12 2 4
146	19	0.0	3	0 11 4 4
147	24	0.0	3	0 15 7 2
148	23	0.0	3	0 16 3 4
149	15	0.0	3	0 13 1 1
150	15	0.0	3	0 13 0 2
151	19	0.0	3	0 15 4
152	14	0.0	3	0 10 0 4
153	16	0.0	3	0 13 2 1
154	26	0.0	3	0 21 3 2
155	19	0.0	3	0 7 7 5
156	18	0.0	3	0 17 0 1
157	15	0.0	3	0 13 1 1
158	16	0.0	3	0 13 2 1
159	17	0.0	3	0 8 5 4
160	23	0.0	3	0 16 2 5
161	17	0.0	3	0 10 5 2
162	23	0.0	3	0 17 5 1
163	20	0.0	3	0 15 1 4
164	17	0.0	3	0 10 2 5
165	21	0.0	3	0 12 6 3
166	21	0.0	3	0 13 5 3
167	22	0.0	3	0 11 5 6
168	19	0.0	3	0 14 3 2
169	14	0.0	3	0 12 1 1
170	20	0.0	3	0 10 5 5
171	17	0.0	3	0 11 5 1
172	19	0.0	3	0 11 7 1
173	23	0.0	3	0 18 4 1
174	13	0.0	3	0 10 1 2
175	15	0.0	3	0 11 2 2
176	13	0.0	3	0 10 1 2
177	11	0.0	3	0 6 3 2
178	18	0.0	3	0 14 1 3
179	9	0.0	3	0 5 1 3
180	22	0.0	3	0 13 7 2
181	19	0.0	3	0 12 4 3
182	20	0.0	3	0 15 5
183	16	0.0	3	0 14 1 1
184	10	0.0	3	0 8 2
185	18	0.0	3	0 10 6 2
186	11	0.0	3	0 7 3 1
187	12	0.0	3	0 8 4
188	15	0.0	3	0 13 2
189	12	0.0	3	0 10 0 2
190	11	0.0	3	0 10 1
191	16	0.0	3	0 12 3 1
192	16	0.0	3	0 12 3 1
193	10	0.0	3	0 6 2 2
194	17	0.0	3	0 11 4 2
195	15	0.0	3	0 9 4 2
196	14	0.0	3	0 13 1
197	9	0.0	3	0 8 1
198	10	0.0	3	0 9 1
199	12	0.0	3	0 8 1 3
200	8	0.0	3	0 4 3 1
201	9	0.0	3	0 5 2 2
202	11	0.0	3	0 8 1 2
203	18	0.0	3	0 15 1 2
204	11	0.0	3	0 7 4
205	6	0.0	3	0 5 0 1
206	11	0.0	3	0 9 2
207	13	0.0	3	0 10 2 1
208	9	0.0	3	0 8 1
209	11	0.0	3	0 9 1 1
210	15	0.0	3	0 13 1 1
211	7	0.0	3	0 5 0 2
212	7	0.0	3	0 3 4
213	12	0.0	3	0 7 5
214	9	0.0	3	0 6 2 1
215	13	0.0	3	0 10 2 1
216	7	0.0	3	0 5 1 1
217	9	0.0	3	0 8 0 1
218	14	0.0	3	0 9 4 1
219	12	0.0	3	0 12
220	5	0.0	3	0 3 2
221	15	0.0	3	0 13 2
222	8	0.0	3	0 7 1
223	7	0.0	3	0 7
224	12	0.0	3	0 10 1 1
225	7	0.0	3	0 5 1 1
226	8	0.0	3	0 8
227	13	0.0	3	0 12 1
228	4	0.0	3	0 4
229	12	0.0	3	0 11 0 1
230	15	0.0	3	0 10 4 1
231	8	0.0	3	0 8
232	3	0.0	3	0 3
233	8	0.0	3	0 7 0 1
234	5	0.0	3	0 5
235	8	0.0	3	0 5 3
236	7	0.0	3	0 7
237	8	0.0	3	0 7 0 1
238	6	0.0	3	0 5 1
239	9	0.0	3	0 7 1 1
240	7	0.0	3	0 7
241	6	0.0	3	0 4 2
242	6	0.0	3	0 5 1
243	5	0.0	3	0 5
244	9	0.0	3	0 7 0 2
245	6	0.0	3	0 3 3
246	7	0.0	3	0 7
247	5	0.0	3	0 4 0 1
248	2	0.0	3	0 1 0 1
249	8	0.0	3	0 7 1
250	3	0.0	3	0 2 1
251	11	0.0	3	0 10 0 1
252	3	0.0	3	0 2 1
253	7	0.0	3	0 6 0 1
254	9	0.0	3	0 8 0 1
255	9	0.0	3	0 8 1
256	3	0.0	3	0 3
257	6	0.0	3	0 5 1
258	6	0.0	3	0 4 1 1
259	7	0.0	3	0 5 2
260	3	0.0	3	0 3
261	1	0.0	3	0 1
262	3	0.0	3	0 2 1
263	4	0.0	3	0 4
264	6	0.0	3	0 6
265	3	0.0	3	0 3
266	3	0.0	3	0 2 1
267	4	0.0	3	0 2 1 1
268	10	0.0	3	0 7 1 2
269	2	0.0	3	0 2
270	3	0.0	3	0 3
271	4	0.0	3	0 3 0 1
272	4	0.0	3	0 2 2
273	7	0.0	3	0 6 0 1
274	4	0.0	3	0 3 0 1
275	4	0.0	3	0 3 1
276	2	0.0	3	0 1 1
277	6	0.0	3	0 3 1 2
278	4	0.0	3	0 3 1
279	2	0.0	3	0 1 1
280	7	0.0	3	0 5 2
281	3	0.0	3	0 3
282	3	0.0	3	0 2 0 1
284	3	0.0	3	0 1 1 1
285	5	0.0	3	0 5
286	4	0.0	3	0 3 1
287	3	0.0	3	0 3
288	2	0.0	3	0 2
289	1	0.0	3	0 0 1
291	3	0.0	3	0 2 1
292	6	0.0	3	0 6
294	8	0.0	3	0 8
295	4	0.0	3	0 3 1
296	4	0.0	3	0 3 1
297	2	0.0	3	0 1 0 1
298	3	0.0	3	0 2 1
299	3	0.0	3	0 3
300	3	0.0	3	0 3
301	5	0.0	3	0 3 1 1
302	9	0.0	3	0 8 0 1
303	6	0.0	3	0 5 1
304	8	0.0	3	0 5 3
305	8	0.0	3	0 6 1 1
306	6	0.0	3	0 3 1 2
307	12	0.0	3	0 10 2
308	18	0.0	3	0 13 2 3
309	24	0.0	3	0 17 6 1
310	53	0.0	3	0 45 6 2
311	109	0.0	3	0 91 18
312	391	0.0	3	0 322 51 18
313	476	0.0	3	0 388 72 16


=== Second read: Adapter 2 ===

Sequence: AGATCGGAAGAGCGTCGTGTAGGGAAAGAGTGT; Type: regular 3'; Length: 33; Trimmed: 1799327 times

Minimum overlap: 3
No. of allowed errors:
1-9 bp: 0; 10-19 bp: 1; 20-29 bp: 2; 30-33 bp: 3

Bases preceding removed adapters:
  A: 37.8%
  C: 22.7%
  G: 18.4%
  T: 20.7%
  none/other: 0.4%

Overview of removed sequences
length	count	expect	max.err	error counts
3	1377977	1652681.1	0	1377977
4	244256	413170.3	0	244256
5	63898	103292.6	0	63898
6	20213	25823.1	0	20213
7	11420	6455.8	0	11420
8	5149	1613.9	0	5149
9	6705	403.5	0	5221 1484
10	12057	100.9	1	3606 8451
11	7410	25.2	1	1902 5508
12	5222	6.3	1	1515 3707
13	3810	1.6	1	934 2876
14	5238	0.4	1	1645 3593
15	1913	0.1	1	423 1490
16	1941	0.0	1	410 1531
17	2065	0.0	1	503 1562
18	680	0.0	1	107 555 18
19	791	0.0	1	131 608 52
20	1930	0.0	2	80 507 1343
21	686	0.0	2	22 162 502
22	637	0.0	2	19 168 450
23	1083	0.0	2	40 359 684
24	2001	0.0	2	77 413 1511
25	736	0.0	2	26 206 504
26	385	0.0	2	17 80 288
27	464	0.0	2	2 203 256 3
28	415	0.0	2	3 61 344 7
29	312	0.0	2	0 126 125 61
30	643	0.0	3	0 30 97 516
31	377	0.0	3	0 99 65 213
32	485	0.0	3	0 193 90 202
33	208	0.0	3	0 70 59 79
34	204	0.0	3	0 76 60 68
35	216	0.0	3	0 90 58 68
36	158	0.0	3	0 67 52 39
37	187	0.0	3	0 97 42 48
38	107	0.0	3	0 40 23 44
39	107	0.0	3	0 43 27 37
40	116	0.0	3	0 50 29 37
41	330	0.0	3	0 185 91 54
42	132	0.0	3	0 61 39 32
43	189	0.0	3	0 86 50 53
44	375	0.0	3	0 194 113 68
45	218	0.0	3	0 103 55 60
46	124	0.0	3	0 59 31 34
47	226	0.0	3	0 117 54 55
48	150	0.0	3	0 71 38 41
49	120	0.0	3	0 58 27 35
50	409	0.0	3	0 265 85 59
51	157	0.0	3	0 78 45 34
52	134	0.0	3	0 80 31 23
53	65	0.0	3	0 35 14 16
54	79	0.0	3	0 37 25 17
55	81	0.0	3	0 41 22 18
56	68	0.0	3	0 34 14 20
57	158	0.0	3	0 86 42 30
58	123	0.0	3	0 77 20 26
59	130	0.0	3	0 90 25 15
60	156	0.0	3	0 94 37 25
61	248	0.0	3	0 143 63 42
62	237	0.0	3	0 162 43 32
63	299	0.0	3	0 208 60 31
64	451	0.0	3	0 312 91 48
65	679	0.0	3	0 493 126 60
66	1106	0.0	3	0 766 253 87
67	3101	0.0	3	0 2589 361 151
68	2117	0.0	3	0 1749 266 102
69	691	0.0	3	0 527 104 60
70	329	0.0	3	0 238 56 35
71	179	0.0	3	0 123 39 17
72	136	0.0	3	0 93 27 16
73	106	0.0	3	0 68 23 15
74	89	0.0	3	0 57 21 11
75	85	0.0	3	0 61 16 8
76	64	0.0	3	0 47 11 6
77	78	0.0	3	0 48 14 16
78	59	0.0	3	0 43 9 7
79	51	0.0	3	0 38 11 2
80	59	0.0	3	0 30 15 14
81	57	0.0	3	0 26 15 16
82	54	0.0	3	0 29 18 7
83	51	0.0	3	0 33 10 8
84	43	0.0	3	0 28 8 7
85	48	0.0	3	0 30 9 9
86	48	0.0	3	0 30 10 8
87	46	0.0	3	0 23 12 11
88	38	0.0	3	0 24 11 3
89	38	0.0	3	0 17 12 9
90	37	0.0	3	0 19 9 9
91	26	0.0	3	0 13 6 7
92	34	0.0	3	0 21 6 7
93	36	0.0	3	0 14 10 12
94	35	0.0	3	0 22 5 8
95	34	0.0	3	0 10 14 10
96	32	0.0	3	0 18 4 10
97	27	0.0	3	0 17 8 2
98	34	0.0	3	0 14 8 12
99	42	0.0	3	0 20 12 10
100	25	0.0	3	0 14 3 8
101	34	0.0	3	0 15 10 9
102	33	0.0	3	0 16 8 9
103	32	0.0	3	0 18 7 7
104	34	0.0	3	0 15 8 11
105	25	0.0	3	0 7 8 10
106	34	0.0	3	0 14 6 14
107	34	0.0	3	0 16 5 13
108	31	0.0	3	0 11 11 9
109	22	0.0	3	0 8 7 7
110	40	0.0	3	0 21 9 10
111	29	0.0	3	0 11 6 12
112	26	0.0	3	0 11 8 7
113	18	0.0	3	0 5 4 9
114	22	0.0	3	0 10 5 7
115	20	0.0	3	0 7 7 6
116	26	0.0	3	0 9 8 9
117	32	0.0	3	0 13 11 8
118	37	0.0	3	0 14 12 11
119	24	0.0	3	0 11 4 9
120	27	0.0	3	0 12 3 12
121	25	0.0	3	0 9 7 9
122	23	0.0	3	0 10 3 10
123	28	0.0	3	0 8 8 12
124	17	0.0	3	0 6 2 9
125	24	0.0	3	0 10 5 9
126	23	0.0	3	0 9 6 8
127	32	0.0	3	0 10 13 9
128	25	0.0	3	0 8 5 12
129	18	0.0	3	0 7 6 5
130	29	0.0	3	0 7 9 13
131	29	0.0	3	0 13 7 9
132	27	0.0	3	0 14 4 9
133	27	0.0	3	0 5 9 13
134	24	0.0	3	0 5 7 12
135	19	0.0	3	0 4 4 11
136	19	0.0	3	0 11 1 7
137	24	0.0	3	0 8 8 8
138	24	0.0	3	0 8 4 12
139	16	0.0	3	0 6 2 8
140	23	0.0	3	0 8 8 7
141	22	0.0	3	0 6 4 12
142	21	0.0	3	0 9 5 7
143	15	0.0	3	0 5 3 7
144	19	0.0	3	0 6 7 6
145	23	0.0	3	0 7 7 9
146	22	0.0	3	0 8 6 8
147	9	0.0	3	0 2 3 4
148	24	0.0	3	0 8 5 11
149	29	0.0	3	0 14 2 13
150	22	0.0	3	0 9 6 7
151	23	0.0	3	0 9 5 9
152	21	0.0	3	0 7 5 9
153	26	0.0	3	0 9 7 10
154	20	0.0	3	0 4 8 8
155	24	0.0	3	0 8 6 10
156	25	0.0	3	0 4 9 12
157	18	0.0	3	0 7 2 9
158	22	0.0	3	0 9 3 10
159	20	0.0	3	0 6 4 10
160	36	0.0	3	0 10 10 16
161	21	0.0	3	0 9 1 11
162	25	0.0	3	0 8 5 12
163	33	0.0	3	0 13 7 13
164	26	0.0	3	0 12 4 10
165	24	0.0	3	0 6 5 13
166	26	0.0	3	0 12 7 7
167	24	0.0	3	0 9 6 9
168	21	0.0	3	0 2 7 12
169	25	0.0	3	0 4 8 13
170	14	0.0	3	0 5 1 8
171	21	0.0	3	0 6 4 11
172	16	0.0	3	0 2 1 13
173	21	0.0	3	0 7 2 12
174	19	0.0	3	0 7 6 6
175	24	0.0	3	0 10 6 8
176	24	0.0	3	0 7 4 13
177	11	0.0	3	0 3 4 4
178	12	0.0	3	0 4 4 4
179	12	0.0	3	0 2 4 6
180	20	0.0	3	0 9 6 5
181	18	0.0	3	0 5 3 10
182	17	0.0	3	0 7 3 7
183	16	0.0	3	0 4 7 5
184	14	0.0	3	0 6 1 7
185	23	0.0	3	0 7 3 13
186	15	0.0	3	0 4 5 6
187	9	0.0	3	0 3 2 4
188	13	0.0	3	0 7 3 3
189	18	0.0	3	0 7 4 7
190	11	0.0	3	0 3 1 7
191	11	0.0	3	0 2 5 4
192	11	0.0	3	0 2 3 6
193	12	0.0	3	0 4 3 5
194	13	0.0	3	0 6 3 4
195	9	0.0	3	0 3 2 4
196	7	0.0	3	0 4 3
197	11	0.0	3	0 5 3 3
198	7	0.0	3	0 2 2 3
199	2	0.0	3	0 1 0 1
200	6	0.0	3	0 2 1 3
201	2	0.0	3	0 1 0 1
202	11	0.0	3	0 5 1 5
203	13	0.0	3	0 9 3 1
204	6	0.0	3	0 3 2 1
205	6	0.0	3	0 3 2 1
206	7	0.0	3	0 3 3 1
207	9	0.0	3	0 4 1 4
208	6	0.0	3	0 3 0 3
209	16	0.0	3	0 9 4 3
210	5	0.0	3	0 2 2 1
211	7	0.0	3	0 4 1 2
212	6	0.0	3	0 3 2 1
213	11	0.0	3	0 4 2 5
214	8	0.0	3	0 4 1 3
215	10	0.0	3	0 2 6 2
216	4	0.0	3	0 3 0 1
217	2	0.0	3	0 1 1
218	7	0.0	3	0 4 2 1
219	3	0.0	3	0 1 1 1
220	4	0.0	3	0 2 0 2
221	7	0.0	3	0 3 1 3
222	8	0.0	3	0 5 2 1
223	3	0.0	3	0 1 2
224	6	0.0	3	0 2 1 3
225	8	0.0	3	0 4 2 2
226	5	0.0	3	0 4 0 1
227	6	0.0	3	0 3 2 1
228	8	0.0	3	0 4 1 3
229	6	0.0	3	0 1 5
230	2	0.0	3	0 2
231	8	0.0	3	0 4 1 3
232	3	0.0	3	0 2 1
233	4	0.0	3	0 3 0 1
234	2	0.0	3	0 0 1 1
235	3	0.0	3	0 2 0 1
237	2	0.0	3	0 0 1 1
238	4	0.0	3	0 2 2
239	4	0.0	3	0 1 2 1
240	1	0.0	3	0 1
241	4	0.0	3	0 3 1
242	3	0.0	3	0 1 1 1
243	1	0.0	3	0 1
244	2	0.0	3	0 2
245	3	0.0	3	0 2 1
246	2	0.0	3	0 1 0 1
247	3	0.0	3	0 1 0 2
248	2	0.0	3	0 1 0 1
249	4	0.0	3	0 3 0 1
250	2	0.0	3	0 2
251	3	0.0	3	0 2 0 1
252	2	0.0	3	0 2
253	2	0.0	3	0 1 0 1
254	2	0.0	3	0 1 0 1
256	1	0.0	3	0 1
257	1	0.0	3	0 0 0 1
258	4	0.0	3	0 2 0 2
260	2	0.0	3	0 1 0 1
261	3	0.0	3	0 0 2 1
262	3	0.0	3	0 2 1
263	3	0.0	3	0 2 1
264	2	0.0	3	0 2
266	2	0.0	3	0 1 1
268	2	0.0	3	0 1 0 1
269	2	0.0	3	0 1 0 1
270	3	0.0	3	0 1 2
271	1	0.0	3	0 0 1
272	3	0.0	3	0 3
273	2	0.0	3	0 1 1
274	2	0.0	3	0 0 2
275	2	0.0	3	0 0 1 1
276	3	0.0	3	0 1 0 2
277	2	0.0	3	0 1 0 1
279	1	0.0	3	0 0 0 1
281	1	0.0	3	0 0 0 1
282	2	0.0	3	0 2
283	1	0.0	3	0 1
285	1	0.0	3	0 0 1
286	1	0.0	3	0 0 0 1
291	2	0.0	3	0 2
292	1	0.0	3	0 0 1
294	1	0.0	3	0 1
301	1	0.0	3	0 1
305	2	0.0	3	0 1 1
306	1	0.0	3	0 0 0 1
307	2	0.0	3	0 2
308	1	0.0	3	0 1
309	2	0.0	3	0 2
310	18	0.0	3	0 15 1 2
311	39	0.0	3	0 28 10 1
312	120	0.0	3	0 81 27 12
313	85	0.0	3	0 62 14 9
