This is cutadapt 3.5 with Python 3.9.9
Command line parameters: -q 20 --minimum-length 25 --cores 24 -a AGATCGGAAGAGCACACGTCTGAACTCCAGTCA -A AGATCGGAAGAGCGTCGTGTAGGGAAAGAGTGT -o SRR8497577_trimmed_R1.fastq.gz -p SRR8497577_trimmed_R2.fastq.gz SRR8497577_R1.fastq.gz SRR8497577_R2.fastq.gz
Processing reads on 24 cores in paired-end mode ...
Finished in 1336.66 s (10 µs/read; 6.09 M reads/minute).

=== Summary ===

Total read pairs processed:        135,590,434
  Read 1 with adapter:               3,185,663 (2.3%)
  Read 2 with adapter:               3,064,762 (2.3%)

== Read fate breakdown ==
Pairs that were too short:           1,872,576 (1.4%)
Pairs written (passing filters):   133,717,858 (98.6%)

Total basepairs processed: 27,389,267,668 bp
  Read 1: 13,694,633,834 bp
  Read 2: 13,694,633,834 bp
Quality-trimmed:             474,498,591 bp (1.7%)
  Read 1:   147,091,118 bp
  Read 2:   327,407,473 bp
Total written (filtered):  26,694,600,689 bp (97.5%)
  Read 1: 13,372,493,373 bp
  Read 2: 13,322,107,316 bp

=== First read: Adapter 1 ===

Sequence: AGATCGGAAGAGCACACGTCTGAACTCCAGTCA; Type: regular 3'; Length: 33; Trimmed: 3185663 times

Minimum overlap: 3
No. of allowed errors:
1-9 bp: 0; 10-19 bp: 1; 20-29 bp: 2; 30-33 bp: 3

Bases preceding removed adapters:
  A: 36.0%
  C: 22.3%
  G: 21.4%
  T: 19.1%
  none/other: 1.3%

Overview of removed sequences
length	count	expect	max.err	error counts
3	2331640	2118600.5	0	2331640
4	582815	529650.1	0	582815
5	100612	132412.5	0	100612
6	23273	33103.1	0	23273
7	8473	8275.8	0	8473
8	6324	2068.9	0	6324
9	8529	517.2	0	6153 2376
10	7553	129.3	1	4423 3130
11	6296	32.3	1	4696 1600
12	4984	8.1	1	4407 577
13	3716	2.0	1	3467 249
14	4602	0.5	1	4345 257
15	3266	0.1	1	3097 169
16	3675	0.0	1	3431 244
17	3378	0.0	1	3143 235
18	2721	0.0	1	2533 173 15
19	3142	0.0	1	2936 188 18
20	2348	0.0	2	2116 185 47
21	2868	0.0	2	2558 262 48
22	2143	0.0	2	1908 188 47
23	2297	0.0	2	2051 209 37
24	2340	0.0	2	2067 220 53
25	1744	0.0	2	1508 195 41
26	1846	0.0	2	1599 208 39
27	1705	0.0	2	1444 193 56 12
28	1517	0.0	2	1241 192 41 43
29	1513	0.0	2	1226 210 55 22
30	1167	0.0	3	941 157 43 26
31	1427	0.0	3	1147 207 48 25
32	1055	0.0	3	835 153 54 13
33	1029	0.0	3	797 159 44 29
34	935	0.0	3	692 151 70 22
35	1070	0.0	3	800 159 74 37
36	969	0.0	3	748 135 68 18
37	767	0.0	3	590 115 43 19
38	736	0.0	3	572 112 33 19
39	777	0.0	3	559 111 82 25
40	686	0.0	3	532 111 32 11
41	774	0.0	3	630 107 23 14
42	496	0.0	3	395 69 24 8
43	414	0.0	3	304 79 24 7
44	496	0.0	3	377 66 39 14
45	437	0.0	3	353 61 17 6
46	423	0.0	3	315 55 41 12
47	380	0.0	3	294 46 27 13
48	380	0.0	3	287 46 39 8
49	403	0.0	3	285 62 40 16
50	373	0.0	3	232 55 70 16
51	327	0.0	3	249 49 26 3
52	283	0.0	3	227 41 14 1
53	284	0.0	3	215 39 23 7
54	222	0.0	3	174 34 9 5
55	185	0.0	3	146 20 12 7
56	165	0.0	3	125 17 18 5
57	186	0.0	3	124 37 20 5
58	147	0.0	3	103 19 19 6
59	189	0.0	3	118 25 35 11
60	178	0.0	3	85 23 54 16
61	189	0.0	3	103 34 41 11
62	155	0.0	3	95 21 28 11
63	166	0.0	3	83 37 41 5
64	194	0.0	3	77 37 67 13
65	317	0.0	3	82 53 165 17
66	319	0.0	3	72 63 154 30
67	890	0.0	3	75 112 642 61
68	854	0.0	3	84 196 534 40
69	997	0.0	3	132 249 553 63
70	1355	0.0	3	104 252 893 106
71	3756	0.0	3	105 588 2792 271
72	8153	0.0	3	147 1649 6010 347
73	14388	0.0	3	282 8283 5542 281
74	5033	0.0	3	789 3300 829 115
75	1126	0.0	3	395 401 302 28
76	426	0.0	3	65 216 133 12
77	183	0.0	3	23 92 60 8
78	133	0.0	3	14 71 45 3
79	111	0.0	3	13 55 36 7
80	95	0.0	3	7 50 35 3
81	97	0.0	3	9 47 39 2
82	99	0.0	3	3 54 35 7
83	107	0.0	3	6 53 40 8
84	90	0.0	3	6 50 30 4
85	101	0.0	3	4 57 37 3
86	110	0.0	3	5 64 39 2
87	102	0.0	3	5 60 36 1
88	95	0.0	3	9 57 26 3
89	111	0.0	3	10 64 30 7
90	98	0.0	3	9 50 34 5
91	108	0.0	3	5 67 34 2
92	121	0.0	3	11 82 26 2
93	110	0.0	3	8 73 28 1
94	106	0.0	3	9 63 30 4
95	104	0.0	3	6 67 27 4
96	108	0.0	3	7 63 38
97	134	0.0	3	9 87 34 4
98	186	0.0	3	3 118 57 8
99	268	0.0	3	4 185 74 5
100	576	0.0	3	6 386 172 12
101	1312	0.0	3	9 796 458 49


=== Second read: Adapter 2 ===

Sequence: AGATCGGAAGAGCGTCGTGTAGGGAAAGAGTGT; Type: regular 3'; Length: 33; Trimmed: 3064762 times

Minimum overlap: 3
No. of allowed errors:
1-9 bp: 0; 10-19 bp: 1; 20-29 bp: 2; 30-33 bp: 3

Bases preceding removed adapters:
  A: 36.0%
  C: 22.5%
  G: 21.2%
  T: 19.1%
  none/other: 1.3%

Overview of removed sequences
length	count	expect	max.err	error counts
3	2233036	2118600.5	0	2233036
4	564485	529650.1	0	564485
5	107652	132412.5	0	107652
6	22711	33103.1	0	22711
7	8552	8275.8	0	8552
8	5957	2068.9	0	5957
9	8326	517.2	0	6022 2304
10	7229	129.3	1	4285 2944
11	5617	32.3	1	4175 1442
12	5252	8.1	1	4671 581
13	3458	2.0	1	3243 215
14	4196	0.5	1	4078 118
15	3319	0.1	1	3215 104
16	2863	0.0	1	2796 67
17	3482	0.0	1	3405 77
18	2195	0.0	1	2127 67 1
19	2647	0.0	1	2572 64 11
20	2313	0.0	2	2215 70 28
21	2144	0.0	2	2059 61 24
22	2257	0.0	2	2131 97 29
23	2253	0.0	2	2120 100 33
24	2188	0.0	2	2073 81 34
25	1516	0.0	2	1414 81 21
26	1839	0.0	2	1606 176 57
27	2160	0.0	2	1987 127 46
28	1368	0.0	2	1189 140 38 1
29	1357	0.0	2	1160 158 31 8
30	1634	0.0	3	1404 174 33 23
31	1010	0.0	3	860 114 22 14
32	1098	0.0	3	888 155 37 18
33	1167	0.0	3	956 136 55 20
34	1332	0.0	3	1205 93 20 14
35	677	0.0	3	575 77 13 12
36	787	0.0	3	671 80 22 14
37	852	0.0	3	758 58 21 15
38	551	0.0	3	427 80 21 23
39	809	0.0	3	717 56 16 20
40	524	0.0	3	433 51 24 16
41	631	0.0	3	491 102 29 9
42	690	0.0	3	604 56 22 8
43	456	0.0	3	355 63 23 15
44	596	0.0	3	454 103 30 9
45	601	0.0	3	519 60 13 9
46	403	0.0	3	370 22 9 2
47	188	0.0	3	147 30 9 2
48	343	0.0	3	317 17 5 4
49	190	0.0	3	164 15 7 4
50	196	0.0	3	170 18 7 1
51	298	0.0	3	279 12 3 4
52	139	0.0	3	129 5 2 3
53	166	0.0	3	153 7 3 3
54	143	0.0	3	132 6 3 2
55	113	0.0	3	104 5 2 2
56	122	0.0	3	110 8 2 2
57	125	0.0	3	103 16 5 1
58	148	0.0	3	117 23 3 5
59	121	0.0	3	96 19 3 3
60	142	0.0	3	82 40 17 3
61	196	0.0	3	104 56 24 12
62	292	0.0	3	100 135 41 16
63	339	0.0	3	89 167 70 13
64	570	0.0	3	79 277 171 43
65	1189	0.0	3	125 401 550 113
66	9825	0.0	3	119 1008 8172 526
67	16314	0.0	3	214 7790 7975 335
68	4985	0.0	3	1460 1649 1786 90
69	1136	0.0	3	331 359 413 33
70	387	0.0	3	65 116 194 12
71	246	0.0	3	25 83 126 12
72	163	0.0	3	14 65 79 5
73	163	0.0	3	12 66 75 10
74	137	0.0	3	11 55 65 6
75	96	0.0	3	9 40 38 9
76	90	0.0	3	2 43 35 10
77	90	0.0	3	7 45 30 8
78	83	0.0	3	3 30 39 11
79	66	0.0	3	4 41 16 5
80	84	0.0	3	3 52 24 5
81	83	0.0	3	3 44 30 6
82	67	0.0	3	5 43 17 2
83	55	0.0	3	0 34 15 6
84	72	0.0	3	4 45 18 5
85	57	0.0	3	2 34 15 6
86	47	0.0	3	3 26 10 8
87	70	0.0	3	5 50 10 5
88	44	0.0	3	3 24 12 5
89	47	0.0	3	2 28 8 9
90	57	0.0	3	2 36 12 7
91	67	0.0	3	6 39 14 8
92	49	0.0	3	1 29 12 7
93	46	0.0	3	1 25 13 7
94	54	0.0	3	3 29 13 9
95	37	0.0	3	0 23 11 3
96	59	0.0	3	1 27 19 12
97	60	0.0	3	4 29 12 15
98	84	0.0	3	3 42 19 20
99	94	0.0	3	1 48 23 22
100	145	0.0	3	2 67 40 36
101	393	0.0	3	0 194 98 101
