This is cutadapt 3.5 with Python 3.9.9
Command line parameters: -q 20 --minimum-length 25 --cores 24 -a AGATCGGAAGAGCACACGTCTGAACTCCAGTCA -A AGATCGGAAGAGCGTCGTGTAGGGAAAGAGTGT -o SRR12695158_trimmed_R1.fastq.gz -p SRR12695158_trimmed_R2.fastq.gz SRR12695158_R1.fastq.gz SRR12695158_R2.fastq.gz
Processing reads on 24 cores in paired-end mode ...
Finished in 694.36 s (7 µs/read; 8.93 M reads/minute).

=== Summary ===

Total read pairs processed:        103,358,925
  Read 1 with adapter:               2,415,381 (2.3%)
  Read 2 with adapter:               2,345,368 (2.3%)

== Read fate breakdown ==
Pairs that were too short:           1,051,898 (1.0%)
Pairs written (passing filters):   102,307,027 (99.0%)

Total basepairs processed: 20,878,502,850 bp
  Read 1: 10,439,251,425 bp
  Read 2: 10,439,251,425 bp
Quality-trimmed:             395,667,977 bp (1.9%)
  Read 1:   121,410,574 bp
  Read 2:   274,257,403 bp
Total written (filtered):  20,351,224,722 bp (97.5%)
  Read 1: 10,217,320,839 bp
  Read 2: 10,133,903,883 bp

=== First read: Adapter 1 ===

Sequence: AGATCGGAAGAGCACACGTCTGAACTCCAGTCA; Type: regular 3'; Length: 33; Trimmed: 2415381 times

Minimum overlap: 3
No. of allowed errors:
1-9 bp: 0; 10-19 bp: 1; 20-29 bp: 2; 30-33 bp: 3

Bases preceding removed adapters:
  A: 37.9%
  C: 21.8%
  G: 19.8%
  T: 20.0%
  none/other: 0.5%

Overview of removed sequences
length	count	expect	max.err	error counts
3	1823524	1614983.2	0	1823524
4	469711	403745.8	0	469711
5	67168	100936.5	0	67168
6	15046	25234.1	0	15046
7	3411	6308.5	0	3411
8	1668	1577.1	0	1668
9	2895	394.3	0	1363 1532
10	2892	98.6	1	794 2098
11	1962	24.6	1	920 1042
12	1180	6.2	1	878 302
13	725	1.5	1	616 109
14	974	0.4	1	893 81
15	578	0.1	1	516 62
16	738	0.0	1	675 63
17	597	0.0	1	533 64
18	555	0.0	1	505 47 3
19	606	0.0	1	554 46 6
20	422	0.0	2	363 44 15
21	479	0.0	2	401 65 13
22	426	0.0	2	358 63 5
23	470	0.0	2	395 59 16
24	475	0.0	2	402 61 12
25	322	0.0	2	263 43 16
26	390	0.0	2	316 59 15
27	345	0.0	2	284 45 14 2
28	322	0.0	2	249 56 9 8
29	332	0.0	2	251 54 26 1
30	265	0.0	3	183 50 26 6
31	344	0.0	3	230 77 26 11
32	259	0.0	3	140 88 28 3
33	276	0.0	3	134 105 29 8
34	216	0.0	3	105 75 32 4
35	230	0.0	3	121 69 35 5
36	216	0.0	3	98 77 32 9
37	220	0.0	3	99 79 28 14
38	249	0.0	3	109 103 29 8
39	205	0.0	3	103 59 30 13
40	204	0.0	3	94 80 23 7
41	177	0.0	3	89 68 18 2
42	108	0.0	3	67 23 13 5
43	171	0.0	3	97 55 16 3
44	123	0.0	3	54 46 19 4
45	81	0.0	3	32 37 12
46	121	0.0	3	47 50 18 6
47	112	0.0	3	43 52 14 3
48	100	0.0	3	46 42 11 1
49	124	0.0	3	55 52 14 3
50	106	0.0	3	44 40 17 5
51	102	0.0	3	42 46 12 2
52	80	0.0	3	28 41 8 3
53	81	0.0	3	38 26 14 3
54	87	0.0	3	40 26 17 4
55	54	0.0	3	23 24 5 2
56	55	0.0	3	26 26 3
57	60	0.0	3	27 21 9 3
58	56	0.0	3	17 31 8
59	57	0.0	3	29 14 11 3
60	42	0.0	3	14 19 7 2
61	54	0.0	3	14 24 12 4
62	47	0.0	3	14 23 10
63	45	0.0	3	19 21 3 2
64	35	0.0	3	23 10 1 1
65	64	0.0	3	20 29 8 7
66	42	0.0	3	13 25 3 1
67	77	0.0	3	9 47 17 4
68	94	0.0	3	25 47 14 8
69	111	0.0	3	19 72 16 4
70	200	0.0	3	17 140 35 8
71	272	0.0	3	23 180 55 14
72	425	0.0	3	22 295 93 15
73	718	0.0	3	27 496 176 19
74	1714	0.0	3	33 1319 327 35
75	5621	0.0	3	58 5243 295 25
76	1133	0.0	3	123 924 82 4
77	220	0.0	3	38 162 17 3
78	90	0.0	3	5 76 9
79	56	0.0	3	4 48 4
80	41	0.0	3	6 34 1
81	34	0.0	3	2 29 3
82	33	0.0	3	1 27 5
83	34	0.0	3	1 28 4 1
84	32	0.0	3	1 27 4
85	38	0.0	3	1 35 2
86	44	0.0	3	1 41 2
87	36	0.0	3	0 33 2 1
88	35	0.0	3	0 34 1
89	31	0.0	3	1 28 2
90	44	0.0	3	0 39 4 1
91	36	0.0	3	0 35 0 1
92	33	0.0	3	0 27 4 2
93	55	0.0	3	3 50 1 1
94	44	0.0	3	1 37 5 1
95	42	0.0	3	2 37 2 1
96	39	0.0	3	1 34 3 1
97	51	0.0	3	0 45 5 1
98	63	0.0	3	1 52 10
99	85	0.0	3	2 75 7 1
100	226	0.0	3	0 208 16 2
101	493	0.0	3	0 445 41 7


=== Second read: Adapter 2 ===

Sequence: AGATCGGAAGAGCGTCGTGTAGGGAAAGAGTGT; Type: regular 3'; Length: 33; Trimmed: 2345368 times

Minimum overlap: 3
No. of allowed errors:
1-9 bp: 0; 10-19 bp: 1; 20-29 bp: 2; 30-33 bp: 3

Bases preceding removed adapters:
  A: 38.2%
  C: 21.9%
  G: 19.3%
  T: 20.1%
  none/other: 0.5%

Overview of removed sequences
length	count	expect	max.err	error counts
3	1768935	1614983.2	0	1768935
4	453666	403745.8	0	453666
5	71382	100936.5	0	71382
6	15013	25234.1	0	15013
7	3487	6308.5	0	3487
8	1500	1577.1	0	1500
9	2727	394.3	0	1276 1451
10	2715	98.6	1	756 1959
11	1799	24.6	1	796 1003
12	1283	6.2	1	1010 273
13	573	1.5	1	494 79
14	933	0.4	1	862 71
15	606	0.1	1	564 42
16	416	0.0	1	378 38
17	652	0.0	1	625 27
18	345	0.0	1	322 23
19	466	0.0	1	435 30 1
20	388	0.0	2	360 21 7
21	286	0.0	2	262 18 6
22	407	0.0	2	350 38 19
23	435	0.0	2	373 48 14
24	441	0.0	2	403 32 6
25	226	0.0	2	207 15 4
26	298	0.0	2	259 32 7
27	333	0.0	2	299 22 12
28	298	0.0	2	260 23 15
29	224	0.0	2	192 26 6
30	329	0.0	3	285 35 7 2
31	163	0.0	3	136 20 5 2
32	210	0.0	3	184 19 6 1
33	216	0.0	3	189 19 4 4
34	243	0.0	3	208 18 11 6
35	182	0.0	3	142 26 7 7
36	213	0.0	3	169 26 9 9
37	262	0.0	3	217 33 6 6
38	150	0.0	3	121 12 10 7
39	206	0.0	3	169 17 12 8
40	142	0.0	3	103 21 9 9
41	192	0.0	3	144 27 10 11
42	166	0.0	3	123 29 11 3
43	139	0.0	3	103 16 13 7
44	150	0.0	3	113 21 11 5
45	158	0.0	3	127 19 8 4
46	125	0.0	3	103 10 7 5
47	89	0.0	3	65 11 6 7
48	113	0.0	3	94 8 6 5
49	82	0.0	3	74 6 2
50	68	0.0	3	59 3 3 3
51	81	0.0	3	73 5 2 1
52	58	0.0	3	42 10 4 2
53	50	0.0	3	43 4 2 1
54	65	0.0	3	55 5 3 2
55	49	0.0	3	41 4 1 3
56	36	0.0	3	30 4 2
57	46	0.0	3	42 2 1 1
58	50	0.0	3	40 5 4 1
59	55	0.0	3	39 10 4 2
60	55	0.0	3	29 16 5 5
61	67	0.0	3	26 30 7 4
62	115	0.0	3	23 59 26 7
63	164	0.0	3	34 92 30 8
64	250	0.0	3	29 168 38 15
65	415	0.0	3	30 287 71 27
66	1126	0.0	3	27 661 326 112
67	7089	0.0	3	47 6533 388 121
68	1045	0.0	3	336 571 112 26
69	169	0.0	3	23 118 20 8
70	71	0.0	3	4 43 18 6
71	35	0.0	3	1 26 6 2
72	27	0.0	3	1 18 4 4
73	22	0.0	3	1 19 1 1
74	33	0.0	3	1 29 2 1
75	31	0.0	3	1 23 1 6
76	26	0.0	3	0 21 2 3
77	19	0.0	3	0 15 4
78	28	0.0	3	1 23 3 1
79	32	0.0	3	0 26 4 2
80	31	0.0	3	0 28 2 1
81	27	0.0	3	1 23 2 1
82	21	0.0	3	0 19 1 1
83	29	0.0	3	0 16 9 4
84	31	0.0	3	1 24 5 1
85	23	0.0	3	0 20 1 2
86	22	0.0	3	0 15 3 4
87	27	0.0	3	2 18 4 3
88	27	0.0	3	1 19 3 4
89	28	0.0	3	0 19 3 6
90	17	0.0	3	0 13 3 1
91	13	0.0	3	1 12
92	21	0.0	3	0 18 3
93	26	0.0	3	0 22 3 1
94	21	0.0	3	1 9 6 5
95	18	0.0	3	0 12 2 4
96	18	0.0	3	1 10 4 3
97	25	0.0	3	0 16 8 1
98	20	0.0	3	0 13 5 2
99	32	0.0	3	0 22 5 5
100	47	0.0	3	0 27 12 8
101	103	0.0	3	0 62 19 22
