RepeatMasker version 4.1.2-p1
Search Engine: NCBI/RMBLAST [ 2.10.0+ ]
Using Custom Repeat Library: SCOR_consensus_sequences.fa


analyzing file genome.fa
identifying matches to SCOR_consensus_sequences.fa sequences in batch 1 of 970
identifying matches to SCOR_consensus_sequences.fa sequences in batch 2 of 970
identifying matches to SCOR_consensus_sequences.fa sequences in batch 5 of 970
identifying matches to SCOR_consensus_sequences.fa sequences in batch 4 of 970
identifying matches to SCOR_consensus_sequences.fa sequences in batch 6 of 970
identifying matches to SCOR_consensus_sequences.fa sequences in batch 9 of 970
identifying matches to SCOR_consensus_sequences.fa sequences in batch 7 of 970
identifying matches to SCOR_consensus_sequences.fa sequences in batch 3 of 970
identifying matches to SCOR_consensus_sequences.fa sequences in batch 10 of 970
identifying matches to SCOR_consensus_sequences.fa sequences in batch 12 of 970
identifying matches to SCOR_consensus_sequences.fa sequences in batch 8 of 970
identifying matches to SCOR_consensus_sequences.fa sequences in batch 11 of 970
identifying matches to SCOR_consensus_sequences.fa sequences in batch 17 of 970
identifying matches to SCOR_consensus_sequences.fa sequences in batch 13 of 970
identifying matches to SCOR_consensus_sequences.fa sequences in batch 15 of 970
identifying matches to SCOR_consensus_sequences.fa sequences in batch 14 of 970
identifying matches to SCOR_consensus_sequences.fa sequences in batch 18 of 970
identifying matches to SCOR_consensus_sequences.fa sequences in batch 16 of 970
identifying matches to SCOR_consensus_sequences.fa sequences in batch 19 of 970
identifying matches to SCOR_consensus_sequences.fa sequences in batch 20 of 970
identifying matches to SCOR_consensus_sequences.fa sequences in batch 22 of 970
identifying matches to SCOR_consensus_sequences.fa sequences in batch 21 of 970
identifying matches to SCOR_consensus_sequences.fa sequences in batch 23 of 970
identifying matches to SCOR_consensus_sequences.fa sequences in batch 24 of 970
identifying matches to SCOR_consensus_sequences.fa sequences in batch 25 of 970
identifying matches to SCOR_consensus_sequences.fa sequences in batch 26 of 970
identifying matches to SCOR_consensus_sequences.fa sequences in batch 27 of 970
identifying matches to SCOR_consensus_sequences.fa sequences in batch 28 of 970
identifying matches to SCOR_consensus_sequences.fa sequences in batch 29 of 970
identifying matches to SCOR_consensus_sequences.fa sequences in batch 30 of 970
identifying matches to SCOR_consensus_sequences.fa sequences in batch 31 of 970
identifying matches to SCOR_consensus_sequences.fa sequences in batch 32 of 970
identifying matches to SCOR_consensus_sequences.fa sequences in batch 33 of 970
identifying matches to SCOR_consensus_sequences.fa sequences in batch 34 of 970
identifying matches to SCOR_consensus_sequences.fa sequences in batch 35 of 970
identifying matches to SCOR_consensus_sequences.fa sequences in batch 36 of 970
identifying matches to SCOR_consensus_sequences.fa sequences in batch 37 of 970
identifying matches to SCOR_consensus_sequences.fa sequences in batch 38 of 970
identifying matches to SCOR_consensus_sequences.fa sequences in batch 39 of 970
identifying matches to SCOR_consensus_sequences.fa sequences in batch 40 of 970
identifying matches to SCOR_consensus_sequences.fa sequences in batch 41 of 970
identifying matches to SCOR_consensus_sequences.fa sequences in batch 42 of 970
identifying matches to SCOR_consensus_sequences.fa sequences in batch 43 of 970
identifying matches to SCOR_consensus_sequences.fa sequences in batch 44 of 970
identifying matches to SCOR_consensus_sequences.fa sequences in batch 45 of 970
identifying matches to SCOR_consensus_sequences.fa sequences in batch 46 of 970
identifying matches to SCOR_consensus_sequences.fa sequences in batch 47 of 970
identifying matches to SCOR_consensus_sequences.fa sequences in batch 48 of 970
identifying matches to SCOR_consensus_sequences.fa sequences in batch 49 of 970
identifying matches to SCOR_consensus_sequences.fa sequences in batch 50 of 970
identifying matches to SCOR_consensus_sequences.fa sequences in batch 51 of 970
identifying matches to SCOR_consensus_sequences.fa sequences in batch 52 of 970
identifying matches to SCOR_consensus_sequences.fa sequences in batch 53 of 970
identifying matches to SCOR_consensus_sequences.fa sequences in batch 54 of 970
identifying matches to SCOR_consensus_sequences.fa sequences in batch 55 of 970
identifying matches to SCOR_consensus_sequences.fa sequences in batch 56 of 970
identifying matches to SCOR_consensus_sequences.fa sequences in batch 57 of 970
identifying matches to SCOR_consensus_sequences.fa sequences in batch 58 of 970
identifying matches to SCOR_consensus_sequences.fa sequences in batch 59 of 970
identifying matches to SCOR_consensus_sequences.fa sequences in batch 60 of 970
identifying matches to SCOR_consensus_sequences.fa sequences in batch 61 of 970
identifying matches to SCOR_consensus_sequences.fa sequences in batch 62 of 970
identifying matches to SCOR_consensus_sequences.fa sequences in batch 63 of 970
identifying matches to SCOR_consensus_sequences.fa sequences in batch 64 of 970
identifying matches to SCOR_consensus_sequences.fa sequences in batch 65 of 970
identifying matches to SCOR_consensus_sequences.fa sequences in batch 66 of 970
identifying matches to SCOR_consensus_sequences.fa sequences in batch 67 of 970
identifying matches to SCOR_consensus_sequences.fa sequences in batch 68 of 970
identifying matches to SCOR_consensus_sequences.fa sequences in batch 69 of 970
identifying matches to SCOR_consensus_sequences.fa sequences in batch 70 of 970
identifying matches to SCOR_consensus_sequences.fa sequences in batch 71 of 970
identifying matches to SCOR_consensus_sequences.fa sequences in batch 72 of 970
identifying matches to SCOR_consensus_sequences.fa sequences in batch 73 of 970
identifying matches to SCOR_consensus_sequences.fa sequences in batch 74 of 970
identifying matches to SCOR_consensus_sequences.fa sequences in batch 75 of 970
identifying matches to SCOR_consensus_sequences.fa sequences in batch 76 of 970
identifying matches to SCOR_consensus_sequences.fa sequences in batch 77 of 970
identifying matches to SCOR_consensus_sequences.fa sequences in batch 78 of 970
identifying matches to SCOR_consensus_sequences.fa sequences in batch 79 of 970
identifying matches to SCOR_consensus_sequences.fa sequences in batch 80 of 970
identifying matches to SCOR_consensus_sequences.fa sequences in batch 81 of 970
identifying matches to SCOR_consensus_sequences.fa sequences in batch 82 of 970
identifying matches to SCOR_consensus_sequences.fa sequences in batch 83 of 970
identifying matches to SCOR_consensus_sequences.fa sequences in batch 84 of 970
identifying matches to SCOR_consensus_sequences.fa sequences in batch 85 of 970
identifying matches to SCOR_consensus_sequences.fa sequences in batch 86 of 970
identifying matches to SCOR_consensus_sequences.fa sequences in batch 87 of 970
identifying matches to SCOR_consensus_sequences.fa sequences in batch 88 of 970
identifying matches to SCOR_consensus_sequences.fa sequences in batch 89 of 970
identifying matches to SCOR_consensus_sequences.fa sequences in batch 90 of 970
identifying matches to SCOR_consensus_sequences.fa sequences in batch 91 of 970
identifying matches to SCOR_consensus_sequences.fa sequences in batch 93 of 970
identifying matches to SCOR_consensus_sequences.fa sequences in batch 92 of 970
identifying matches to SCOR_consensus_sequences.fa sequences in batch 94 of 970
identifying matches to SCOR_consensus_sequences.fa sequences in batch 95 of 970
identifying matches to SCOR_consensus_sequences.fa sequences in batch 96 of 970
identifying matches to SCOR_consensus_sequences.fa sequences in batch 97 of 970
identifying matches to SCOR_consensus_sequences.fa sequences in batch 98 of 970
identifying matches to SCOR_consensus_sequences.fa sequences in batch 99 of 970
identifying matches to SCOR_consensus_sequences.fa sequences in batch 100 of 970
identifying matches to SCOR_consensus_sequences.fa sequences in batch 101 of 970
identifying matches to SCOR_consensus_sequences.fa sequences in batch 102 of 970
identifying matches to SCOR_consensus_sequences.fa sequences in batch 103 of 970
identifying matches to SCOR_consensus_sequences.fa sequences in batch 104 of 970
identifying matches to SCOR_consensus_sequences.fa sequences in batch 105 of 970
identifying matches to SCOR_consensus_sequences.fa sequences in batch 106 of 970
identifying matches to SCOR_consensus_sequences.fa sequences in batch 107 of 970
identifying matches to SCOR_consensus_sequences.fa sequences in batch 108 of 970
identifying matches to SCOR_consensus_sequences.fa sequences in batch 109 of 970
identifying matches to SCOR_consensus_sequences.fa sequences in batch 110 of 970
identifying matches to SCOR_consensus_sequences.fa sequences in batch 111 of 970
identifying matches to SCOR_consensus_sequences.fa sequences in batch 112 of 970
identifying matches to SCOR_consensus_sequences.fa sequences in batch 113 of 970
identifying matches to SCOR_consensus_sequences.fa sequences in batch 114 of 970
identifying matches to SCOR_consensus_sequences.fa sequences in batch 115 of 970
identifying matches to SCOR_consensus_sequences.fa sequences in batch 116 of 970
identifying matches to SCOR_consensus_sequences.fa sequences in batch 117 of 970
identifying matches to SCOR_consensus_sequences.fa sequences in batch 118 of 970
identifying matches to SCOR_consensus_sequences.fa sequences in batch 119 of 970
identifying matches to SCOR_consensus_sequences.fa sequences in batch 120 of 970
identifying matches to SCOR_consensus_sequences.fa sequences in batch 121 of 970
identifying matches to SCOR_consensus_sequences.fa sequences in batch 122 of 970
identifying matches to SCOR_consensus_sequences.fa sequences in batch 123 of 970
identifying matches to SCOR_consensus_sequences.fa sequences in batch 124 of 970
identifying matches to SCOR_consensus_sequences.fa sequences in batch 125 of 970
identifying matches to SCOR_consensus_sequences.fa sequences in batch 126 of 970
identifying matches to SCOR_consensus_sequences.fa sequences in batch 127 of 970
identifying matches to SCOR_consensus_sequences.fa sequences in batch 128 of 970
identifying matches to SCOR_consensus_sequences.fa sequences in batch 129 of 970
identifying matches to SCOR_consensus_sequences.fa sequences in batch 130 of 970
identifying matches to SCOR_consensus_sequences.fa sequences in batch 131 of 970
identifying matches to SCOR_consensus_sequences.fa sequences in batch 132 of 970
identifying matches to SCOR_consensus_sequences.fa sequences in batch 133 of 970
identifying matches to SCOR_consensus_sequences.fa sequences in batch 134 of 970
identifying matches to SCOR_consensus_sequences.fa sequences in batch 135 of 970
identifying matches to SCOR_consensus_sequences.fa sequences in batch 136 of 970
identifying matches to SCOR_consensus_sequences.fa sequences in batch 137 of 970
identifying matches to SCOR_consensus_sequences.fa sequences in batch 138 of 970
identifying matches to SCOR_consensus_sequences.fa sequences in batch 139 of 970
identifying matches to SCOR_consensus_sequences.fa sequences in batch 140 of 970
identifying matches to SCOR_consensus_sequences.fa sequences in batch 141 of 970
identifying matches to SCOR_consensus_sequences.fa sequences in batch 142 of 970
identifying matches to SCOR_consensus_sequences.fa sequences in batch 143 of 970
identifying matches to SCOR_consensus_sequences.fa sequences in batch 144 of 970
identifying matches to SCOR_consensus_sequences.fa sequences in batch 145 of 970
identifying matches to SCOR_consensus_sequences.fa sequences in batch 146 of 970
identifying matches to SCOR_consensus_sequences.fa sequences in batch 147 of 970
identifying matches to SCOR_consensus_sequences.fa sequences in batch 148 of 970
identifying matches to SCOR_consensus_sequences.fa sequences in batch 149 of 970
identifying matches to SCOR_consensus_sequences.fa sequences in batch 150 of 970
identifying matches to SCOR_consensus_sequences.fa sequences in batch 151 of 970
identifying matches to SCOR_consensus_sequences.fa sequences in batch 152 of 970
identifying matches to SCOR_consensus_sequences.fa sequences in batch 153 of 970
identifying matches to SCOR_consensus_sequences.fa sequences in batch 154 of 970
identifying matches to SCOR_consensus_sequences.fa sequences in batch 155 of 970
identifying matches to SCOR_consensus_sequences.fa sequences in batch 156 of 970
identifying matches to SCOR_consensus_sequences.fa sequences in batch 157 of 970
identifying matches to SCOR_consensus_sequences.fa sequences in batch 158 of 970
identifying matches to SCOR_consensus_sequences.fa sequences in batch 159 of 970
identifying matches to SCOR_consensus_sequences.fa sequences in batch 160 of 970
identifying matches to SCOR_consensus_sequences.fa sequences in batch 162 of 970
identifying matches to SCOR_consensus_sequences.fa sequences in batch 161 of 970
identifying matches to SCOR_consensus_sequences.fa sequences in batch 163 of 970
identifying matches to SCOR_consensus_sequences.fa sequences in batch 164 of 970
identifying matches to SCOR_consensus_sequences.fa sequences in batch 165 of 970
identifying matches to SCOR_consensus_sequences.fa sequences in batch 167 of 970
identifying matches to SCOR_consensus_sequences.fa sequences in batch 168 of 970
identifying matches to SCOR_consensus_sequences.fa sequences in batch 166 of 970
identifying matches to SCOR_consensus_sequences.fa sequences in batch 169 of 970
identifying matches to SCOR_consensus_sequences.fa sequences in batch 170 of 970
identifying matches to SCOR_consensus_sequences.fa sequences in batch 171 of 970
identifying matches to SCOR_consensus_sequences.fa sequences in batch 172 of 970
identifying matches to SCOR_consensus_sequences.fa sequences in batch 173 of 970
identifying matches to SCOR_consensus_sequences.fa sequences in batch 174 of 970
identifying matches to SCOR_consensus_sequences.fa sequences in batch 175 of 970
identifying matches to SCOR_consensus_sequences.fa sequences in batch 176 of 970
identifying matches to SCOR_consensus_sequences.fa sequences in batch 177 of 970
identifying matches to SCOR_consensus_sequences.fa sequences in batch 178 of 970
identifying matches to SCOR_consensus_sequences.fa sequences in batch 179 of 970
identifying matches to SCOR_consensus_sequences.fa sequences in batch 180 of 970
identifying matches to SCOR_consensus_sequences.fa sequences in batch 181 of 970
identifying matches to SCOR_consensus_sequences.fa sequences in batch 182 of 970
identifying matches to SCOR_consensus_sequences.fa sequences in batch 183 of 970
identifying matches to SCOR_consensus_sequences.fa sequences in batch 184 of 970
identifying matches to SCOR_consensus_sequences.fa sequences in batch 185 of 970
identifying matches to SCOR_consensus_sequences.fa sequences in batch 186 of 970
identifying matches to SCOR_consensus_sequences.fa sequences in batch 187 of 970
identifying matches to SCOR_consensus_sequences.fa sequences in batch 188 of 970
identifying matches to SCOR_consensus_sequences.fa sequences in batch 189 of 970
identifying matches to SCOR_consensus_sequences.fa sequences in batch 190 of 970
identifying matches to SCOR_consensus_sequences.fa sequences in batch 191 of 970
identifying matches to SCOR_consensus_sequences.fa sequences in batch 192 of 970
identifying matches to SCOR_consensus_sequences.fa sequences in batch 193 of 970
identifying matches to SCOR_consensus_sequences.fa sequences in batch 194 of 970
identifying matches to SCOR_consensus_sequences.fa sequences in batch 195 of 970
identifying matches to SCOR_consensus_sequences.fa sequences in batch 196 of 970
identifying matches to SCOR_consensus_sequences.fa sequences in batch 197 of 970
identifying matches to SCOR_consensus_sequences.fa sequences in batch 198 of 970
identifying matches to SCOR_consensus_sequences.fa sequences in batch 199 of 970
identifying matches to SCOR_consensus_sequences.fa sequences in batch 200 of 970
identifying matches to SCOR_consensus_sequences.fa sequences in batch 201 of 970
identifying matches to SCOR_consensus_sequences.fa sequences in batch 202 of 970
identifying matches to SCOR_consensus_sequences.fa sequences in batch 203 of 970
identifying matches to SCOR_consensus_sequences.fa sequences in batch 204 of 970
identifying matches to SCOR_consensus_sequences.fa sequences in batch 205 of 970
identifying matches to SCOR_consensus_sequences.fa sequences in batch 206 of 970
identifying matches to SCOR_consensus_sequences.fa sequences in batch 207 of 970
identifying matches to SCOR_consensus_sequences.fa sequences in batch 208 of 970
identifying matches to SCOR_consensus_sequences.fa sequences in batch 209 of 970
identifying matches to SCOR_consensus_sequences.fa sequences in batch 210 of 970
identifying matches to SCOR_consensus_sequences.fa sequences in batch 211 of 970
identifying matches to SCOR_consensus_sequences.fa sequences in batch 212 of 970
identifying matches to SCOR_consensus_sequences.fa sequences in batch 213 of 970
identifying matches to SCOR_consensus_sequences.fa sequences in batch 214 of 970
identifying matches to SCOR_consensus_sequences.fa sequences in batch 215 of 970
identifying matches to SCOR_consensus_sequences.fa sequences in batch 216 of 970
identifying matches to SCOR_consensus_sequences.fa sequences in batch 217 of 970
identifying matches to SCOR_consensus_sequences.fa sequences in batch 218 of 970
identifying matches to SCOR_consensus_sequences.fa sequences in batch 219 of 970
identifying matches to SCOR_consensus_sequences.fa sequences in batch 221 of 970
identifying matches to SCOR_consensus_sequences.fa sequences in batch 220 of 970
identifying matches to SCOR_consensus_sequences.fa sequences in batch 222 of 970
identifying matches to SCOR_consensus_sequences.fa sequences in batch 223 of 970
identifying matches to SCOR_consensus_sequences.fa sequences in batch 224 of 970
identifying matches to SCOR_consensus_sequences.fa sequences in batch 225 of 970
identifying matches to SCOR_consensus_sequences.fa sequences in batch 226 of 970
identifying matches to SCOR_consensus_sequences.fa sequences in batch 227 of 970
identifying matches to SCOR_consensus_sequences.fa sequences in batch 228 of 970
identifying matches to SCOR_consensus_sequences.fa sequences in batch 229 of 970
identifying matches to SCOR_consensus_sequences.fa sequences in batch 230 of 970
identifying matches to SCOR_consensus_sequences.fa sequences in batch 231 of 970
identifying matches to SCOR_consensus_sequences.fa sequences in batch 232 of 970
identifying matches to SCOR_consensus_sequences.fa sequences in batch 233 of 970
identifying matches to SCOR_consensus_sequences.fa sequences in batch 234 of 970
identifying matches to SCOR_consensus_sequences.fa sequences in batch 235 of 970
identifying matches to SCOR_consensus_sequences.fa sequences in batch 236 of 970
identifying matches to SCOR_consensus_sequences.fa sequences in batch 237 of 970
identifying matches to SCOR_consensus_sequences.fa sequences in batch 238 of 970
identifying matches to SCOR_consensus_sequences.fa sequences in batch 239 of 970
identifying matches to SCOR_consensus_sequences.fa sequences in batch 240 of 970
identifying matches to SCOR_consensus_sequences.fa sequences in batch 241 of 970
identifying matches to SCOR_consensus_sequences.fa sequences in batch 242 of 970
identifying matches to SCOR_consensus_sequences.fa sequences in batch 243 of 970
identifying matches to SCOR_consensus_sequences.fa sequences in batch 244 of 970
identifying matches to SCOR_consensus_sequences.fa sequences in batch 245 of 970
identifying matches to SCOR_consensus_sequences.fa sequences in batch 246 of 970
identifying matches to SCOR_consensus_sequences.fa sequences in batch 247 of 970
identifying matches to SCOR_consensus_sequences.fa sequences in batch 248 of 970
identifying matches to SCOR_consensus_sequences.fa sequences in batch 249 of 970
identifying matches to SCOR_consensus_sequences.fa sequences in batch 250 of 970
identifying matches to SCOR_consensus_sequences.fa sequences in batch 251 of 970
identifying matches to SCOR_consensus_sequences.fa sequences in batch 252 of 970
identifying matches to SCOR_consensus_sequences.fa sequences in batch 253 of 970
identifying matches to SCOR_consensus_sequences.fa sequences in batch 254 of 970
identifying matches to SCOR_consensus_sequences.fa sequences in batch 255 of 970
identifying matches to SCOR_consensus_sequences.fa sequences in batch 256 of 970
identifying matches to SCOR_consensus_sequences.fa sequences in batch 257 of 970
identifying matches to SCOR_consensus_sequences.fa sequences in batch 258 of 970
identifying matches to SCOR_consensus_sequences.fa sequences in batch 259 of 970
identifying matches to SCOR_consensus_sequences.fa sequences in batch 260 of 970
identifying matches to SCOR_consensus_sequences.fa sequences in batch 261 of 970
identifying matches to SCOR_consensus_sequences.fa sequences in batch 262 of 970
identifying matches to SCOR_consensus_sequences.fa sequences in batch 263 of 970
identifying matches to SCOR_consensus_sequences.fa sequences in batch 264 of 970
identifying matches to SCOR_consensus_sequences.fa sequences in batch 265 of 970
identifying matches to SCOR_consensus_sequences.fa sequences in batch 266 of 970
identifying matches to SCOR_consensus_sequences.fa sequences in batch 267 of 970
identifying matches to SCOR_consensus_sequences.fa sequences in batch 268 of 970
identifying matches to SCOR_consensus_sequences.fa sequences in batch 269 of 970
identifying matches to SCOR_consensus_sequences.fa sequences in batch 270 of 970
identifying matches to SCOR_consensus_sequences.fa sequences in batch 271 of 970
identifying matches to SCOR_consensus_sequences.fa sequences in batch 272 of 970
identifying matches to SCOR_consensus_sequences.fa sequences in batch 273 of 970
identifying matches to SCOR_consensus_sequences.fa sequences in batch 274 of 970
identifying matches to SCOR_consensus_sequences.fa sequences in batch 275 of 970
identifying matches to SCOR_consensus_sequences.fa sequences in batch 276 of 970
identifying matches to SCOR_consensus_sequences.fa sequences in batch 277 of 970
identifying matches to SCOR_consensus_sequences.fa sequences in batch 278 of 970
identifying matches to SCOR_consensus_sequences.fa sequences in batch 279 of 970
identifying matches to SCOR_consensus_sequences.fa sequences in batch 280 of 970
identifying matches to SCOR_consensus_sequences.fa sequences in batch 281 of 970
identifying matches to SCOR_consensus_sequences.fa sequences in batch 282 of 970
identifying matches to SCOR_consensus_sequences.fa sequences in batch 283 of 970
identifying matches to SCOR_consensus_sequences.fa sequences in batch 284 of 970
identifying matches to SCOR_consensus_sequences.fa sequences in batch 285 of 970
identifying matches to SCOR_consensus_sequences.fa sequences in batch 286 of 970
identifying matches to SCOR_consensus_sequences.fa sequences in batch 287 of 970
identifying matches to SCOR_consensus_sequences.fa sequences in batch 289 of 970
identifying matches to SCOR_consensus_sequences.fa sequences in batch 288 of 970
identifying matches to SCOR_consensus_sequences.fa sequences in batch 290 of 970
identifying matches to SCOR_consensus_sequences.fa sequences in batch 291 of 970
identifying matches to SCOR_consensus_sequences.fa sequences in batch 292 of 970
identifying matches to SCOR_consensus_sequences.fa sequences in batch 293 of 970
identifying matches to SCOR_consensus_sequences.fa sequences in batch 294 of 970
identifying matches to SCOR_consensus_sequences.fa sequences in batch 295 of 970
identifying matches to SCOR_consensus_sequences.fa sequences in batch 296 of 970
identifying matches to SCOR_consensus_sequences.fa sequences in batch 297 of 970
identifying matches to SCOR_consensus_sequences.fa sequences in batch 298 of 970
identifying matches to SCOR_consensus_sequences.fa sequences in batch 299 of 970
identifying matches to SCOR_consensus_sequences.fa sequences in batch 300 of 970
identifying matches to SCOR_consensus_sequences.fa sequences in batch 301 of 970
identifying matches to SCOR_consensus_sequences.fa sequences in batch 302 of 970
identifying matches to SCOR_consensus_sequences.fa sequences in batch 303 of 970
identifying matches to SCOR_consensus_sequences.fa sequences in batch 304 of 970
identifying matches to SCOR_consensus_sequences.fa sequences in batch 305 of 970
identifying matches to SCOR_consensus_sequences.fa sequences in batch 306 of 970
identifying matches to SCOR_consensus_sequences.fa sequences in batch 307 of 970
identifying matches to SCOR_consensus_sequences.fa sequences in batch 308 of 970
identifying matches to SCOR_consensus_sequences.fa sequences in batch 309 of 970
identifying matches to SCOR_consensus_sequences.fa sequences in batch 310 of 970
identifying matches to SCOR_consensus_sequences.fa sequences in batch 311 of 970
identifying matches to SCOR_consensus_sequences.fa sequences in batch 312 of 970
identifying matches to SCOR_consensus_sequences.fa sequences in batch 313 of 970
identifying matches to SCOR_consensus_sequences.fa sequences in batch 314 of 970
identifying matches to SCOR_consensus_sequences.fa sequences in batch 315 of 970
identifying matches to SCOR_consensus_sequences.fa sequences in batch 316 of 970
identifying matches to SCOR_consensus_sequences.fa sequences in batch 317 of 970
identifying matches to SCOR_consensus_sequences.fa sequences in batch 318 of 970
identifying matches to SCOR_consensus_sequences.fa sequences in batch 319 of 970
identifying matches to SCOR_consensus_sequences.fa sequences in batch 320 of 970
identifying matches to SCOR_consensus_sequences.fa sequences in batch 321 of 970
identifying matches to SCOR_consensus_sequences.fa sequences in batch 322 of 970
identifying matches to SCOR_consensus_sequences.fa sequences in batch 323 of 970
identifying matches to SCOR_consensus_sequences.fa sequences in batch 324 of 970
identifying matches to SCOR_consensus_sequences.fa sequences in batch 325 of 970
identifying matches to SCOR_consensus_sequences.fa sequences in batch 326 of 970
identifying matches to SCOR_consensus_sequences.fa sequences in batch 327 of 970
identifying matches to SCOR_consensus_sequences.fa sequences in batch 328 of 970
identifying matches to SCOR_consensus_sequences.fa sequences in batch 329 of 970
identifying matches to SCOR_consensus_sequences.fa sequences in batch 330 of 970
identifying matches to SCOR_consensus_sequences.fa sequences in batch 331 of 970
identifying matches to SCOR_consensus_sequences.fa sequences in batch 332 of 970
identifying matches to SCOR_consensus_sequences.fa sequences in batch 333 of 970
identifying matches to SCOR_consensus_sequences.fa sequences in batch 334 of 970
identifying matches to SCOR_consensus_sequences.fa sequences in batch 335 of 970
identifying matches to SCOR_consensus_sequences.fa sequences in batch 336 of 970
identifying matches to SCOR_consensus_sequences.fa sequences in batch 337 of 970
identifying matches to SCOR_consensus_sequences.fa sequences in batch 338 of 970
identifying matches to SCOR_consensus_sequences.fa sequences in batch 339 of 970
identifying matches to SCOR_consensus_sequences.fa sequences in batch 340 of 970
identifying matches to SCOR_consensus_sequences.fa sequences in batch 341 of 970
identifying matches to SCOR_consensus_sequences.fa sequences in batch 342 of 970
identifying matches to SCOR_consensus_sequences.fa sequences in batch 343 of 970
identifying matches to SCOR_consensus_sequences.fa sequences in batch 344 of 970
identifying matches to SCOR_consensus_sequences.fa sequences in batch 345 of 970
identifying matches to SCOR_consensus_sequences.fa sequences in batch 346 of 970
identifying matches to SCOR_consensus_sequences.fa sequences in batch 347 of 970
identifying matches to SCOR_consensus_sequences.fa sequences in batch 348 of 970
identifying matches to SCOR_consensus_sequences.fa sequences in batch 349 of 970
identifying matches to SCOR_consensus_sequences.fa sequences in batch 350 of 970
identifying matches to SCOR_consensus_sequences.fa sequences in batch 351 of 970
identifying matches to SCOR_consensus_sequences.fa sequences in batch 352 of 970
identifying matches to SCOR_consensus_sequences.fa sequences in batch 353 of 970
identifying matches to SCOR_consensus_sequences.fa sequences in batch 354 of 970
identifying matches to SCOR_consensus_sequences.fa sequences in batch 355 of 970
identifying matches to SCOR_consensus_sequences.fa sequences in batch 356 of 970
identifying matches to SCOR_consensus_sequences.fa sequences in batch 357 of 970
identifying matches to SCOR_consensus_sequences.fa sequences in batch 358 of 970
identifying matches to SCOR_consensus_sequences.fa sequences in batch 359 of 970
identifying matches to SCOR_consensus_sequences.fa sequences in batch 360 of 970
identifying matches to SCOR_consensus_sequences.fa sequences in batch 361 of 970
identifying matches to SCOR_consensus_sequences.fa sequences in batch 362 of 970
identifying matches to SCOR_consensus_sequences.fa sequences in batch 363 of 970
identifying matches to SCOR_consensus_sequences.fa sequences in batch 364 of 970
identifying matches to SCOR_consensus_sequences.fa sequences in batch 365 of 970
identifying matches to SCOR_consensus_sequences.fa sequences in batch 366 of 970
identifying matches to SCOR_consensus_sequences.fa sequences in batch 367 of 970
identifying matches to SCOR_consensus_sequences.fa sequences in batch 368 of 970
identifying matches to SCOR_consensus_sequences.fa sequences in batch 369 of 970
identifying matches to SCOR_consensus_sequences.fa sequences in batch 371 of 970
identifying matches to SCOR_consensus_sequences.fa sequences in batch 370 of 970
identifying matches to SCOR_consensus_sequences.fa sequences in batch 372 of 970
identifying matches to SCOR_consensus_sequences.fa sequences in batch 373 of 970
identifying matches to SCOR_consensus_sequences.fa sequences in batch 374 of 970
identifying matches to SCOR_consensus_sequences.fa sequences in batch 375 of 970
identifying matches to SCOR_consensus_sequences.fa sequences in batch 376 of 970
identifying matches to SCOR_consensus_sequences.fa sequences in batch 377 of 970
identifying matches to SCOR_consensus_sequences.fa sequences in batch 378 of 970
identifying matches to SCOR_consensus_sequences.fa sequences in batch 379 of 970
identifying matches to SCOR_consensus_sequences.fa sequences in batch 380 of 970
identifying matches to SCOR_consensus_sequences.fa sequences in batch 381 of 970
identifying matches to SCOR_consensus_sequences.fa sequences in batch 382 of 970
identifying matches to SCOR_consensus_sequences.fa sequences in batch 383 of 970
identifying matches to SCOR_consensus_sequences.fa sequences in batch 384 of 970
identifying matches to SCOR_consensus_sequences.fa sequences in batch 385 of 970
identifying matches to SCOR_consensus_sequences.fa sequences in batch 386 of 970
identifying matches to SCOR_consensus_sequences.fa sequences in batch 387 of 970
identifying matches to SCOR_consensus_sequences.fa sequences in batch 389 of 970
identifying matches to SCOR_consensus_sequences.fa sequences in batch 388 of 970
identifying matches to SCOR_consensus_sequences.fa sequences in batch 390 of 970
identifying matches to SCOR_consensus_sequences.fa sequences in batch 391 of 970
identifying matches to SCOR_consensus_sequences.fa sequences in batch 392 of 970
identifying matches to SCOR_consensus_sequences.fa sequences in batch 393 of 970
identifying matches to SCOR_consensus_sequences.fa sequences in batch 394 of 970
identifying matches to SCOR_consensus_sequences.fa sequences in batch 395 of 970
identifying matches to SCOR_consensus_sequences.fa sequences in batch 396 of 970
identifying matches to SCOR_consensus_sequences.fa sequences in batch 397 of 970
identifying matches to SCOR_consensus_sequences.fa sequences in batch 398 of 970
identifying matches to SCOR_consensus_sequences.fa sequences in batch 399 of 970
identifying matches to SCOR_consensus_sequences.fa sequences in batch 400 of 970
identifying matches to SCOR_consensus_sequences.fa sequences in batch 401 of 970
identifying matches to SCOR_consensus_sequences.fa sequences in batch 402 of 970
identifying matches to SCOR_consensus_sequences.fa sequences in batch 403 of 970
identifying matches to SCOR_consensus_sequences.fa sequences in batch 404 of 970
identifying matches to SCOR_consensus_sequences.fa sequences in batch 405 of 970
identifying matches to SCOR_consensus_sequences.fa sequences in batch 406 of 970
identifying matches to SCOR_consensus_sequences.fa sequences in batch 407 of 970
identifying matches to SCOR_consensus_sequences.fa sequences in batch 408 of 970
identifying matches to SCOR_consensus_sequences.fa sequences in batch 409 of 970
identifying matches to SCOR_consensus_sequences.fa sequences in batch 410 of 970
identifying matches to SCOR_consensus_sequences.fa sequences in batch 411 of 970
identifying matches to SCOR_consensus_sequences.fa sequences in batch 412 of 970
identifying matches to SCOR_consensus_sequences.fa sequences in batch 413 of 970
identifying matches to SCOR_consensus_sequences.fa sequences in batch 414 of 970
identifying matches to SCOR_consensus_sequences.fa sequences in batch 415 of 970
identifying matches to SCOR_consensus_sequences.fa sequences in batch 416 of 970
identifying matches to SCOR_consensus_sequences.fa sequences in batch 417 of 970
identifying matches to SCOR_consensus_sequences.fa sequences in batch 418 of 970
identifying matches to SCOR_consensus_sequences.fa sequences in batch 419 of 970
identifying matches to SCOR_consensus_sequences.fa sequences in batch 420 of 970
identifying matches to SCOR_consensus_sequences.fa sequences in batch 421 of 970
identifying matches to SCOR_consensus_sequences.fa sequences in batch 422 of 970
identifying matches to SCOR_consensus_sequences.fa sequences in batch 423 of 970
identifying matches to SCOR_consensus_sequences.fa sequences in batch 424 of 970
identifying matches to SCOR_consensus_sequences.fa sequences in batch 425 of 970
identifying matches to SCOR_consensus_sequences.fa sequences in batch 426 of 970
identifying matches to SCOR_consensus_sequences.fa sequences in batch 427 of 970
identifying matches to SCOR_consensus_sequences.fa sequences in batch 428 of 970
identifying matches to SCOR_consensus_sequences.fa sequences in batch 429 of 970
identifying matches to SCOR_consensus_sequences.fa sequences in batch 431 of 970
identifying matches to SCOR_consensus_sequences.fa sequences in batch 430 of 970
identifying matches to SCOR_consensus_sequences.fa sequences in batch 432 of 970
identifying matches to SCOR_consensus_sequences.fa sequences in batch 433 of 970
identifying matches to SCOR_consensus_sequences.fa sequences in batch 434 of 970
identifying matches to SCOR_consensus_sequences.fa sequences in batch 435 of 970
identifying matches to SCOR_consensus_sequences.fa sequences in batch 436 of 970
identifying matches to SCOR_consensus_sequences.fa sequences in batch 437 of 970
identifying matches to SCOR_consensus_sequences.fa sequences in batch 438 of 970
identifying matches to SCOR_consensus_sequences.fa sequences in batch 439 of 970
identifying matches to SCOR_consensus_sequences.fa sequences in batch 440 of 970
identifying matches to SCOR_consensus_sequences.fa sequences in batch 441 of 970
identifying matches to SCOR_consensus_sequences.fa sequences in batch 442 of 970
identifying matches to SCOR_consensus_sequences.fa sequences in batch 443 of 970
identifying matches to SCOR_consensus_sequences.fa sequences in batch 444 of 970
identifying matches to SCOR_consensus_sequences.fa sequences in batch 445 of 970
identifying matches to SCOR_consensus_sequences.fa sequences in batch 446 of 970
identifying matches to SCOR_consensus_sequences.fa sequences in batch 447 of 970
identifying matches to SCOR_consensus_sequences.fa sequences in batch 448 of 970
identifying matches to SCOR_consensus_sequences.fa sequences in batch 449 of 970
identifying matches to SCOR_consensus_sequences.fa sequences in batch 450 of 970
identifying matches to SCOR_consensus_sequences.fa sequences in batch 451 of 970
identifying matches to SCOR_consensus_sequences.fa sequences in batch 452 of 970
identifying matches to SCOR_consensus_sequences.fa sequences in batch 453 of 970
identifying matches to SCOR_consensus_sequences.fa sequences in batch 454 of 970
identifying matches to SCOR_consensus_sequences.fa sequences in batch 455 of 970
identifying matches to SCOR_consensus_sequences.fa sequences in batch 456 of 970
identifying matches to SCOR_consensus_sequences.fa sequences in batch 457 of 970
identifying matches to SCOR_consensus_sequences.fa sequences in batch 458 of 970
identifying matches to SCOR_consensus_sequences.fa sequences in batch 459 of 970
identifying matches to SCOR_consensus_sequences.fa sequences in batch 460 of 970
identifying matches to SCOR_consensus_sequences.fa sequences in batch 461 of 970
identifying matches to SCOR_consensus_sequences.fa sequences in batch 462 of 970
identifying matches to SCOR_consensus_sequences.fa sequences in batch 463 of 970
identifying matches to SCOR_consensus_sequences.fa sequences in batch 464 of 970
identifying matches to SCOR_consensus_sequences.fa sequences in batch 465 of 970
identifying matches to SCOR_consensus_sequences.fa sequences in batch 466 of 970
identifying matches to SCOR_consensus_sequences.fa sequences in batch 467 of 970
identifying matches to SCOR_consensus_sequences.fa sequences in batch 468 of 970
identifying matches to SCOR_consensus_sequences.fa sequences in batch 469 of 970
identifying matches to SCOR_consensus_sequences.fa sequences in batch 470 of 970
identifying matches to SCOR_consensus_sequences.fa sequences in batch 471 of 970
identifying matches to SCOR_consensus_sequences.fa sequences in batch 472 of 970
identifying matches to SCOR_consensus_sequences.fa sequences in batch 473 of 970
identifying matches to SCOR_consensus_sequences.fa sequences in batch 474 of 970
identifying matches to SCOR_consensus_sequences.fa sequences in batch 475 of 970
identifying matches to SCOR_consensus_sequences.fa sequences in batch 476 of 970
identifying matches to SCOR_consensus_sequences.fa sequences in batch 477 of 970
identifying matches to SCOR_consensus_sequences.fa sequences in batch 478 of 970
identifying matches to SCOR_consensus_sequences.fa sequences in batch 479 of 970
identifying matches to SCOR_consensus_sequences.fa sequences in batch 480 of 970
identifying matches to SCOR_consensus_sequences.fa sequences in batch 481 of 970
identifying matches to SCOR_consensus_sequences.fa sequences in batch 482 of 970
identifying matches to SCOR_consensus_sequences.fa sequences in batch 483 of 970
identifying matches to SCOR_consensus_sequences.fa sequences in batch 484 of 970
identifying matches to SCOR_consensus_sequences.fa sequences in batch 485 of 970
identifying matches to SCOR_consensus_sequences.fa sequences in batch 486 of 970
identifying matches to SCOR_consensus_sequences.fa sequences in batch 487 of 970
identifying matches to SCOR_consensus_sequences.fa sequences in batch 488 of 970
identifying matches to SCOR_consensus_sequences.fa sequences in batch 489 of 970
identifying matches to SCOR_consensus_sequences.fa sequences in batch 490 of 970
identifying matches to SCOR_consensus_sequences.fa sequences in batch 491 of 970
identifying matches to SCOR_consensus_sequences.fa sequences in batch 492 of 970
identifying matches to SCOR_consensus_sequences.fa sequences in batch 493 of 970
identifying matches to SCOR_consensus_sequences.fa sequences in batch 494 of 970
identifying matches to SCOR_consensus_sequences.fa sequences in batch 495 of 970
identifying matches to SCOR_consensus_sequences.fa sequences in batch 496 of 970
identifying matches to SCOR_consensus_sequences.fa sequences in batch 497 of 970
identifying matches to SCOR_consensus_sequences.fa sequences in batch 498 of 970
identifying matches to SCOR_consensus_sequences.fa sequences in batch 499 of 970
identifying matches to SCOR_consensus_sequences.fa sequences in batch 500 of 970
identifying matches to SCOR_consensus_sequences.fa sequences in batch 501 of 970
identifying matches to SCOR_consensus_sequences.fa sequences in batch 502 of 970
identifying matches to SCOR_consensus_sequences.fa sequences in batch 503 of 970
identifying matches to SCOR_consensus_sequences.fa sequences in batch 504 of 970
identifying matches to SCOR_consensus_sequences.fa sequences in batch 505 of 970
identifying matches to SCOR_consensus_sequences.fa sequences in batch 506 of 970
identifying matches to SCOR_consensus_sequences.fa sequences in batch 507 of 970
identifying matches to SCOR_consensus_sequences.fa sequences in batch 508 of 970
identifying matches to SCOR_consensus_sequences.fa sequences in batch 509 of 970
identifying matches to SCOR_consensus_sequences.fa sequences in batch 510 of 970
identifying matches to SCOR_consensus_sequences.fa sequences in batch 511 of 970
identifying matches to SCOR_consensus_sequences.fa sequences in batch 512 of 970
identifying matches to SCOR_consensus_sequences.fa sequences in batch 513 of 970
identifying matches to SCOR_consensus_sequences.fa sequences in batch 514 of 970
identifying matches to SCOR_consensus_sequences.fa sequences in batch 516 of 970
identifying matches to SCOR_consensus_sequences.fa sequences in batch 515 of 970
identifying matches to SCOR_consensus_sequences.fa sequences in batch 517 of 970
identifying matches to SCOR_consensus_sequences.fa sequences in batch 518 of 970
identifying matches to SCOR_consensus_sequences.fa sequences in batch 519 of 970
identifying matches to SCOR_consensus_sequences.fa sequences in batch 520 of 970
identifying matches to SCOR_consensus_sequences.fa sequences in batch 521 of 970
identifying matches to SCOR_consensus_sequences.fa sequences in batch 522 of 970
identifying matches to SCOR_consensus_sequences.fa sequences in batch 523 of 970
identifying matches to SCOR_consensus_sequences.fa sequences in batch 524 of 970
identifying matches to SCOR_consensus_sequences.fa sequences in batch 525 of 970
identifying matches to SCOR_consensus_sequences.fa sequences in batch 526 of 970
identifying matches to SCOR_consensus_sequences.fa sequences in batch 527 of 970
identifying matches to SCOR_consensus_sequences.fa sequences in batch 528 of 970
identifying matches to SCOR_consensus_sequences.fa sequences in batch 529 of 970
identifying matches to SCOR_consensus_sequences.fa sequences in batch 530 of 970
identifying matches to SCOR_consensus_sequences.fa sequences in batch 531 of 970
identifying matches to SCOR_consensus_sequences.fa sequences in batch 532 of 970
identifying matches to SCOR_consensus_sequences.fa sequences in batch 533 of 970
identifying matches to SCOR_consensus_sequences.fa sequences in batch 534 of 970
identifying matches to SCOR_consensus_sequences.fa sequences in batch 535 of 970
identifying matches to SCOR_consensus_sequences.fa sequences in batch 536 of 970
identifying matches to SCOR_consensus_sequences.fa sequences in batch 537 of 970
identifying matches to SCOR_consensus_sequences.fa sequences in batch 538 of 970
identifying matches to SCOR_consensus_sequences.fa sequences in batch 539 of 970
identifying matches to SCOR_consensus_sequences.fa sequences in batch 540 of 970
identifying matches to SCOR_consensus_sequences.fa sequences in batch 541 of 970
identifying matches to SCOR_consensus_sequences.fa sequences in batch 542 of 970
identifying matches to SCOR_consensus_sequences.fa sequences in batch 543 of 970
identifying matches to SCOR_consensus_sequences.fa sequences in batch 544 of 970
identifying matches to SCOR_consensus_sequences.fa sequences in batch 545 of 970
identifying matches to SCOR_consensus_sequences.fa sequences in batch 546 of 970
identifying matches to SCOR_consensus_sequences.fa sequences in batch 547 of 970
identifying matches to SCOR_consensus_sequences.fa sequences in batch 548 of 970
identifying matches to SCOR_consensus_sequences.fa sequences in batch 549 of 970
identifying matches to SCOR_consensus_sequences.fa sequences in batch 550 of 970
identifying matches to SCOR_consensus_sequences.fa sequences in batch 551 of 970
identifying matches to SCOR_consensus_sequences.fa sequences in batch 552 of 970
identifying matches to SCOR_consensus_sequences.fa sequences in batch 553 of 970
identifying matches to SCOR_consensus_sequences.fa sequences in batch 554 of 970
identifying matches to SCOR_consensus_sequences.fa sequences in batch 555 of 970
identifying matches to SCOR_consensus_sequences.fa sequences in batch 556 of 970
identifying matches to SCOR_consensus_sequences.fa sequences in batch 557 of 970
identifying matches to SCOR_consensus_sequences.fa sequences in batch 558 of 970
identifying matches to SCOR_consensus_sequences.fa sequences in batch 559 of 970
identifying matches to SCOR_consensus_sequences.fa sequences in batch 560 of 970
identifying matches to SCOR_consensus_sequences.fa sequences in batch 561 of 970
identifying matches to SCOR_consensus_sequences.fa sequences in batch 562 of 970
identifying matches to SCOR_consensus_sequences.fa sequences in batch 563 of 970
identifying matches to SCOR_consensus_sequences.fa sequences in batch 564 of 970
identifying matches to SCOR_consensus_sequences.fa sequences in batch 565 of 970
identifying matches to SCOR_consensus_sequences.fa sequences in batch 567 of 970
identifying matches to SCOR_consensus_sequences.fa sequences in batch 566 of 970
identifying matches to SCOR_consensus_sequences.fa sequences in batch 568 of 970
identifying matches to SCOR_consensus_sequences.fa sequences in batch 569 of 970
identifying matches to SCOR_consensus_sequences.fa sequences in batch 570 of 970
identifying matches to SCOR_consensus_sequences.fa sequences in batch 571 of 970
identifying matches to SCOR_consensus_sequences.fa sequences in batch 572 of 970
identifying matches to SCOR_consensus_sequences.fa sequences in batch 573 of 970
identifying matches to SCOR_consensus_sequences.fa sequences in batch 574 of 970
identifying matches to SCOR_consensus_sequences.fa sequences in batch 575 of 970
identifying matches to SCOR_consensus_sequences.fa sequences in batch 576 of 970
identifying matches to SCOR_consensus_sequences.fa sequences in batch 577 of 970
identifying matches to SCOR_consensus_sequences.fa sequences in batch 578 of 970
identifying matches to SCOR_consensus_sequences.fa sequences in batch 579 of 970
identifying matches to SCOR_consensus_sequences.fa sequences in batch 580 of 970
identifying matches to SCOR_consensus_sequences.fa sequences in batch 581 of 970
identifying matches to SCOR_consensus_sequences.fa sequences in batch 582 of 970
identifying matches to SCOR_consensus_sequences.fa sequences in batch 583 of 970
identifying matches to SCOR_consensus_sequences.fa sequences in batch 584 of 970
identifying matches to SCOR_consensus_sequences.fa sequences in batch 585 of 970
identifying matches to SCOR_consensus_sequences.fa sequences in batch 586 of 970
identifying matches to SCOR_consensus_sequences.fa sequences in batch 587 of 970
identifying matches to SCOR_consensus_sequences.fa sequences in batch 588 of 970
identifying matches to SCOR_consensus_sequences.fa sequences in batch 589 of 970
identifying matches to SCOR_consensus_sequences.fa sequences in batch 590 of 970
identifying matches to SCOR_consensus_sequences.fa sequences in batch 591 of 970
identifying matches to SCOR_consensus_sequences.fa sequences in batch 592 of 970
identifying matches to SCOR_consensus_sequences.fa sequences in batch 593 of 970
identifying matches to SCOR_consensus_sequences.fa sequences in batch 594 of 970
identifying matches to SCOR_consensus_sequences.fa sequences in batch 595 of 970
identifying matches to SCOR_consensus_sequences.fa sequences in batch 596 of 970
identifying matches to SCOR_consensus_sequences.fa sequences in batch 597 of 970
identifying matches to SCOR_consensus_sequences.fa sequences in batch 598 of 970
identifying matches to SCOR_consensus_sequences.fa sequences in batch 599 of 970
identifying matches to SCOR_consensus_sequences.fa sequences in batch 600 of 970
identifying matches to SCOR_consensus_sequences.fa sequences in batch 602 of 970
identifying matches to SCOR_consensus_sequences.fa sequences in batch 601 of 970
identifying matches to SCOR_consensus_sequences.fa sequences in batch 603 of 970
identifying matches to SCOR_consensus_sequences.fa sequences in batch 604 of 970
identifying matches to SCOR_consensus_sequences.fa sequences in batch 605 of 970
identifying matches to SCOR_consensus_sequences.fa sequences in batch 606 of 970
identifying matches to SCOR_consensus_sequences.fa sequences in batch 607 of 970
identifying matches to SCOR_consensus_sequences.fa sequences in batch 608 of 970
identifying matches to SCOR_consensus_sequences.fa sequences in batch 609 of 970
identifying matches to SCOR_consensus_sequences.fa sequences in batch 610 of 970
identifying matches to SCOR_consensus_sequences.fa sequences in batch 611 of 970
identifying matches to SCOR_consensus_sequences.fa sequences in batch 612 of 970
identifying matches to SCOR_consensus_sequences.fa sequences in batch 613 of 970
identifying matches to SCOR_consensus_sequences.fa sequences in batch 614 of 970
identifying matches to SCOR_consensus_sequences.fa sequences in batch 615 of 970
identifying matches to SCOR_consensus_sequences.fa sequences in batch 616 of 970
identifying matches to SCOR_consensus_sequences.fa sequences in batch 617 of 970
identifying matches to SCOR_consensus_sequences.fa sequences in batch 618 of 970
identifying matches to SCOR_consensus_sequences.fa sequences in batch 619 of 970
identifying matches to SCOR_consensus_sequences.fa sequences in batch 620 of 970
identifying matches to SCOR_consensus_sequences.fa sequences in batch 621 of 970
identifying matches to SCOR_consensus_sequences.fa sequences in batch 622 of 970
identifying matches to SCOR_consensus_sequences.fa sequences in batch 623 of 970
identifying matches to SCOR_consensus_sequences.fa sequences in batch 624 of 970
identifying matches to SCOR_consensus_sequences.fa sequences in batch 625 of 970
identifying matches to SCOR_consensus_sequences.fa sequences in batch 626 of 970
identifying matches to SCOR_consensus_sequences.fa sequences in batch 627 of 970
identifying matches to SCOR_consensus_sequences.fa sequences in batch 628 of 970
identifying matches to SCOR_consensus_sequences.fa sequences in batch 629 of 970
identifying matches to SCOR_consensus_sequences.fa sequences in batch 630 of 970
identifying matches to SCOR_consensus_sequences.fa sequences in batch 631 of 970
identifying matches to SCOR_consensus_sequences.fa sequences in batch 632 of 970
identifying matches to SCOR_consensus_sequences.fa sequences in batch 633 of 970
identifying matches to SCOR_consensus_sequences.fa sequences in batch 634 of 970
identifying matches to SCOR_consensus_sequences.fa sequences in batch 635 of 970
identifying matches to SCOR_consensus_sequences.fa sequences in batch 636 of 970
identifying matches to SCOR_consensus_sequences.fa sequences in batch 637 of 970
identifying matches to SCOR_consensus_sequences.fa sequences in batch 638 of 970
identifying matches to SCOR_consensus_sequences.fa sequences in batch 639 of 970
identifying matches to SCOR_consensus_sequences.fa sequences in batch 640 of 970
identifying matches to SCOR_consensus_sequences.fa sequences in batch 641 of 970
identifying matches to SCOR_consensus_sequences.fa sequences in batch 642 of 970
identifying matches to SCOR_consensus_sequences.fa sequences in batch 643 of 970
identifying matches to SCOR_consensus_sequences.fa sequences in batch 644 of 970
identifying matches to SCOR_consensus_sequences.fa sequences in batch 645 of 970
identifying matches to SCOR_consensus_sequences.fa sequences in batch 646 of 970
identifying matches to SCOR_consensus_sequences.fa sequences in batch 647 of 970
identifying matches to SCOR_consensus_sequences.fa sequences in batch 648 of 970
identifying matches to SCOR_consensus_sequences.fa sequences in batch 649 of 970
identifying matches to SCOR_consensus_sequences.fa sequences in batch 650 of 970
identifying matches to SCOR_consensus_sequences.fa sequences in batch 651 of 970
identifying matches to SCOR_consensus_sequences.fa sequences in batch 652 of 970
identifying matches to SCOR_consensus_sequences.fa sequences in batch 653 of 970
identifying matches to SCOR_consensus_sequences.fa sequences in batch 654 of 970
identifying matches to SCOR_consensus_sequences.fa sequences in batch 655 of 970
identifying matches to SCOR_consensus_sequences.fa sequences in batch 656 of 970
identifying matches to SCOR_consensus_sequences.fa sequences in batch 657 of 970
identifying matches to SCOR_consensus_sequences.fa sequences in batch 658 of 970
identifying matches to SCOR_consensus_sequences.fa sequences in batch 659 of 970
identifying matches to SCOR_consensus_sequences.fa sequences in batch 660 of 970
identifying matches to SCOR_consensus_sequences.fa sequences in batch 661 of 970
identifying matches to SCOR_consensus_sequences.fa sequences in batch 662 of 970
identifying matches to SCOR_consensus_sequences.fa sequences in batch 663 of 970
identifying matches to SCOR_consensus_sequences.fa sequences in batch 664 of 970
identifying matches to SCOR_consensus_sequences.fa sequences in batch 665 of 970
identifying matches to SCOR_consensus_sequences.fa sequences in batch 666 of 970
identifying matches to SCOR_consensus_sequences.fa sequences in batch 667 of 970
identifying matches to SCOR_consensus_sequences.fa sequences in batch 668 of 970
identifying matches to SCOR_consensus_sequences.fa sequences in batch 669 of 970
identifying matches to SCOR_consensus_sequences.fa sequences in batch 670 of 970
identifying matches to SCOR_consensus_sequences.fa sequences in batch 671 of 970
identifying matches to SCOR_consensus_sequences.fa sequences in batch 672 of 970
identifying matches to SCOR_consensus_sequences.fa sequences in batch 673 of 970
identifying matches to SCOR_consensus_sequences.fa sequences in batch 674 of 970
identifying matches to SCOR_consensus_sequences.fa sequences in batch 675 of 970
identifying matches to SCOR_consensus_sequences.fa sequences in batch 676 of 970
identifying matches to SCOR_consensus_sequences.fa sequences in batch 677 of 970
identifying matches to SCOR_consensus_sequences.fa sequences in batch 678 of 970
identifying matches to SCOR_consensus_sequences.fa sequences in batch 679 of 970
identifying matches to SCOR_consensus_sequences.fa sequences in batch 680 of 970
identifying matches to SCOR_consensus_sequences.fa sequences in batch 681 of 970
identifying matches to SCOR_consensus_sequences.fa sequences in batch 682 of 970
identifying matches to SCOR_consensus_sequences.fa sequences in batch 683 of 970
identifying matches to SCOR_consensus_sequences.fa sequences in batch 684 of 970
identifying matches to SCOR_consensus_sequences.fa sequences in batch 685 of 970
identifying matches to SCOR_consensus_sequences.fa sequences in batch 686 of 970
identifying matches to SCOR_consensus_sequences.fa sequences in batch 687 of 970
identifying matches to SCOR_consensus_sequences.fa sequences in batch 688 of 970
identifying matches to SCOR_consensus_sequences.fa sequences in batch 689 of 970
identifying matches to SCOR_consensus_sequences.fa sequences in batch 690 of 970
identifying matches to SCOR_consensus_sequences.fa sequences in batch 691 of 970
identifying matches to SCOR_consensus_sequences.fa sequences in batch 692 of 970
identifying matches to SCOR_consensus_sequences.fa sequences in batch 693 of 970
identifying matches to SCOR_consensus_sequences.fa sequences in batch 694 of 970
identifying matches to SCOR_consensus_sequences.fa sequences in batch 695 of 970
identifying matches to SCOR_consensus_sequences.fa sequences in batch 696 of 970
identifying matches to SCOR_consensus_sequences.fa sequences in batch 697 of 970
identifying matches to SCOR_consensus_sequences.fa sequences in batch 698 of 970
identifying matches to SCOR_consensus_sequences.fa sequences in batch 699 of 970
identifying matches to SCOR_consensus_sequences.fa sequences in batch 700 of 970
identifying matches to SCOR_consensus_sequences.fa sequences in batch 701 of 970
identifying matches to SCOR_consensus_sequences.fa sequences in batch 702 of 970
identifying matches to SCOR_consensus_sequences.fa sequences in batch 703 of 970
identifying matches to SCOR_consensus_sequences.fa sequences in batch 704 of 970
identifying matches to SCOR_consensus_sequences.fa sequences in batch 705 of 970
identifying matches to SCOR_consensus_sequences.fa sequences in batch 706 of 970
identifying matches to SCOR_consensus_sequences.fa sequences in batch 707 of 970
identifying matches to SCOR_consensus_sequences.fa sequences in batch 708 of 970
identifying matches to SCOR_consensus_sequences.fa sequences in batch 709 of 970
identifying matches to SCOR_consensus_sequences.fa sequences in batch 710 of 970
identifying matches to SCOR_consensus_sequences.fa sequences in batch 711 of 970
identifying matches to SCOR_consensus_sequences.fa sequences in batch 712 of 970
identifying matches to SCOR_consensus_sequences.fa sequences in batch 713 of 970
identifying matches to SCOR_consensus_sequences.fa sequences in batch 714 of 970
identifying matches to SCOR_consensus_sequences.fa sequences in batch 715 of 970
identifying matches to SCOR_consensus_sequences.fa sequences in batch 716 of 970
identifying matches to SCOR_consensus_sequences.fa sequences in batch 717 of 970
identifying matches to SCOR_consensus_sequences.fa sequences in batch 718 of 970
identifying matches to SCOR_consensus_sequences.fa sequences in batch 719 of 970
identifying matches to SCOR_consensus_sequences.fa sequences in batch 720 of 970
identifying matches to SCOR_consensus_sequences.fa sequences in batch 721 of 970
identifying matches to SCOR_consensus_sequences.fa sequences in batch 722 of 970
identifying matches to SCOR_consensus_sequences.fa sequences in batch 723 of 970
identifying matches to SCOR_consensus_sequences.fa sequences in batch 724 of 970
identifying matches to SCOR_consensus_sequences.fa sequences in batch 725 of 970
identifying matches to SCOR_consensus_sequences.fa sequences in batch 726 of 970
identifying matches to SCOR_consensus_sequences.fa sequences in batch 727 of 970
identifying matches to SCOR_consensus_sequences.fa sequences in batch 728 of 970
identifying matches to SCOR_consensus_sequences.fa sequences in batch 729 of 970
identifying matches to SCOR_consensus_sequences.fa sequences in batch 730 of 970
identifying matches to SCOR_consensus_sequences.fa sequences in batch 731 of 970
identifying matches to SCOR_consensus_sequences.fa sequences in batch 732 of 970
identifying matches to SCOR_consensus_sequences.fa sequences in batch 733 of 970
identifying matches to SCOR_consensus_sequences.fa sequences in batch 734 of 970
identifying matches to SCOR_consensus_sequences.fa sequences in batch 735 of 970
identifying matches to SCOR_consensus_sequences.fa sequences in batch 736 of 970
identifying matches to SCOR_consensus_sequences.fa sequences in batch 737 of 970
identifying matches to SCOR_consensus_sequences.fa sequences in batch 738 of 970
identifying matches to SCOR_consensus_sequences.fa sequences in batch 739 of 970
identifying matches to SCOR_consensus_sequences.fa sequences in batch 740 of 970
identifying matches to SCOR_consensus_sequences.fa sequences in batch 741 of 970
identifying matches to SCOR_consensus_sequences.fa sequences in batch 742 of 970
identifying matches to SCOR_consensus_sequences.fa sequences in batch 743 of 970
identifying matches to SCOR_consensus_sequences.fa sequences in batch 744 of 970
identifying matches to SCOR_consensus_sequences.fa sequences in batch 745 of 970
identifying matches to SCOR_consensus_sequences.fa sequences in batch 746 of 970
identifying matches to SCOR_consensus_sequences.fa sequences in batch 747 of 970
identifying matches to SCOR_consensus_sequences.fa sequences in batch 748 of 970
identifying matches to SCOR_consensus_sequences.fa sequences in batch 749 of 970
identifying matches to SCOR_consensus_sequences.fa sequences in batch 750 of 970
identifying matches to SCOR_consensus_sequences.fa sequences in batch 751 of 970
identifying matches to SCOR_consensus_sequences.fa sequences in batch 752 of 970
identifying matches to SCOR_consensus_sequences.fa sequences in batch 753 of 970
identifying matches to SCOR_consensus_sequences.fa sequences in batch 754 of 970
identifying matches to SCOR_consensus_sequences.fa sequences in batch 755 of 970
identifying matches to SCOR_consensus_sequences.fa sequences in batch 756 of 970
identifying matches to SCOR_consensus_sequences.fa sequences in batch 757 of 970
identifying matches to SCOR_consensus_sequences.fa sequences in batch 758 of 970
identifying matches to SCOR_consensus_sequences.fa sequences in batch 759 of 970
identifying matches to SCOR_consensus_sequences.fa sequences in batch 760 of 970
identifying matches to SCOR_consensus_sequences.fa sequences in batch 761 of 970
identifying matches to SCOR_consensus_sequences.fa sequences in batch 762 of 970
identifying matches to SCOR_consensus_sequences.fa sequences in batch 763 of 970
identifying matches to SCOR_consensus_sequences.fa sequences in batch 764 of 970
identifying matches to SCOR_consensus_sequences.fa sequences in batch 765 of 970
identifying matches to SCOR_consensus_sequences.fa sequences in batch 766 of 970
identifying matches to SCOR_consensus_sequences.fa sequences in batch 767 of 970
identifying matches to SCOR_consensus_sequences.fa sequences in batch 768 of 970
identifying matches to SCOR_consensus_sequences.fa sequences in batch 769 of 970
identifying matches to SCOR_consensus_sequences.fa sequences in batch 770 of 970
identifying matches to SCOR_consensus_sequences.fa sequences in batch 771 of 970
identifying matches to SCOR_consensus_sequences.fa sequences in batch 772 of 970
identifying matches to SCOR_consensus_sequences.fa sequences in batch 773 of 970
identifying matches to SCOR_consensus_sequences.fa sequences in batch 775 of 970
identifying matches to SCOR_consensus_sequences.fa sequences in batch 774 of 970
identifying matches to SCOR_consensus_sequences.fa sequences in batch 776 of 970
identifying matches to SCOR_consensus_sequences.fa sequences in batch 777 of 970
identifying matches to SCOR_consensus_sequences.fa sequences in batch 778 of 970
identifying matches to SCOR_consensus_sequences.fa sequences in batch 779 of 970
identifying matches to SCOR_consensus_sequences.fa sequences in batch 780 of 970
identifying matches to SCOR_consensus_sequences.fa sequences in batch 781 of 970
identifying matches to SCOR_consensus_sequences.fa sequences in batch 782 of 970
identifying matches to SCOR_consensus_sequences.fa sequences in batch 783 of 970
identifying matches to SCOR_consensus_sequences.fa sequences in batch 784 of 970
identifying matches to SCOR_consensus_sequences.fa sequences in batch 785 of 970
identifying matches to SCOR_consensus_sequences.fa sequences in batch 786 of 970
identifying matches to SCOR_consensus_sequences.fa sequences in batch 787 of 970
identifying matches to SCOR_consensus_sequences.fa sequences in batch 788 of 970
identifying matches to SCOR_consensus_sequences.fa sequences in batch 789 of 970
identifying matches to SCOR_consensus_sequences.fa sequences in batch 790 of 970
identifying matches to SCOR_consensus_sequences.fa sequences in batch 791 of 970
identifying matches to SCOR_consensus_sequences.fa sequences in batch 792 of 970
identifying matches to SCOR_consensus_sequences.fa sequences in batch 793 of 970
identifying matches to SCOR_consensus_sequences.fa sequences in batch 794 of 970
identifying matches to SCOR_consensus_sequences.fa sequences in batch 795 of 970
identifying matches to SCOR_consensus_sequences.fa sequences in batch 796 of 970
identifying matches to SCOR_consensus_sequences.fa sequences in batch 797 of 970
identifying matches to SCOR_consensus_sequences.fa sequences in batch 798 of 970
identifying matches to SCOR_consensus_sequences.fa sequences in batch 799 of 970
identifying matches to SCOR_consensus_sequences.fa sequences in batch 800 of 970
identifying matches to SCOR_consensus_sequences.fa sequences in batch 801 of 970
identifying matches to SCOR_consensus_sequences.fa sequences in batch 802 of 970
identifying matches to SCOR_consensus_sequences.fa sequences in batch 803 of 970
identifying matches to SCOR_consensus_sequences.fa sequences in batch 804 of 970
identifying matches to SCOR_consensus_sequences.fa sequences in batch 805 of 970
identifying matches to SCOR_consensus_sequences.fa sequences in batch 806 of 970
identifying matches to SCOR_consensus_sequences.fa sequences in batch 807 of 970
identifying matches to SCOR_consensus_sequences.fa sequences in batch 808 of 970
identifying matches to SCOR_consensus_sequences.fa sequences in batch 809 of 970
identifying matches to SCOR_consensus_sequences.fa sequences in batch 810 of 970
identifying matches to SCOR_consensus_sequences.fa sequences in batch 811 of 970
identifying matches to SCOR_consensus_sequences.fa sequences in batch 812 of 970
identifying matches to SCOR_consensus_sequences.fa sequences in batch 813 of 970
identifying matches to SCOR_consensus_sequences.fa sequences in batch 814 of 970
identifying matches to SCOR_consensus_sequences.fa sequences in batch 815 of 970
identifying matches to SCOR_consensus_sequences.fa sequences in batch 816 of 970
identifying matches to SCOR_consensus_sequences.fa sequences in batch 817 of 970
identifying matches to SCOR_consensus_sequences.fa sequences in batch 818 of 970
identifying matches to SCOR_consensus_sequences.fa sequences in batch 819 of 970
identifying matches to SCOR_consensus_sequences.fa sequences in batch 820 of 970
identifying matches to SCOR_consensus_sequences.fa sequences in batch 821 of 970
identifying matches to SCOR_consensus_sequences.fa sequences in batch 822 of 970
identifying matches to SCOR_consensus_sequences.fa sequences in batch 824 of 970
identifying matches to SCOR_consensus_sequences.fa sequences in batch 823 of 970
identifying matches to SCOR_consensus_sequences.fa sequences in batch 825 of 970
identifying matches to SCOR_consensus_sequences.fa sequences in batch 826 of 970
identifying matches to SCOR_consensus_sequences.fa sequences in batch 828 of 970
identifying matches to SCOR_consensus_sequences.fa sequences in batch 827 of 970
identifying matches to SCOR_consensus_sequences.fa sequences in batch 829 of 970
identifying matches to SCOR_consensus_sequences.fa sequences in batch 830 of 970
identifying matches to SCOR_consensus_sequences.fa sequences in batch 831 of 970
identifying matches to SCOR_consensus_sequences.fa sequences in batch 832 of 970
identifying matches to SCOR_consensus_sequences.fa sequences in batch 833 of 970
identifying matches to SCOR_consensus_sequences.fa sequences in batch 834 of 970
identifying matches to SCOR_consensus_sequences.fa sequences in batch 835 of 970
identifying matches to SCOR_consensus_sequences.fa sequences in batch 836 of 970
identifying matches to SCOR_consensus_sequences.fa sequences in batch 837 of 970
identifying matches to SCOR_consensus_sequences.fa sequences in batch 838 of 970
identifying matches to SCOR_consensus_sequences.fa sequences in batch 839 of 970
identifying matches to SCOR_consensus_sequences.fa sequences in batch 840 of 970
identifying matches to SCOR_consensus_sequences.fa sequences in batch 841 of 970
identifying matches to SCOR_consensus_sequences.fa sequences in batch 842 of 970
identifying matches to SCOR_consensus_sequences.fa sequences in batch 843 of 970
identifying matches to SCOR_consensus_sequences.fa sequences in batch 844 of 970
identifying matches to SCOR_consensus_sequences.fa sequences in batch 845 of 970
identifying matches to SCOR_consensus_sequences.fa sequences in batch 846 of 970
identifying matches to SCOR_consensus_sequences.fa sequences in batch 847 of 970
identifying matches to SCOR_consensus_sequences.fa sequences in batch 848 of 970
identifying matches to SCOR_consensus_sequences.fa sequences in batch 849 of 970
identifying matches to SCOR_consensus_sequences.fa sequences in batch 850 of 970
identifying matches to SCOR_consensus_sequences.fa sequences in batch 851 of 970
identifying matches to SCOR_consensus_sequences.fa sequences in batch 852 of 970
identifying matches to SCOR_consensus_sequences.fa sequences in batch 853 of 970
identifying matches to SCOR_consensus_sequences.fa sequences in batch 854 of 970
identifying matches to SCOR_consensus_sequences.fa sequences in batch 855 of 970
identifying matches to SCOR_consensus_sequences.fa sequences in batch 856 of 970
identifying matches to SCOR_consensus_sequences.fa sequences in batch 857 of 970
identifying matches to SCOR_consensus_sequences.fa sequences in batch 858 of 970
identifying matches to SCOR_consensus_sequences.fa sequences in batch 859 of 970
identifying matches to SCOR_consensus_sequences.fa sequences in batch 860 of 970
identifying matches to SCOR_consensus_sequences.fa sequences in batch 861 of 970
identifying matches to SCOR_consensus_sequences.fa sequences in batch 862 of 970
identifying matches to SCOR_consensus_sequences.fa sequences in batch 863 of 970
identifying matches to SCOR_consensus_sequences.fa sequences in batch 864 of 970
identifying matches to SCOR_consensus_sequences.fa sequences in batch 865 of 970
identifying matches to SCOR_consensus_sequences.fa sequences in batch 866 of 970
identifying matches to SCOR_consensus_sequences.fa sequences in batch 867 of 970
identifying matches to SCOR_consensus_sequences.fa sequences in batch 868 of 970
identifying matches to SCOR_consensus_sequences.fa sequences in batch 869 of 970
identifying matches to SCOR_consensus_sequences.fa sequences in batch 870 of 970
identifying matches to SCOR_consensus_sequences.fa sequences in batch 871 of 970
identifying matches to SCOR_consensus_sequences.fa sequences in batch 872 of 970
identifying matches to SCOR_consensus_sequences.fa sequences in batch 873 of 970
identifying matches to SCOR_consensus_sequences.fa sequences in batch 874 of 970
identifying matches to SCOR_consensus_sequences.fa sequences in batch 875 of 970
identifying matches to SCOR_consensus_sequences.fa sequences in batch 876 of 970
identifying matches to SCOR_consensus_sequences.fa sequences in batch 877 of 970
identifying matches to SCOR_consensus_sequences.fa sequences in batch 878 of 970
identifying matches to SCOR_consensus_sequences.fa sequences in batch 879 of 970
identifying matches to SCOR_consensus_sequences.fa sequences in batch 880 of 970
identifying matches to SCOR_consensus_sequences.fa sequences in batch 881 of 970
identifying matches to SCOR_consensus_sequences.fa sequences in batch 882 of 970
identifying matches to SCOR_consensus_sequences.fa sequences in batch 883 of 970
identifying matches to SCOR_consensus_sequences.fa sequences in batch 884 of 970
identifying matches to SCOR_consensus_sequences.fa sequences in batch 885 of 970
identifying matches to SCOR_consensus_sequences.fa sequences in batch 886 of 970
identifying matches to SCOR_consensus_sequences.fa sequences in batch 887 of 970
identifying matches to SCOR_consensus_sequences.fa sequences in batch 888 of 970
identifying matches to SCOR_consensus_sequences.fa sequences in batch 889 of 970
identifying matches to SCOR_consensus_sequences.fa sequences in batch 890 of 970
identifying matches to SCOR_consensus_sequences.fa sequences in batch 891 of 970
identifying matches to SCOR_consensus_sequences.fa sequences in batch 892 of 970
identifying matches to SCOR_consensus_sequences.fa sequences in batch 893 of 970
identifying matches to SCOR_consensus_sequences.fa sequences in batch 894 of 970
identifying matches to SCOR_consensus_sequences.fa sequences in batch 895 of 970
identifying matches to SCOR_consensus_sequences.fa sequences in batch 896 of 970
identifying matches to SCOR_consensus_sequences.fa sequences in batch 897 of 970
identifying matches to SCOR_consensus_sequences.fa sequences in batch 898 of 970
identifying matches to SCOR_consensus_sequences.fa sequences in batch 899 of 970
identifying matches to SCOR_consensus_sequences.fa sequences in batch 901 of 970
identifying matches to SCOR_consensus_sequences.fa sequences in batch 900 of 970
identifying matches to SCOR_consensus_sequences.fa sequences in batch 902 of 970
identifying matches to SCOR_consensus_sequences.fa sequences in batch 904 of 970
identifying matches to SCOR_consensus_sequences.fa sequences in batch 903 of 970
identifying matches to SCOR_consensus_sequences.fa sequences in batch 905 of 970
identifying matches to SCOR_consensus_sequences.fa sequences in batch 906 of 970
identifying matches to SCOR_consensus_sequences.fa sequences in batch 907 of 970
identifying matches to SCOR_consensus_sequences.fa sequences in batch 908 of 970
identifying matches to SCOR_consensus_sequences.fa sequences in batch 909 of 970
identifying matches to SCOR_consensus_sequences.fa sequences in batch 910 of 970
identifying matches to SCOR_consensus_sequences.fa sequences in batch 912 of 970
identifying matches to SCOR_consensus_sequences.fa sequences in batch 911 of 970
identifying matches to SCOR_consensus_sequences.fa sequences in batch 913 of 970
identifying matches to SCOR_consensus_sequences.fa sequences in batch 914 of 970
identifying matches to SCOR_consensus_sequences.fa sequences in batch 915 of 970
identifying matches to SCOR_consensus_sequences.fa sequences in batch 916 of 970
identifying matches to SCOR_consensus_sequences.fa sequences in batch 917 of 970
identifying matches to SCOR_consensus_sequences.fa sequences in batch 919 of 970
identifying matches to SCOR_consensus_sequences.fa sequences in batch 920 of 970
identifying matches to SCOR_consensus_sequences.fa sequences in batch 918 of 970
identifying matches to SCOR_consensus_sequences.fa sequences in batch 921 of 970
identifying matches to SCOR_consensus_sequences.fa sequences in batch 922 of 970
identifying matches to SCOR_consensus_sequences.fa sequences in batch 923 of 970
identifying matches to SCOR_consensus_sequences.fa sequences in batch 924 of 970
identifying matches to SCOR_consensus_sequences.fa sequences in batch 925 of 970
identifying matches to SCOR_consensus_sequences.fa sequences in batch 926 of 970
identifying matches to SCOR_consensus_sequences.fa sequences in batch 927 of 970
identifying matches to SCOR_consensus_sequences.fa sequences in batch 928 of 970
identifying matches to SCOR_consensus_sequences.fa sequences in batch 929 of 970
identifying matches to SCOR_consensus_sequences.fa sequences in batch 931 of 970
identifying matches to SCOR_consensus_sequences.fa sequences in batch 930 of 970
identifying matches to SCOR_consensus_sequences.fa sequences in batch 932 of 970
identifying matches to SCOR_consensus_sequences.fa sequences in batch 933 of 970
identifying matches to SCOR_consensus_sequences.fa sequences in batch 934 of 970
identifying matches to SCOR_consensus_sequences.fa sequences in batch 935 of 970
identifying matches to SCOR_consensus_sequences.fa sequences in batch 936 of 970
identifying matches to SCOR_consensus_sequences.fa sequences in batch 938 of 970
identifying matches to SCOR_consensus_sequences.fa sequences in batch 937 of 970
identifying matches to SCOR_consensus_sequences.fa sequences in batch 939 of 970
identifying matches to SCOR_consensus_sequences.fa sequences in batch 940 of 970
identifying matches to SCOR_consensus_sequences.fa sequences in batch 941 of 970
identifying matches to SCOR_consensus_sequences.fa sequences in batch 942 of 970
identifying matches to SCOR_consensus_sequences.fa sequences in batch 943 of 970
identifying matches to SCOR_consensus_sequences.fa sequences in batch 944 of 970
identifying matches to SCOR_consensus_sequences.fa sequences in batch 945 of 970
identifying matches to SCOR_consensus_sequences.fa sequences in batch 946 of 970
identifying matches to SCOR_consensus_sequences.fa sequences in batch 947 of 970
identifying matches to SCOR_consensus_sequences.fa sequences in batch 948 of 970
identifying matches to SCOR_consensus_sequences.fa sequences in batch 949 of 970
identifying matches to SCOR_consensus_sequences.fa sequences in batch 950 of 970
identifying matches to SCOR_consensus_sequences.fa sequences in batch 951 of 970
identifying matches to SCOR_consensus_sequences.fa sequences in batch 952 of 970
identifying matches to SCOR_consensus_sequences.fa sequences in batch 953 of 970
identifying matches to SCOR_consensus_sequences.fa sequences in batch 954 of 970
identifying matches to SCOR_consensus_sequences.fa sequences in batch 955 of 970
identifying matches to SCOR_consensus_sequences.fa sequences in batch 956 of 970
identifying matches to SCOR_consensus_sequences.fa sequences in batch 957 of 970
identifying matches to SCOR_consensus_sequences.fa sequences in batch 958 of 970
identifying matches to SCOR_consensus_sequences.fa sequences in batch 959 of 970
identifying matches to SCOR_consensus_sequences.fa sequences in batch 960 of 970
identifying matches to SCOR_consensus_sequences.fa sequences in batch 961 of 970
identifying matches to SCOR_consensus_sequences.fa sequences in batch 962 of 970
identifying matches to SCOR_consensus_sequences.fa sequences in batch 963 of 970
identifying matches to SCOR_consensus_sequences.fa sequences in batch 964 of 970
identifying matches to SCOR_consensus_sequences.fa sequences in batch 965 of 970
identifying matches to SCOR_consensus_sequences.fa sequences in batch 966 of 970
identifying matches to SCOR_consensus_sequences.fa sequences in batch 967 of 970
identifying matches to SCOR_consensus_sequences.fa sequences in batch 968 of 970
identifying matches to SCOR_consensus_sequences.fa sequences in batch 969 of 970
identifying matches to SCOR_consensus_sequences.fa sequences in batch 970 of 970



No repetitive sequences were detected in genome.fa
